Unknown:
C:\Users\rvide\AppData\Local\Temp\CSTDE1\Temp\DE\Untitled_0\Result\1.pnf
C:\Users\rvide\AppData\Local\Temp\CSTDE1\Temp\DE\Untitled_0\Result\MCalc.log
C:\Users\rvide\AppData\Local\Temp\CSTDE1\Temp\DE\Untitled_0\Result\Model.axg
C:\Users\rvide\AppData\Local\Temp\CSTDE1\Temp\DE\Untitled_0\Result\Model.elg
C:\Users\rvide\AppData\Local\Temp\CSTDE1\Temp\DE\Untitled_0\Result\Model.inf
C:\Users\rvide\AppData\Local\Temp\CSTDE1\Temp\DE\Untitled_0\Result\Model.log
C:\Users\rvide\AppData\Local\Temp\CSTDE1\Temp\DE\Untitled_0\Result\m^fifx.dsc
C:\Users\rvide\AppData\Local\Temp\CSTDE1\Temp\DE\Untitled_0\Result\m^ppex.dsc
C:\Users\rvide\AppData\Local\Temp\CSTDE1\Temp\DE\Untitled_0\Result\m^wgp.dsc
Mesh:
C:\Users\rvide\AppData\Local\Temp\CSTDE1\Temp\DE\Untitled_0\Result\MCalc.fmp
C:\Users\rvide\AppData\Local\Temp\CSTDE1\Temp\DE\Untitled_0\Result\MCalc.xcfd
C:\Users\rvide\AppData\Local\Temp\CSTDE1\Temp\DE\Untitled_0\Result\mesher_shapes.fsi
C:\Users\rvide\AppData\Local\Temp\CSTDE1\Temp\DE\Untitled_0\Result\Model.fmm
C:\Users\rvide\AppData\Local\Temp\CSTDE1\Temp\DE\Untitled_0\Result\Model.fwf
C:\Users\rvide\AppData\Local\Temp\CSTDE1\Temp\DE\Untitled_0\Result\Model.mss
C:\Users\rvide\AppData\Local\Temp\CSTDE1\Temp\DE\Untitled_0\Result\Model.xcfd
C:\Users\rvide\AppData\Local\Temp\CSTDE1\Temp\DE\Untitled_0\Result\m^fifx.mem
C:\Users\rvide\AppData\Local\Temp\CSTDE1\Temp\DE\Untitled_0\Result\p1.spi
C:\Users\rvide\AppData\Local\Temp\CSTDE1\Temp\DE\Untitled_0\Result\Port1.wgi
Port:
C:\Users\rvide\AppData\Local\Temp\CSTDE1\Temp\DE\Untitled_0\Result\Port1_1.m2d
C:\Users\rvide\AppData\Local\Temp\CSTDE1\Temp\DE\Untitled_0\Result\Port1_2.m2d
C:\Users\rvide\AppData\Local\Temp\CSTDE1\Temp\DE\Untitled_0\Result\Port1_3.m2d
C:\Users\rvide\AppData\Local\Temp\CSTDE1\Temp\DE\Untitled_0\Result\Port1_e1.prt
C:\Users\rvide\AppData\Local\Temp\CSTDE1\Temp\DE\Untitled_0\Result\Port1_e2.prt
C:\Users\rvide\AppData\Local\Temp\CSTDE1\Temp\DE\Untitled_0\Result\Port1_e3.prt
C:\Users\rvide\AppData\Local\Temp\CSTDE1\Temp\DE\Untitled_0\Result\Port1_h1.prt
C:\Users\rvide\AppData\Local\Temp\CSTDE1\Temp\DE\Untitled_0\Result\Port1_h2.prt
C:\Users\rvide\AppData\Local\Temp\CSTDE1\Temp\DE\Untitled_0\Result\Port1_h3.prt
