Unknown:
C:\Users\rvide\MIS_DOCUMENTOS\FACU\Medidas II\Clase6_CST\1_Coneccion_coaxial\Result\MCalc.ddi
C:\Users\rvide\MIS_DOCUMENTOS\FACU\Medidas II\Clase6_CST\1_Coneccion_coaxial\Result\MCalc.log
C:\Users\rvide\MIS_DOCUMENTOS\FACU\Medidas II\Clase6_CST\1_Coneccion_coaxial\Result\Model.axg
C:\Users\rvide\MIS_DOCUMENTOS\FACU\Medidas II\Clase6_CST\1_Coneccion_coaxial\Result\Model.ddi
C:\Users\rvide\MIS_DOCUMENTOS\FACU\Medidas II\Clase6_CST\1_Coneccion_coaxial\Result\Model.elg
C:\Users\rvide\MIS_DOCUMENTOS\FACU\Medidas II\Clase6_CST\1_Coneccion_coaxial\Result\Model.inf
C:\Users\rvide\MIS_DOCUMENTOS\FACU\Medidas II\Clase6_CST\1_Coneccion_coaxial\Result\Model.log
C:\Users\rvide\MIS_DOCUMENTOS\FACU\Medidas II\Clase6_CST\1_Coneccion_coaxial\Result\Model.sa
C:\Users\rvide\MIS_DOCUMENTOS\FACU\Medidas II\Clase6_CST\1_Coneccion_coaxial\Result\Model.swp
C:\Users\rvide\MIS_DOCUMENTOS\FACU\Medidas II\Clase6_CST\1_Coneccion_coaxial\Result\m^fbqq.dsc
C:\Users\rvide\MIS_DOCUMENTOS\FACU\Medidas II\Clase6_CST\1_Coneccion_coaxial\Result\m^fifx.dsc
C:\Users\rvide\MIS_DOCUMENTOS\FACU\Medidas II\Clase6_CST\1_Coneccion_coaxial\Result\m^fqq.dsc
C:\Users\rvide\MIS_DOCUMENTOS\FACU\Medidas II\Clase6_CST\1_Coneccion_coaxial\Result\m^ppex.dsc
C:\Users\rvide\MIS_DOCUMENTOS\FACU\Medidas II\Clase6_CST\1_Coneccion_coaxial\Result\m^wgp.dsc
C:\Users\rvide\MIS_DOCUMENTOS\FACU\Medidas II\Clase6_CST\1_Coneccion_coaxial\Result\Postprocessing.log
C:\Users\rvide\MIS_DOCUMENTOS\FACU\Medidas II\Clase6_CST\1_Coneccion_coaxial\Result\p^a.dsc
C:\Users\rvide\MIS_DOCUMENTOS\FACU\Medidas II\Clase6_CST\1_Coneccion_coaxial\Result\P^m^fbqq.slog
C:\Users\rvide\MIS_DOCUMENTOS\FACU\Medidas II\Clase6_CST\1_Coneccion_coaxial\Result\P^m^fqq.slog
C:\Users\rvide\MIS_DOCUMENTOS\FACU\Medidas II\Clase6_CST\1_Coneccion_coaxial\Result\P^p^m.slog
Mesh:
C:\Users\rvide\MIS_DOCUMENTOS\FACU\Medidas II\Clase6_CST\1_Coneccion_coaxial\Result\dA.mat
C:\Users\rvide\MIS_DOCUMENTOS\FACU\Medidas II\Clase6_CST\1_Coneccion_coaxial\Result\dad.mat
C:\Users\rvide\MIS_DOCUMENTOS\FACU\Medidas II\Clase6_CST\1_Coneccion_coaxial\Result\ds.mat
C:\Users\rvide\MIS_DOCUMENTOS\FACU\Medidas II\Clase6_CST\1_Coneccion_coaxial\Result\dsd.mat
C:\Users\rvide\MIS_DOCUMENTOS\FACU\Medidas II\Clase6_CST\1_Coneccion_coaxial\Result\dsMCalc.mat
C:\Users\rvide\MIS_DOCUMENTOS\FACU\Medidas II\Clase6_CST\1_Coneccion_coaxial\Result\Eps.mat
C:\Users\rvide\MIS_DOCUMENTOS\FACU\Medidas II\Clase6_CST\1_Coneccion_coaxial\Result\HexMatrix.m2h
C:\Users\rvide\MIS_DOCUMENTOS\FACU\Medidas II\Clase6_CST\1_Coneccion_coaxial\Result\HexMatrix_MCalc.m2h
C:\Users\rvide\MIS_DOCUMENTOS\FACU\Medidas II\Clase6_CST\1_Coneccion_coaxial\Result\MCalc.fmp
C:\Users\rvide\MIS_DOCUMENTOS\FACU\Medidas II\Clase6_CST\1_Coneccion_coaxial\Result\MCalc.xcfd
C:\Users\rvide\MIS_DOCUMENTOS\FACU\Medidas II\Clase6_CST\1_Coneccion_coaxial\Result\mesher_shapes.fsi
C:\Users\rvide\MIS_DOCUMENTOS\FACU\Medidas II\Clase6_CST\1_Coneccion_coaxial\Result\Model.fmf
C:\Users\rvide\MIS_DOCUMENTOS\FACU\Medidas II\Clase6_CST\1_Coneccion_coaxial\Result\Model.fmm
C:\Users\rvide\MIS_DOCUMENTOS\FACU\Medidas II\Clase6_CST\1_Coneccion_coaxial\Result\Model.fpc
C:\Users\rvide\MIS_DOCUMENTOS\FACU\Medidas II\Clase6_CST\1_Coneccion_coaxial\Result\Model.fwf
C:\Users\rvide\MIS_DOCUMENTOS\FACU\Medidas II\Clase6_CST\1_Coneccion_coaxial\Result\Model.mss
C:\Users\rvide\MIS_DOCUMENTOS\FACU\Medidas II\Clase6_CST\1_Coneccion_coaxial\Result\Model.spi
C:\Users\rvide\MIS_DOCUMENTOS\FACU\Medidas II\Clase6_CST\1_Coneccion_coaxial\Result\Model.xcfd
C:\Users\rvide\MIS_DOCUMENTOS\FACU\Medidas II\Clase6_CST\1_Coneccion_coaxial\Result\Model^PEC.fpf
C:\Users\rvide\MIS_DOCUMENTOS\FACU\Medidas II\Clase6_CST\1_Coneccion_coaxial\Result\Mue.mat
C:\Users\rvide\MIS_DOCUMENTOS\FACU\Medidas II\Clase6_CST\1_Coneccion_coaxial\Result\m^fbqq.mem
C:\Users\rvide\MIS_DOCUMENTOS\FACU\Medidas II\Clase6_CST\1_Coneccion_coaxial\Result\m^fqq.mem
C:\Users\rvide\MIS_DOCUMENTOS\FACU\Medidas II\Clase6_CST\1_Coneccion_coaxial\Result\p1.spi
C:\Users\rvide\MIS_DOCUMENTOS\FACU\Medidas II\Clase6_CST\1_Coneccion_coaxial\Result\p2.spi
C:\Users\rvide\MIS_DOCUMENTOS\FACU\Medidas II\Clase6_CST\1_Coneccion_coaxial\Result\PEC.mat
C:\Users\rvide\MIS_DOCUMENTOS\FACU\Medidas II\Clase6_CST\1_Coneccion_coaxial\Result\Port1.wgi
C:\Users\rvide\MIS_DOCUMENTOS\FACU\Medidas II\Clase6_CST\1_Coneccion_coaxial\Result\Port2.wgi
C:\Users\rvide\MIS_DOCUMENTOS\FACU\Medidas II\Clase6_CST\1_Coneccion_coaxial\Result\p^a.mem
C:\Users\rvide\MIS_DOCUMENTOS\FACU\Medidas II\Clase6_CST\1_Coneccion_coaxial\Result\p^m.mem
C:\Users\rvide\MIS_DOCUMENTOS\FACU\Medidas II\Clase6_CST\1_Coneccion_coaxial\Result\S2HMatrix.m2h
C:\Users\rvide\MIS_DOCUMENTOS\FACU\Medidas II\Clase6_CST\1_Coneccion_coaxial\Result\s^pm.mem
Port:
C:\Users\rvide\MIS_DOCUMENTOS\FACU\Medidas II\Clase6_CST\1_Coneccion_coaxial\Result\adapt_Port1_e1.prt
C:\Users\rvide\MIS_DOCUMENTOS\FACU\Medidas II\Clase6_CST\1_Coneccion_coaxial\Result\adapt_Port1_e1[16.5].prt
C:\Users\rvide\MIS_DOCUMENTOS\FACU\Medidas II\Clase6_CST\1_Coneccion_coaxial\Result\adapt_Port1_h1.prt
C:\Users\rvide\MIS_DOCUMENTOS\FACU\Medidas II\Clase6_CST\1_Coneccion_coaxial\Result\adapt_Port1_h1[16.5].prt
C:\Users\rvide\MIS_DOCUMENTOS\FACU\Medidas II\Clase6_CST\1_Coneccion_coaxial\Result\adapt_Port2_e1.prt
C:\Users\rvide\MIS_DOCUMENTOS\FACU\Medidas II\Clase6_CST\1_Coneccion_coaxial\Result\adapt_Port2_e1[16.5].prt
C:\Users\rvide\MIS_DOCUMENTOS\FACU\Medidas II\Clase6_CST\1_Coneccion_coaxial\Result\adapt_Port2_h1.prt
C:\Users\rvide\MIS_DOCUMENTOS\FACU\Medidas II\Clase6_CST\1_Coneccion_coaxial\Result\adapt_Port2_h1[16.5].prt
C:\Users\rvide\MIS_DOCUMENTOS\FACU\Medidas II\Clase6_CST\1_Coneccion_coaxial\Result\Model.pmi
C:\Users\rvide\MIS_DOCUMENTOS\FACU\Medidas II\Clase6_CST\1_Coneccion_coaxial\Result\Port1_1[16.5].m2d
C:\Users\rvide\MIS_DOCUMENTOS\FACU\Medidas II\Clase6_CST\1_Coneccion_coaxial\Result\Port1_drv.m2d
C:\Users\rvide\MIS_DOCUMENTOS\FACU\Medidas II\Clase6_CST\1_Coneccion_coaxial\Result\Port1_e1.prt
C:\Users\rvide\MIS_DOCUMENTOS\FACU\Medidas II\Clase6_CST\1_Coneccion_coaxial\Result\Port1_e1[16.5].prt
C:\Users\rvide\MIS_DOCUMENTOS\FACU\Medidas II\Clase6_CST\1_Coneccion_coaxial\Result\Port1_h1.prt
C:\Users\rvide\MIS_DOCUMENTOS\FACU\Medidas II\Clase6_CST\1_Coneccion_coaxial\Result\Port1_h1[16.5].prt
C:\Users\rvide\MIS_DOCUMENTOS\FACU\Medidas II\Clase6_CST\1_Coneccion_coaxial\Result\Port2_1[16.5].m2d
C:\Users\rvide\MIS_DOCUMENTOS\FACU\Medidas II\Clase6_CST\1_Coneccion_coaxial\Result\Port2_drv.m2d
C:\Users\rvide\MIS_DOCUMENTOS\FACU\Medidas II\Clase6_CST\1_Coneccion_coaxial\Result\Port2_e1.prt
C:\Users\rvide\MIS_DOCUMENTOS\FACU\Medidas II\Clase6_CST\1_Coneccion_coaxial\Result\Port2_e1[16.5].prt
C:\Users\rvide\MIS_DOCUMENTOS\FACU\Medidas II\Clase6_CST\1_Coneccion_coaxial\Result\Port2_h1.prt
C:\Users\rvide\MIS_DOCUMENTOS\FACU\Medidas II\Clase6_CST\1_Coneccion_coaxial\Result\Port2_h1[16.5].prt
