*** Warning ***

The monitor h-field (f=10) is outside simulation frequency range and will be
ignored.

--------------------------------------------------------------------------------
*** Warning ***

The monitor e-field (f=10) is outside simulation frequency range and will be
ignored.

--------------------------------------------------------------------------------
Build version: 2017.1 Release from 2017-02-24 (change 501070)

Starting adaptive port meshing.

--------------------------------------------------------------------------------
Mode calculation for port 1:

--------------------------------------------------------------------------------

--------------------------------------------------------------------------------

--------------------------------------------------------------------------------
*** Warning ***

2019 Jun 21: 00:27:20: current system memory usage reached 85%

--------------------------------------------------------------------------------
Using generalized port mode solver.

--------------------------------------------------------------------------------
  -------------------------------- F-Calc 15 ---------------------------------
  Port   Mode   Type        Z-Wave        Z-Wave-Sigma  Z-Line        F-Cutoff
  1      1      TE          487           1.11e-005     ---           9.486
  1      2      TE          488           1.01e-005     ---           18.96
  1      3      TE          486           1.46e-005     ---           18.99
  ----------------------------------------------------------------------------

Pass 1 successfully completed. 
Mode calculation for port 2:

--------------------------------------------------------------------------------

--------------------------------------------------------------------------------

--------------------------------------------------------------------------------
*** Warning ***

2019 Jun 21: 00:27:28: current system memory usage reached 85%

--------------------------------------------------------------------------------
Using generalized port mode solver.

--------------------------------------------------------------------------------
  -------------------------------- F-Calc 15 ---------------------------------
  Port   Mode   Type        Z-Wave        Z-Wave-Sigma  Z-Line        F-Cutoff
  2      1      TEM         377           9.94e-006     59.2          0.0
  ----------------------------------------------------------------------------

Pass 1 successfully completed. 

--------------------------------------------------------------------------------

--------------------------------------------------------------------------------
*** Warning ***

2019 Jun 21: 00:27:38: current system memory usage reached 85%

--------------------------------------------------------------------------------
  -------------------------------- F-Calc 15 ---------------------------------
  Port   Mode   Type        Z-Wave        Z-Wave-Sigma  Z-Line        F-Cutoff
  2      1      TEM         377           9.78e-006     59.1          0.0
  ----------------------------------------------------------------------------

Pass 2 successfully completed. Delta (Line Imp.): 0.26%

--------------------------------------------------------------------------------

--------------------------------------------------------------------------------
*** Warning ***

2019 Jun 21: 00:27:56: current system memory usage reached 85%

--------------------------------------------------------------------------------
  -------------------------------- F-Calc 15 ---------------------------------
  Port   Mode   Type        Z-Wave        Z-Wave-Sigma  Z-Line        F-Cutoff
  2      1      TEM         377           0.0205        59            0.0
  ----------------------------------------------------------------------------

Pass 3 successfully completed. Delta (Line Imp.): 0.07%
Adaptive port meshing finished. 

--------------------------------------------------------------------------------

Solver started at: 12:28 AM Friday, 21. June 2019

  Module:  Time Domain: S-Parameter (Win 32)
  Version: 2017.1 Release from 2017-02-24 (change 501070)


--------------------------------------------------------------------------------

--------------------------------------------------------------------------------
======================================================================
 Solver cycle: 1
======================================================================

Stimulation at port 1 (mode 1) 


--------------------------------------------------------------------------------
*** Warning ***

2019 Jun 21: 00:28:26: current system memory usage reached 85%

--------------------------------------------------------------------------------
Units settings: 

  Dimensions: mm
  Frequency:  GHz
  Time:       ns

--------------------------------------------------------------------------------
Mesh statistics:

   Hexahedral mesh type: PBA [accuracy enhancement is enabled]

   Parallelization type: domain decomposition
      Number of parallel working threads: 2
      Number of calculation domains used: 2

   Used point accuracy enhancement value: 75.00%.
   PBA fill limit: 98.81% (inverse)

   *** Warning ***

   2019 Jun 20: 20:33:21: current system memory usage
   reached 85%

   *** Warning ***

   2019 Jun 20: 20:33:20: current system memory usage
   reached 85%

   *** Warning ***

   2019 Jun 21: 00:28:47: current system memory usage
   reached 90%

   *** Warning ***

   2019 Jun 21: 00:28:45: current system memory usage
   reached 90%



--------------------------------------------------------------------------------
Using generalized port mode solver.

--------------------------------------------------------------------------------
Boundary conditions: 

  YZsymmetry: none
  XZsymmetry: none
  XYsymmetry: none

  Xmin: electric
  Xmax: electric

  Ymin: electric
  Ymax: electric

  Zmin: electric
  Zmax: electric

  PML-Type: ---

--------------------------------------------------------------------------------
Frequency settings: 

  Fmin:         11
  Fmax:         19
  Nfsteps(lin): 1001

--------------------------------------------------------------------------------
Waveguide boundaries:

Port: 1

  -------------------------------- F-Calc 15 ---------------------------------
  Port   Mode   Type        Z-Wave        Z-Wave-Sigma  Z-Line        F-Cutoff
  1      1      TE          486           1.11e-005     ---           9.484
  1      2      TE          488           1.04e-005     ---           18.95
  1      3      TE          486           1.46e-005     ---           18.98
  ----------------------------------------------------------------------------

Port: 2

  -------------------------------- F-Calc 15 ---------------------------------
  Port   Mode   Type        Z-Wave        Z-Wave-Sigma  Z-Line        F-Cutoff
  2      1      TEM         377           9.77e-006     59            0.0
  ----------------------------------------------------------------------------

Field update statistics:

  Number of components in total: 	717747

Subcycling state:      Automatically deactivated

--------------------------------------------------------------------------------

--------------------------------------------------------------------------------

--------------------------------------------------------------------------------
Steady state energy criterion met, solver finished successfully.

--------------------------------------------------------------------------------
Frequency domain results normalized to default signal.

--------------------------------------------------------------------------------

  ----------------------------------------------------------------------------
                      Peak memory used (kB)         Free physical memory (kB) 
                                                    At begin     Minimum      
  ----------------------------------------------------------------------------
  Matrices calc.      204104                        646672       437576       
  Solver run total    52540                         686552       437572       
  ----------------------------------------------------------------------------

--------------------------------------------------------------------------------
Solver Statistics:

  Hardware:
     Computer name:                 	DESKTOP-FDAS5LD 

     Number of CPU threads:             2
     Hardware info:                  	Hardware acceleration not activated

  Number of mesh cells:             	115872
  Excitation duration:              	8.88637187e-001 ns 
  Calculation time for excitation:  	12 	s
  Number of calculated pulse widths:	3.15031 
  Steady state accuracy limit:      	-40	dB 
  Simulated number of time steps:   	8470 
  Maximum number of time steps:     	53772 
  Time step width:
     without subcycles:             	3.30517836e-004 ns
     used:                          	3.30517836e-004 ns

  Matrix calculation time:          	69 	s
  Solver setup time:                	8 	s
  Solver loop time:                 	40 	s
  Solver post processing time:      	2 	s
                                    	------------
  Total solver time:                	119 	s  ( = 0 h, 1 m, 59 s )

--------------------------------------------------------------------------------
======================================================================
 Solver cycle: 2
======================================================================

Stimulation at port 1 (mode 2) 


--------------------------------------------------------------------------------
*** Warning ***

2019 Jun 21: 00:30:26: current system memory usage reached 85%

--------------------------------------------------------------------------------
Units settings: 

  Dimensions: mm
  Frequency:  GHz
  Time:       ns

--------------------------------------------------------------------------------
Boundary conditions: 

  YZsymmetry: none
  XZsymmetry: none
  XYsymmetry: none

  Xmin: electric
  Xmax: electric

  Ymin: electric
  Ymax: electric

  Zmin: electric
  Zmax: electric

  PML-Type: ---

--------------------------------------------------------------------------------
Frequency settings: 

  Fmin:         11
  Fmax:         19
  Nfsteps(lin): 1001

--------------------------------------------------------------------------------
*** Warning ***

The following port mode is at least partially excited below its cutoff
frequency: 1(2). 

--------------------------------------------------------------------------------
Field update statistics:

  Number of components in total: 	717747

Subcycling state:      Automatically deactivated

--------------------------------------------------------------------------------

--------------------------------------------------------------------------------
Steady state energy criterion met, solver finished successfully.

--------------------------------------------------------------------------------
Frequency domain results normalized to default signal.

--------------------------------------------------------------------------------

  ----------------------------------------------------------------------------
                      Peak memory used (kB)         Free physical memory (kB) 
                                                    At begin     Minimum      
  ----------------------------------------------------------------------------
  Matrices calc.      204104                        646672       437576       
  Solver run total    59364                         602932       476204       
  ----------------------------------------------------------------------------

--------------------------------------------------------------------------------
Solver Statistics:

  Hardware:
     Computer name:                 	DESKTOP-FDAS5LD 

     Number of CPU threads:             2
     Hardware info:                  	Hardware acceleration not activated

  Number of mesh cells:             	115872
  Excitation duration:              	8.88637187e-001 ns 
  Calculation time for excitation:  	13 	s
  Number of calculated pulse widths:	6.52565 
  Steady state accuracy limit:      	-40	dB 
  Simulated number of time steps:   	17545 
  Maximum number of time steps:     	53772 
  Time step width:
     without subcycles:             	3.30517836e-004 ns
     used:                          	3.30517836e-004 ns

  Reloading matrices:               	0 	s
  Solver setup time:                	3 	s
  Solver loop time:                 	89 	s
  Solver post processing time:      	5 	s
                                    	------------
  Total solver time:                	97 	s  ( = 0 h, 1 m, 37 s )

--------------------------------------------------------------------------------
======================================================================
 Solver cycle: 3
======================================================================

Stimulation at port 1 (mode 3) 


--------------------------------------------------------------------------------
*** Warning ***

2019 Jun 21: 00:32:04: current system memory usage reached 85%

--------------------------------------------------------------------------------
Units settings: 

  Dimensions: mm
  Frequency:  GHz
  Time:       ns

--------------------------------------------------------------------------------
Boundary conditions: 

  YZsymmetry: none
  XZsymmetry: none
  XYsymmetry: none

  Xmin: electric
  Xmax: electric

  Ymin: electric
  Ymax: electric

  Zmin: electric
  Zmax: electric

  PML-Type: ---

--------------------------------------------------------------------------------
Frequency settings: 

  Fmin:         11
  Fmax:         19
  Nfsteps(lin): 1001

--------------------------------------------------------------------------------
*** Warning ***

The following port mode is at least partially excited below its cutoff
frequency: 1(3). 

--------------------------------------------------------------------------------
Field update statistics:

  Number of components in total: 	717747

Subcycling state:      Automatically deactivated

--------------------------------------------------------------------------------

--------------------------------------------------------------------------------
*** Warning ***

Maximum simulation time reached, solver stopped.
Please note that the steady state energy criterion has not been satisfied.
More...

--------------------------------------------------------------------------------
Frequency domain results normalized to default signal.

--------------------------------------------------------------------------------

  ----------------------------------------------------------------------------
                      Peak memory used (kB)         Free physical memory (kB) 
                                                    At begin     Minimum      
  ----------------------------------------------------------------------------
  Matrices calc.      204104                        646672       437576       
  Solver run total    60064                         704408       579744       
  ----------------------------------------------------------------------------

--------------------------------------------------------------------------------
Solver Statistics:

  Hardware:
     Computer name:                 	DESKTOP-FDAS5LD 

     Number of CPU threads:             2
     Hardware info:                  	Hardware acceleration not activated

  Number of mesh cells:             	115872
  Excitation duration:              	8.88637187e-001 ns 
  Calculation time for excitation:  	12 	s
  Number of calculated pulse widths:	19.9998 
  Steady state accuracy limit:      	-40	dB 
  Simulated number of time steps:   	53772 
  Maximum number of time steps:     	53772 
  Time step width:
     without subcycles:             	3.30517836e-004 ns
     used:                          	3.30517836e-004 ns

  Reloading matrices:               	0 	s
  Solver setup time:                	3 	s
  Solver loop time:                 	281 	s
  Solver post processing time:      	8 	s
                                    	------------
  Total solver time:                	292 	s  ( = 0 h, 4 m, 52 s )

--------------------------------------------------------------------------------
======================================================================
 Solver cycle: 4
======================================================================

Stimulation at port 2 (mode 1) 


--------------------------------------------------------------------------------
Units settings: 

  Dimensions: mm
  Frequency:  GHz
  Time:       ns

--------------------------------------------------------------------------------
Boundary conditions: 

  YZsymmetry: none
  XZsymmetry: none
  XYsymmetry: none

  Xmin: electric
  Xmax: electric

  Ymin: electric
  Ymax: electric

  Zmin: electric
  Zmax: electric

  PML-Type: ---

--------------------------------------------------------------------------------
Frequency settings: 

  Fmin:         11
  Fmax:         19
  Nfsteps(lin): 1001

--------------------------------------------------------------------------------
Field update statistics:

  Number of components in total: 	717747

Subcycling state:      Automatically deactivated

--------------------------------------------------------------------------------

--------------------------------------------------------------------------------
Steady state energy criterion met, solver finished successfully.

--------------------------------------------------------------------------------
Frequency domain results normalized to default signal.

--------------------------------------------------------------------------------

  ----------------------------------------------------------------------------
                      Peak memory used (kB)         Free physical memory (kB) 
                                                    At begin     Minimum      
  ----------------------------------------------------------------------------
  Matrices calc.      204104                        646672       437576       
  Solver run total    60384                         815388       804596       
  ----------------------------------------------------------------------------

--------------------------------------------------------------------------------
Solver Statistics:

  Hardware:
     Computer name:                 	DESKTOP-FDAS5LD 

     Number of CPU threads:             2
     Hardware info:                  	Hardware acceleration not activated

  Number of mesh cells:             	115872
  Excitation duration:              	8.88637187e-001 ns 
  Calculation time for excitation:  	13 	s
  Number of calculated pulse widths:	1.00237 
  Steady state accuracy limit:      	-40	dB 
  Simulated number of time steps:   	2695 
  Maximum number of time steps:     	53772 
  Time step width:
     without subcycles:             	3.30517836e-004 ns
     used:                          	3.30517836e-004 ns

  Reloading matrices:               	0 	s
  Solver setup time:                	3 	s
  Solver loop time:                 	13 	s
  Solver post processing time:      	2 	s
                                    	------------
  Total solver time:                	18 	s

--------------------------------------------------------------------------------

  Adaptive port meshing time:       	72     	s  ( = 0 h, 1 m, 12 s )
  Total solver time (all cycles):   	530    	s  ( = 0 h, 8 m, 50 s )
                                    	------------
  Total simulation time:            	602    	s  ( = 0 h, 10 m, 2 s )

--------------------------------------------------------------------------------
Solver finished at: 12:37 AM Friday, 21. June 2019


--------------------------------------------------------------------------------
Creating parametric 1D results for Run ID 1

--------------------------------------------------------------------------------
