Port monitor named: Port2_h3[7.5].prt

nx        = 19
ny        = 9
nz        = 32

nu        = 19
nv        = 9
iu        = 1
iv        = 1

idir      = 2
dcut      = 0.000000e+000
icut      = 1
type      = 1
frequency = 7.500000e+009

fcutoff   = 1.468865e+010
alpha     = 2.640217e+002
beta      = 0.000000e+000
accuracy  = 7.061877e-009

type          = TE
wave imp.     = 2.242908e+002
wave imp.sig. = 9.447266e-006
line imp.     = 0.000000e+000

ref. port     = 0

0.000000e+000  0.000000e+000  0.000000e+000  0.000000e+000  0.000000e+000  0.000000e+000  0.000000e+000  0.000000e+000  0.000000e+000  0.000000e+000  0.000000e+000  0.000000e+000  0.000000e+000  0.000000e+000  0.000000e+000  0.000000e+000  0.000000e+000  0.000000e+000  0.000000e+000  
0.000000e+000  0.000000e+000  0.000000e+000  0.000000e+000  0.000000e+000  0.000000e+000  0.000000e+000  0.000000e+000  0.000000e+000  0.000000e+000  0.000000e+000  0.000000e+000  0.000000e+000  0.000000e+000  0.000000e+000  0.000000e+000  0.000000e+000  0.000000e+000  0.000000e+000  
0.000000e+000  0.000000e+000  0.000000e+000  0.000000e+000  0.000000e+000  0.000000e+000  0.000000e+000  0.000000e+000  0.000000e+000  0.000000e+000  0.000000e+000  0.000000e+000  0.000000e+000  0.000000e+000  0.000000e+000  0.000000e+000  0.000000e+000  0.000000e+000  0.000000e+000  
0.000000e+000  0.000000e+000  0.000000e+000  0.000000e+000  0.000000e+000  0.000000e+000  0.000000e+000  0.000000e+000  0.000000e+000  0.000000e+000  0.000000e+000  0.000000e+000  0.000000e+000  0.000000e+000  0.000000e+000  0.000000e+000  0.000000e+000  0.000000e+000  0.000000e+000  
0.000000e+000  0.000000e+000  0.000000e+000  0.000000e+000  0.000000e+000  0.000000e+000  0.000000e+000  0.000000e+000  0.000000e+000  0.000000e+000  0.000000e+000  0.000000e+000  0.000000e+000  0.000000e+000  0.000000e+000  0.000000e+000  0.000000e+000  0.000000e+000  0.000000e+000  
0.000000e+000  0.000000e+000  0.000000e+000  0.000000e+000  0.000000e+000  0.000000e+000  0.000000e+000  0.000000e+000  0.000000e+000  0.000000e+000  0.000000e+000  0.000000e+000  0.000000e+000  0.000000e+000  0.000000e+000  0.000000e+000  0.000000e+000  0.000000e+000  0.000000e+000  
0.000000e+000  0.000000e+000  0.000000e+000  0.000000e+000  0.000000e+000  0.000000e+000  0.000000e+000  0.000000e+000  0.000000e+000  0.000000e+000  0.000000e+000  0.000000e+000  0.000000e+000  0.000000e+000  0.000000e+000  0.000000e+000  0.000000e+000  0.000000e+000  0.000000e+000  
0.000000e+000  0.000000e+000  0.000000e+000  0.000000e+000  0.000000e+000  0.000000e+000  0.000000e+000  0.000000e+000  0.000000e+000  0.000000e+000  0.000000e+000  0.000000e+000  0.000000e+000  0.000000e+000  0.000000e+000  0.000000e+000  0.000000e+000  0.000000e+000  0.000000e+000  
0.000000e+000  0.000000e+000  0.000000e+000  0.000000e+000  0.000000e+000  0.000000e+000  0.000000e+000  0.000000e+000  0.000000e+000  0.000000e+000  0.000000e+000  0.000000e+000  0.000000e+000  0.000000e+000  0.000000e+000  0.000000e+000  0.000000e+000  0.000000e+000  0.000000e+000  

0.000000e+000  0.000000e+000  0.000000e+000  0.000000e+000  0.000000e+000  0.000000e+000  0.000000e+000  0.000000e+000  0.000000e+000  0.000000e+000  0.000000e+000  0.000000e+000  0.000000e+000  0.000000e+000  0.000000e+000  0.000000e+000  0.000000e+000  0.000000e+000  0.000000e+000  
0.000000e+000  0.000000e+000  0.000000e+000  0.000000e+000  0.000000e+000  0.000000e+000  0.000000e+000  0.000000e+000  0.000000e+000  0.000000e+000  0.000000e+000  0.000000e+000  0.000000e+000  0.000000e+000  0.000000e+000  0.000000e+000  0.000000e+000  0.000000e+000  0.000000e+000  
0.000000e+000  0.000000e+000  0.000000e+000  0.000000e+000  0.000000e+000  0.000000e+000  0.000000e+000  0.000000e+000  0.000000e+000  0.000000e+000  0.000000e+000  0.000000e+000  0.000000e+000  0.000000e+000  0.000000e+000  0.000000e+000  0.000000e+000  0.000000e+000  0.000000e+000  
0.000000e+000  0.000000e+000  0.000000e+000  0.000000e+000  0.000000e+000  0.000000e+000  0.000000e+000  0.000000e+000  0.000000e+000  0.000000e+000  0.000000e+000  0.000000e+000  0.000000e+000  0.000000e+000  0.000000e+000  0.000000e+000  0.000000e+000  0.000000e+000  0.000000e+000  
0.000000e+000  0.000000e+000  0.000000e+000  0.000000e+000  0.000000e+000  0.000000e+000  0.000000e+000  0.000000e+000  0.000000e+000  0.000000e+000  0.000000e+000  0.000000e+000  0.000000e+000  0.000000e+000  0.000000e+000  0.000000e+000  0.000000e+000  0.000000e+000  0.000000e+000  
0.000000e+000  0.000000e+000  0.000000e+000  0.000000e+000  0.000000e+000  0.000000e+000  0.000000e+000  0.000000e+000  0.000000e+000  0.000000e+000  0.000000e+000  0.000000e+000  0.000000e+000  0.000000e+000  0.000000e+000  0.000000e+000  0.000000e+000  0.000000e+000  0.000000e+000  
0.000000e+000  0.000000e+000  0.000000e+000  0.000000e+000  0.000000e+000  0.000000e+000  0.000000e+000  0.000000e+000  0.000000e+000  0.000000e+000  0.000000e+000  0.000000e+000  0.000000e+000  0.000000e+000  0.000000e+000  0.000000e+000  0.000000e+000  0.000000e+000  0.000000e+000  
0.000000e+000  0.000000e+000  0.000000e+000  0.000000e+000  0.000000e+000  0.000000e+000  0.000000e+000  0.000000e+000  0.000000e+000  0.000000e+000  0.000000e+000  0.000000e+000  0.000000e+000  0.000000e+000  0.000000e+000  0.000000e+000  0.000000e+000  0.000000e+000  0.000000e+000  
0.000000e+000  0.000000e+000  0.000000e+000  0.000000e+000  0.000000e+000  0.000000e+000  0.000000e+000  0.000000e+000  0.000000e+000  0.000000e+000  0.000000e+000  0.000000e+000  0.000000e+000  0.000000e+000  0.000000e+000  0.000000e+000  0.000000e+000  0.000000e+000  0.000000e+000  

0.000000e+000  0.000000e+000  0.000000e+000  0.000000e+000  0.000000e+000  0.000000e+000  0.000000e+000  0.000000e+000  0.000000e+000  0.000000e+000  0.000000e+000  0.000000e+000  0.000000e+000  0.000000e+000  0.000000e+000  0.000000e+000  0.000000e+000  0.000000e+000  0.000000e+000  
0.000000e+000  0.000000e+000  0.000000e+000  0.000000e+000  0.000000e+000  0.000000e+000  0.000000e+000  0.000000e+000  0.000000e+000  0.000000e+000  0.000000e+000  0.000000e+000  0.000000e+000  0.000000e+000  0.000000e+000  0.000000e+000  0.000000e+000  0.000000e+000  0.000000e+000  
0.000000e+000  0.000000e+000  0.000000e+000  0.000000e+000  0.000000e+000  0.000000e+000  0.000000e+000  0.000000e+000  0.000000e+000  0.000000e+000  0.000000e+000  0.000000e+000  0.000000e+000  0.000000e+000  0.000000e+000  0.000000e+000  0.000000e+000  0.000000e+000  0.000000e+000  
0.000000e+000  0.000000e+000  0.000000e+000  0.000000e+000  0.000000e+000  0.000000e+000  0.000000e+000  0.000000e+000  0.000000e+000  0.000000e+000  0.000000e+000  0.000000e+000  0.000000e+000  0.000000e+000  0.000000e+000  0.000000e+000  0.000000e+000  0.000000e+000  0.000000e+000  
0.000000e+000  0.000000e+000  0.000000e+000  0.000000e+000  0.000000e+000  0.000000e+000  0.000000e+000  0.000000e+000  0.000000e+000  0.000000e+000  0.000000e+000  0.000000e+000  0.000000e+000  0.000000e+000  0.000000e+000  0.000000e+000  0.000000e+000  0.000000e+000  0.000000e+000  
0.000000e+000  0.000000e+000  0.000000e+000  0.000000e+000  0.000000e+000  0.000000e+000  0.000000e+000  0.000000e+000  0.000000e+000  0.000000e+000  0.000000e+000  0.000000e+000  0.000000e+000  0.000000e+000  0.000000e+000  0.000000e+000  0.000000e+000  0.000000e+000  0.000000e+000  
0.000000e+000  0.000000e+000  0.000000e+000  0.000000e+000  0.000000e+000  0.000000e+000  0.000000e+000  0.000000e+000  0.000000e+000  0.000000e+000  0.000000e+000  0.000000e+000  0.000000e+000  0.000000e+000  0.000000e+000  0.000000e+000  0.000000e+000  0.000000e+000  0.000000e+000  
0.000000e+000  0.000000e+000  0.000000e+000  0.000000e+000  0.000000e+000  0.000000e+000  0.000000e+000  0.000000e+000  0.000000e+000  0.000000e+000  0.000000e+000  0.000000e+000  0.000000e+000  0.000000e+000  0.000000e+000  0.000000e+000  0.000000e+000  0.000000e+000  0.000000e+000  
0.000000e+000  0.000000e+000  0.000000e+000  0.000000e+000  0.000000e+000  0.000000e+000  0.000000e+000  0.000000e+000  0.000000e+000  0.000000e+000  0.000000e+000  0.000000e+000  0.000000e+000  0.000000e+000  0.000000e+000  0.000000e+000  0.000000e+000  0.000000e+000  0.000000e+000  

0.000000e+000  -1.302909e-007  -1.692517e-007  -3.203232e-008  -6.148411e-008  2.797218e-008  -2.405404e-008  -2.013594e-007  1.596555e-007  -2.444791e-007  8.631193e-008  -1.620556e-007  4.577381e-008  2.894795e-008  1.151680e-007  -1.158699e-007  3.026683e-008  -3.449161e-008  0.000000e+000  
0.000000e+000  2.929359e-008  5.369590e-008  1.908550e-008  9.904213e-008  -8.831600e-008  -1.303793e-007  2.548688e-007  -4.567009e-007  3.247993e-007  -4.018083e-007  8.427912e-008  -1.622576e-007  2.534007e-008  -1.770562e-007  1.258286e-007  -1.793178e-007  6.667145e-008  0.000000e+000  
0.000000e+000  3.394727e-008  1.611449e-007  -1.091760e-007  -4.893868e-008  -1.154453e-008  8.320906e-008  -3.108931e-007  2.133184e-007  -3.252617e-007  2.215576e-007  -1.476113e-007  6.631905e-008  -6.103305e-008  5.350565e-009  -1.415364e-007  1.890393e-007  -5.923078e-009  0.000000e+000  
0.000000e+000  1.050793e-007  -2.784542e-007  9.353836e-008  -1.153119e-007  5.197559e-008  -2.438332e-008  1.157194e-007  -2.281618e-008  1.423208e-007  -7.588351e-008  1.899085e-007  1.613067e-008  1.605462e-008  1.103192e-007  7.601526e-008  1.067292e-008  -5.162440e-008  0.000000e+000  
0.000000e+000  -2.540649e-007  1.927581e-007  -3.149129e-007  4.545797e-008  7.033929e-008  7.547814e-008  1.296152e-007  5.622172e-008  3.427618e-008  1.103088e-007  -2.654753e-008  -1.240016e-008  2.832199e-008  -1.351035e-007  1.463523e-007  -1.847060e-007  5.398917e-008  0.000000e+000  
0.000000e+000  2.495938e-007  -1.828470e-007  2.652514e-007  3.777018e-009  -8.682289e-008  6.404114e-008  -1.184218e-007  8.618359e-008  7.075266e-008  -1.168019e-008  -4.521824e-008  1.775523e-008  -1.781981e-007  9.219373e-008  -1.527794e-007  1.477207e-007  -2.454821e-007  0.000000e+000  
0.000000e+000  -4.834564e-009  2.623205e-007  1.578077e-008  6.893156e-008  9.946296e-008  -1.546643e-007  7.186923e-008  -1.029440e-007  -2.311460e-008  6.870903e-008  9.696037e-008  -6.189116e-008  2.884838e-008  -5.098313e-008  5.637489e-009  -1.584053e-007  1.699318e-007  0.000000e+000  
0.000000e+000  -1.076192e-008  -4.738203e-008  1.986829e-008  -1.769438e-008  -4.491839e-008  1.174470e-007  6.495738e-008  9.140075e-008  2.701628e-008  -8.581745e-009  1.016340e-008  8.914742e-008  1.258654e-007  6.142673e-008  3.075248e-008  9.747420e-008  3.835610e-008  0.000000e+000  
0.000000e+000  0.000000e+000  0.000000e+000  0.000000e+000  0.000000e+000  0.000000e+000  0.000000e+000  0.000000e+000  0.000000e+000  0.000000e+000  0.000000e+000  0.000000e+000  0.000000e+000  0.000000e+000  0.000000e+000  0.000000e+000  0.000000e+000  0.000000e+000  0.000000e+000  

0.000000e+000  0.000000e+000  0.000000e+000  0.000000e+000  0.000000e+000  0.000000e+000  0.000000e+000  0.000000e+000  0.000000e+000  0.000000e+000  0.000000e+000  0.000000e+000  0.000000e+000  0.000000e+000  0.000000e+000  0.000000e+000  0.000000e+000  0.000000e+000  0.000000e+000  
2.371177e+000  2.371177e+000  2.371177e+000  2.371177e+000  2.371177e+000  2.371177e+000  2.371177e+000  2.371177e+000  2.371177e+000  2.371177e+000  2.371177e+000  2.371177e+000  2.371177e+000  2.371177e+000  2.371177e+000  2.371177e+000  2.371177e+000  2.371177e+000  0.000000e+000  
4.381364e+000  4.381364e+000  4.381364e+000  4.381364e+000  4.381364e+000  4.381364e+000  4.381364e+000  4.381364e+000  4.381363e+000  4.381364e+000  4.381364e+000  4.381364e+000  4.381364e+000  4.381364e+000  4.381364e+000  4.381364e+000  4.381364e+000  4.381364e+000  0.000000e+000  
5.724528e+000  5.724528e+000  5.724528e+000  5.724528e+000  5.724528e+000  5.724528e+000  5.724528e+000  5.724528e+000  5.724528e+000  5.724528e+000  5.724528e+000  5.724527e+000  5.724528e+000  5.724528e+000  5.724528e+000  5.724528e+000  5.724528e+000  5.724528e+000  0.000000e+000  
6.196184e+000  6.196184e+000  6.196184e+000  6.196184e+000  6.196184e+000  6.196184e+000  6.196184e+000  6.196184e+000  6.196184e+000  6.196184e+000  6.196184e+000  6.196184e+000  6.196184e+000  6.196184e+000  6.196184e+000  6.196184e+000  6.196184e+000  6.196184e+000  0.000000e+000  
5.724528e+000  5.724528e+000  5.724528e+000  5.724527e+000  5.724528e+000  5.724528e+000  5.724528e+000  5.724528e+000  5.724528e+000  5.724528e+000  5.724528e+000  5.724528e+000  5.724528e+000  5.724528e+000  5.724527e+000  5.724528e+000  5.724528e+000  5.724528e+000  0.000000e+000  
4.381364e+000  4.381364e+000  4.381364e+000  4.381364e+000  4.381364e+000  4.381364e+000  4.381364e+000  4.381364e+000  4.381364e+000  4.381364e+000  4.381364e+000  4.381364e+000  4.381364e+000  4.381364e+000  4.381364e+000  4.381364e+000  4.381364e+000  4.381364e+000  0.000000e+000  
2.371177e+000  2.371177e+000  2.371177e+000  2.371177e+000  2.371177e+000  2.371177e+000  2.371177e+000  2.371177e+000  2.371177e+000  2.371177e+000  2.371177e+000  2.371177e+000  2.371177e+000  2.371177e+000  2.371177e+000  2.371177e+000  2.371177e+000  2.371177e+000  0.000000e+000  
0.000000e+000  0.000000e+000  0.000000e+000  0.000000e+000  0.000000e+000  0.000000e+000  0.000000e+000  0.000000e+000  0.000000e+000  0.000000e+000  0.000000e+000  0.000000e+000  0.000000e+000  0.000000e+000  0.000000e+000  0.000000e+000  0.000000e+000  0.000000e+000  0.000000e+000  

7.071649e+000  7.071649e+000  7.071649e+000  7.071649e+000  7.071649e+000  7.071649e+000  7.071649e+000  7.071649e+000  7.071649e+000  7.071649e+000  7.071649e+000  7.071649e+000  7.071649e+000  7.071649e+000  7.071649e+000  7.071649e+000  7.071649e+000  7.071649e+000  0.000000e+000  
5.995055e+000  5.995055e+000  5.995055e+000  5.995055e+000  5.995055e+000  5.995055e+000  5.995055e+000  5.995055e+000  5.995055e+000  5.995055e+000  5.995055e+000  5.995055e+000  5.995055e+000  5.995055e+000  5.995055e+000  5.995055e+000  5.995055e+000  5.995055e+000  0.000000e+000  
4.005768e+000  4.005768e+000  4.005767e+000  4.005768e+000  4.005768e+000  4.005768e+000  4.005768e+000  4.005768e+000  4.005768e+000  4.005767e+000  4.005768e+000  4.005767e+000  4.005768e+000  4.005768e+000  4.005768e+000  4.005768e+000  4.005768e+000  4.005768e+000  0.000000e+000  
1.406639e+000  1.406638e+000  1.406639e+000  1.406639e+000  1.406639e+000  1.406639e+000  1.406638e+000  1.406639e+000  1.406638e+000  1.406639e+000  1.406638e+000  1.406638e+000  1.406638e+000  1.406638e+000  1.406639e+000  1.406638e+000  1.406639e+000  1.406639e+000  0.000000e+000  
-1.406639e+000  -1.406639e+000  -1.406639e+000  -1.406638e+000  -1.406638e+000  -1.406639e+000  -1.406639e+000  -1.406639e+000  -1.406638e+000  -1.406639e+000  -1.406638e+000  -1.406638e+000  -1.406638e+000  -1.406639e+000  -1.406639e+000  -1.406638e+000  -1.406638e+000  -1.406638e+000  0.000000e+000  
-4.005768e+000  -4.005768e+000  -4.005768e+000  -4.005768e+000  -4.005768e+000  -4.005768e+000  -4.005768e+000  -4.005767e+000  -4.005768e+000  -4.005768e+000  -4.005767e+000  -4.005767e+000  -4.005768e+000  -4.005768e+000  -4.005768e+000  -4.005768e+000  -4.005767e+000  -4.005768e+000  0.000000e+000  
-5.995055e+000  -5.995055e+000  -5.995055e+000  -5.995055e+000  -5.995055e+000  -5.995055e+000  -5.995055e+000  -5.995055e+000  -5.995055e+000  -5.995055e+000  -5.995055e+000  -5.995055e+000  -5.995055e+000  -5.995055e+000  -5.995055e+000  -5.995055e+000  -5.995055e+000  -5.995055e+000  0.000000e+000  
-7.071649e+000  -7.071649e+000  -7.071649e+000  -7.071649e+000  -7.071649e+000  -7.071649e+000  -7.071649e+000  -7.071649e+000  -7.071649e+000  -7.071649e+000  -7.071649e+000  -7.071649e+000  -7.071649e+000  -7.071649e+000  -7.071649e+000  -7.071649e+000  -7.071649e+000  -7.071649e+000  0.000000e+000  
0.000000e+000  0.000000e+000  0.000000e+000  0.000000e+000  0.000000e+000  0.000000e+000  0.000000e+000  0.000000e+000  0.000000e+000  0.000000e+000  0.000000e+000  0.000000e+000  0.000000e+000  0.000000e+000  0.000000e+000  0.000000e+000  0.000000e+000  0.000000e+000  0.000000e+000  

