Port monitor named: Port1_h1.prt

nx        = 19
ny        = 9
nz        = 3

nu        = 19
nv        = 9
iu        = 1
iv        = 1

idir      = 2
dcut      = 4.000000e-002
icut      = 3
type      = 1
frequency = 7.500000e+009

fcutoff   = 6.548821e+009
alpha     = 0.000000e+000
beta      = 7.661437e+001
accuracy  = 1.061378e-014

type          = TE
wave imp.     = 7.729310e+002
wave imp.sig. = 1.287697e-012
line imp.     = 0.000000e+000

ref. port     = 0

-0.000000e+000  5.796020e-001  1.141593e+000  1.668897e+000  2.145493e+000  2.556899e+000  2.890615e+000  3.136501e+000  3.287086e+000  3.337795e+000  3.287086e+000  3.136501e+000  2.890615e+000  2.556899e+000  2.145493e+000  1.668897e+000  1.141593e+000  5.796020e-001  -0.000000e+000  
-0.000000e+000  5.796020e-001  1.141593e+000  1.668897e+000  2.145493e+000  2.556899e+000  2.890615e+000  3.136501e+000  3.287086e+000  3.337795e+000  3.287086e+000  3.136501e+000  2.890615e+000  2.556899e+000  2.145493e+000  1.668897e+000  1.141593e+000  5.796020e-001  -0.000000e+000  
-0.000000e+000  5.796020e-001  1.141593e+000  1.668897e+000  2.145493e+000  2.556899e+000  2.890615e+000  3.136501e+000  3.287086e+000  3.337795e+000  3.287086e+000  3.136501e+000  2.890615e+000  2.556899e+000  2.145493e+000  1.668897e+000  1.141593e+000  5.796020e-001  -0.000000e+000  
-0.000000e+000  5.796020e-001  1.141593e+000  1.668897e+000  2.145493e+000  2.556899e+000  2.890615e+000  3.136501e+000  3.287086e+000  3.337795e+000  3.287086e+000  3.136501e+000  2.890615e+000  2.556899e+000  2.145493e+000  1.668897e+000  1.141593e+000  5.796020e-001  -0.000000e+000  
-0.000000e+000  5.796020e-001  1.141593e+000  1.668897e+000  2.145493e+000  2.556899e+000  2.890615e+000  3.136501e+000  3.287086e+000  3.337795e+000  3.287086e+000  3.136501e+000  2.890615e+000  2.556899e+000  2.145493e+000  1.668897e+000  1.141593e+000  5.796020e-001  -0.000000e+000  
-0.000000e+000  5.796020e-001  1.141593e+000  1.668897e+000  2.145493e+000  2.556899e+000  2.890615e+000  3.136501e+000  3.287086e+000  3.337795e+000  3.287086e+000  3.136501e+000  2.890615e+000  2.556899e+000  2.145493e+000  1.668897e+000  1.141593e+000  5.796020e-001  -0.000000e+000  
-0.000000e+000  5.796020e-001  1.141593e+000  1.668897e+000  2.145493e+000  2.556899e+000  2.890615e+000  3.136501e+000  3.287086e+000  3.337795e+000  3.287086e+000  3.136501e+000  2.890615e+000  2.556899e+000  2.145493e+000  1.668897e+000  1.141593e+000  5.796020e-001  -0.000000e+000  
-0.000000e+000  5.796020e-001  1.141593e+000  1.668897e+000  2.145493e+000  2.556899e+000  2.890615e+000  3.136501e+000  3.287086e+000  3.337795e+000  3.287086e+000  3.136501e+000  2.890615e+000  2.556899e+000  2.145493e+000  1.668897e+000  1.141593e+000  5.796020e-001  -0.000000e+000  
-0.000000e+000  -0.000000e+000  -0.000000e+000  -0.000000e+000  -0.000000e+000  -0.000000e+000  -0.000000e+000  -0.000000e+000  -0.000000e+000  -0.000000e+000  -0.000000e+000  -0.000000e+000  -0.000000e+000  -0.000000e+000  -0.000000e+000  -0.000000e+000  -0.000000e+000  -0.000000e+000  -0.000000e+000  

-0.000000e+000  -0.000000e+000  -0.000000e+000  -0.000000e+000  -0.000000e+000  -0.000000e+000  -0.000000e+000  -0.000000e+000  -0.000000e+000  -0.000000e+000  -0.000000e+000  -0.000000e+000  -0.000000e+000  -0.000000e+000  -0.000000e+000  -0.000000e+000  -0.000000e+000  -0.000000e+000  -0.000000e+000  
-0.000000e+000  -0.000000e+000  -0.000000e+000  -0.000000e+000  -0.000000e+000  -0.000000e+000  -0.000000e+000  -0.000000e+000  -0.000000e+000  -0.000000e+000  -0.000000e+000  -0.000000e+000  -0.000000e+000  -0.000000e+000  -0.000000e+000  -0.000000e+000  -0.000000e+000  -0.000000e+000  -0.000000e+000  
-0.000000e+000  -0.000000e+000  -0.000000e+000  -0.000000e+000  -0.000000e+000  -0.000000e+000  -0.000000e+000  -0.000000e+000  -0.000000e+000  -0.000000e+000  -0.000000e+000  -0.000000e+000  -0.000000e+000  -0.000000e+000  -0.000000e+000  -0.000000e+000  -0.000000e+000  -0.000000e+000  -0.000000e+000  
-0.000000e+000  -0.000000e+000  -0.000000e+000  -0.000000e+000  -0.000000e+000  -0.000000e+000  -0.000000e+000  -0.000000e+000  -0.000000e+000  -0.000000e+000  -0.000000e+000  -0.000000e+000  -0.000000e+000  -0.000000e+000  -0.000000e+000  -0.000000e+000  -0.000000e+000  -0.000000e+000  -0.000000e+000  
-0.000000e+000  -0.000000e+000  -0.000000e+000  -0.000000e+000  -0.000000e+000  -0.000000e+000  -0.000000e+000  -0.000000e+000  -0.000000e+000  -0.000000e+000  -0.000000e+000  -0.000000e+000  -0.000000e+000  -0.000000e+000  -0.000000e+000  -0.000000e+000  -0.000000e+000  -0.000000e+000  -0.000000e+000  
-0.000000e+000  -0.000000e+000  -0.000000e+000  -0.000000e+000  -0.000000e+000  -0.000000e+000  -0.000000e+000  -0.000000e+000  -0.000000e+000  -0.000000e+000  -0.000000e+000  -0.000000e+000  -0.000000e+000  -0.000000e+000  -0.000000e+000  -0.000000e+000  -0.000000e+000  -0.000000e+000  -0.000000e+000  
-0.000000e+000  -0.000000e+000  -0.000000e+000  -0.000000e+000  -0.000000e+000  -0.000000e+000  -0.000000e+000  -0.000000e+000  -0.000000e+000  -0.000000e+000  -0.000000e+000  -0.000000e+000  -0.000000e+000  -0.000000e+000  -0.000000e+000  -0.000000e+000  -0.000000e+000  -0.000000e+000  -0.000000e+000  
-0.000000e+000  -0.000000e+000  -0.000000e+000  -0.000000e+000  -0.000000e+000  -0.000000e+000  -0.000000e+000  -0.000000e+000  -0.000000e+000  -0.000000e+000  -0.000000e+000  -0.000000e+000  -0.000000e+000  -0.000000e+000  -0.000000e+000  -0.000000e+000  -0.000000e+000  -0.000000e+000  -0.000000e+000  
-0.000000e+000  -0.000000e+000  -0.000000e+000  -0.000000e+000  -0.000000e+000  -0.000000e+000  -0.000000e+000  -0.000000e+000  -0.000000e+000  -0.000000e+000  -0.000000e+000  -0.000000e+000  -0.000000e+000  -0.000000e+000  -0.000000e+000  -0.000000e+000  -0.000000e+000  -0.000000e+000  -0.000000e+000  

0.000000e+000  0.000000e+000  0.000000e+000  0.000000e+000  0.000000e+000  0.000000e+000  0.000000e+000  0.000000e+000  0.000000e+000  0.000000e+000  0.000000e+000  0.000000e+000  0.000000e+000  0.000000e+000  0.000000e+000  0.000000e+000  0.000000e+000  0.000000e+000  0.000000e+000  
0.000000e+000  0.000000e+000  0.000000e+000  0.000000e+000  0.000000e+000  0.000000e+000  0.000000e+000  0.000000e+000  0.000000e+000  0.000000e+000  0.000000e+000  0.000000e+000  0.000000e+000  0.000000e+000  0.000000e+000  0.000000e+000  0.000000e+000  0.000000e+000  0.000000e+000  
0.000000e+000  0.000000e+000  0.000000e+000  0.000000e+000  0.000000e+000  0.000000e+000  0.000000e+000  0.000000e+000  0.000000e+000  0.000000e+000  0.000000e+000  0.000000e+000  0.000000e+000  0.000000e+000  0.000000e+000  0.000000e+000  0.000000e+000  0.000000e+000  0.000000e+000  
0.000000e+000  0.000000e+000  0.000000e+000  0.000000e+000  0.000000e+000  0.000000e+000  0.000000e+000  0.000000e+000  0.000000e+000  0.000000e+000  0.000000e+000  0.000000e+000  0.000000e+000  0.000000e+000  0.000000e+000  0.000000e+000  0.000000e+000  0.000000e+000  0.000000e+000  
0.000000e+000  0.000000e+000  0.000000e+000  0.000000e+000  0.000000e+000  0.000000e+000  0.000000e+000  0.000000e+000  0.000000e+000  0.000000e+000  0.000000e+000  0.000000e+000  0.000000e+000  0.000000e+000  0.000000e+000  0.000000e+000  0.000000e+000  0.000000e+000  0.000000e+000  
0.000000e+000  0.000000e+000  0.000000e+000  0.000000e+000  0.000000e+000  0.000000e+000  0.000000e+000  0.000000e+000  0.000000e+000  0.000000e+000  0.000000e+000  0.000000e+000  0.000000e+000  0.000000e+000  0.000000e+000  0.000000e+000  0.000000e+000  0.000000e+000  0.000000e+000  
0.000000e+000  0.000000e+000  0.000000e+000  0.000000e+000  0.000000e+000  0.000000e+000  0.000000e+000  0.000000e+000  0.000000e+000  0.000000e+000  0.000000e+000  0.000000e+000  0.000000e+000  0.000000e+000  0.000000e+000  0.000000e+000  0.000000e+000  0.000000e+000  0.000000e+000  
0.000000e+000  0.000000e+000  0.000000e+000  0.000000e+000  0.000000e+000  0.000000e+000  0.000000e+000  0.000000e+000  0.000000e+000  0.000000e+000  0.000000e+000  0.000000e+000  0.000000e+000  0.000000e+000  0.000000e+000  0.000000e+000  0.000000e+000  0.000000e+000  0.000000e+000  
0.000000e+000  0.000000e+000  0.000000e+000  0.000000e+000  0.000000e+000  0.000000e+000  0.000000e+000  0.000000e+000  0.000000e+000  0.000000e+000  0.000000e+000  0.000000e+000  0.000000e+000  0.000000e+000  0.000000e+000  0.000000e+000  0.000000e+000  0.000000e+000  0.000000e+000  

0.000000e+000  0.000000e+000  0.000000e+000  0.000000e+000  0.000000e+000  0.000000e+000  0.000000e+000  0.000000e+000  0.000000e+000  0.000000e+000  0.000000e+000  0.000000e+000  0.000000e+000  0.000000e+000  0.000000e+000  0.000000e+000  0.000000e+000  0.000000e+000  0.000000e+000  
0.000000e+000  0.000000e+000  0.000000e+000  0.000000e+000  0.000000e+000  0.000000e+000  0.000000e+000  0.000000e+000  0.000000e+000  0.000000e+000  0.000000e+000  0.000000e+000  0.000000e+000  0.000000e+000  0.000000e+000  0.000000e+000  0.000000e+000  0.000000e+000  0.000000e+000  
0.000000e+000  0.000000e+000  0.000000e+000  0.000000e+000  0.000000e+000  0.000000e+000  0.000000e+000  0.000000e+000  0.000000e+000  0.000000e+000  0.000000e+000  0.000000e+000  0.000000e+000  0.000000e+000  0.000000e+000  0.000000e+000  0.000000e+000  0.000000e+000  0.000000e+000  
0.000000e+000  0.000000e+000  0.000000e+000  0.000000e+000  0.000000e+000  0.000000e+000  0.000000e+000  0.000000e+000  0.000000e+000  0.000000e+000  0.000000e+000  0.000000e+000  0.000000e+000  0.000000e+000  0.000000e+000  0.000000e+000  0.000000e+000  0.000000e+000  0.000000e+000  
0.000000e+000  0.000000e+000  0.000000e+000  0.000000e+000  0.000000e+000  0.000000e+000  0.000000e+000  0.000000e+000  0.000000e+000  0.000000e+000  0.000000e+000  0.000000e+000  0.000000e+000  0.000000e+000  0.000000e+000  0.000000e+000  0.000000e+000  0.000000e+000  0.000000e+000  
0.000000e+000  0.000000e+000  0.000000e+000  0.000000e+000  0.000000e+000  0.000000e+000  0.000000e+000  0.000000e+000  0.000000e+000  0.000000e+000  0.000000e+000  0.000000e+000  0.000000e+000  0.000000e+000  0.000000e+000  0.000000e+000  0.000000e+000  0.000000e+000  0.000000e+000  
0.000000e+000  0.000000e+000  0.000000e+000  0.000000e+000  0.000000e+000  0.000000e+000  0.000000e+000  0.000000e+000  0.000000e+000  0.000000e+000  0.000000e+000  0.000000e+000  0.000000e+000  0.000000e+000  0.000000e+000  0.000000e+000  0.000000e+000  0.000000e+000  0.000000e+000  
0.000000e+000  0.000000e+000  0.000000e+000  0.000000e+000  0.000000e+000  0.000000e+000  0.000000e+000  0.000000e+000  0.000000e+000  0.000000e+000  0.000000e+000  0.000000e+000  0.000000e+000  0.000000e+000  0.000000e+000  0.000000e+000  0.000000e+000  0.000000e+000  0.000000e+000  
0.000000e+000  0.000000e+000  0.000000e+000  0.000000e+000  0.000000e+000  0.000000e+000  0.000000e+000  0.000000e+000  0.000000e+000  0.000000e+000  0.000000e+000  0.000000e+000  0.000000e+000  0.000000e+000  0.000000e+000  0.000000e+000  0.000000e+000  0.000000e+000  0.000000e+000  

0.000000e+000  0.000000e+000  0.000000e+000  0.000000e+000  0.000000e+000  0.000000e+000  0.000000e+000  0.000000e+000  0.000000e+000  0.000000e+000  0.000000e+000  0.000000e+000  0.000000e+000  0.000000e+000  0.000000e+000  0.000000e+000  0.000000e+000  0.000000e+000  0.000000e+000  
0.000000e+000  0.000000e+000  0.000000e+000  0.000000e+000  0.000000e+000  0.000000e+000  0.000000e+000  0.000000e+000  0.000000e+000  0.000000e+000  0.000000e+000  0.000000e+000  0.000000e+000  0.000000e+000  0.000000e+000  0.000000e+000  0.000000e+000  0.000000e+000  0.000000e+000  
0.000000e+000  0.000000e+000  0.000000e+000  0.000000e+000  0.000000e+000  0.000000e+000  0.000000e+000  0.000000e+000  0.000000e+000  0.000000e+000  0.000000e+000  0.000000e+000  0.000000e+000  0.000000e+000  0.000000e+000  0.000000e+000  0.000000e+000  0.000000e+000  0.000000e+000  
0.000000e+000  0.000000e+000  0.000000e+000  0.000000e+000  0.000000e+000  0.000000e+000  0.000000e+000  0.000000e+000  0.000000e+000  0.000000e+000  0.000000e+000  0.000000e+000  0.000000e+000  0.000000e+000  0.000000e+000  0.000000e+000  0.000000e+000  0.000000e+000  0.000000e+000  
0.000000e+000  0.000000e+000  0.000000e+000  0.000000e+000  0.000000e+000  0.000000e+000  0.000000e+000  0.000000e+000  0.000000e+000  0.000000e+000  0.000000e+000  0.000000e+000  0.000000e+000  0.000000e+000  0.000000e+000  0.000000e+000  0.000000e+000  0.000000e+000  0.000000e+000  
0.000000e+000  0.000000e+000  0.000000e+000  0.000000e+000  0.000000e+000  0.000000e+000  0.000000e+000  0.000000e+000  0.000000e+000  0.000000e+000  0.000000e+000  0.000000e+000  0.000000e+000  0.000000e+000  0.000000e+000  0.000000e+000  0.000000e+000  0.000000e+000  0.000000e+000  
0.000000e+000  0.000000e+000  0.000000e+000  0.000000e+000  0.000000e+000  0.000000e+000  0.000000e+000  0.000000e+000  0.000000e+000  0.000000e+000  0.000000e+000  0.000000e+000  0.000000e+000  0.000000e+000  0.000000e+000  0.000000e+000  0.000000e+000  0.000000e+000  0.000000e+000  
0.000000e+000  0.000000e+000  0.000000e+000  0.000000e+000  0.000000e+000  0.000000e+000  0.000000e+000  0.000000e+000  0.000000e+000  0.000000e+000  0.000000e+000  0.000000e+000  0.000000e+000  0.000000e+000  0.000000e+000  0.000000e+000  0.000000e+000  0.000000e+000  0.000000e+000  
0.000000e+000  0.000000e+000  0.000000e+000  0.000000e+000  0.000000e+000  0.000000e+000  0.000000e+000  0.000000e+000  0.000000e+000  0.000000e+000  0.000000e+000  0.000000e+000  0.000000e+000  0.000000e+000  0.000000e+000  0.000000e+000  0.000000e+000  0.000000e+000  0.000000e+000  

5.956840e+000  5.775845e+000  5.419353e+000  4.898197e+000  4.228212e+000  3.429754e+000  2.527086e+000  1.547633e+000  5.211560e-001  -5.211560e-001  -1.547633e+000  -2.527086e+000  -3.429754e+000  -4.228212e+000  -4.898197e+000  -5.419353e+000  -5.775845e+000  -5.956840e+000  -0.000000e+000  
5.956840e+000  5.775845e+000  5.419353e+000  4.898197e+000  4.228212e+000  3.429754e+000  2.527086e+000  1.547633e+000  5.211560e-001  -5.211560e-001  -1.547633e+000  -2.527086e+000  -3.429754e+000  -4.228212e+000  -4.898197e+000  -5.419353e+000  -5.775845e+000  -5.956840e+000  -0.000000e+000  
5.956840e+000  5.775845e+000  5.419353e+000  4.898197e+000  4.228212e+000  3.429754e+000  2.527086e+000  1.547633e+000  5.211560e-001  -5.211560e-001  -1.547633e+000  -2.527086e+000  -3.429754e+000  -4.228212e+000  -4.898197e+000  -5.419353e+000  -5.775845e+000  -5.956840e+000  -0.000000e+000  
5.956840e+000  5.775845e+000  5.419353e+000  4.898197e+000  4.228212e+000  3.429754e+000  2.527086e+000  1.547633e+000  5.211560e-001  -5.211560e-001  -1.547633e+000  -2.527086e+000  -3.429754e+000  -4.228212e+000  -4.898197e+000  -5.419353e+000  -5.775845e+000  -5.956840e+000  -0.000000e+000  
5.956840e+000  5.775845e+000  5.419353e+000  4.898197e+000  4.228212e+000  3.429754e+000  2.527086e+000  1.547633e+000  5.211560e-001  -5.211560e-001  -1.547633e+000  -2.527086e+000  -3.429754e+000  -4.228212e+000  -4.898197e+000  -5.419353e+000  -5.775845e+000  -5.956840e+000  -0.000000e+000  
5.956840e+000  5.775845e+000  5.419353e+000  4.898197e+000  4.228212e+000  3.429754e+000  2.527086e+000  1.547633e+000  5.211560e-001  -5.211560e-001  -1.547633e+000  -2.527086e+000  -3.429754e+000  -4.228212e+000  -4.898197e+000  -5.419353e+000  -5.775845e+000  -5.956840e+000  -0.000000e+000  
5.956840e+000  5.775845e+000  5.419353e+000  4.898197e+000  4.228212e+000  3.429754e+000  2.527086e+000  1.547633e+000  5.211560e-001  -5.211560e-001  -1.547633e+000  -2.527086e+000  -3.429754e+000  -4.228212e+000  -4.898197e+000  -5.419353e+000  -5.775845e+000  -5.956840e+000  -0.000000e+000  
5.956840e+000  5.775845e+000  5.419353e+000  4.898197e+000  4.228212e+000  3.429754e+000  2.527086e+000  1.547633e+000  5.211560e-001  -5.211560e-001  -1.547633e+000  -2.527086e+000  -3.429754e+000  -4.228212e+000  -4.898197e+000  -5.419353e+000  -5.775845e+000  -5.956840e+000  -0.000000e+000  
-0.000000e+000  -0.000000e+000  -0.000000e+000  -0.000000e+000  -0.000000e+000  -0.000000e+000  -0.000000e+000  -0.000000e+000  -0.000000e+000  -0.000000e+000  -0.000000e+000  -0.000000e+000  -0.000000e+000  -0.000000e+000  -0.000000e+000  -0.000000e+000  -0.000000e+000  -0.000000e+000  -0.000000e+000  

