Port monitor named: Port1_h1[7.5].prt

nx        = 19
ny        = 9
nz        = 32

nu        = 19
nv        = 9
iu        = 1
iv        = 1

idir      = 2
dcut      = 4.000000e-002
icut      = 32
type      = 1
frequency = 7.500000e+009

fcutoff   = 6.551458e+009
alpha     = 0.000000e+000
beta      = 7.644414e+001
accuracy  = 6.616368e-012

type          = TE
wave imp.     = 7.746522e+002
wave imp.sig. = 1.988077e-007
line imp.     = 0.000000e+000

ref. port     = 0

0.000000e+000  -5.789577e-001  -1.140324e+000  -1.667042e+000  -2.143108e+000  -2.554057e+000  -2.887402e+000  -3.133015e+000  -3.283433e+000  -3.334085e+000  -3.283433e+000  -3.133015e+000  -2.887402e+000  -2.554057e+000  -2.143108e+000  -1.667042e+000  -1.140324e+000  -5.789577e-001  0.000000e+000  
0.000000e+000  -5.789577e-001  -1.140324e+000  -1.667042e+000  -2.143108e+000  -2.554057e+000  -2.887402e+000  -3.133015e+000  -3.283433e+000  -3.334085e+000  -3.283433e+000  -3.133015e+000  -2.887402e+000  -2.554057e+000  -2.143108e+000  -1.667042e+000  -1.140324e+000  -5.789577e-001  0.000000e+000  
0.000000e+000  -5.789577e-001  -1.140324e+000  -1.667042e+000  -2.143108e+000  -2.554057e+000  -2.887402e+000  -3.133015e+000  -3.283433e+000  -3.334085e+000  -3.283433e+000  -3.133015e+000  -2.887402e+000  -2.554057e+000  -2.143108e+000  -1.667042e+000  -1.140324e+000  -5.789577e-001  0.000000e+000  
0.000000e+000  -5.789577e-001  -1.140324e+000  -1.667042e+000  -2.143108e+000  -2.554057e+000  -2.887402e+000  -3.133015e+000  -3.283433e+000  -3.334085e+000  -3.283433e+000  -3.133015e+000  -2.887402e+000  -2.554057e+000  -2.143108e+000  -1.667042e+000  -1.140324e+000  -5.789577e-001  0.000000e+000  
0.000000e+000  -5.789577e-001  -1.140324e+000  -1.667042e+000  -2.143108e+000  -2.554057e+000  -2.887402e+000  -3.133015e+000  -3.283433e+000  -3.334085e+000  -3.283433e+000  -3.133015e+000  -2.887402e+000  -2.554057e+000  -2.143108e+000  -1.667042e+000  -1.140324e+000  -5.789577e-001  0.000000e+000  
0.000000e+000  -5.789578e-001  -1.140324e+000  -1.667042e+000  -2.143108e+000  -2.554057e+000  -2.887402e+000  -3.133015e+000  -3.283433e+000  -3.334085e+000  -3.283433e+000  -3.133015e+000  -2.887402e+000  -2.554057e+000  -2.143108e+000  -1.667042e+000  -1.140324e+000  -5.789577e-001  0.000000e+000  
0.000000e+000  -5.789577e-001  -1.140324e+000  -1.667042e+000  -2.143108e+000  -2.554057e+000  -2.887402e+000  -3.133015e+000  -3.283433e+000  -3.334085e+000  -3.283433e+000  -3.133015e+000  -2.887402e+000  -2.554057e+000  -2.143108e+000  -1.667042e+000  -1.140324e+000  -5.789577e-001  0.000000e+000  
0.000000e+000  -5.789577e-001  -1.140324e+000  -1.667042e+000  -2.143108e+000  -2.554057e+000  -2.887402e+000  -3.133015e+000  -3.283433e+000  -3.334085e+000  -3.283433e+000  -3.133015e+000  -2.887402e+000  -2.554057e+000  -2.143108e+000  -1.667042e+000  -1.140324e+000  -5.789577e-001  0.000000e+000  
0.000000e+000  0.000000e+000  0.000000e+000  0.000000e+000  0.000000e+000  0.000000e+000  0.000000e+000  0.000000e+000  0.000000e+000  0.000000e+000  0.000000e+000  0.000000e+000  0.000000e+000  0.000000e+000  0.000000e+000  0.000000e+000  0.000000e+000  0.000000e+000  0.000000e+000  

0.000000e+000  0.000000e+000  0.000000e+000  0.000000e+000  0.000000e+000  0.000000e+000  0.000000e+000  0.000000e+000  0.000000e+000  0.000000e+000  0.000000e+000  0.000000e+000  0.000000e+000  0.000000e+000  0.000000e+000  0.000000e+000  0.000000e+000  0.000000e+000  0.000000e+000  
0.000000e+000  0.000000e+000  0.000000e+000  0.000000e+000  0.000000e+000  0.000000e+000  7.038643e-010  2.294715e-010  -9.333358e-010  2.694180e-010  -1.193150e-009  1.411208e-009  -4.874762e-010  0.000000e+000  -3.925281e-010  3.925281e-010  -3.582419e-010  3.582419e-010  0.000000e+000  
0.000000e+000  0.000000e+000  0.000000e+000  0.000000e+000  0.000000e+000  0.000000e+000  3.077869e-010  -3.077869e-010  3.439753e-010  -1.243396e-009  1.738760e-009  -1.556472e-009  1.161833e-009  -7.978149e-010  0.000000e+000  0.000000e+000  3.401477e-010  0.000000e+000  0.000000e+000  
-5.698628e-010  5.698628e-010  -3.530224e-010  3.530224e-010  -4.931829e-010  4.931829e-010  0.000000e+000  0.000000e+000  -5.056632e-010  1.675708e-009  -1.812157e-009  1.310205e-009  -6.680934e-010  0.000000e+000  0.000000e+000  -3.928761e-010  3.928761e-010  0.000000e+000  0.000000e+000  
0.000000e+000  -4.459756e-010  7.350188e-010  -2.890432e-010  0.000000e+000  0.000000e+000  -3.803493e-010  -1.025802e-010  1.231101e-009  -1.632236e-009  1.399517e-009  -8.706093e-010  3.551566e-010  0.000000e+000  -3.062559e-010  7.543424e-010  0.000000e+000  -4.710871e-010  0.000000e+000  
-4.041037e-010  4.041037e-010  -4.234738e-010  7.978845e-010  -9.761587e-011  -2.767948e-010  0.000000e+000  4.243321e-010  -1.096926e-009  1.074888e-009  -7.314231e-010  3.291288e-010  0.000000e+000  -3.988147e-010  8.370422e-010  0.000000e+000  9.294154e-011  -5.538796e-010  0.000000e+000  
1.220175e-009  -5.712431e-010  -1.510170e-010  -4.979152e-010  0.000000e+000  0.000000e+000  4.184399e-010  -7.426508e-010  9.689675e-010  -6.447566e-010  0.000000e+000  -5.200458e-010  6.815481e-011  1.108850e-009  7.734109e-011  -7.342996e-010  -3.609328e-010  3.609328e-010  0.000000e+000  
0.000000e+000  5.138520e-010  -7.253917e-011  -4.413128e-010  0.000000e+000  0.000000e+000  0.000000e+000  4.710523e-010  -4.710523e-010  6.247138e-010  -1.064728e-009  4.400138e-010  0.000000e+000  -4.582471e-010  4.582471e-010  3.055832e-010  2.719929e-010  -5.775760e-010  0.000000e+000  
0.000000e+000  0.000000e+000  0.000000e+000  0.000000e+000  0.000000e+000  0.000000e+000  0.000000e+000  0.000000e+000  0.000000e+000  0.000000e+000  0.000000e+000  0.000000e+000  0.000000e+000  0.000000e+000  0.000000e+000  0.000000e+000  0.000000e+000  0.000000e+000  0.000000e+000  

0.000000e+000  0.000000e+000  0.000000e+000  0.000000e+000  0.000000e+000  0.000000e+000  0.000000e+000  0.000000e+000  0.000000e+000  0.000000e+000  0.000000e+000  0.000000e+000  0.000000e+000  0.000000e+000  0.000000e+000  0.000000e+000  0.000000e+000  0.000000e+000  0.000000e+000  
0.000000e+000  0.000000e+000  0.000000e+000  0.000000e+000  0.000000e+000  0.000000e+000  0.000000e+000  0.000000e+000  0.000000e+000  0.000000e+000  0.000000e+000  0.000000e+000  0.000000e+000  0.000000e+000  0.000000e+000  0.000000e+000  0.000000e+000  0.000000e+000  0.000000e+000  
0.000000e+000  0.000000e+000  0.000000e+000  0.000000e+000  0.000000e+000  0.000000e+000  0.000000e+000  0.000000e+000  0.000000e+000  0.000000e+000  0.000000e+000  0.000000e+000  0.000000e+000  0.000000e+000  0.000000e+000  0.000000e+000  0.000000e+000  0.000000e+000  0.000000e+000  
0.000000e+000  0.000000e+000  0.000000e+000  0.000000e+000  0.000000e+000  0.000000e+000  0.000000e+000  0.000000e+000  0.000000e+000  0.000000e+000  0.000000e+000  0.000000e+000  0.000000e+000  0.000000e+000  0.000000e+000  0.000000e+000  0.000000e+000  0.000000e+000  0.000000e+000  
0.000000e+000  0.000000e+000  0.000000e+000  0.000000e+000  0.000000e+000  0.000000e+000  0.000000e+000  0.000000e+000  0.000000e+000  0.000000e+000  0.000000e+000  0.000000e+000  0.000000e+000  0.000000e+000  0.000000e+000  0.000000e+000  0.000000e+000  0.000000e+000  0.000000e+000  
0.000000e+000  0.000000e+000  0.000000e+000  0.000000e+000  0.000000e+000  0.000000e+000  0.000000e+000  0.000000e+000  0.000000e+000  0.000000e+000  0.000000e+000  0.000000e+000  0.000000e+000  0.000000e+000  0.000000e+000  0.000000e+000  0.000000e+000  0.000000e+000  0.000000e+000  
0.000000e+000  0.000000e+000  0.000000e+000  0.000000e+000  0.000000e+000  0.000000e+000  0.000000e+000  0.000000e+000  0.000000e+000  0.000000e+000  0.000000e+000  0.000000e+000  0.000000e+000  0.000000e+000  0.000000e+000  0.000000e+000  0.000000e+000  0.000000e+000  0.000000e+000  
0.000000e+000  0.000000e+000  0.000000e+000  0.000000e+000  0.000000e+000  0.000000e+000  0.000000e+000  0.000000e+000  0.000000e+000  0.000000e+000  0.000000e+000  0.000000e+000  0.000000e+000  0.000000e+000  0.000000e+000  0.000000e+000  0.000000e+000  0.000000e+000  0.000000e+000  
0.000000e+000  0.000000e+000  0.000000e+000  0.000000e+000  0.000000e+000  0.000000e+000  0.000000e+000  0.000000e+000  0.000000e+000  0.000000e+000  0.000000e+000  0.000000e+000  0.000000e+000  0.000000e+000  0.000000e+000  0.000000e+000  0.000000e+000  0.000000e+000  0.000000e+000  

0.000000e+000  0.000000e+000  0.000000e+000  0.000000e+000  0.000000e+000  0.000000e+000  0.000000e+000  0.000000e+000  0.000000e+000  0.000000e+000  0.000000e+000  0.000000e+000  0.000000e+000  0.000000e+000  0.000000e+000  0.000000e+000  0.000000e+000  0.000000e+000  0.000000e+000  
0.000000e+000  0.000000e+000  0.000000e+000  0.000000e+000  0.000000e+000  0.000000e+000  0.000000e+000  0.000000e+000  0.000000e+000  0.000000e+000  0.000000e+000  0.000000e+000  0.000000e+000  0.000000e+000  0.000000e+000  0.000000e+000  0.000000e+000  0.000000e+000  0.000000e+000  
0.000000e+000  0.000000e+000  0.000000e+000  0.000000e+000  0.000000e+000  0.000000e+000  0.000000e+000  0.000000e+000  0.000000e+000  0.000000e+000  0.000000e+000  0.000000e+000  0.000000e+000  0.000000e+000  0.000000e+000  0.000000e+000  0.000000e+000  0.000000e+000  0.000000e+000  
0.000000e+000  0.000000e+000  0.000000e+000  0.000000e+000  0.000000e+000  0.000000e+000  0.000000e+000  0.000000e+000  0.000000e+000  0.000000e+000  0.000000e+000  0.000000e+000  0.000000e+000  0.000000e+000  0.000000e+000  0.000000e+000  0.000000e+000  0.000000e+000  0.000000e+000  
0.000000e+000  0.000000e+000  0.000000e+000  0.000000e+000  0.000000e+000  0.000000e+000  0.000000e+000  0.000000e+000  0.000000e+000  0.000000e+000  0.000000e+000  0.000000e+000  0.000000e+000  0.000000e+000  0.000000e+000  0.000000e+000  0.000000e+000  0.000000e+000  0.000000e+000  
0.000000e+000  0.000000e+000  0.000000e+000  0.000000e+000  0.000000e+000  0.000000e+000  0.000000e+000  0.000000e+000  0.000000e+000  0.000000e+000  0.000000e+000  0.000000e+000  0.000000e+000  0.000000e+000  0.000000e+000  0.000000e+000  0.000000e+000  0.000000e+000  0.000000e+000  
0.000000e+000  0.000000e+000  0.000000e+000  0.000000e+000  0.000000e+000  0.000000e+000  0.000000e+000  0.000000e+000  0.000000e+000  0.000000e+000  0.000000e+000  0.000000e+000  0.000000e+000  0.000000e+000  0.000000e+000  0.000000e+000  0.000000e+000  0.000000e+000  0.000000e+000  
0.000000e+000  0.000000e+000  0.000000e+000  0.000000e+000  0.000000e+000  0.000000e+000  0.000000e+000  0.000000e+000  0.000000e+000  0.000000e+000  0.000000e+000  0.000000e+000  0.000000e+000  0.000000e+000  0.000000e+000  0.000000e+000  0.000000e+000  0.000000e+000  0.000000e+000  
0.000000e+000  0.000000e+000  0.000000e+000  0.000000e+000  0.000000e+000  0.000000e+000  0.000000e+000  0.000000e+000  0.000000e+000  0.000000e+000  0.000000e+000  0.000000e+000  0.000000e+000  0.000000e+000  0.000000e+000  0.000000e+000  0.000000e+000  0.000000e+000  0.000000e+000  

0.000000e+000  0.000000e+000  0.000000e+000  0.000000e+000  0.000000e+000  0.000000e+000  0.000000e+000  0.000000e+000  0.000000e+000  0.000000e+000  0.000000e+000  0.000000e+000  0.000000e+000  0.000000e+000  0.000000e+000  0.000000e+000  0.000000e+000  0.000000e+000  0.000000e+000  
0.000000e+000  0.000000e+000  0.000000e+000  0.000000e+000  0.000000e+000  0.000000e+000  0.000000e+000  0.000000e+000  0.000000e+000  0.000000e+000  0.000000e+000  0.000000e+000  0.000000e+000  0.000000e+000  0.000000e+000  0.000000e+000  0.000000e+000  0.000000e+000  0.000000e+000  
0.000000e+000  0.000000e+000  0.000000e+000  0.000000e+000  0.000000e+000  0.000000e+000  0.000000e+000  0.000000e+000  0.000000e+000  0.000000e+000  0.000000e+000  0.000000e+000  0.000000e+000  0.000000e+000  0.000000e+000  0.000000e+000  0.000000e+000  0.000000e+000  0.000000e+000  
0.000000e+000  0.000000e+000  0.000000e+000  0.000000e+000  0.000000e+000  0.000000e+000  0.000000e+000  0.000000e+000  0.000000e+000  0.000000e+000  0.000000e+000  0.000000e+000  0.000000e+000  0.000000e+000  0.000000e+000  0.000000e+000  0.000000e+000  0.000000e+000  0.000000e+000  
0.000000e+000  0.000000e+000  0.000000e+000  0.000000e+000  0.000000e+000  0.000000e+000  0.000000e+000  0.000000e+000  0.000000e+000  0.000000e+000  0.000000e+000  0.000000e+000  0.000000e+000  0.000000e+000  0.000000e+000  0.000000e+000  0.000000e+000  0.000000e+000  0.000000e+000  
0.000000e+000  0.000000e+000  0.000000e+000  0.000000e+000  0.000000e+000  0.000000e+000  0.000000e+000  0.000000e+000  0.000000e+000  0.000000e+000  0.000000e+000  0.000000e+000  0.000000e+000  0.000000e+000  0.000000e+000  0.000000e+000  0.000000e+000  0.000000e+000  0.000000e+000  
0.000000e+000  0.000000e+000  0.000000e+000  0.000000e+000  0.000000e+000  0.000000e+000  0.000000e+000  0.000000e+000  0.000000e+000  0.000000e+000  0.000000e+000  0.000000e+000  0.000000e+000  0.000000e+000  0.000000e+000  0.000000e+000  0.000000e+000  0.000000e+000  0.000000e+000  
0.000000e+000  0.000000e+000  0.000000e+000  0.000000e+000  0.000000e+000  0.000000e+000  0.000000e+000  0.000000e+000  0.000000e+000  0.000000e+000  0.000000e+000  0.000000e+000  0.000000e+000  0.000000e+000  0.000000e+000  0.000000e+000  0.000000e+000  0.000000e+000  0.000000e+000  
0.000000e+000  0.000000e+000  0.000000e+000  0.000000e+000  0.000000e+000  0.000000e+000  0.000000e+000  0.000000e+000  0.000000e+000  0.000000e+000  0.000000e+000  0.000000e+000  0.000000e+000  0.000000e+000  0.000000e+000  0.000000e+000  0.000000e+000  0.000000e+000  0.000000e+000  

-5.963469e+000  -5.782272e+000  -5.425384e+000  -4.903648e+000  -4.232917e+000  -3.433571e+000  -2.529898e+000  -1.549355e+000  -5.217359e-001  5.217359e-001  1.549355e+000  2.529898e+000  3.433571e+000  4.232917e+000  4.903648e+000  5.425384e+000  5.782272e+000  5.963469e+000  0.000000e+000  
-5.963469e+000  -5.782272e+000  -5.425384e+000  -4.903648e+000  -4.232917e+000  -3.433571e+000  -2.529898e+000  -1.549355e+000  -5.217359e-001  5.217359e-001  1.549355e+000  2.529898e+000  3.433571e+000  4.232917e+000  4.903648e+000  5.425384e+000  5.782272e+000  5.963469e+000  0.000000e+000  
-5.963469e+000  -5.782272e+000  -5.425384e+000  -4.903648e+000  -4.232917e+000  -3.433571e+000  -2.529898e+000  -1.549355e+000  -5.217359e-001  5.217359e-001  1.549355e+000  2.529898e+000  3.433571e+000  4.232917e+000  4.903648e+000  5.425384e+000  5.782272e+000  5.963469e+000  0.000000e+000  
-5.963469e+000  -5.782272e+000  -5.425384e+000  -4.903648e+000  -4.232917e+000  -3.433571e+000  -2.529898e+000  -1.549355e+000  -5.217359e-001  5.217359e-001  1.549355e+000  2.529898e+000  3.433571e+000  4.232917e+000  4.903648e+000  5.425384e+000  5.782272e+000  5.963469e+000  0.000000e+000  
-5.963469e+000  -5.782272e+000  -5.425384e+000  -4.903648e+000  -4.232917e+000  -3.433571e+000  -2.529898e+000  -1.549355e+000  -5.217359e-001  5.217359e-001  1.549355e+000  2.529898e+000  3.433571e+000  4.232917e+000  4.903648e+000  5.425384e+000  5.782272e+000  5.963469e+000  0.000000e+000  
-5.963469e+000  -5.782272e+000  -5.425384e+000  -4.903648e+000  -4.232917e+000  -3.433571e+000  -2.529898e+000  -1.549355e+000  -5.217359e-001  5.217359e-001  1.549355e+000  2.529898e+000  3.433571e+000  4.232917e+000  4.903648e+000  5.425384e+000  5.782272e+000  5.963469e+000  0.000000e+000  
-5.963469e+000  -5.782272e+000  -5.425384e+000  -4.903648e+000  -4.232917e+000  -3.433571e+000  -2.529898e+000  -1.549355e+000  -5.217359e-001  5.217359e-001  1.549355e+000  2.529898e+000  3.433571e+000  4.232917e+000  4.903648e+000  5.425384e+000  5.782272e+000  5.963469e+000  0.000000e+000  
-5.963469e+000  -5.782272e+000  -5.425384e+000  -4.903648e+000  -4.232917e+000  -3.433571e+000  -2.529898e+000  -1.549355e+000  -5.217359e-001  5.217359e-001  1.549355e+000  2.529898e+000  3.433571e+000  4.232917e+000  4.903648e+000  5.425384e+000  5.782272e+000  5.963469e+000  0.000000e+000  
0.000000e+000  0.000000e+000  0.000000e+000  0.000000e+000  0.000000e+000  0.000000e+000  0.000000e+000  0.000000e+000  0.000000e+000  0.000000e+000  0.000000e+000  0.000000e+000  0.000000e+000  0.000000e+000  0.000000e+000  0.000000e+000  0.000000e+000  0.000000e+000  0.000000e+000  

