Port monitor named: Port2_e2.prt

nx        = 19
ny        = 9
nz        = 3

nu        = 19
nv        = 9
iu        = 1
iv        = 1

idir      = 2
dcut      = 0.000000e+000
icut      = 1
type      = 0
frequency = 7.500000e+009

fcutoff   = 1.306999e+010
alpha     = 2.238320e+002
beta      = 0.000000e+000
accuracy  = 4.165268e-009

type          = TE
wave imp.     = 2.645629e+002
wave imp.sig. = 8.377982e-006
line imp.     = 0.000000e+000

ref. port     = 0

0.000000e+000  0.000000e+000  0.000000e+000  0.000000e+000  0.000000e+000  0.000000e+000  0.000000e+000  0.000000e+000  0.000000e+000  0.000000e+000  0.000000e+000  0.000000e+000  0.000000e+000  0.000000e+000  0.000000e+000  0.000000e+000  0.000000e+000  0.000000e+000  0.000000e+000  
1.694301e-007  -1.646356e-006  9.863391e-007  -1.244855e-006  1.253256e-006  -1.076147e-006  7.055083e-007  -9.967228e-007  7.972273e-007  4.700543e-007  2.304046e-006  1.925183e-006  3.485740e-007  1.243829e-006  2.029658e-006  1.238668e-006  2.588186e-006  2.362570e-006  0.000000e+000  
-1.629707e-006  -1.186089e-006  -3.053767e-006  -3.569388e-007  -9.448102e-007  -1.474251e-007  3.118608e-008  -2.808232e-007  -9.545774e-007  1.136877e-006  1.919580e-006  1.041464e-006  1.296949e-006  4.576357e-007  1.872506e-006  3.264424e-006  2.236721e-006  4.780413e-006  0.000000e+000  
-2.416287e-006  -3.436632e-006  -3.586723e-006  -2.466360e-006  -2.810656e-006  -1.233001e-006  -2.319426e-006  9.825688e-008  -1.011973e-006  1.772370e-007  7.012749e-007  1.259643e-006  7.243041e-008  9.012236e-007  2.880954e-006  3.099675e-006  4.988823e-006  5.916352e-006  0.000000e+000  
-3.242258e-006  -4.694242e-006  -2.920659e-006  -3.210499e-006  -2.359935e-006  -3.014631e-006  -2.090008e-006  -2.109208e-006  5.261267e-007  -2.742186e-007  -1.738605e-007  4.187950e-007  1.308263e-006  2.007225e-006  1.854457e-006  4.408469e-006  4.850853e-006  6.625964e-006  0.000000e+000  
-5.166758e-006  -3.354728e-006  -3.742174e-006  -2.233314e-006  -2.088004e-006  -4.027356e-006  -2.363569e-006  -7.834875e-007  2.111312e-007  -3.681190e-007  -1.087806e-006  3.128842e-007  1.890433e-006  1.046554e-006  3.216265e-006  3.363960e-006  4.326177e-006  5.213816e-006  0.000000e+000  
-3.769922e-006  -3.674189e-006  -2.821536e-006  -1.746524e-006  -3.804862e-006  -2.769234e-006  -2.500636e-006  -2.695073e-007  8.914993e-007  0.000000e+000  -5.641445e-007  -5.976513e-007  1.201405e-006  2.000239e-006  1.503245e-006  3.179488e-006  2.845178e-006  4.131683e-006  0.000000e+000  
-2.010614e-006  -1.737851e-006  -7.548480e-007  -2.313857e-006  -2.121221e-006  -2.179901e-006  -1.320615e-006  1.087052e-006  1.056493e-006  8.588298e-007  -1.036723e-006  1.196350e-006  2.096091e-007  7.286770e-007  1.498218e-006  1.860227e-006  1.889679e-006  1.693392e-006  0.000000e+000  
0.000000e+000  0.000000e+000  0.000000e+000  0.000000e+000  0.000000e+000  0.000000e+000  0.000000e+000  0.000000e+000  0.000000e+000  0.000000e+000  0.000000e+000  0.000000e+000  0.000000e+000  0.000000e+000  0.000000e+000  0.000000e+000  0.000000e+000  0.000000e+000  0.000000e+000  

0.000000e+000  -5.162335e+002  -9.702015e+002  -1.307149e+003  -1.486435e+003  -1.486435e+003  -1.307149e+003  -9.702015e+002  -5.162335e+002  4.506263e-007  5.162335e+002  9.702015e+002  1.307149e+003  1.486435e+003  1.486435e+003  1.307149e+003  9.702015e+002  5.162334e+002  0.000000e+000  
0.000000e+000  -5.162335e+002  -9.702015e+002  -1.307149e+003  -1.486435e+003  -1.486435e+003  -1.307149e+003  -9.702015e+002  -5.162335e+002  3.429340e-007  5.162335e+002  9.702015e+002  1.307149e+003  1.486435e+003  1.486435e+003  1.307149e+003  9.702015e+002  5.162335e+002  0.000000e+000  
0.000000e+000  -5.162335e+002  -9.702015e+002  -1.307149e+003  -1.486435e+003  -1.486435e+003  -1.307149e+003  -9.702015e+002  -5.162335e+002  -5.040932e-007  5.162335e+002  9.702015e+002  1.307149e+003  1.486435e+003  1.486435e+003  1.307149e+003  9.702015e+002  5.162335e+002  0.000000e+000  
0.000000e+000  -5.162335e+002  -9.702015e+002  -1.307149e+003  -1.486435e+003  -1.486435e+003  -1.307149e+003  -9.702015e+002  -5.162335e+002  -1.307923e-006  5.162335e+002  9.702015e+002  1.307149e+003  1.486435e+003  1.486435e+003  1.307149e+003  9.702015e+002  5.162335e+002  0.000000e+000  
0.000000e+000  -5.162335e+002  -9.702015e+002  -1.307149e+003  -1.486435e+003  -1.486435e+003  -1.307149e+003  -9.702015e+002  -5.162335e+002  -2.162935e-006  5.162335e+002  9.702015e+002  1.307149e+003  1.486435e+003  1.486435e+003  1.307149e+003  9.702015e+002  5.162335e+002  0.000000e+000  
0.000000e+000  -5.162335e+002  -9.702015e+002  -1.307149e+003  -1.486435e+003  -1.486435e+003  -1.307149e+003  -9.702015e+002  -5.162335e+002  -1.513246e-006  5.162335e+002  9.702015e+002  1.307149e+003  1.486435e+003  1.486435e+003  1.307149e+003  9.702015e+002  5.162335e+002  0.000000e+000  
0.000000e+000  -5.162335e+002  -9.702015e+002  -1.307149e+003  -1.486435e+003  -1.486435e+003  -1.307149e+003  -9.702015e+002  -5.162335e+002  -8.348838e-007  5.162335e+002  9.702015e+002  1.307149e+003  1.486435e+003  1.486435e+003  1.307149e+003  9.702015e+002  5.162335e+002  0.000000e+000  
0.000000e+000  -5.162335e+002  -9.702015e+002  -1.307149e+003  -1.486435e+003  -1.486435e+003  -1.307149e+003  -9.702015e+002  -5.162335e+002  1.780540e-006  5.162335e+002  9.702015e+002  1.307149e+003  1.486435e+003  1.486435e+003  1.307149e+003  9.702015e+002  5.162335e+002  0.000000e+000  
0.000000e+000  0.000000e+000  0.000000e+000  0.000000e+000  0.000000e+000  0.000000e+000  0.000000e+000  0.000000e+000  0.000000e+000  0.000000e+000  0.000000e+000  0.000000e+000  0.000000e+000  0.000000e+000  0.000000e+000  0.000000e+000  0.000000e+000  0.000000e+000  0.000000e+000  

0.000000e+000  0.000000e+000  0.000000e+000  0.000000e+000  0.000000e+000  0.000000e+000  0.000000e+000  0.000000e+000  0.000000e+000  0.000000e+000  0.000000e+000  0.000000e+000  0.000000e+000  0.000000e+000  0.000000e+000  0.000000e+000  0.000000e+000  0.000000e+000  0.000000e+000  
0.000000e+000  -3.191802e-006  9.109496e-006  -1.547600e-005  7.270927e-006  -1.197833e-005  5.229056e-006  -9.626084e-006  1.832582e-006  -1.529780e-006  4.854412e-006  -1.588632e-006  -8.743883e-006  4.384506e-006  3.913108e-006  -1.774445e-006  4.943866e-006  4.859338e-006  0.000000e+000  
0.000000e+000  5.619685e-007  -6.110770e-006  1.456069e-005  -1.226551e-005  -9.938342e-007  -2.206444e-006  -4.342870e-006  -3.183885e-006  4.377676e-006  -9.257420e-007  -3.493288e-006  6.256162e-006  -7.536429e-006  8.437899e-006  4.882644e-006  2.691510e-006  8.652554e-006  0.000000e+000  
0.000000e+000  -2.410347e-006  3.562435e-006  -3.048085e-006  -4.492531e-006  3.232323e-006  -1.033734e-005  9.693172e-006  -8.115109e-006  1.355699e-006  2.517748e-006  -1.218848e-006  -8.121933e-006  1.032949e-005  8.702487e-006  6.802119e-006  1.238114e-005  6.422344e-006  0.000000e+000  
0.000000e+000  -6.949996e-006  -1.909188e-006  -5.699260e-006  -1.928957e-006  -5.175699e-006  9.927599e-006  -5.745421e-006  1.102809e-005  -5.823256e-006  -4.765639e-006  3.044180e-006  6.983209e-006  5.656008e-006  5.549570e-006  1.803540e-005  4.461706e-006  1.396469e-005  0.000000e+000  
0.000000e+000  -1.855569e-006  -6.700239e-006  1.278566e-006  -1.280097e-006  -8.368779e-006  2.053055e-006  6.533479e-006  1.230364e-006  2.477895e-007  3.846344e-007  1.196166e-005  8.525137e-006  4.774390e-006  1.851147e-005  8.444530e-006  1.055284e-005  1.665024e-006  0.000000e+000  
0.000000e+000  -1.224539e-006  -1.949284e-006  1.774608e-006  -7.961158e-006  2.871396e-006  -3.615908e-006  5.685463e-006  5.562544e-006  -7.497780e-007  7.465652e-006  1.762068e-006  1.483682e-005  5.890295e-006  9.796958e-006  1.309545e-005  4.263232e-006  5.169525e-006  0.000000e+000  
0.000000e+000  -4.820840e-006  2.952895e-006  -3.301437e-006  2.351225e-006  -1.532829e-006  2.005517e-006  8.414516e-006  4.613967e-006  8.505258e-006  -2.057856e-006  1.419483e-005  -1.012748e-005  5.449740e-006  3.007064e-006  8.243198e-006  1.267050e-006  1.370487e-006  0.000000e+000  
0.000000e+000  0.000000e+000  0.000000e+000  0.000000e+000  0.000000e+000  0.000000e+000  0.000000e+000  0.000000e+000  0.000000e+000  0.000000e+000  0.000000e+000  0.000000e+000  0.000000e+000  0.000000e+000  0.000000e+000  0.000000e+000  0.000000e+000  0.000000e+000  0.000000e+000  

0.000000e+000  0.000000e+000  0.000000e+000  0.000000e+000  0.000000e+000  0.000000e+000  0.000000e+000  0.000000e+000  0.000000e+000  0.000000e+000  0.000000e+000  0.000000e+000  0.000000e+000  0.000000e+000  0.000000e+000  0.000000e+000  0.000000e+000  0.000000e+000  0.000000e+000  
0.000000e+000  0.000000e+000  0.000000e+000  0.000000e+000  0.000000e+000  0.000000e+000  0.000000e+000  0.000000e+000  0.000000e+000  0.000000e+000  0.000000e+000  0.000000e+000  0.000000e+000  0.000000e+000  0.000000e+000  0.000000e+000  0.000000e+000  0.000000e+000  0.000000e+000  
0.000000e+000  0.000000e+000  0.000000e+000  0.000000e+000  0.000000e+000  0.000000e+000  0.000000e+000  0.000000e+000  0.000000e+000  0.000000e+000  0.000000e+000  0.000000e+000  0.000000e+000  0.000000e+000  0.000000e+000  0.000000e+000  0.000000e+000  0.000000e+000  0.000000e+000  
0.000000e+000  0.000000e+000  0.000000e+000  0.000000e+000  0.000000e+000  0.000000e+000  0.000000e+000  0.000000e+000  0.000000e+000  0.000000e+000  0.000000e+000  0.000000e+000  0.000000e+000  0.000000e+000  0.000000e+000  0.000000e+000  0.000000e+000  0.000000e+000  0.000000e+000  
0.000000e+000  0.000000e+000  0.000000e+000  0.000000e+000  0.000000e+000  0.000000e+000  0.000000e+000  0.000000e+000  0.000000e+000  0.000000e+000  0.000000e+000  0.000000e+000  0.000000e+000  0.000000e+000  0.000000e+000  0.000000e+000  0.000000e+000  0.000000e+000  0.000000e+000  
0.000000e+000  0.000000e+000  0.000000e+000  0.000000e+000  0.000000e+000  0.000000e+000  0.000000e+000  0.000000e+000  0.000000e+000  0.000000e+000  0.000000e+000  0.000000e+000  0.000000e+000  0.000000e+000  0.000000e+000  0.000000e+000  0.000000e+000  0.000000e+000  0.000000e+000  
0.000000e+000  0.000000e+000  0.000000e+000  0.000000e+000  0.000000e+000  0.000000e+000  0.000000e+000  0.000000e+000  0.000000e+000  0.000000e+000  0.000000e+000  0.000000e+000  0.000000e+000  0.000000e+000  0.000000e+000  0.000000e+000  0.000000e+000  0.000000e+000  0.000000e+000  
0.000000e+000  0.000000e+000  0.000000e+000  0.000000e+000  0.000000e+000  0.000000e+000  0.000000e+000  0.000000e+000  0.000000e+000  0.000000e+000  0.000000e+000  0.000000e+000  0.000000e+000  0.000000e+000  0.000000e+000  0.000000e+000  0.000000e+000  0.000000e+000  0.000000e+000  
0.000000e+000  0.000000e+000  0.000000e+000  0.000000e+000  0.000000e+000  0.000000e+000  0.000000e+000  0.000000e+000  0.000000e+000  0.000000e+000  0.000000e+000  0.000000e+000  0.000000e+000  0.000000e+000  0.000000e+000  0.000000e+000  0.000000e+000  0.000000e+000  0.000000e+000  

0.000000e+000  0.000000e+000  0.000000e+000  0.000000e+000  0.000000e+000  0.000000e+000  0.000000e+000  0.000000e+000  0.000000e+000  0.000000e+000  0.000000e+000  0.000000e+000  0.000000e+000  0.000000e+000  0.000000e+000  0.000000e+000  0.000000e+000  0.000000e+000  0.000000e+000  
0.000000e+000  0.000000e+000  0.000000e+000  0.000000e+000  0.000000e+000  0.000000e+000  0.000000e+000  0.000000e+000  0.000000e+000  0.000000e+000  0.000000e+000  0.000000e+000  0.000000e+000  0.000000e+000  0.000000e+000  0.000000e+000  0.000000e+000  0.000000e+000  0.000000e+000  
0.000000e+000  0.000000e+000  0.000000e+000  0.000000e+000  0.000000e+000  0.000000e+000  0.000000e+000  0.000000e+000  0.000000e+000  0.000000e+000  0.000000e+000  0.000000e+000  0.000000e+000  0.000000e+000  0.000000e+000  0.000000e+000  0.000000e+000  0.000000e+000  0.000000e+000  
0.000000e+000  0.000000e+000  0.000000e+000  0.000000e+000  0.000000e+000  0.000000e+000  0.000000e+000  0.000000e+000  0.000000e+000  0.000000e+000  0.000000e+000  0.000000e+000  0.000000e+000  0.000000e+000  0.000000e+000  0.000000e+000  0.000000e+000  0.000000e+000  0.000000e+000  
0.000000e+000  0.000000e+000  0.000000e+000  0.000000e+000  0.000000e+000  0.000000e+000  0.000000e+000  0.000000e+000  0.000000e+000  0.000000e+000  0.000000e+000  0.000000e+000  0.000000e+000  0.000000e+000  0.000000e+000  0.000000e+000  0.000000e+000  0.000000e+000  0.000000e+000  
0.000000e+000  0.000000e+000  0.000000e+000  0.000000e+000  0.000000e+000  0.000000e+000  0.000000e+000  0.000000e+000  0.000000e+000  0.000000e+000  0.000000e+000  0.000000e+000  0.000000e+000  0.000000e+000  0.000000e+000  0.000000e+000  0.000000e+000  0.000000e+000  0.000000e+000  
0.000000e+000  0.000000e+000  0.000000e+000  0.000000e+000  0.000000e+000  0.000000e+000  0.000000e+000  0.000000e+000  0.000000e+000  0.000000e+000  0.000000e+000  0.000000e+000  0.000000e+000  0.000000e+000  0.000000e+000  0.000000e+000  0.000000e+000  0.000000e+000  0.000000e+000  
0.000000e+000  0.000000e+000  0.000000e+000  0.000000e+000  0.000000e+000  0.000000e+000  0.000000e+000  0.000000e+000  0.000000e+000  0.000000e+000  0.000000e+000  0.000000e+000  0.000000e+000  0.000000e+000  0.000000e+000  0.000000e+000  0.000000e+000  0.000000e+000  0.000000e+000  
0.000000e+000  0.000000e+000  0.000000e+000  0.000000e+000  0.000000e+000  0.000000e+000  0.000000e+000  0.000000e+000  0.000000e+000  0.000000e+000  0.000000e+000  0.000000e+000  0.000000e+000  0.000000e+000  0.000000e+000  0.000000e+000  0.000000e+000  0.000000e+000  0.000000e+000  

0.000000e+000  0.000000e+000  0.000000e+000  0.000000e+000  0.000000e+000  0.000000e+000  0.000000e+000  0.000000e+000  0.000000e+000  0.000000e+000  0.000000e+000  0.000000e+000  0.000000e+000  0.000000e+000  0.000000e+000  0.000000e+000  0.000000e+000  0.000000e+000  0.000000e+000  
0.000000e+000  0.000000e+000  0.000000e+000  0.000000e+000  0.000000e+000  0.000000e+000  0.000000e+000  0.000000e+000  0.000000e+000  0.000000e+000  0.000000e+000  0.000000e+000  0.000000e+000  0.000000e+000  0.000000e+000  0.000000e+000  0.000000e+000  0.000000e+000  0.000000e+000  
0.000000e+000  0.000000e+000  0.000000e+000  0.000000e+000  0.000000e+000  0.000000e+000  0.000000e+000  0.000000e+000  0.000000e+000  0.000000e+000  0.000000e+000  0.000000e+000  0.000000e+000  0.000000e+000  0.000000e+000  0.000000e+000  0.000000e+000  0.000000e+000  0.000000e+000  
0.000000e+000  0.000000e+000  0.000000e+000  0.000000e+000  0.000000e+000  0.000000e+000  0.000000e+000  0.000000e+000  0.000000e+000  0.000000e+000  0.000000e+000  0.000000e+000  0.000000e+000  0.000000e+000  0.000000e+000  0.000000e+000  0.000000e+000  0.000000e+000  0.000000e+000  
0.000000e+000  0.000000e+000  0.000000e+000  0.000000e+000  0.000000e+000  0.000000e+000  0.000000e+000  0.000000e+000  0.000000e+000  0.000000e+000  0.000000e+000  0.000000e+000  0.000000e+000  0.000000e+000  0.000000e+000  0.000000e+000  0.000000e+000  0.000000e+000  0.000000e+000  
0.000000e+000  0.000000e+000  0.000000e+000  0.000000e+000  0.000000e+000  0.000000e+000  0.000000e+000  0.000000e+000  0.000000e+000  0.000000e+000  0.000000e+000  0.000000e+000  0.000000e+000  0.000000e+000  0.000000e+000  0.000000e+000  0.000000e+000  0.000000e+000  0.000000e+000  
0.000000e+000  0.000000e+000  0.000000e+000  0.000000e+000  0.000000e+000  0.000000e+000  0.000000e+000  0.000000e+000  0.000000e+000  0.000000e+000  0.000000e+000  0.000000e+000  0.000000e+000  0.000000e+000  0.000000e+000  0.000000e+000  0.000000e+000  0.000000e+000  0.000000e+000  
0.000000e+000  0.000000e+000  0.000000e+000  0.000000e+000  0.000000e+000  0.000000e+000  0.000000e+000  0.000000e+000  0.000000e+000  0.000000e+000  0.000000e+000  0.000000e+000  0.000000e+000  0.000000e+000  0.000000e+000  0.000000e+000  0.000000e+000  0.000000e+000  0.000000e+000  
0.000000e+000  0.000000e+000  0.000000e+000  0.000000e+000  0.000000e+000  0.000000e+000  0.000000e+000  0.000000e+000  0.000000e+000  0.000000e+000  0.000000e+000  0.000000e+000  0.000000e+000  0.000000e+000  0.000000e+000  0.000000e+000  0.000000e+000  0.000000e+000  0.000000e+000  

