Port monitor named: Port2_e2[7.5].prt

nx        = 19
ny        = 9
nz        = 32

nu        = 19
nv        = 9
iu        = 1
iv        = 1

idir      = 2
dcut      = 0.000000e+000
icut      = 1
type      = 0
frequency = 7.500000e+009

fcutoff   = 1.306872e+010
alpha     = 2.238284e+002
beta      = 0.000000e+000
accuracy  = 5.504814e-009

type          = TE
wave imp.     = 2.645670e+002
wave imp.sig. = 9.110522e-006
line imp.     = 0.000000e+000

ref. port     = 0

0.000000e+000  0.000000e+000  0.000000e+000  0.000000e+000  0.000000e+000  0.000000e+000  0.000000e+000  0.000000e+000  0.000000e+000  0.000000e+000  0.000000e+000  0.000000e+000  0.000000e+000  0.000000e+000  0.000000e+000  0.000000e+000  0.000000e+000  0.000000e+000  0.000000e+000  
-4.417987e-006  -4.653916e-006  -4.092843e-006  -2.101593e-006  -4.038815e-006  -4.092466e-006  -2.701529e-006  -1.997779e-006  9.608265e-007  -6.137280e-007  1.535825e-006  2.900045e-006  2.359873e-006  1.822694e-006  1.413341e-006  3.515964e-006  5.071909e-006  5.284278e-006  0.000000e+000  
-1.036756e-005  -7.807244e-006  -6.537120e-006  -7.818196e-006  -5.283970e-006  -6.294189e-006  -3.420045e-006  -2.790555e-007  -3.444251e-007  1.782450e-006  2.098194e-006  2.781316e-006  4.469133e-006  4.023230e-006  5.210986e-006  7.478595e-006  9.423266e-006  9.547629e-006  0.000000e+000  
-1.268691e-005  -1.137548e-005  -9.481290e-006  -6.994863e-006  -6.455840e-006  -4.364401e-006  -3.380826e-006  1.045708e-006  1.640341e-006  6.130308e-007  1.114861e-006  2.908531e-006  4.166825e-006  3.682246e-006  8.545064e-006  1.075347e-005  1.269654e-005  1.202554e-005  0.000000e+000  
-1.361860e-005  -1.139221e-005  -8.926582e-006  -6.860151e-006  -5.563362e-006  -4.291708e-006  -8.075806e-007  -3.349493e-007  5.935943e-007  1.021019e-006  3.947588e-007  1.169901e-006  1.933955e-006  5.616211e-006  5.823492e-006  1.224466e-005  1.299861e-005  1.145823e-005  0.000000e+000  
-1.171453e-005  -8.303835e-006  -7.072677e-006  -7.006605e-006  -4.074443e-006  -3.737054e-006  -2.230795e-006  2.716889e-007  4.753050e-007  5.857659e-007  1.538756e-006  1.350853e-006  2.765810e-006  2.149392e-006  7.248756e-006  8.969862e-006  1.000197e-005  8.806135e-006  0.000000e+000  
-6.443047e-006  -5.530702e-006  -5.608259e-006  -3.642432e-006  -5.582590e-006  -2.678242e-006  -1.791156e-006  1.990453e-007  1.263464e-007  2.795789e-007  1.629442e-006  2.602558e-006  8.001565e-007  3.010487e-006  3.609256e-006  7.185363e-006  5.535684e-006  5.319735e-006  0.000000e+000  
-3.268588e-006  -3.081139e-006  -1.994144e-006  -4.040851e-006  -1.775160e-006  -3.549650e-006  -7.543425e-007  -1.089114e-006  -3.603684e-007  1.631736e-007  8.544132e-007  6.127125e-007  1.138154e-006  1.902333e-007  2.469567e-006  2.115072e-006  3.756826e-006  2.116559e-006  0.000000e+000  
0.000000e+000  0.000000e+000  0.000000e+000  0.000000e+000  0.000000e+000  0.000000e+000  0.000000e+000  0.000000e+000  0.000000e+000  0.000000e+000  0.000000e+000  0.000000e+000  0.000000e+000  0.000000e+000  0.000000e+000  0.000000e+000  0.000000e+000  0.000000e+000  0.000000e+000  

0.000000e+000  -5.162375e+002  -9.702092e+002  -1.307159e+003  -1.486447e+003  -1.486447e+003  -1.307159e+003  -9.702091e+002  -5.162375e+002  3.684634e-007  5.162375e+002  9.702091e+002  1.307159e+003  1.486447e+003  1.486447e+003  1.307159e+003  9.702091e+002  5.162375e+002  0.000000e+000  
0.000000e+000  -5.162375e+002  -9.702092e+002  -1.307159e+003  -1.486447e+003  -1.486447e+003  -1.307159e+003  -9.702091e+002  -5.162375e+002  -1.307289e-006  5.162375e+002  9.702091e+002  1.307159e+003  1.486447e+003  1.486447e+003  1.307159e+003  9.702091e+002  5.162375e+002  0.000000e+000  
0.000000e+000  -5.162375e+002  -9.702091e+002  -1.307159e+003  -1.486447e+003  -1.486447e+003  -1.307159e+003  -9.702091e+002  -5.162375e+002  -2.018057e-006  5.162375e+002  9.702091e+002  1.307159e+003  1.486447e+003  1.486447e+003  1.307159e+003  9.702091e+002  5.162375e+002  0.000000e+000  
0.000000e+000  -5.162375e+002  -9.702091e+002  -1.307159e+003  -1.486447e+003  -1.486447e+003  -1.307159e+003  -9.702092e+002  -5.162375e+002  -1.761146e-006  5.162375e+002  9.702091e+002  1.307159e+003  1.486447e+003  1.486447e+003  1.307159e+003  9.702091e+002  5.162375e+002  0.000000e+000  
0.000000e+000  -5.162375e+002  -9.702091e+002  -1.307159e+003  -1.486447e+003  -1.486447e+003  -1.307159e+003  -9.702091e+002  -5.162375e+002  1.023739e-006  5.162375e+002  9.702092e+002  1.307159e+003  1.486447e+003  1.486447e+003  1.307159e+003  9.702091e+002  5.162375e+002  0.000000e+000  
0.000000e+000  -5.162375e+002  -9.702091e+002  -1.307159e+003  -1.486447e+003  -1.486447e+003  -1.307159e+003  -9.702091e+002  -5.162375e+002  3.493164e-006  5.162375e+002  9.702092e+002  1.307159e+003  1.486447e+003  1.486447e+003  1.307159e+003  9.702091e+002  5.162375e+002  0.000000e+000  
0.000000e+000  -5.162375e+002  -9.702091e+002  -1.307159e+003  -1.486447e+003  -1.486447e+003  -1.307159e+003  -9.702091e+002  -5.162375e+002  2.938072e-006  5.162375e+002  9.702092e+002  1.307159e+003  1.486447e+003  1.486447e+003  1.307159e+003  9.702091e+002  5.162375e+002  0.000000e+000  
0.000000e+000  -5.162375e+002  -9.702091e+002  -1.307159e+003  -1.486447e+003  -1.486447e+003  -1.307159e+003  -9.702091e+002  -5.162375e+002  2.066744e-006  5.162375e+002  9.702092e+002  1.307159e+003  1.486447e+003  1.486447e+003  1.307159e+003  9.702091e+002  5.162375e+002  0.000000e+000  
0.000000e+000  0.000000e+000  0.000000e+000  0.000000e+000  0.000000e+000  0.000000e+000  0.000000e+000  0.000000e+000  0.000000e+000  0.000000e+000  0.000000e+000  0.000000e+000  0.000000e+000  0.000000e+000  0.000000e+000  0.000000e+000  0.000000e+000  0.000000e+000  0.000000e+000  

0.000000e+000  0.000000e+000  0.000000e+000  0.000000e+000  0.000000e+000  0.000000e+000  0.000000e+000  0.000000e+000  0.000000e+000  0.000000e+000  0.000000e+000  0.000000e+000  0.000000e+000  0.000000e+000  0.000000e+000  0.000000e+000  0.000000e+000  0.000000e+000  0.000000e+000  
0.000000e+000  5.625390e-006  5.705102e-006  1.213816e-005  -3.752583e-007  2.037354e-006  2.507084e-006  -1.972929e-006  -2.726778e-006  -1.143419e-005  6.652062e-006  9.051486e-006  1.377135e-006  -1.704390e-006  -2.953179e-006  -3.283583e-006  6.917807e-006  3.047060e-006  0.000000e+000  
0.000000e+000  9.882862e-006  1.072849e-005  3.690806e-006  1.438656e-005  7.801315e-006  1.460124e-005  1.262218e-005  -1.773730e-007  4.981696e-006  -1.805093e-006  1.042120e-005  8.931520e-006  -1.743441e-006  -4.226203e-007  1.271508e-005  8.755787e-006  2.276359e-006  0.000000e+000  
0.000000e+000  8.384344e-006  7.754616e-006  7.909331e-006  9.582455e-006  5.941914e-006  1.182224e-005  1.293332e-005  6.586217e-006  -2.710175e-006  1.031481e-005  2.951711e-006  1.466622e-005  -3.268459e-007  2.067225e-005  1.673636e-005  1.332984e-005  1.854347e-006  0.000000e+000  
0.000000e+000  1.233432e-005  1.108405e-005  1.130985e-005  -1.236318e-006  9.342685e-006  2.263706e-006  1.118317e-005  3.026851e-006  1.130052e-005  1.031954e-006  1.641714e-005  -2.702887e-006  2.380101e-005  1.522731e-005  2.497675e-005  7.810668e-006  -7.391363e-006  0.000000e+000  
0.000000e+000  1.411340e-005  1.242936e-005  3.515196e-006  2.098217e-005  -1.312350e-006  1.681142e-005  6.231045e-006  1.162353e-005  9.075729e-006  1.452460e-005  -4.779782e-006  1.883368e-005  2.155744e-006  2.379404e-005  1.355803e-005  -3.484138e-006  -5.292625e-006  0.000000e+000  
0.000000e+000  7.182074e-006  3.419968e-006  1.270365e-005  1.004093e-006  2.445661e-005  4.064260e-006  1.537906e-005  3.706072e-006  -1.413694e-006  3.699384e-007  7.821363e-006  -6.011927e-006  1.181274e-005  2.520709e-006  1.641256e-005  -2.818144e-006  -5.288529e-006  0.000000e+000  
0.000000e+000  2.676665e-006  3.173236e-006  -1.165194e-006  1.329192e-005  -3.071683e-006  1.660857e-005  -1.395539e-006  -3.507923e-006  -1.223468e-006  -1.783603e-006  -4.330548e-006  -1.240797e-006  2.260378e-006  1.197333e-005  -4.345992e-006  8.136017e-006  -2.746123e-006  0.000000e+000  
0.000000e+000  0.000000e+000  0.000000e+000  0.000000e+000  0.000000e+000  0.000000e+000  0.000000e+000  0.000000e+000  0.000000e+000  0.000000e+000  0.000000e+000  0.000000e+000  0.000000e+000  0.000000e+000  0.000000e+000  0.000000e+000  0.000000e+000  0.000000e+000  0.000000e+000  

0.000000e+000  0.000000e+000  0.000000e+000  0.000000e+000  0.000000e+000  0.000000e+000  0.000000e+000  0.000000e+000  0.000000e+000  0.000000e+000  0.000000e+000  0.000000e+000  0.000000e+000  0.000000e+000  0.000000e+000  0.000000e+000  0.000000e+000  0.000000e+000  0.000000e+000  
0.000000e+000  0.000000e+000  0.000000e+000  0.000000e+000  0.000000e+000  0.000000e+000  0.000000e+000  0.000000e+000  0.000000e+000  0.000000e+000  0.000000e+000  0.000000e+000  0.000000e+000  0.000000e+000  0.000000e+000  0.000000e+000  0.000000e+000  0.000000e+000  0.000000e+000  
0.000000e+000  0.000000e+000  0.000000e+000  0.000000e+000  0.000000e+000  0.000000e+000  0.000000e+000  0.000000e+000  0.000000e+000  0.000000e+000  0.000000e+000  0.000000e+000  0.000000e+000  0.000000e+000  0.000000e+000  0.000000e+000  0.000000e+000  0.000000e+000  0.000000e+000  
0.000000e+000  0.000000e+000  0.000000e+000  0.000000e+000  0.000000e+000  0.000000e+000  0.000000e+000  0.000000e+000  0.000000e+000  0.000000e+000  0.000000e+000  0.000000e+000  0.000000e+000  0.000000e+000  0.000000e+000  0.000000e+000  0.000000e+000  0.000000e+000  0.000000e+000  
0.000000e+000  0.000000e+000  0.000000e+000  0.000000e+000  0.000000e+000  0.000000e+000  0.000000e+000  0.000000e+000  0.000000e+000  0.000000e+000  0.000000e+000  0.000000e+000  0.000000e+000  0.000000e+000  0.000000e+000  0.000000e+000  0.000000e+000  0.000000e+000  0.000000e+000  
0.000000e+000  0.000000e+000  0.000000e+000  0.000000e+000  0.000000e+000  0.000000e+000  0.000000e+000  0.000000e+000  0.000000e+000  0.000000e+000  0.000000e+000  0.000000e+000  0.000000e+000  0.000000e+000  0.000000e+000  0.000000e+000  0.000000e+000  0.000000e+000  0.000000e+000  
0.000000e+000  0.000000e+000  0.000000e+000  0.000000e+000  0.000000e+000  0.000000e+000  0.000000e+000  0.000000e+000  0.000000e+000  0.000000e+000  0.000000e+000  0.000000e+000  0.000000e+000  0.000000e+000  0.000000e+000  0.000000e+000  0.000000e+000  0.000000e+000  0.000000e+000  
0.000000e+000  0.000000e+000  0.000000e+000  0.000000e+000  0.000000e+000  0.000000e+000  0.000000e+000  0.000000e+000  0.000000e+000  0.000000e+000  0.000000e+000  0.000000e+000  0.000000e+000  0.000000e+000  0.000000e+000  0.000000e+000  0.000000e+000  0.000000e+000  0.000000e+000  
0.000000e+000  0.000000e+000  0.000000e+000  0.000000e+000  0.000000e+000  0.000000e+000  0.000000e+000  0.000000e+000  0.000000e+000  0.000000e+000  0.000000e+000  0.000000e+000  0.000000e+000  0.000000e+000  0.000000e+000  0.000000e+000  0.000000e+000  0.000000e+000  0.000000e+000  

0.000000e+000  0.000000e+000  0.000000e+000  0.000000e+000  0.000000e+000  0.000000e+000  0.000000e+000  0.000000e+000  0.000000e+000  0.000000e+000  0.000000e+000  0.000000e+000  0.000000e+000  0.000000e+000  0.000000e+000  0.000000e+000  0.000000e+000  0.000000e+000  0.000000e+000  
0.000000e+000  0.000000e+000  0.000000e+000  0.000000e+000  0.000000e+000  0.000000e+000  0.000000e+000  0.000000e+000  0.000000e+000  0.000000e+000  0.000000e+000  0.000000e+000  0.000000e+000  0.000000e+000  0.000000e+000  0.000000e+000  0.000000e+000  0.000000e+000  0.000000e+000  
0.000000e+000  0.000000e+000  0.000000e+000  0.000000e+000  0.000000e+000  0.000000e+000  0.000000e+000  0.000000e+000  0.000000e+000  0.000000e+000  0.000000e+000  0.000000e+000  0.000000e+000  0.000000e+000  0.000000e+000  0.000000e+000  0.000000e+000  0.000000e+000  0.000000e+000  
0.000000e+000  0.000000e+000  0.000000e+000  0.000000e+000  0.000000e+000  0.000000e+000  0.000000e+000  0.000000e+000  0.000000e+000  0.000000e+000  0.000000e+000  0.000000e+000  0.000000e+000  0.000000e+000  0.000000e+000  0.000000e+000  0.000000e+000  0.000000e+000  0.000000e+000  
0.000000e+000  0.000000e+000  0.000000e+000  0.000000e+000  0.000000e+000  0.000000e+000  0.000000e+000  0.000000e+000  0.000000e+000  0.000000e+000  0.000000e+000  0.000000e+000  0.000000e+000  0.000000e+000  0.000000e+000  0.000000e+000  0.000000e+000  0.000000e+000  0.000000e+000  
0.000000e+000  0.000000e+000  0.000000e+000  0.000000e+000  0.000000e+000  0.000000e+000  0.000000e+000  0.000000e+000  0.000000e+000  0.000000e+000  0.000000e+000  0.000000e+000  0.000000e+000  0.000000e+000  0.000000e+000  0.000000e+000  0.000000e+000  0.000000e+000  0.000000e+000  
0.000000e+000  0.000000e+000  0.000000e+000  0.000000e+000  0.000000e+000  0.000000e+000  0.000000e+000  0.000000e+000  0.000000e+000  0.000000e+000  0.000000e+000  0.000000e+000  0.000000e+000  0.000000e+000  0.000000e+000  0.000000e+000  0.000000e+000  0.000000e+000  0.000000e+000  
0.000000e+000  0.000000e+000  0.000000e+000  0.000000e+000  0.000000e+000  0.000000e+000  0.000000e+000  0.000000e+000  0.000000e+000  0.000000e+000  0.000000e+000  0.000000e+000  0.000000e+000  0.000000e+000  0.000000e+000  0.000000e+000  0.000000e+000  0.000000e+000  0.000000e+000  
0.000000e+000  0.000000e+000  0.000000e+000  0.000000e+000  0.000000e+000  0.000000e+000  0.000000e+000  0.000000e+000  0.000000e+000  0.000000e+000  0.000000e+000  0.000000e+000  0.000000e+000  0.000000e+000  0.000000e+000  0.000000e+000  0.000000e+000  0.000000e+000  0.000000e+000  

0.000000e+000  0.000000e+000  0.000000e+000  0.000000e+000  0.000000e+000  0.000000e+000  0.000000e+000  0.000000e+000  0.000000e+000  0.000000e+000  0.000000e+000  0.000000e+000  0.000000e+000  0.000000e+000  0.000000e+000  0.000000e+000  0.000000e+000  0.000000e+000  0.000000e+000  
0.000000e+000  0.000000e+000  0.000000e+000  0.000000e+000  0.000000e+000  0.000000e+000  0.000000e+000  0.000000e+000  0.000000e+000  0.000000e+000  0.000000e+000  0.000000e+000  0.000000e+000  0.000000e+000  0.000000e+000  0.000000e+000  0.000000e+000  0.000000e+000  0.000000e+000  
0.000000e+000  0.000000e+000  0.000000e+000  0.000000e+000  0.000000e+000  0.000000e+000  0.000000e+000  0.000000e+000  0.000000e+000  0.000000e+000  0.000000e+000  0.000000e+000  0.000000e+000  0.000000e+000  0.000000e+000  0.000000e+000  0.000000e+000  0.000000e+000  0.000000e+000  
0.000000e+000  0.000000e+000  0.000000e+000  0.000000e+000  0.000000e+000  0.000000e+000  0.000000e+000  0.000000e+000  0.000000e+000  0.000000e+000  0.000000e+000  0.000000e+000  0.000000e+000  0.000000e+000  0.000000e+000  0.000000e+000  0.000000e+000  0.000000e+000  0.000000e+000  
0.000000e+000  0.000000e+000  0.000000e+000  0.000000e+000  0.000000e+000  0.000000e+000  0.000000e+000  0.000000e+000  0.000000e+000  0.000000e+000  0.000000e+000  0.000000e+000  0.000000e+000  0.000000e+000  0.000000e+000  0.000000e+000  0.000000e+000  0.000000e+000  0.000000e+000  
0.000000e+000  0.000000e+000  0.000000e+000  0.000000e+000  0.000000e+000  0.000000e+000  0.000000e+000  0.000000e+000  0.000000e+000  0.000000e+000  0.000000e+000  0.000000e+000  0.000000e+000  0.000000e+000  0.000000e+000  0.000000e+000  0.000000e+000  0.000000e+000  0.000000e+000  
0.000000e+000  0.000000e+000  0.000000e+000  0.000000e+000  0.000000e+000  0.000000e+000  0.000000e+000  0.000000e+000  0.000000e+000  0.000000e+000  0.000000e+000  0.000000e+000  0.000000e+000  0.000000e+000  0.000000e+000  0.000000e+000  0.000000e+000  0.000000e+000  0.000000e+000  
0.000000e+000  0.000000e+000  0.000000e+000  0.000000e+000  0.000000e+000  0.000000e+000  0.000000e+000  0.000000e+000  0.000000e+000  0.000000e+000  0.000000e+000  0.000000e+000  0.000000e+000  0.000000e+000  0.000000e+000  0.000000e+000  0.000000e+000  0.000000e+000  0.000000e+000  
0.000000e+000  0.000000e+000  0.000000e+000  0.000000e+000  0.000000e+000  0.000000e+000  0.000000e+000  0.000000e+000  0.000000e+000  0.000000e+000  0.000000e+000  0.000000e+000  0.000000e+000  0.000000e+000  0.000000e+000  0.000000e+000  0.000000e+000  0.000000e+000  0.000000e+000  

