Port monitor named: Port1_h2[7.5].prt

nx        = 19
ny        = 9
nz        = 32

nu        = 19
nv        = 9
iu        = 1
iv        = 1

idir      = 2
dcut      = 4.000000e-002
icut      = 32
type      = 1
frequency = 7.500000e+009

fcutoff   = 1.306872e+010
alpha     = 2.238284e+002
beta      = 0.000000e+000
accuracy  = 7.486376e-010

type          = TE
wave imp.     = 2.645670e+002
wave imp.sig. = 1.556495e-006
line imp.     = 0.000000e+000

ref. port     = 0

0.000000e+000  0.000000e+000  0.000000e+000  0.000000e+000  0.000000e+000  0.000000e+000  0.000000e+000  0.000000e+000  0.000000e+000  0.000000e+000  0.000000e+000  0.000000e+000  0.000000e+000  0.000000e+000  0.000000e+000  0.000000e+000  0.000000e+000  0.000000e+000  0.000000e+000  
0.000000e+000  0.000000e+000  0.000000e+000  0.000000e+000  0.000000e+000  0.000000e+000  0.000000e+000  0.000000e+000  0.000000e+000  0.000000e+000  0.000000e+000  0.000000e+000  0.000000e+000  0.000000e+000  0.000000e+000  0.000000e+000  0.000000e+000  0.000000e+000  0.000000e+000  
0.000000e+000  0.000000e+000  0.000000e+000  0.000000e+000  0.000000e+000  0.000000e+000  0.000000e+000  0.000000e+000  0.000000e+000  0.000000e+000  0.000000e+000  0.000000e+000  0.000000e+000  0.000000e+000  0.000000e+000  0.000000e+000  0.000000e+000  0.000000e+000  0.000000e+000  
0.000000e+000  0.000000e+000  0.000000e+000  0.000000e+000  0.000000e+000  0.000000e+000  0.000000e+000  0.000000e+000  0.000000e+000  0.000000e+000  0.000000e+000  0.000000e+000  0.000000e+000  0.000000e+000  0.000000e+000  0.000000e+000  0.000000e+000  0.000000e+000  0.000000e+000  
0.000000e+000  0.000000e+000  0.000000e+000  0.000000e+000  0.000000e+000  0.000000e+000  0.000000e+000  0.000000e+000  0.000000e+000  0.000000e+000  0.000000e+000  0.000000e+000  0.000000e+000  0.000000e+000  0.000000e+000  0.000000e+000  0.000000e+000  0.000000e+000  0.000000e+000  
0.000000e+000  0.000000e+000  0.000000e+000  0.000000e+000  0.000000e+000  0.000000e+000  0.000000e+000  0.000000e+000  0.000000e+000  0.000000e+000  0.000000e+000  0.000000e+000  0.000000e+000  0.000000e+000  0.000000e+000  0.000000e+000  0.000000e+000  0.000000e+000  0.000000e+000  
0.000000e+000  0.000000e+000  0.000000e+000  0.000000e+000  0.000000e+000  0.000000e+000  0.000000e+000  0.000000e+000  0.000000e+000  0.000000e+000  0.000000e+000  0.000000e+000  0.000000e+000  0.000000e+000  0.000000e+000  0.000000e+000  0.000000e+000  0.000000e+000  0.000000e+000  
0.000000e+000  0.000000e+000  0.000000e+000  0.000000e+000  0.000000e+000  0.000000e+000  0.000000e+000  0.000000e+000  0.000000e+000  0.000000e+000  0.000000e+000  0.000000e+000  0.000000e+000  0.000000e+000  0.000000e+000  0.000000e+000  0.000000e+000  0.000000e+000  0.000000e+000  
0.000000e+000  0.000000e+000  0.000000e+000  0.000000e+000  0.000000e+000  0.000000e+000  0.000000e+000  0.000000e+000  0.000000e+000  0.000000e+000  0.000000e+000  0.000000e+000  0.000000e+000  0.000000e+000  0.000000e+000  0.000000e+000  0.000000e+000  0.000000e+000  0.000000e+000  

0.000000e+000  0.000000e+000  0.000000e+000  0.000000e+000  0.000000e+000  0.000000e+000  0.000000e+000  0.000000e+000  0.000000e+000  0.000000e+000  0.000000e+000  0.000000e+000  0.000000e+000  0.000000e+000  0.000000e+000  0.000000e+000  0.000000e+000  0.000000e+000  0.000000e+000  
0.000000e+000  0.000000e+000  0.000000e+000  0.000000e+000  0.000000e+000  0.000000e+000  0.000000e+000  0.000000e+000  0.000000e+000  0.000000e+000  0.000000e+000  0.000000e+000  0.000000e+000  0.000000e+000  0.000000e+000  0.000000e+000  0.000000e+000  0.000000e+000  0.000000e+000  
0.000000e+000  0.000000e+000  0.000000e+000  0.000000e+000  0.000000e+000  0.000000e+000  0.000000e+000  0.000000e+000  0.000000e+000  0.000000e+000  0.000000e+000  0.000000e+000  0.000000e+000  0.000000e+000  0.000000e+000  0.000000e+000  0.000000e+000  0.000000e+000  0.000000e+000  
0.000000e+000  0.000000e+000  0.000000e+000  0.000000e+000  0.000000e+000  0.000000e+000  0.000000e+000  0.000000e+000  0.000000e+000  0.000000e+000  0.000000e+000  0.000000e+000  0.000000e+000  0.000000e+000  0.000000e+000  0.000000e+000  0.000000e+000  0.000000e+000  0.000000e+000  
0.000000e+000  0.000000e+000  0.000000e+000  0.000000e+000  0.000000e+000  0.000000e+000  0.000000e+000  0.000000e+000  0.000000e+000  0.000000e+000  0.000000e+000  0.000000e+000  0.000000e+000  0.000000e+000  0.000000e+000  0.000000e+000  0.000000e+000  0.000000e+000  0.000000e+000  
0.000000e+000  0.000000e+000  0.000000e+000  0.000000e+000  0.000000e+000  0.000000e+000  0.000000e+000  0.000000e+000  0.000000e+000  0.000000e+000  0.000000e+000  0.000000e+000  0.000000e+000  0.000000e+000  0.000000e+000  0.000000e+000  0.000000e+000  0.000000e+000  0.000000e+000  
0.000000e+000  0.000000e+000  0.000000e+000  0.000000e+000  0.000000e+000  0.000000e+000  0.000000e+000  0.000000e+000  0.000000e+000  0.000000e+000  0.000000e+000  0.000000e+000  0.000000e+000  0.000000e+000  0.000000e+000  0.000000e+000  0.000000e+000  0.000000e+000  0.000000e+000  
0.000000e+000  0.000000e+000  0.000000e+000  0.000000e+000  0.000000e+000  0.000000e+000  0.000000e+000  0.000000e+000  0.000000e+000  0.000000e+000  0.000000e+000  0.000000e+000  0.000000e+000  0.000000e+000  0.000000e+000  0.000000e+000  0.000000e+000  0.000000e+000  0.000000e+000  
0.000000e+000  0.000000e+000  0.000000e+000  0.000000e+000  0.000000e+000  0.000000e+000  0.000000e+000  0.000000e+000  0.000000e+000  0.000000e+000  0.000000e+000  0.000000e+000  0.000000e+000  0.000000e+000  0.000000e+000  0.000000e+000  0.000000e+000  0.000000e+000  0.000000e+000  

0.000000e+000  0.000000e+000  0.000000e+000  0.000000e+000  0.000000e+000  0.000000e+000  0.000000e+000  0.000000e+000  0.000000e+000  0.000000e+000  0.000000e+000  0.000000e+000  0.000000e+000  0.000000e+000  0.000000e+000  0.000000e+000  0.000000e+000  0.000000e+000  0.000000e+000  
0.000000e+000  0.000000e+000  0.000000e+000  0.000000e+000  0.000000e+000  0.000000e+000  0.000000e+000  0.000000e+000  0.000000e+000  0.000000e+000  0.000000e+000  0.000000e+000  0.000000e+000  0.000000e+000  0.000000e+000  0.000000e+000  0.000000e+000  0.000000e+000  0.000000e+000  
0.000000e+000  0.000000e+000  0.000000e+000  0.000000e+000  0.000000e+000  0.000000e+000  0.000000e+000  0.000000e+000  0.000000e+000  0.000000e+000  0.000000e+000  0.000000e+000  0.000000e+000  0.000000e+000  0.000000e+000  0.000000e+000  0.000000e+000  0.000000e+000  0.000000e+000  
0.000000e+000  0.000000e+000  0.000000e+000  0.000000e+000  0.000000e+000  0.000000e+000  0.000000e+000  0.000000e+000  0.000000e+000  0.000000e+000  0.000000e+000  0.000000e+000  0.000000e+000  0.000000e+000  0.000000e+000  0.000000e+000  0.000000e+000  0.000000e+000  0.000000e+000  
0.000000e+000  0.000000e+000  0.000000e+000  0.000000e+000  0.000000e+000  0.000000e+000  0.000000e+000  0.000000e+000  0.000000e+000  0.000000e+000  0.000000e+000  0.000000e+000  0.000000e+000  0.000000e+000  0.000000e+000  0.000000e+000  0.000000e+000  0.000000e+000  0.000000e+000  
0.000000e+000  0.000000e+000  0.000000e+000  0.000000e+000  0.000000e+000  0.000000e+000  0.000000e+000  0.000000e+000  0.000000e+000  0.000000e+000  0.000000e+000  0.000000e+000  0.000000e+000  0.000000e+000  0.000000e+000  0.000000e+000  0.000000e+000  0.000000e+000  0.000000e+000  
0.000000e+000  0.000000e+000  0.000000e+000  0.000000e+000  0.000000e+000  0.000000e+000  0.000000e+000  0.000000e+000  0.000000e+000  0.000000e+000  0.000000e+000  0.000000e+000  0.000000e+000  0.000000e+000  0.000000e+000  0.000000e+000  0.000000e+000  0.000000e+000  0.000000e+000  
0.000000e+000  0.000000e+000  0.000000e+000  0.000000e+000  0.000000e+000  0.000000e+000  0.000000e+000  0.000000e+000  0.000000e+000  0.000000e+000  0.000000e+000  0.000000e+000  0.000000e+000  0.000000e+000  0.000000e+000  0.000000e+000  0.000000e+000  0.000000e+000  0.000000e+000  
0.000000e+000  0.000000e+000  0.000000e+000  0.000000e+000  0.000000e+000  0.000000e+000  0.000000e+000  0.000000e+000  0.000000e+000  0.000000e+000  0.000000e+000  0.000000e+000  0.000000e+000  0.000000e+000  0.000000e+000  0.000000e+000  0.000000e+000  0.000000e+000  0.000000e+000  

0.000000e+000  1.951254e+000  3.667158e+000  4.940749e+000  5.618413e+000  5.618413e+000  4.940749e+000  3.667158e+000  1.951254e+000  -9.235063e-009  -1.951254e+000  -3.667158e+000  -4.940749e+000  -5.618413e+000  -5.618413e+000  -4.940749e+000  -3.667158e+000  -1.951254e+000  0.000000e+000  
0.000000e+000  1.951254e+000  3.667158e+000  4.940749e+000  5.618412e+000  5.618413e+000  4.940749e+000  3.667158e+000  1.951254e+000  2.078451e-008  -1.951254e+000  -3.667158e+000  -4.940749e+000  -5.618413e+000  -5.618413e+000  -4.940749e+000  -3.667158e+000  -1.951254e+000  0.000000e+000  
0.000000e+000  1.951254e+000  3.667158e+000  4.940749e+000  5.618413e+000  5.618413e+000  4.940749e+000  3.667158e+000  1.951254e+000  -1.609959e-009  -1.951254e+000  -3.667158e+000  -4.940749e+000  -5.618413e+000  -5.618413e+000  -4.940749e+000  -3.667158e+000  -1.951254e+000  0.000000e+000  
0.000000e+000  1.951254e+000  3.667158e+000  4.940749e+000  5.618413e+000  5.618413e+000  4.940749e+000  3.667158e+000  1.951254e+000  -3.832014e-009  -1.951254e+000  -3.667158e+000  -4.940749e+000  -5.618413e+000  -5.618413e+000  -4.940749e+000  -3.667158e+000  -1.951254e+000  0.000000e+000  
0.000000e+000  1.951254e+000  3.667158e+000  4.940749e+000  5.618413e+000  5.618413e+000  4.940749e+000  3.667158e+000  1.951254e+000  9.723529e-009  -1.951254e+000  -3.667158e+000  -4.940749e+000  -5.618413e+000  -5.618413e+000  -4.940749e+000  -3.667158e+000  -1.951254e+000  0.000000e+000  
0.000000e+000  1.951254e+000  3.667158e+000  4.940749e+000  5.618413e+000  5.618413e+000  4.940749e+000  3.667158e+000  1.951254e+000  -1.322997e-008  -1.951254e+000  -3.667158e+000  -4.940749e+000  -5.618413e+000  -5.618413e+000  -4.940749e+000  -3.667158e+000  -1.951254e+000  0.000000e+000  
0.000000e+000  1.951254e+000  3.667158e+000  4.940749e+000  5.618413e+000  5.618413e+000  4.940749e+000  3.667158e+000  1.951254e+000  1.907816e-008  -1.951254e+000  -3.667158e+000  -4.940749e+000  -5.618413e+000  -5.618413e+000  -4.940749e+000  -3.667158e+000  -1.951254e+000  0.000000e+000  
0.000000e+000  1.951254e+000  3.667158e+000  4.940749e+000  5.618413e+000  5.618413e+000  4.940749e+000  3.667158e+000  1.951254e+000  -2.317608e-008  -1.951254e+000  -3.667158e+000  -4.940749e+000  -5.618413e+000  -5.618413e+000  -4.940749e+000  -3.667158e+000  -1.951254e+000  0.000000e+000  
0.000000e+000  0.000000e+000  0.000000e+000  0.000000e+000  0.000000e+000  0.000000e+000  0.000000e+000  0.000000e+000  0.000000e+000  0.000000e+000  0.000000e+000  0.000000e+000  0.000000e+000  0.000000e+000  0.000000e+000  0.000000e+000  0.000000e+000  0.000000e+000  0.000000e+000  

0.000000e+000  0.000000e+000  0.000000e+000  0.000000e+000  0.000000e+000  0.000000e+000  0.000000e+000  0.000000e+000  0.000000e+000  0.000000e+000  0.000000e+000  0.000000e+000  0.000000e+000  0.000000e+000  0.000000e+000  0.000000e+000  0.000000e+000  0.000000e+000  0.000000e+000  
1.540657e-008  -3.249060e-008  4.851803e-008  -5.397286e-008  3.812124e-008  -3.620362e-008  3.525150e-008  -1.584649e-008  1.043796e-008  -1.950824e-008  1.864838e-008  1.740661e-008  -3.286713e-008  7.740151e-009  1.128092e-008  -1.397880e-008  -5.018702e-009  8.227942e-009  0.000000e+000  
-8.846549e-009  2.014538e-008  -5.036694e-008  6.237948e-008  -3.245881e-008  -2.617579e-009  1.520276e-008  -4.210124e-009  -1.332681e-008  9.441049e-009  1.124446e-008  -1.205434e-008  3.073687e-008  -2.265294e-008  9.088384e-009  1.059518e-008  -2.920422e-008  1.012515e-008  0.000000e+000  
5.942396e-009  -1.580972e-008  1.361560e-008  8.217689e-010  -2.467921e-008  3.116327e-008  -4.199255e-008  3.573205e-008  -1.878504e-008  9.799455e-010  1.698173e-008  2.395586e-008  -2.876151e-008  6.261233e-009  2.982975e-009  -1.142377e-008  1.424554e-009  1.597926e-009  0.000000e+000  
1.667085e-008  -1.250696e-008  3.419640e-009  -8.081226e-009  5.716289e-009  -3.441982e-008  3.451634e-008  -5.784111e-008  3.928124e-008  5.564866e-009  -1.401921e-009  9.179549e-009  1.844447e-008  6.382129e-009  -3.961781e-008  3.299374e-008  -3.980420e-008  1.642967e-008  0.000000e+000  
2.362824e-009  7.340121e-009  -1.074924e-008  3.478706e-009  1.697538e-008  -2.412748e-008  -1.319146e-008  -3.594461e-009  -3.222434e-010  4.175760e-009  -1.058034e-008  2.207819e-008  2.961311e-008  -2.882471e-008  2.200921e-008  -1.353320e-008  2.202725e-009  -7.251573e-009  0.000000e+000  
2.260680e-009  5.676685e-009  -8.358813e-009  2.593671e-008  -2.525570e-008  1.878120e-008  -2.913896e-008  -6.170989e-009  1.171254e-008  -2.016949e-008  3.012789e-008  -1.727199e-008  3.247355e-008  -1.288687e-008  -8.562773e-009  1.430968e-008  -1.802447e-008  8.791295e-009  0.000000e+000  
1.236106e-008  -1.396417e-008  1.065345e-008  -1.569401e-008  2.013352e-008  -1.655254e-008  -8.369601e-009  -3.072327e-009  -9.080142e-009  2.515900e-008  -2.399053e-008  5.950487e-008  -2.760429e-008  4.266681e-010  -1.111671e-008  9.487383e-009  -8.438609e-009  3.051762e-009  0.000000e+000  
0.000000e+000  0.000000e+000  0.000000e+000  0.000000e+000  0.000000e+000  0.000000e+000  0.000000e+000  0.000000e+000  0.000000e+000  0.000000e+000  0.000000e+000  0.000000e+000  0.000000e+000  0.000000e+000  0.000000e+000  0.000000e+000  0.000000e+000  0.000000e+000  0.000000e+000  

6.864278e+000  6.036345e+000  4.480340e+000  2.383939e+000  -2.822806e-009  -2.383939e+000  -4.480340e+000  -6.036345e+000  -6.864278e+000  -6.864278e+000  -6.036345e+000  -4.480340e+000  -2.383939e+000  -7.337795e-010  2.383939e+000  4.480340e+000  6.036345e+000  6.864278e+000  0.000000e+000  
6.864278e+000  6.036345e+000  4.480340e+000  2.383939e+000  8.254828e-011  -2.383939e+000  -4.480340e+000  -6.036345e+000  -6.864278e+000  -6.864278e+000  -6.036345e+000  -4.480340e+000  -2.383939e+000  2.575817e-009  2.383939e+000  4.480340e+000  6.036345e+000  6.864278e+000  0.000000e+000  
6.864278e+000  6.036345e+000  4.480340e+000  2.383939e+000  4.139777e-009  -2.383939e+000  -4.480340e+000  -6.036345e+000  -6.864278e+000  -6.864278e+000  -6.036345e+000  -4.480340e+000  -2.383939e+000  5.176294e-009  2.383939e+000  4.480340e+000  6.036345e+000  6.864278e+000  0.000000e+000  
6.864278e+000  6.036345e+000  4.480339e+000  2.383939e+000  -4.213919e-010  -2.383939e+000  -4.480340e+000  -6.036345e+000  -6.864278e+000  -6.864278e+000  -6.036345e+000  -4.480340e+000  -2.383939e+000  -2.667836e-009  2.383939e+000  4.480340e+000  6.036345e+000  6.864278e+000  0.000000e+000  
6.864278e+000  6.036345e+000  4.480340e+000  2.383939e+000  2.129108e-009  -2.383939e+000  -4.480340e+000  -6.036345e+000  -6.864278e+000  -6.864278e+000  -6.036345e+000  -4.480340e+000  -2.383939e+000  6.079594e-009  2.383939e+000  4.480340e+000  6.036345e+000  6.864278e+000  0.000000e+000  
6.864278e+000  6.036345e+000  4.480340e+000  2.383939e+000  1.304478e-008  -2.383939e+000  -4.480340e+000  -6.036345e+000  -6.864278e+000  -6.864278e+000  -6.036345e+000  -4.480340e+000  -2.383939e+000  8.990226e-010  2.383939e+000  4.480340e+000  6.036345e+000  6.864278e+000  0.000000e+000  
6.864278e+000  6.036345e+000  4.480340e+000  2.383939e+000  3.055672e-009  -2.383939e+000  -4.480340e+000  -6.036345e+000  -6.864278e+000  -6.864278e+000  -6.036345e+000  -4.480340e+000  -2.383939e+000  7.394878e-009  2.383939e+000  4.480340e+000  6.036345e+000  6.864278e+000  0.000000e+000  
6.864278e+000  6.036345e+000  4.480340e+000  2.383939e+000  1.153330e-009  -2.383939e+000  -4.480340e+000  -6.036345e+000  -6.864278e+000  -6.864278e+000  -6.036345e+000  -4.480340e+000  -2.383939e+000  1.252359e-009  2.383939e+000  4.480340e+000  6.036345e+000  6.864278e+000  0.000000e+000  
0.000000e+000  0.000000e+000  0.000000e+000  0.000000e+000  0.000000e+000  0.000000e+000  0.000000e+000  0.000000e+000  0.000000e+000  0.000000e+000  0.000000e+000  0.000000e+000  0.000000e+000  0.000000e+000  0.000000e+000  0.000000e+000  0.000000e+000  0.000000e+000  0.000000e+000  

