Port monitor named: Port2_h1[7.5].prt

nx        = 19
ny        = 9
nz        = 32

nu        = 19
nv        = 9
iu        = 1
iv        = 1

idir      = 2
dcut      = 0.000000e+000
icut      = 1
type      = 1
frequency = 7.500000e+009

fcutoff   = 6.551458e+009
alpha     = 0.000000e+000
beta      = 7.644414e+001
accuracy  = 2.221909e-011

type          = TE
wave imp.     = 7.746522e+002
wave imp.sig. = 8.561647e-007
line imp.     = 0.000000e+000

ref. port     = 0

0.000000e+000  -5.789577e-001  -1.140324e+000  -1.667042e+000  -2.143108e+000  -2.554057e+000  -2.887402e+000  -3.133015e+000  -3.283433e+000  -3.334085e+000  -3.283433e+000  -3.133015e+000  -2.887402e+000  -2.554057e+000  -2.143108e+000  -1.667042e+000  -1.140324e+000  -5.789577e-001  0.000000e+000  
0.000000e+000  -5.789577e-001  -1.140324e+000  -1.667042e+000  -2.143108e+000  -2.554057e+000  -2.887402e+000  -3.133015e+000  -3.283433e+000  -3.334085e+000  -3.283433e+000  -3.133015e+000  -2.887402e+000  -2.554057e+000  -2.143108e+000  -1.667042e+000  -1.140324e+000  -5.789578e-001  0.000000e+000  
0.000000e+000  -5.789577e-001  -1.140324e+000  -1.667042e+000  -2.143108e+000  -2.554057e+000  -2.887402e+000  -3.133015e+000  -3.283433e+000  -3.334085e+000  -3.283433e+000  -3.133015e+000  -2.887402e+000  -2.554057e+000  -2.143108e+000  -1.667042e+000  -1.140324e+000  -5.789577e-001  0.000000e+000  
0.000000e+000  -5.789577e-001  -1.140324e+000  -1.667042e+000  -2.143108e+000  -2.554057e+000  -2.887402e+000  -3.133015e+000  -3.283433e+000  -3.334085e+000  -3.283433e+000  -3.133015e+000  -2.887402e+000  -2.554057e+000  -2.143108e+000  -1.667042e+000  -1.140324e+000  -5.789578e-001  0.000000e+000  
0.000000e+000  -5.789577e-001  -1.140324e+000  -1.667042e+000  -2.143108e+000  -2.554057e+000  -2.887402e+000  -3.133015e+000  -3.283433e+000  -3.334085e+000  -3.283433e+000  -3.133015e+000  -2.887402e+000  -2.554057e+000  -2.143108e+000  -1.667042e+000  -1.140324e+000  -5.789577e-001  0.000000e+000  
0.000000e+000  -5.789578e-001  -1.140324e+000  -1.667042e+000  -2.143108e+000  -2.554057e+000  -2.887402e+000  -3.133015e+000  -3.283433e+000  -3.334085e+000  -3.283433e+000  -3.133015e+000  -2.887402e+000  -2.554057e+000  -2.143108e+000  -1.667042e+000  -1.140324e+000  -5.789578e-001  0.000000e+000  
0.000000e+000  -5.789577e-001  -1.140324e+000  -1.667042e+000  -2.143108e+000  -2.554057e+000  -2.887402e+000  -3.133015e+000  -3.283433e+000  -3.334085e+000  -3.283433e+000  -3.133015e+000  -2.887402e+000  -2.554057e+000  -2.143108e+000  -1.667042e+000  -1.140324e+000  -5.789577e-001  0.000000e+000  
0.000000e+000  -5.789577e-001  -1.140324e+000  -1.667042e+000  -2.143108e+000  -2.554057e+000  -2.887402e+000  -3.133015e+000  -3.283433e+000  -3.334085e+000  -3.283433e+000  -3.133015e+000  -2.887402e+000  -2.554057e+000  -2.143108e+000  -1.667042e+000  -1.140324e+000  -5.789578e-001  0.000000e+000  
0.000000e+000  0.000000e+000  0.000000e+000  0.000000e+000  0.000000e+000  0.000000e+000  0.000000e+000  0.000000e+000  0.000000e+000  0.000000e+000  0.000000e+000  0.000000e+000  0.000000e+000  0.000000e+000  0.000000e+000  0.000000e+000  0.000000e+000  0.000000e+000  0.000000e+000  

0.000000e+000  0.000000e+000  0.000000e+000  0.000000e+000  0.000000e+000  0.000000e+000  0.000000e+000  0.000000e+000  0.000000e+000  0.000000e+000  0.000000e+000  0.000000e+000  0.000000e+000  0.000000e+000  0.000000e+000  0.000000e+000  0.000000e+000  0.000000e+000  0.000000e+000  
-4.496524e-010  -9.266897e-010  -6.995263e-010  2.075868e-009  -1.191109e-009  7.241854e-010  4.669231e-010  0.000000e+000  3.263219e-009  -4.345391e-010  -9.196237e-010  -6.980020e-009  7.276558e-009  -5.156331e-009  4.150786e-009  7.158807e-010  -1.072997e-009  -9.278263e-010  0.000000e+000  
0.000000e+000  -1.388034e-009  2.515349e-009  -1.548770e-009  1.455794e-009  -1.034339e-009  -1.507757e-009  2.045665e-009  -2.025112e-009  7.439638e-009  -1.195543e-008  8.219962e-009  -5.235658e-009  5.570554e-009  -6.465891e-009  3.824394e-009  2.270288e-009  -2.270288e-009  0.000000e+000  
6.555203e-010  1.607066e-009  -1.989063e-009  -2.735239e-010  -2.009894e-009  1.339295e-009  1.151162e-009  -1.384252e-009  2.624308e-009  -3.883479e-009  5.938144e-010  -1.645922e-009  2.156967e-009  -8.982145e-011  3.808828e-010  3.340003e-010  -8.207806e-010  1.253719e-009  0.000000e+000  
-4.860032e-010  8.398143e-010  2.314433e-010  -5.852545e-010  2.693252e-010  7.567086e-011  -1.860501e-009  2.116928e-009  -3.071699e-009  2.470275e-009  6.256881e-010  1.616415e-009  -3.920317e-009  3.813736e-009  -6.567266e-010  -1.452129e-009  1.792497e-009  -1.792497e-009  0.000000e+000  
-1.614953e-009  -3.774728e-010  9.601523e-010  1.032274e-009  -7.164838e-010  7.164838e-010  2.539405e-009  -5.696888e-010  0.000000e+000  -3.149225e-009  1.463449e-009  -8.108056e-010  1.821065e-009  1.715701e-010  -2.623821e-009  1.750869e-009  -1.745696e-009  1.162065e-009  0.000000e+000  
5.796638e-010  5.444498e-011  -1.188696e-009  1.240775e-009  -3.084829e-010  1.098318e-009  -6.902240e-010  -1.687910e-009  3.817876e-010  2.303716e-009  -2.776763e-010  -1.821204e-009  -1.224096e-009  2.160494e-009  2.223058e-009  -2.146691e-009  2.340647e-010  -9.313408e-010  0.000000e+000  
-8.038231e-010  8.038231e-010  2.090251e-009  -7.508628e-010  0.000000e+000  -2.307288e-009  5.290001e-010  -1.141373e-009  2.453620e-009  -5.354490e-010  -6.214661e-010  8.494530e-010  -1.682668e-009  7.510020e-010  1.146221e-009  -7.400759e-010  -1.365010e-009  1.365010e-009  0.000000e+000  
0.000000e+000  0.000000e+000  0.000000e+000  0.000000e+000  0.000000e+000  0.000000e+000  0.000000e+000  0.000000e+000  0.000000e+000  0.000000e+000  0.000000e+000  0.000000e+000  0.000000e+000  0.000000e+000  0.000000e+000  0.000000e+000  0.000000e+000  0.000000e+000  0.000000e+000  

0.000000e+000  0.000000e+000  0.000000e+000  0.000000e+000  0.000000e+000  0.000000e+000  0.000000e+000  0.000000e+000  0.000000e+000  0.000000e+000  0.000000e+000  0.000000e+000  0.000000e+000  0.000000e+000  0.000000e+000  0.000000e+000  0.000000e+000  0.000000e+000  0.000000e+000  
0.000000e+000  0.000000e+000  0.000000e+000  0.000000e+000  0.000000e+000  0.000000e+000  0.000000e+000  0.000000e+000  0.000000e+000  0.000000e+000  0.000000e+000  0.000000e+000  0.000000e+000  0.000000e+000  0.000000e+000  0.000000e+000  0.000000e+000  0.000000e+000  0.000000e+000  
0.000000e+000  0.000000e+000  0.000000e+000  0.000000e+000  0.000000e+000  0.000000e+000  0.000000e+000  0.000000e+000  0.000000e+000  0.000000e+000  0.000000e+000  0.000000e+000  0.000000e+000  0.000000e+000  0.000000e+000  0.000000e+000  0.000000e+000  0.000000e+000  0.000000e+000  
0.000000e+000  0.000000e+000  0.000000e+000  0.000000e+000  0.000000e+000  0.000000e+000  0.000000e+000  0.000000e+000  0.000000e+000  0.000000e+000  0.000000e+000  0.000000e+000  0.000000e+000  0.000000e+000  0.000000e+000  0.000000e+000  0.000000e+000  0.000000e+000  0.000000e+000  
0.000000e+000  0.000000e+000  0.000000e+000  0.000000e+000  0.000000e+000  0.000000e+000  0.000000e+000  0.000000e+000  0.000000e+000  0.000000e+000  0.000000e+000  0.000000e+000  0.000000e+000  0.000000e+000  0.000000e+000  0.000000e+000  0.000000e+000  0.000000e+000  0.000000e+000  
0.000000e+000  0.000000e+000  0.000000e+000  0.000000e+000  0.000000e+000  0.000000e+000  0.000000e+000  0.000000e+000  0.000000e+000  0.000000e+000  0.000000e+000  0.000000e+000  0.000000e+000  0.000000e+000  0.000000e+000  0.000000e+000  0.000000e+000  0.000000e+000  0.000000e+000  
0.000000e+000  0.000000e+000  0.000000e+000  0.000000e+000  0.000000e+000  0.000000e+000  0.000000e+000  0.000000e+000  0.000000e+000  0.000000e+000  0.000000e+000  0.000000e+000  0.000000e+000  0.000000e+000  0.000000e+000  0.000000e+000  0.000000e+000  0.000000e+000  0.000000e+000  
0.000000e+000  0.000000e+000  0.000000e+000  0.000000e+000  0.000000e+000  0.000000e+000  0.000000e+000  0.000000e+000  0.000000e+000  0.000000e+000  0.000000e+000  0.000000e+000  0.000000e+000  0.000000e+000  0.000000e+000  0.000000e+000  0.000000e+000  0.000000e+000  0.000000e+000  
0.000000e+000  0.000000e+000  0.000000e+000  0.000000e+000  0.000000e+000  0.000000e+000  0.000000e+000  0.000000e+000  0.000000e+000  0.000000e+000  0.000000e+000  0.000000e+000  0.000000e+000  0.000000e+000  0.000000e+000  0.000000e+000  0.000000e+000  0.000000e+000  0.000000e+000  

0.000000e+000  0.000000e+000  0.000000e+000  0.000000e+000  0.000000e+000  0.000000e+000  0.000000e+000  0.000000e+000  0.000000e+000  0.000000e+000  0.000000e+000  0.000000e+000  0.000000e+000  0.000000e+000  0.000000e+000  0.000000e+000  0.000000e+000  0.000000e+000  0.000000e+000  
0.000000e+000  0.000000e+000  0.000000e+000  0.000000e+000  0.000000e+000  0.000000e+000  0.000000e+000  0.000000e+000  0.000000e+000  0.000000e+000  0.000000e+000  0.000000e+000  0.000000e+000  0.000000e+000  0.000000e+000  0.000000e+000  0.000000e+000  0.000000e+000  0.000000e+000  
0.000000e+000  0.000000e+000  0.000000e+000  0.000000e+000  0.000000e+000  0.000000e+000  0.000000e+000  0.000000e+000  0.000000e+000  0.000000e+000  0.000000e+000  0.000000e+000  0.000000e+000  0.000000e+000  0.000000e+000  0.000000e+000  0.000000e+000  0.000000e+000  0.000000e+000  
0.000000e+000  0.000000e+000  0.000000e+000  0.000000e+000  0.000000e+000  0.000000e+000  0.000000e+000  0.000000e+000  0.000000e+000  0.000000e+000  0.000000e+000  0.000000e+000  0.000000e+000  0.000000e+000  0.000000e+000  0.000000e+000  0.000000e+000  0.000000e+000  0.000000e+000  
0.000000e+000  0.000000e+000  0.000000e+000  0.000000e+000  0.000000e+000  0.000000e+000  0.000000e+000  0.000000e+000  0.000000e+000  0.000000e+000  0.000000e+000  0.000000e+000  0.000000e+000  0.000000e+000  0.000000e+000  0.000000e+000  0.000000e+000  0.000000e+000  0.000000e+000  
0.000000e+000  0.000000e+000  0.000000e+000  0.000000e+000  0.000000e+000  0.000000e+000  0.000000e+000  0.000000e+000  0.000000e+000  0.000000e+000  0.000000e+000  0.000000e+000  0.000000e+000  0.000000e+000  0.000000e+000  0.000000e+000  0.000000e+000  0.000000e+000  0.000000e+000  
0.000000e+000  0.000000e+000  0.000000e+000  0.000000e+000  0.000000e+000  0.000000e+000  0.000000e+000  0.000000e+000  0.000000e+000  0.000000e+000  0.000000e+000  0.000000e+000  0.000000e+000  0.000000e+000  0.000000e+000  0.000000e+000  0.000000e+000  0.000000e+000  0.000000e+000  
0.000000e+000  0.000000e+000  0.000000e+000  0.000000e+000  0.000000e+000  0.000000e+000  0.000000e+000  0.000000e+000  0.000000e+000  0.000000e+000  0.000000e+000  0.000000e+000  0.000000e+000  0.000000e+000  0.000000e+000  0.000000e+000  0.000000e+000  0.000000e+000  0.000000e+000  
0.000000e+000  0.000000e+000  0.000000e+000  0.000000e+000  0.000000e+000  0.000000e+000  0.000000e+000  0.000000e+000  0.000000e+000  0.000000e+000  0.000000e+000  0.000000e+000  0.000000e+000  0.000000e+000  0.000000e+000  0.000000e+000  0.000000e+000  0.000000e+000  0.000000e+000  

0.000000e+000  0.000000e+000  0.000000e+000  0.000000e+000  0.000000e+000  0.000000e+000  0.000000e+000  0.000000e+000  0.000000e+000  0.000000e+000  0.000000e+000  0.000000e+000  0.000000e+000  0.000000e+000  0.000000e+000  0.000000e+000  0.000000e+000  0.000000e+000  0.000000e+000  
0.000000e+000  0.000000e+000  0.000000e+000  0.000000e+000  0.000000e+000  0.000000e+000  0.000000e+000  0.000000e+000  0.000000e+000  0.000000e+000  0.000000e+000  0.000000e+000  0.000000e+000  0.000000e+000  0.000000e+000  0.000000e+000  0.000000e+000  0.000000e+000  0.000000e+000  
0.000000e+000  0.000000e+000  0.000000e+000  0.000000e+000  0.000000e+000  0.000000e+000  0.000000e+000  0.000000e+000  0.000000e+000  0.000000e+000  0.000000e+000  0.000000e+000  0.000000e+000  0.000000e+000  0.000000e+000  0.000000e+000  0.000000e+000  0.000000e+000  0.000000e+000  
0.000000e+000  0.000000e+000  0.000000e+000  0.000000e+000  0.000000e+000  0.000000e+000  0.000000e+000  0.000000e+000  0.000000e+000  0.000000e+000  0.000000e+000  0.000000e+000  0.000000e+000  0.000000e+000  0.000000e+000  0.000000e+000  0.000000e+000  0.000000e+000  0.000000e+000  
0.000000e+000  0.000000e+000  0.000000e+000  0.000000e+000  0.000000e+000  0.000000e+000  0.000000e+000  0.000000e+000  0.000000e+000  0.000000e+000  0.000000e+000  0.000000e+000  0.000000e+000  0.000000e+000  0.000000e+000  0.000000e+000  0.000000e+000  0.000000e+000  0.000000e+000  
0.000000e+000  0.000000e+000  0.000000e+000  0.000000e+000  0.000000e+000  0.000000e+000  0.000000e+000  0.000000e+000  0.000000e+000  0.000000e+000  0.000000e+000  0.000000e+000  0.000000e+000  0.000000e+000  0.000000e+000  0.000000e+000  0.000000e+000  0.000000e+000  0.000000e+000  
0.000000e+000  0.000000e+000  0.000000e+000  0.000000e+000  0.000000e+000  0.000000e+000  0.000000e+000  0.000000e+000  0.000000e+000  0.000000e+000  0.000000e+000  0.000000e+000  0.000000e+000  0.000000e+000  0.000000e+000  0.000000e+000  0.000000e+000  0.000000e+000  0.000000e+000  
0.000000e+000  0.000000e+000  0.000000e+000  0.000000e+000  0.000000e+000  0.000000e+000  0.000000e+000  0.000000e+000  0.000000e+000  0.000000e+000  0.000000e+000  0.000000e+000  0.000000e+000  0.000000e+000  0.000000e+000  0.000000e+000  0.000000e+000  0.000000e+000  0.000000e+000  
0.000000e+000  0.000000e+000  0.000000e+000  0.000000e+000  0.000000e+000  0.000000e+000  0.000000e+000  0.000000e+000  0.000000e+000  0.000000e+000  0.000000e+000  0.000000e+000  0.000000e+000  0.000000e+000  0.000000e+000  0.000000e+000  0.000000e+000  0.000000e+000  0.000000e+000  

-5.963469e+000  -5.782272e+000  -5.425384e+000  -4.903648e+000  -4.232917e+000  -3.433571e+000  -2.529898e+000  -1.549355e+000  -5.217359e-001  5.217359e-001  1.549355e+000  2.529898e+000  3.433571e+000  4.232917e+000  4.903648e+000  5.425384e+000  5.782272e+000  5.963469e+000  0.000000e+000  
-5.963469e+000  -5.782272e+000  -5.425384e+000  -4.903648e+000  -4.232917e+000  -3.433571e+000  -2.529898e+000  -1.549355e+000  -5.217359e-001  5.217359e-001  1.549355e+000  2.529898e+000  3.433571e+000  4.232917e+000  4.903648e+000  5.425384e+000  5.782272e+000  5.963469e+000  0.000000e+000  
-5.963469e+000  -5.782272e+000  -5.425384e+000  -4.903648e+000  -4.232917e+000  -3.433571e+000  -2.529898e+000  -1.549355e+000  -5.217359e-001  5.217359e-001  1.549355e+000  2.529898e+000  3.433571e+000  4.232917e+000  4.903648e+000  5.425384e+000  5.782272e+000  5.963469e+000  0.000000e+000  
-5.963469e+000  -5.782272e+000  -5.425384e+000  -4.903648e+000  -4.232917e+000  -3.433571e+000  -2.529898e+000  -1.549355e+000  -5.217359e-001  5.217359e-001  1.549355e+000  2.529898e+000  3.433571e+000  4.232917e+000  4.903648e+000  5.425384e+000  5.782272e+000  5.963469e+000  0.000000e+000  
-5.963469e+000  -5.782272e+000  -5.425384e+000  -4.903648e+000  -4.232917e+000  -3.433571e+000  -2.529898e+000  -1.549355e+000  -5.217359e-001  5.217359e-001  1.549355e+000  2.529898e+000  3.433571e+000  4.232917e+000  4.903648e+000  5.425384e+000  5.782272e+000  5.963469e+000  0.000000e+000  
-5.963469e+000  -5.782272e+000  -5.425384e+000  -4.903648e+000  -4.232917e+000  -3.433571e+000  -2.529898e+000  -1.549355e+000  -5.217359e-001  5.217359e-001  1.549355e+000  2.529898e+000  3.433571e+000  4.232917e+000  4.903648e+000  5.425384e+000  5.782272e+000  5.963469e+000  0.000000e+000  
-5.963469e+000  -5.782272e+000  -5.425384e+000  -4.903648e+000  -4.232917e+000  -3.433571e+000  -2.529898e+000  -1.549355e+000  -5.217359e-001  5.217359e-001  1.549355e+000  2.529898e+000  3.433571e+000  4.232917e+000  4.903648e+000  5.425384e+000  5.782272e+000  5.963469e+000  0.000000e+000  
-5.963469e+000  -5.782272e+000  -5.425384e+000  -4.903648e+000  -4.232917e+000  -3.433571e+000  -2.529898e+000  -1.549355e+000  -5.217359e-001  5.217359e-001  1.549355e+000  2.529898e+000  3.433571e+000  4.232917e+000  4.903648e+000  5.425384e+000  5.782272e+000  5.963469e+000  0.000000e+000  
0.000000e+000  0.000000e+000  0.000000e+000  0.000000e+000  0.000000e+000  0.000000e+000  0.000000e+000  0.000000e+000  0.000000e+000  0.000000e+000  0.000000e+000  0.000000e+000  0.000000e+000  0.000000e+000  0.000000e+000  0.000000e+000  0.000000e+000  0.000000e+000  0.000000e+000  

