Port monitor named: Port1_h2.prt

nx        = 19
ny        = 9
nz        = 3

nu        = 19
nv        = 9
iu        = 1
iv        = 1

idir      = 2
dcut      = 4.000000e-002
icut      = 3
type      = 1
frequency = 7.500000e+009

fcutoff   = 1.304780e+010
alpha     = 2.237702e+002
beta      = 0.000000e+000
accuracy  = 1.216131e-014

type          = TE
wave imp.     = 2.646358e+002
wave imp.sig. = 3.367438e-013
line imp.     = 0.000000e+000

ref. port     = 0

0.000000e+000  0.000000e+000  0.000000e+000  0.000000e+000  0.000000e+000  0.000000e+000  0.000000e+000  0.000000e+000  0.000000e+000  0.000000e+000  0.000000e+000  0.000000e+000  0.000000e+000  0.000000e+000  0.000000e+000  0.000000e+000  0.000000e+000  0.000000e+000  0.000000e+000  
0.000000e+000  0.000000e+000  0.000000e+000  0.000000e+000  0.000000e+000  0.000000e+000  0.000000e+000  0.000000e+000  0.000000e+000  0.000000e+000  0.000000e+000  0.000000e+000  0.000000e+000  0.000000e+000  0.000000e+000  0.000000e+000  0.000000e+000  0.000000e+000  0.000000e+000  
0.000000e+000  0.000000e+000  0.000000e+000  0.000000e+000  0.000000e+000  0.000000e+000  0.000000e+000  0.000000e+000  0.000000e+000  0.000000e+000  0.000000e+000  0.000000e+000  0.000000e+000  0.000000e+000  0.000000e+000  0.000000e+000  0.000000e+000  0.000000e+000  0.000000e+000  
0.000000e+000  0.000000e+000  0.000000e+000  0.000000e+000  0.000000e+000  0.000000e+000  0.000000e+000  0.000000e+000  0.000000e+000  0.000000e+000  0.000000e+000  0.000000e+000  0.000000e+000  0.000000e+000  0.000000e+000  0.000000e+000  0.000000e+000  0.000000e+000  0.000000e+000  
0.000000e+000  0.000000e+000  0.000000e+000  0.000000e+000  0.000000e+000  0.000000e+000  0.000000e+000  0.000000e+000  0.000000e+000  0.000000e+000  0.000000e+000  0.000000e+000  0.000000e+000  0.000000e+000  0.000000e+000  0.000000e+000  0.000000e+000  0.000000e+000  0.000000e+000  
0.000000e+000  0.000000e+000  0.000000e+000  0.000000e+000  0.000000e+000  0.000000e+000  0.000000e+000  0.000000e+000  0.000000e+000  0.000000e+000  0.000000e+000  0.000000e+000  0.000000e+000  0.000000e+000  0.000000e+000  0.000000e+000  0.000000e+000  0.000000e+000  0.000000e+000  
0.000000e+000  0.000000e+000  0.000000e+000  0.000000e+000  0.000000e+000  0.000000e+000  0.000000e+000  0.000000e+000  0.000000e+000  0.000000e+000  0.000000e+000  0.000000e+000  0.000000e+000  0.000000e+000  0.000000e+000  0.000000e+000  0.000000e+000  0.000000e+000  0.000000e+000  
0.000000e+000  0.000000e+000  0.000000e+000  0.000000e+000  0.000000e+000  0.000000e+000  0.000000e+000  0.000000e+000  0.000000e+000  0.000000e+000  0.000000e+000  0.000000e+000  0.000000e+000  0.000000e+000  0.000000e+000  0.000000e+000  0.000000e+000  0.000000e+000  0.000000e+000  
0.000000e+000  0.000000e+000  0.000000e+000  0.000000e+000  0.000000e+000  0.000000e+000  0.000000e+000  0.000000e+000  0.000000e+000  0.000000e+000  0.000000e+000  0.000000e+000  0.000000e+000  0.000000e+000  0.000000e+000  0.000000e+000  0.000000e+000  0.000000e+000  0.000000e+000  

0.000000e+000  0.000000e+000  0.000000e+000  0.000000e+000  0.000000e+000  0.000000e+000  0.000000e+000  0.000000e+000  0.000000e+000  0.000000e+000  0.000000e+000  0.000000e+000  0.000000e+000  0.000000e+000  0.000000e+000  0.000000e+000  0.000000e+000  0.000000e+000  0.000000e+000  
0.000000e+000  0.000000e+000  0.000000e+000  0.000000e+000  0.000000e+000  0.000000e+000  0.000000e+000  0.000000e+000  0.000000e+000  0.000000e+000  0.000000e+000  0.000000e+000  0.000000e+000  0.000000e+000  0.000000e+000  0.000000e+000  0.000000e+000  0.000000e+000  0.000000e+000  
0.000000e+000  0.000000e+000  0.000000e+000  0.000000e+000  0.000000e+000  0.000000e+000  0.000000e+000  0.000000e+000  0.000000e+000  0.000000e+000  0.000000e+000  0.000000e+000  0.000000e+000  0.000000e+000  0.000000e+000  0.000000e+000  0.000000e+000  0.000000e+000  0.000000e+000  
0.000000e+000  0.000000e+000  0.000000e+000  0.000000e+000  0.000000e+000  0.000000e+000  0.000000e+000  0.000000e+000  0.000000e+000  0.000000e+000  0.000000e+000  0.000000e+000  0.000000e+000  0.000000e+000  0.000000e+000  0.000000e+000  0.000000e+000  0.000000e+000  0.000000e+000  
0.000000e+000  0.000000e+000  0.000000e+000  0.000000e+000  0.000000e+000  0.000000e+000  0.000000e+000  0.000000e+000  0.000000e+000  0.000000e+000  0.000000e+000  0.000000e+000  0.000000e+000  0.000000e+000  0.000000e+000  0.000000e+000  0.000000e+000  0.000000e+000  0.000000e+000  
0.000000e+000  0.000000e+000  0.000000e+000  0.000000e+000  0.000000e+000  0.000000e+000  0.000000e+000  0.000000e+000  0.000000e+000  0.000000e+000  0.000000e+000  0.000000e+000  0.000000e+000  0.000000e+000  0.000000e+000  0.000000e+000  0.000000e+000  0.000000e+000  0.000000e+000  
0.000000e+000  0.000000e+000  0.000000e+000  0.000000e+000  0.000000e+000  0.000000e+000  0.000000e+000  0.000000e+000  0.000000e+000  0.000000e+000  0.000000e+000  0.000000e+000  0.000000e+000  0.000000e+000  0.000000e+000  0.000000e+000  0.000000e+000  0.000000e+000  0.000000e+000  
0.000000e+000  0.000000e+000  0.000000e+000  0.000000e+000  0.000000e+000  0.000000e+000  0.000000e+000  0.000000e+000  0.000000e+000  0.000000e+000  0.000000e+000  0.000000e+000  0.000000e+000  0.000000e+000  0.000000e+000  0.000000e+000  0.000000e+000  0.000000e+000  0.000000e+000  
0.000000e+000  0.000000e+000  0.000000e+000  0.000000e+000  0.000000e+000  0.000000e+000  0.000000e+000  0.000000e+000  0.000000e+000  0.000000e+000  0.000000e+000  0.000000e+000  0.000000e+000  0.000000e+000  0.000000e+000  0.000000e+000  0.000000e+000  0.000000e+000  0.000000e+000  

0.000000e+000  0.000000e+000  0.000000e+000  0.000000e+000  0.000000e+000  0.000000e+000  0.000000e+000  0.000000e+000  0.000000e+000  0.000000e+000  0.000000e+000  0.000000e+000  0.000000e+000  0.000000e+000  0.000000e+000  0.000000e+000  0.000000e+000  0.000000e+000  0.000000e+000  
0.000000e+000  0.000000e+000  0.000000e+000  0.000000e+000  0.000000e+000  0.000000e+000  0.000000e+000  0.000000e+000  0.000000e+000  0.000000e+000  0.000000e+000  0.000000e+000  0.000000e+000  0.000000e+000  0.000000e+000  0.000000e+000  0.000000e+000  0.000000e+000  0.000000e+000  
0.000000e+000  0.000000e+000  0.000000e+000  0.000000e+000  0.000000e+000  0.000000e+000  0.000000e+000  0.000000e+000  0.000000e+000  0.000000e+000  0.000000e+000  0.000000e+000  0.000000e+000  0.000000e+000  0.000000e+000  0.000000e+000  0.000000e+000  0.000000e+000  0.000000e+000  
0.000000e+000  0.000000e+000  0.000000e+000  0.000000e+000  0.000000e+000  0.000000e+000  0.000000e+000  0.000000e+000  0.000000e+000  0.000000e+000  0.000000e+000  0.000000e+000  0.000000e+000  0.000000e+000  0.000000e+000  0.000000e+000  0.000000e+000  0.000000e+000  0.000000e+000  
0.000000e+000  0.000000e+000  0.000000e+000  0.000000e+000  0.000000e+000  0.000000e+000  0.000000e+000  0.000000e+000  0.000000e+000  0.000000e+000  0.000000e+000  0.000000e+000  0.000000e+000  0.000000e+000  0.000000e+000  0.000000e+000  0.000000e+000  0.000000e+000  0.000000e+000  
0.000000e+000  0.000000e+000  0.000000e+000  0.000000e+000  0.000000e+000  0.000000e+000  0.000000e+000  0.000000e+000  0.000000e+000  0.000000e+000  0.000000e+000  0.000000e+000  0.000000e+000  0.000000e+000  0.000000e+000  0.000000e+000  0.000000e+000  0.000000e+000  0.000000e+000  
0.000000e+000  0.000000e+000  0.000000e+000  0.000000e+000  0.000000e+000  0.000000e+000  0.000000e+000  0.000000e+000  0.000000e+000  0.000000e+000  0.000000e+000  0.000000e+000  0.000000e+000  0.000000e+000  0.000000e+000  0.000000e+000  0.000000e+000  0.000000e+000  0.000000e+000  
0.000000e+000  0.000000e+000  0.000000e+000  0.000000e+000  0.000000e+000  0.000000e+000  0.000000e+000  0.000000e+000  0.000000e+000  0.000000e+000  0.000000e+000  0.000000e+000  0.000000e+000  0.000000e+000  0.000000e+000  0.000000e+000  0.000000e+000  0.000000e+000  0.000000e+000  
0.000000e+000  0.000000e+000  0.000000e+000  0.000000e+000  0.000000e+000  0.000000e+000  0.000000e+000  0.000000e+000  0.000000e+000  0.000000e+000  0.000000e+000  0.000000e+000  0.000000e+000  0.000000e+000  0.000000e+000  0.000000e+000  0.000000e+000  0.000000e+000  0.000000e+000  

0.000000e+000  1.951000e+000  3.666681e+000  4.940107e+000  5.617682e+000  5.617682e+000  4.940107e+000  3.666681e+000  1.951000e+000  0.000000e+000  -1.951000e+000  -3.666681e+000  -4.940107e+000  -5.617682e+000  -5.617682e+000  -4.940107e+000  -3.666681e+000  -1.951000e+000  0.000000e+000  
0.000000e+000  1.951000e+000  3.666681e+000  4.940107e+000  5.617682e+000  5.617682e+000  4.940107e+000  3.666681e+000  1.951000e+000  0.000000e+000  -1.951000e+000  -3.666681e+000  -4.940107e+000  -5.617682e+000  -5.617682e+000  -4.940107e+000  -3.666681e+000  -1.951000e+000  0.000000e+000  
0.000000e+000  1.951000e+000  3.666681e+000  4.940107e+000  5.617682e+000  5.617682e+000  4.940107e+000  3.666681e+000  1.951000e+000  0.000000e+000  -1.951000e+000  -3.666681e+000  -4.940107e+000  -5.617682e+000  -5.617682e+000  -4.940107e+000  -3.666681e+000  -1.951000e+000  0.000000e+000  
0.000000e+000  1.951000e+000  3.666681e+000  4.940107e+000  5.617682e+000  5.617682e+000  4.940107e+000  3.666681e+000  1.951000e+000  0.000000e+000  -1.951000e+000  -3.666681e+000  -4.940107e+000  -5.617682e+000  -5.617682e+000  -4.940107e+000  -3.666681e+000  -1.951000e+000  0.000000e+000  
0.000000e+000  1.951000e+000  3.666681e+000  4.940107e+000  5.617682e+000  5.617682e+000  4.940107e+000  3.666681e+000  1.951000e+000  0.000000e+000  -1.951000e+000  -3.666681e+000  -4.940107e+000  -5.617682e+000  -5.617682e+000  -4.940107e+000  -3.666681e+000  -1.951000e+000  0.000000e+000  
0.000000e+000  1.951000e+000  3.666681e+000  4.940107e+000  5.617682e+000  5.617682e+000  4.940107e+000  3.666681e+000  1.951000e+000  0.000000e+000  -1.951000e+000  -3.666681e+000  -4.940107e+000  -5.617682e+000  -5.617682e+000  -4.940107e+000  -3.666681e+000  -1.951000e+000  0.000000e+000  
0.000000e+000  1.951000e+000  3.666681e+000  4.940107e+000  5.617682e+000  5.617682e+000  4.940107e+000  3.666681e+000  1.951000e+000  0.000000e+000  -1.951000e+000  -3.666681e+000  -4.940107e+000  -5.617682e+000  -5.617682e+000  -4.940107e+000  -3.666681e+000  -1.951000e+000  0.000000e+000  
0.000000e+000  1.951000e+000  3.666681e+000  4.940107e+000  5.617682e+000  5.617682e+000  4.940107e+000  3.666681e+000  1.951000e+000  0.000000e+000  -1.951000e+000  -3.666681e+000  -4.940107e+000  -5.617682e+000  -5.617682e+000  -4.940107e+000  -3.666681e+000  -1.951000e+000  0.000000e+000  
0.000000e+000  0.000000e+000  0.000000e+000  0.000000e+000  0.000000e+000  0.000000e+000  0.000000e+000  0.000000e+000  0.000000e+000  0.000000e+000  0.000000e+000  0.000000e+000  0.000000e+000  0.000000e+000  0.000000e+000  0.000000e+000  0.000000e+000  0.000000e+000  0.000000e+000  

0.000000e+000  0.000000e+000  0.000000e+000  0.000000e+000  0.000000e+000  0.000000e+000  0.000000e+000  0.000000e+000  0.000000e+000  0.000000e+000  0.000000e+000  0.000000e+000  0.000000e+000  0.000000e+000  0.000000e+000  0.000000e+000  0.000000e+000  0.000000e+000  0.000000e+000  
0.000000e+000  0.000000e+000  0.000000e+000  0.000000e+000  0.000000e+000  0.000000e+000  0.000000e+000  0.000000e+000  0.000000e+000  0.000000e+000  0.000000e+000  0.000000e+000  0.000000e+000  0.000000e+000  0.000000e+000  0.000000e+000  0.000000e+000  0.000000e+000  0.000000e+000  
0.000000e+000  0.000000e+000  0.000000e+000  0.000000e+000  0.000000e+000  0.000000e+000  0.000000e+000  0.000000e+000  0.000000e+000  0.000000e+000  0.000000e+000  0.000000e+000  0.000000e+000  0.000000e+000  0.000000e+000  0.000000e+000  0.000000e+000  0.000000e+000  0.000000e+000  
0.000000e+000  0.000000e+000  0.000000e+000  0.000000e+000  0.000000e+000  0.000000e+000  0.000000e+000  0.000000e+000  0.000000e+000  0.000000e+000  0.000000e+000  0.000000e+000  0.000000e+000  0.000000e+000  0.000000e+000  0.000000e+000  0.000000e+000  0.000000e+000  0.000000e+000  
0.000000e+000  0.000000e+000  0.000000e+000  0.000000e+000  0.000000e+000  0.000000e+000  0.000000e+000  0.000000e+000  0.000000e+000  0.000000e+000  0.000000e+000  0.000000e+000  0.000000e+000  0.000000e+000  0.000000e+000  0.000000e+000  0.000000e+000  0.000000e+000  0.000000e+000  
0.000000e+000  0.000000e+000  0.000000e+000  0.000000e+000  0.000000e+000  0.000000e+000  0.000000e+000  0.000000e+000  0.000000e+000  0.000000e+000  0.000000e+000  0.000000e+000  0.000000e+000  0.000000e+000  0.000000e+000  0.000000e+000  0.000000e+000  0.000000e+000  0.000000e+000  
0.000000e+000  0.000000e+000  0.000000e+000  0.000000e+000  0.000000e+000  0.000000e+000  0.000000e+000  0.000000e+000  0.000000e+000  0.000000e+000  0.000000e+000  0.000000e+000  0.000000e+000  0.000000e+000  0.000000e+000  0.000000e+000  0.000000e+000  0.000000e+000  0.000000e+000  
0.000000e+000  0.000000e+000  0.000000e+000  0.000000e+000  0.000000e+000  0.000000e+000  0.000000e+000  0.000000e+000  0.000000e+000  0.000000e+000  0.000000e+000  0.000000e+000  0.000000e+000  0.000000e+000  0.000000e+000  0.000000e+000  0.000000e+000  0.000000e+000  0.000000e+000  
0.000000e+000  0.000000e+000  0.000000e+000  0.000000e+000  0.000000e+000  0.000000e+000  0.000000e+000  0.000000e+000  0.000000e+000  0.000000e+000  0.000000e+000  0.000000e+000  0.000000e+000  0.000000e+000  0.000000e+000  0.000000e+000  0.000000e+000  0.000000e+000  0.000000e+000  

-6.865171e+000  -6.037130e+000  -4.480922e+000  -2.384249e+000  -0.000000e+000  2.384249e+000  4.480922e+000  6.037130e+000  6.865171e+000  6.865171e+000  6.037130e+000  4.480922e+000  2.384249e+000  -0.000000e+000  -2.384249e+000  -4.480922e+000  -6.037130e+000  -6.865171e+000  -0.000000e+000  
-6.865171e+000  -6.037130e+000  -4.480922e+000  -2.384249e+000  -0.000000e+000  2.384249e+000  4.480922e+000  6.037130e+000  6.865171e+000  6.865171e+000  6.037130e+000  4.480922e+000  2.384249e+000  -0.000000e+000  -2.384249e+000  -4.480922e+000  -6.037130e+000  -6.865171e+000  -0.000000e+000  
-6.865171e+000  -6.037130e+000  -4.480922e+000  -2.384249e+000  -0.000000e+000  2.384249e+000  4.480922e+000  6.037130e+000  6.865171e+000  6.865171e+000  6.037130e+000  4.480922e+000  2.384249e+000  -0.000000e+000  -2.384249e+000  -4.480922e+000  -6.037130e+000  -6.865171e+000  -0.000000e+000  
-6.865171e+000  -6.037130e+000  -4.480922e+000  -2.384249e+000  -0.000000e+000  2.384249e+000  4.480922e+000  6.037130e+000  6.865171e+000  6.865171e+000  6.037130e+000  4.480922e+000  2.384249e+000  -0.000000e+000  -2.384249e+000  -4.480922e+000  -6.037130e+000  -6.865171e+000  -0.000000e+000  
-6.865171e+000  -6.037130e+000  -4.480922e+000  -2.384249e+000  -0.000000e+000  2.384249e+000  4.480922e+000  6.037130e+000  6.865171e+000  6.865171e+000  6.037130e+000  4.480922e+000  2.384249e+000  -0.000000e+000  -2.384249e+000  -4.480922e+000  -6.037130e+000  -6.865171e+000  -0.000000e+000  
-6.865171e+000  -6.037130e+000  -4.480922e+000  -2.384249e+000  -0.000000e+000  2.384249e+000  4.480922e+000  6.037130e+000  6.865171e+000  6.865171e+000  6.037130e+000  4.480922e+000  2.384249e+000  -0.000000e+000  -2.384249e+000  -4.480922e+000  -6.037130e+000  -6.865171e+000  -0.000000e+000  
-6.865171e+000  -6.037130e+000  -4.480922e+000  -2.384249e+000  -0.000000e+000  2.384249e+000  4.480922e+000  6.037130e+000  6.865171e+000  6.865171e+000  6.037130e+000  4.480922e+000  2.384249e+000  -0.000000e+000  -2.384249e+000  -4.480922e+000  -6.037130e+000  -6.865171e+000  -0.000000e+000  
-6.865171e+000  -6.037130e+000  -4.480922e+000  -2.384249e+000  -0.000000e+000  2.384249e+000  4.480922e+000  6.037130e+000  6.865171e+000  6.865171e+000  6.037130e+000  4.480922e+000  2.384249e+000  -0.000000e+000  -2.384249e+000  -4.480922e+000  -6.037130e+000  -6.865171e+000  -0.000000e+000  
-0.000000e+000  -0.000000e+000  -0.000000e+000  -0.000000e+000  -0.000000e+000  -0.000000e+000  -0.000000e+000  -0.000000e+000  -0.000000e+000  -0.000000e+000  -0.000000e+000  -0.000000e+000  -0.000000e+000  -0.000000e+000  -0.000000e+000  -0.000000e+000  -0.000000e+000  -0.000000e+000  -0.000000e+000  

