Port monitor named: Port1_e3[7.5].prt

nx        = 19
ny        = 9
nz        = 32

nu        = 19
nv        = 9
iu        = 1
iv        = 1

idir      = 2
dcut      = 4.000000e-002
icut      = 32
type      = 0
frequency = 7.500000e+009

fcutoff   = 1.468865e+010
alpha     = 2.640217e+002
beta      = 0.000000e+000
accuracy  = 2.395499e-009

type          = TE
wave imp.     = 2.242908e+002
wave imp.sig. = 3.102471e-006
line imp.     = 0.000000e+000

ref. port     = 0

0.000000e+000  0.000000e+000  0.000000e+000  0.000000e+000  0.000000e+000  0.000000e+000  0.000000e+000  0.000000e+000  0.000000e+000  0.000000e+000  0.000000e+000  0.000000e+000  0.000000e+000  0.000000e+000  0.000000e+000  0.000000e+000  0.000000e+000  0.000000e+000  0.000000e+000  
5.318331e+002  5.318331e+002  5.318331e+002  5.318331e+002  5.318331e+002  5.318331e+002  5.318331e+002  5.318331e+002  5.318331e+002  5.318331e+002  5.318331e+002  5.318331e+002  5.318331e+002  5.318331e+002  5.318331e+002  5.318331e+002  5.318331e+002  5.318331e+002  0.000000e+000  
9.826995e+002  9.826995e+002  9.826995e+002  9.826995e+002  9.826995e+002  9.826995e+002  9.826995e+002  9.826995e+002  9.826995e+002  9.826995e+002  9.826995e+002  9.826995e+002  9.826995e+002  9.826995e+002  9.826995e+002  9.826995e+002  9.826995e+002  9.826995e+002  0.000000e+000  
1.283959e+003  1.283959e+003  1.283959e+003  1.283959e+003  1.283959e+003  1.283959e+003  1.283959e+003  1.283959e+003  1.283959e+003  1.283959e+003  1.283959e+003  1.283959e+003  1.283959e+003  1.283959e+003  1.283959e+003  1.283959e+003  1.283959e+003  1.283959e+003  0.000000e+000  
1.389747e+003  1.389747e+003  1.389747e+003  1.389747e+003  1.389747e+003  1.389747e+003  1.389747e+003  1.389747e+003  1.389747e+003  1.389747e+003  1.389747e+003  1.389747e+003  1.389747e+003  1.389747e+003  1.389747e+003  1.389747e+003  1.389747e+003  1.389747e+003  0.000000e+000  
1.283959e+003  1.283959e+003  1.283959e+003  1.283959e+003  1.283959e+003  1.283959e+003  1.283959e+003  1.283959e+003  1.283959e+003  1.283959e+003  1.283959e+003  1.283959e+003  1.283959e+003  1.283959e+003  1.283959e+003  1.283959e+003  1.283959e+003  1.283959e+003  0.000000e+000  
9.826995e+002  9.826995e+002  9.826995e+002  9.826995e+002  9.826995e+002  9.826995e+002  9.826995e+002  9.826995e+002  9.826995e+002  9.826995e+002  9.826995e+002  9.826995e+002  9.826995e+002  9.826995e+002  9.826995e+002  9.826995e+002  9.826995e+002  9.826995e+002  0.000000e+000  
5.318331e+002  5.318331e+002  5.318331e+002  5.318331e+002  5.318331e+002  5.318331e+002  5.318331e+002  5.318331e+002  5.318331e+002  5.318331e+002  5.318331e+002  5.318331e+002  5.318331e+002  5.318331e+002  5.318331e+002  5.318331e+002  5.318331e+002  5.318331e+002  0.000000e+000  
0.000000e+000  0.000000e+000  0.000000e+000  0.000000e+000  0.000000e+000  0.000000e+000  0.000000e+000  0.000000e+000  0.000000e+000  0.000000e+000  0.000000e+000  0.000000e+000  0.000000e+000  0.000000e+000  0.000000e+000  0.000000e+000  0.000000e+000  0.000000e+000  0.000000e+000  

0.000000e+000  -1.128035e-006  -2.026280e-006  -3.201394e-006  -4.332124e-006  -5.297975e-006  -6.084000e-006  -6.617632e-006  -7.284274e-006  -7.280808e-006  -6.697130e-006  -6.356039e-006  -6.242852e-006  -6.152530e-006  -4.491579e-006  -2.799592e-006  -2.355741e-006  -1.485287e-006  0.000000e+000  
0.000000e+000  -8.408716e-007  -2.107124e-006  -2.826303e-006  -3.614821e-006  -5.005671e-006  -4.788494e-006  -5.905083e-006  -5.791268e-006  -6.094271e-006  -5.979846e-006  -5.337126e-006  -5.232287e-006  -4.642526e-006  -3.426402e-006  -2.575243e-006  -1.734051e-006  -1.174235e-006  0.000000e+000  
0.000000e+000  -1.177503e-006  -1.329094e-006  -2.253507e-006  -2.792093e-006  -2.716629e-006  -3.941184e-006  -3.364711e-006  -3.956337e-006  -4.038367e-006  -3.791504e-006  -4.732069e-006  -3.924365e-006  -2.910034e-006  -2.463845e-006  -1.611106e-006  -1.089215e-006  -3.650329e-007  0.000000e+000  
0.000000e+000  -6.625826e-007  -1.050639e-006  -7.879234e-007  -5.119035e-007  -1.463658e-006  -1.130866e-006  -1.449361e-006  -1.130868e-006  -8.137162e-007  -1.563312e-006  -1.254528e-006  -1.683957e-006  -5.955452e-007  -7.705716e-007  -1.311954e-006  -4.542793e-007  3.452761e-008  0.000000e+000  
0.000000e+000  -4.338467e-007  -3.839823e-008  5.038551e-007  1.401426e-006  8.997132e-007  8.840678e-007  1.065319e-006  1.630128e-006  1.654737e-006  1.854946e-006  6.291565e-007  1.693451e-006  1.141866e-006  1.098794e-006  1.279569e-007  5.442593e-007  7.112738e-007  0.000000e+000  
0.000000e+000  7.789953e-007  9.270380e-007  1.954367e-006  3.258909e-006  3.607022e-006  2.821417e-006  4.064630e-006  3.940461e-006  4.634833e-006  3.695083e-006  3.801633e-006  2.711720e-006  3.401367e-006  2.163518e-006  1.726410e-006  1.342210e-006  1.369408e-006  0.000000e+000  
0.000000e+000  1.666513e-006  1.968812e-006  3.219402e-006  4.796080e-006  4.643932e-006  5.603634e-006  5.007994e-006  5.984232e-006  5.442324e-006  6.226599e-006  5.337548e-006  5.379517e-006  4.364028e-006  3.981689e-006  2.978815e-006  1.863507e-006  1.050272e-006  0.000000e+000  
0.000000e+000  1.916423e-006  2.437747e-006  3.178681e-006  4.718743e-006  5.385135e-006  5.830529e-006  6.384719e-006  6.160048e-006  6.482623e-006  7.324068e-006  7.358323e-006  6.112952e-006  5.501599e-006  4.642654e-006  3.784409e-006  2.092355e-006  1.048398e-006  0.000000e+000  
0.000000e+000  0.000000e+000  0.000000e+000  0.000000e+000  0.000000e+000  0.000000e+000  0.000000e+000  0.000000e+000  0.000000e+000  0.000000e+000  0.000000e+000  0.000000e+000  0.000000e+000  0.000000e+000  0.000000e+000  0.000000e+000  0.000000e+000  0.000000e+000  0.000000e+000  

0.000000e+000  0.000000e+000  0.000000e+000  0.000000e+000  0.000000e+000  0.000000e+000  0.000000e+000  0.000000e+000  0.000000e+000  0.000000e+000  0.000000e+000  0.000000e+000  0.000000e+000  0.000000e+000  0.000000e+000  0.000000e+000  0.000000e+000  0.000000e+000  0.000000e+000  
0.000000e+000  1.104060e-006  -1.489108e-006  2.227654e-006  2.030849e-006  1.008664e-006  3.952392e-006  3.517497e-006  4.382168e-006  3.552871e-006  -3.825157e-007  1.710068e-006  -1.122072e-008  5.158380e-006  2.353653e-006  2.606636e-006  1.095908e-006  2.100891e-006  0.000000e+000  
0.000000e+000  -2.156533e-006  2.479758e-006  1.998364e-006  3.503670e-006  7.316187e-006  2.297923e-006  8.354537e-006  3.905039e-006  5.956148e-006  5.354261e-006  0.000000e+000  3.822005e-006  2.485949e-006  5.930289e-006  -5.093734e-007  2.732791e-006  1.394664e-006  0.000000e+000  
0.000000e+000  1.464538e-006  1.555564e-007  4.448339e-006  8.110488e-006  3.255138e-006  1.024126e-005  4.369973e-006  7.741997e-006  7.563073e-006  5.679487e-006  1.063914e-005  5.238828e-006  9.719308e-006  2.694437e-007  1.865316e-006  -1.538891e-006  9.377248e-007  0.000000e+000  
0.000000e+000  1.010106e-006  2.976171e-006  3.275706e-006  5.642060e-006  6.812176e-006  7.720344e-006  8.166344e-006  5.058494e-006  6.645540e-006  6.906416e-006  5.098743e-006  1.128871e-005  3.031325e-006  6.412696e-006  4.057573e-007  2.783183e-006  6.481014e-007  0.000000e+000  
0.000000e+000  3.049643e-006  1.448028e-006  5.251584e-006  3.708831e-006  1.233427e-005  3.976436e-006  1.123388e-005  5.194655e-006  7.660885e-006  3.583046e-006  8.015999e-006  1.834648e-006  7.954878e-006  -4.618888e-008  4.363307e-006  1.650376e-006  2.137764e-007  0.000000e+000  
0.000000e+000  1.030135e-006  4.052797e-006  1.096174e-006  8.589505e-006  8.398932e-007  1.093351e-005  -9.167304e-007  7.013682e-006  2.404063e-006  6.196565e-006  5.736969e-006  5.654154e-006  2.708657e-006  5.363157e-006  2.777709e-006  -1.722172e-007  -3.050569e-006  0.000000e+000  
0.000000e+000  9.125863e-007  3.190876e-007  1.704404e-006  -1.897494e-006  4.918797e-006  -3.209090e-006  4.481739e-006  -1.323222e-006  3.766229e-006  4.333069e-006  5.304270e-006  2.721563e-006  3.249754e-006  2.156938e-006  8.333049e-007  -7.102118e-007  -2.402095e-006  0.000000e+000  
0.000000e+000  0.000000e+000  0.000000e+000  0.000000e+000  0.000000e+000  0.000000e+000  0.000000e+000  0.000000e+000  0.000000e+000  0.000000e+000  0.000000e+000  0.000000e+000  0.000000e+000  0.000000e+000  0.000000e+000  0.000000e+000  0.000000e+000  0.000000e+000  0.000000e+000  

0.000000e+000  0.000000e+000  0.000000e+000  0.000000e+000  0.000000e+000  0.000000e+000  0.000000e+000  0.000000e+000  0.000000e+000  0.000000e+000  0.000000e+000  0.000000e+000  0.000000e+000  0.000000e+000  0.000000e+000  0.000000e+000  0.000000e+000  0.000000e+000  0.000000e+000  
0.000000e+000  0.000000e+000  0.000000e+000  0.000000e+000  0.000000e+000  0.000000e+000  0.000000e+000  0.000000e+000  0.000000e+000  0.000000e+000  0.000000e+000  0.000000e+000  0.000000e+000  0.000000e+000  0.000000e+000  0.000000e+000  0.000000e+000  0.000000e+000  0.000000e+000  
0.000000e+000  0.000000e+000  0.000000e+000  0.000000e+000  0.000000e+000  0.000000e+000  0.000000e+000  0.000000e+000  0.000000e+000  0.000000e+000  0.000000e+000  0.000000e+000  0.000000e+000  0.000000e+000  0.000000e+000  0.000000e+000  0.000000e+000  0.000000e+000  0.000000e+000  
0.000000e+000  0.000000e+000  0.000000e+000  0.000000e+000  0.000000e+000  0.000000e+000  0.000000e+000  0.000000e+000  0.000000e+000  0.000000e+000  0.000000e+000  0.000000e+000  0.000000e+000  0.000000e+000  0.000000e+000  0.000000e+000  0.000000e+000  0.000000e+000  0.000000e+000  
0.000000e+000  0.000000e+000  0.000000e+000  0.000000e+000  0.000000e+000  0.000000e+000  0.000000e+000  0.000000e+000  0.000000e+000  0.000000e+000  0.000000e+000  0.000000e+000  0.000000e+000  0.000000e+000  0.000000e+000  0.000000e+000  0.000000e+000  0.000000e+000  0.000000e+000  
0.000000e+000  0.000000e+000  0.000000e+000  0.000000e+000  0.000000e+000  0.000000e+000  0.000000e+000  0.000000e+000  0.000000e+000  0.000000e+000  0.000000e+000  0.000000e+000  0.000000e+000  0.000000e+000  0.000000e+000  0.000000e+000  0.000000e+000  0.000000e+000  0.000000e+000  
0.000000e+000  0.000000e+000  0.000000e+000  0.000000e+000  0.000000e+000  0.000000e+000  0.000000e+000  0.000000e+000  0.000000e+000  0.000000e+000  0.000000e+000  0.000000e+000  0.000000e+000  0.000000e+000  0.000000e+000  0.000000e+000  0.000000e+000  0.000000e+000  0.000000e+000  
0.000000e+000  0.000000e+000  0.000000e+000  0.000000e+000  0.000000e+000  0.000000e+000  0.000000e+000  0.000000e+000  0.000000e+000  0.000000e+000  0.000000e+000  0.000000e+000  0.000000e+000  0.000000e+000  0.000000e+000  0.000000e+000  0.000000e+000  0.000000e+000  0.000000e+000  
0.000000e+000  0.000000e+000  0.000000e+000  0.000000e+000  0.000000e+000  0.000000e+000  0.000000e+000  0.000000e+000  0.000000e+000  0.000000e+000  0.000000e+000  0.000000e+000  0.000000e+000  0.000000e+000  0.000000e+000  0.000000e+000  0.000000e+000  0.000000e+000  0.000000e+000  

0.000000e+000  0.000000e+000  0.000000e+000  0.000000e+000  0.000000e+000  0.000000e+000  0.000000e+000  0.000000e+000  0.000000e+000  0.000000e+000  0.000000e+000  0.000000e+000  0.000000e+000  0.000000e+000  0.000000e+000  0.000000e+000  0.000000e+000  0.000000e+000  0.000000e+000  
0.000000e+000  0.000000e+000  0.000000e+000  0.000000e+000  0.000000e+000  0.000000e+000  0.000000e+000  0.000000e+000  0.000000e+000  0.000000e+000  0.000000e+000  0.000000e+000  0.000000e+000  0.000000e+000  0.000000e+000  0.000000e+000  0.000000e+000  0.000000e+000  0.000000e+000  
0.000000e+000  0.000000e+000  0.000000e+000  0.000000e+000  0.000000e+000  0.000000e+000  0.000000e+000  0.000000e+000  0.000000e+000  0.000000e+000  0.000000e+000  0.000000e+000  0.000000e+000  0.000000e+000  0.000000e+000  0.000000e+000  0.000000e+000  0.000000e+000  0.000000e+000  
0.000000e+000  0.000000e+000  0.000000e+000  0.000000e+000  0.000000e+000  0.000000e+000  0.000000e+000  0.000000e+000  0.000000e+000  0.000000e+000  0.000000e+000  0.000000e+000  0.000000e+000  0.000000e+000  0.000000e+000  0.000000e+000  0.000000e+000  0.000000e+000  0.000000e+000  
0.000000e+000  0.000000e+000  0.000000e+000  0.000000e+000  0.000000e+000  0.000000e+000  0.000000e+000  0.000000e+000  0.000000e+000  0.000000e+000  0.000000e+000  0.000000e+000  0.000000e+000  0.000000e+000  0.000000e+000  0.000000e+000  0.000000e+000  0.000000e+000  0.000000e+000  
0.000000e+000  0.000000e+000  0.000000e+000  0.000000e+000  0.000000e+000  0.000000e+000  0.000000e+000  0.000000e+000  0.000000e+000  0.000000e+000  0.000000e+000  0.000000e+000  0.000000e+000  0.000000e+000  0.000000e+000  0.000000e+000  0.000000e+000  0.000000e+000  0.000000e+000  
0.000000e+000  0.000000e+000  0.000000e+000  0.000000e+000  0.000000e+000  0.000000e+000  0.000000e+000  0.000000e+000  0.000000e+000  0.000000e+000  0.000000e+000  0.000000e+000  0.000000e+000  0.000000e+000  0.000000e+000  0.000000e+000  0.000000e+000  0.000000e+000  0.000000e+000  
0.000000e+000  0.000000e+000  0.000000e+000  0.000000e+000  0.000000e+000  0.000000e+000  0.000000e+000  0.000000e+000  0.000000e+000  0.000000e+000  0.000000e+000  0.000000e+000  0.000000e+000  0.000000e+000  0.000000e+000  0.000000e+000  0.000000e+000  0.000000e+000  0.000000e+000  
0.000000e+000  0.000000e+000  0.000000e+000  0.000000e+000  0.000000e+000  0.000000e+000  0.000000e+000  0.000000e+000  0.000000e+000  0.000000e+000  0.000000e+000  0.000000e+000  0.000000e+000  0.000000e+000  0.000000e+000  0.000000e+000  0.000000e+000  0.000000e+000  0.000000e+000  

0.000000e+000  0.000000e+000  0.000000e+000  0.000000e+000  0.000000e+000  0.000000e+000  0.000000e+000  0.000000e+000  0.000000e+000  0.000000e+000  0.000000e+000  0.000000e+000  0.000000e+000  0.000000e+000  0.000000e+000  0.000000e+000  0.000000e+000  0.000000e+000  0.000000e+000  
0.000000e+000  0.000000e+000  0.000000e+000  0.000000e+000  0.000000e+000  0.000000e+000  0.000000e+000  0.000000e+000  0.000000e+000  0.000000e+000  0.000000e+000  0.000000e+000  0.000000e+000  0.000000e+000  0.000000e+000  0.000000e+000  0.000000e+000  0.000000e+000  0.000000e+000  
0.000000e+000  0.000000e+000  0.000000e+000  0.000000e+000  0.000000e+000  0.000000e+000  0.000000e+000  0.000000e+000  0.000000e+000  0.000000e+000  0.000000e+000  0.000000e+000  0.000000e+000  0.000000e+000  0.000000e+000  0.000000e+000  0.000000e+000  0.000000e+000  0.000000e+000  
0.000000e+000  0.000000e+000  0.000000e+000  0.000000e+000  0.000000e+000  0.000000e+000  0.000000e+000  0.000000e+000  0.000000e+000  0.000000e+000  0.000000e+000  0.000000e+000  0.000000e+000  0.000000e+000  0.000000e+000  0.000000e+000  0.000000e+000  0.000000e+000  0.000000e+000  
0.000000e+000  0.000000e+000  0.000000e+000  0.000000e+000  0.000000e+000  0.000000e+000  0.000000e+000  0.000000e+000  0.000000e+000  0.000000e+000  0.000000e+000  0.000000e+000  0.000000e+000  0.000000e+000  0.000000e+000  0.000000e+000  0.000000e+000  0.000000e+000  0.000000e+000  
0.000000e+000  0.000000e+000  0.000000e+000  0.000000e+000  0.000000e+000  0.000000e+000  0.000000e+000  0.000000e+000  0.000000e+000  0.000000e+000  0.000000e+000  0.000000e+000  0.000000e+000  0.000000e+000  0.000000e+000  0.000000e+000  0.000000e+000  0.000000e+000  0.000000e+000  
0.000000e+000  0.000000e+000  0.000000e+000  0.000000e+000  0.000000e+000  0.000000e+000  0.000000e+000  0.000000e+000  0.000000e+000  0.000000e+000  0.000000e+000  0.000000e+000  0.000000e+000  0.000000e+000  0.000000e+000  0.000000e+000  0.000000e+000  0.000000e+000  0.000000e+000  
0.000000e+000  0.000000e+000  0.000000e+000  0.000000e+000  0.000000e+000  0.000000e+000  0.000000e+000  0.000000e+000  0.000000e+000  0.000000e+000  0.000000e+000  0.000000e+000  0.000000e+000  0.000000e+000  0.000000e+000  0.000000e+000  0.000000e+000  0.000000e+000  0.000000e+000  
0.000000e+000  0.000000e+000  0.000000e+000  0.000000e+000  0.000000e+000  0.000000e+000  0.000000e+000  0.000000e+000  0.000000e+000  0.000000e+000  0.000000e+000  0.000000e+000  0.000000e+000  0.000000e+000  0.000000e+000  0.000000e+000  0.000000e+000  0.000000e+000  0.000000e+000  

