Port monitor named: Port2_e3.prt

nx        = 19
ny        = 9
nz        = 3

nu        = 19
nv        = 9
iu        = 1
iv        = 1

idir      = 2
dcut      = 0.000000e+000
icut      = 1
type      = 0
frequency = 7.500000e+009

fcutoff   = 1.469045e+010
alpha     = 2.640246e+002
beta      = 0.000000e+000
accuracy  = 6.995127e-009

type          = TE
wave imp.     = 2.242882e+002
wave imp.sig. = 9.071751e-006
line imp.     = 0.000000e+000

ref. port     = 0

0.000000e+000  0.000000e+000  0.000000e+000  0.000000e+000  0.000000e+000  0.000000e+000  0.000000e+000  0.000000e+000  0.000000e+000  0.000000e+000  0.000000e+000  0.000000e+000  0.000000e+000  0.000000e+000  0.000000e+000  0.000000e+000  0.000000e+000  0.000000e+000  0.000000e+000  
5.318301e+002  5.318301e+002  5.318301e+002  5.318301e+002  5.318301e+002  5.318301e+002  5.318301e+002  5.318301e+002  5.318301e+002  5.318301e+002  5.318301e+002  5.318301e+002  5.318301e+002  5.318301e+002  5.318301e+002  5.318301e+002  5.318301e+002  5.318301e+002  0.000000e+000  
9.826939e+002  9.826939e+002  9.826939e+002  9.826939e+002  9.826939e+002  9.826939e+002  9.826939e+002  9.826939e+002  9.826939e+002  9.826939e+002  9.826939e+002  9.826939e+002  9.826939e+002  9.826939e+002  9.826939e+002  9.826939e+002  9.826939e+002  9.826939e+002  0.000000e+000  
1.283951e+003  1.283951e+003  1.283951e+003  1.283951e+003  1.283951e+003  1.283951e+003  1.283951e+003  1.283951e+003  1.283951e+003  1.283951e+003  1.283951e+003  1.283951e+003  1.283951e+003  1.283951e+003  1.283951e+003  1.283951e+003  1.283951e+003  1.283951e+003  0.000000e+000  
1.389739e+003  1.389739e+003  1.389739e+003  1.389739e+003  1.389739e+003  1.389739e+003  1.389739e+003  1.389739e+003  1.389739e+003  1.389739e+003  1.389739e+003  1.389739e+003  1.389739e+003  1.389739e+003  1.389739e+003  1.389739e+003  1.389739e+003  1.389739e+003  0.000000e+000  
1.283951e+003  1.283951e+003  1.283951e+003  1.283951e+003  1.283951e+003  1.283951e+003  1.283951e+003  1.283951e+003  1.283951e+003  1.283951e+003  1.283951e+003  1.283951e+003  1.283951e+003  1.283951e+003  1.283951e+003  1.283951e+003  1.283951e+003  1.283951e+003  0.000000e+000  
9.826939e+002  9.826939e+002  9.826939e+002  9.826939e+002  9.826939e+002  9.826939e+002  9.826939e+002  9.826939e+002  9.826939e+002  9.826939e+002  9.826939e+002  9.826939e+002  9.826939e+002  9.826939e+002  9.826939e+002  9.826939e+002  9.826939e+002  9.826939e+002  0.000000e+000  
5.318301e+002  5.318301e+002  5.318301e+002  5.318301e+002  5.318301e+002  5.318301e+002  5.318301e+002  5.318301e+002  5.318301e+002  5.318301e+002  5.318301e+002  5.318301e+002  5.318301e+002  5.318301e+002  5.318301e+002  5.318301e+002  5.318301e+002  5.318301e+002  0.000000e+000  
0.000000e+000  0.000000e+000  0.000000e+000  0.000000e+000  0.000000e+000  0.000000e+000  0.000000e+000  0.000000e+000  0.000000e+000  0.000000e+000  0.000000e+000  0.000000e+000  0.000000e+000  0.000000e+000  0.000000e+000  0.000000e+000  0.000000e+000  0.000000e+000  0.000000e+000  

0.000000e+000  -3.396132e-006  -6.281429e-006  -6.944438e-006  -8.326468e-006  -1.091059e-005  -1.233404e-005  -1.329087e-005  -1.175782e-005  -1.255001e-005  -1.401019e-005  -1.384463e-005  -1.156879e-005  -8.541017e-006  -8.912406e-006  -9.243153e-006  -6.989621e-006  -3.188429e-006  0.000000e+000  
0.000000e+000  -2.717643e-006  -4.301293e-006  -7.097521e-006  -7.767885e-006  -8.375535e-006  -1.227989e-005  -1.125759e-005  -1.197151e-005  -1.092378e-005  -1.095068e-005  -1.169340e-005  -9.648303e-006  -7.895893e-006  -8.238771e-006  -7.327701e-006  -6.223206e-006  -2.689446e-006  0.000000e+000  
0.000000e+000  -6.668787e-007  -3.552302e-006  -3.638120e-006  -4.968275e-006  -7.848111e-006  -6.940181e-006  -9.757268e-006  -8.450050e-006  -8.035291e-006  -8.357111e-006  -4.908038e-006  -5.379659e-006  -6.432413e-006  -4.418481e-006  -5.013073e-006  -3.208111e-006  -2.773699e-006  0.000000e+000  
0.000000e+000  2.396388e-007  1.068468e-006  -1.224319e-006  -3.253868e-006  -1.214360e-006  -3.688295e-006  -2.823349e-006  -4.559402e-006  -4.912570e-006  -2.159230e-006  -2.997016e-006  -1.814431e-006  -3.473645e-006  -1.739695e-006  2.382565e-007  -9.744444e-007  -1.747948e-006  0.000000e+000  
0.000000e+000  2.420544e-006  2.497135e-006  2.124821e-006  8.245303e-007  3.355679e-006  4.073935e-006  2.873362e-006  1.530153e-006  1.259453e-006  5.021520e-007  3.695370e-006  4.517181e-007  1.424129e-006  1.138203e-006  2.933454e-006  5.036552e-007  -5.289139e-007  0.000000e+000  
0.000000e+000  9.549307e-007  3.839985e-006  4.651173e-006  4.708807e-006  5.336983e-006  9.369273e-006  6.829208e-006  7.822821e-006  6.297730e-006  7.837318e-006  6.862790e-006  8.048971e-006  4.446830e-006  6.083729e-006  4.918833e-006  2.485915e-006  -6.652913e-007  0.000000e+000  
0.000000e+000  1.589912e-007  4.178258e-006  6.035169e-006  6.690847e-006  9.682743e-006  9.284564e-006  1.269585e-005  1.137215e-005  1.302446e-005  1.118315e-005  1.196819e-005  9.892999e-006  9.809256e-006  8.512391e-006  6.732342e-006  4.208768e-006  1.542786e-006  0.000000e+000  
0.000000e+000  -4.930585e-007  4.572321e-006  9.039329e-006  9.579697e-006  1.103421e-005  1.247313e-005  1.300910e-005  1.638068e-005  1.604858e-005  1.377275e-005  1.205895e-005  1.188984e-005  1.120508e-005  1.000543e-005  7.981269e-006  5.744688e-006  2.669293e-006  0.000000e+000  
0.000000e+000  0.000000e+000  0.000000e+000  0.000000e+000  0.000000e+000  0.000000e+000  0.000000e+000  0.000000e+000  0.000000e+000  0.000000e+000  0.000000e+000  0.000000e+000  0.000000e+000  0.000000e+000  0.000000e+000  0.000000e+000  0.000000e+000  0.000000e+000  0.000000e+000  

0.000000e+000  0.000000e+000  0.000000e+000  0.000000e+000  0.000000e+000  0.000000e+000  0.000000e+000  0.000000e+000  0.000000e+000  0.000000e+000  0.000000e+000  0.000000e+000  0.000000e+000  0.000000e+000  0.000000e+000  0.000000e+000  0.000000e+000  0.000000e+000  0.000000e+000  
0.000000e+000  -1.062591e-006  1.318596e-005  -7.073878e-006  4.214422e-006  2.843656e-006  -1.643984e-007  -1.145552e-006  -9.271839e-007  3.072670e-006  1.442884e-005  7.384958e-006  9.432387e-006  -2.204252e-006  5.527404e-006  -1.629101e-006  5.566065e-006  -2.183165e-006  0.000000e+000  
0.000000e+000  9.051625e-006  -1.855275e-007  1.082071e-005  4.983908e-006  -2.566477e-006  1.296777e-005  -1.332809e-006  9.948948e-006  9.084864e-006  6.897945e-006  1.996312e-005  7.840022e-006  5.774621e-006  2.790064e-006  1.472502e-005  5.421933e-006  4.097503e-006  0.000000e+000  
0.000000e+000  1.929645e-006  1.331302e-005  7.260166e-006  -6.619230e-007  1.941261e-005  -2.796235e-007  2.274146e-005  7.619769e-006  1.402319e-005  1.683506e-005  -1.095996e-006  5.232207e-006  -3.913231e-006  1.871822e-005  1.032195e-005  1.511332e-005  2.941994e-006  0.000000e+000  
0.000000e+000  4.840060e-006  5.063546e-006  1.099826e-005  1.004549e-005  1.006546e-005  1.549295e-005  1.144469e-005  2.546346e-005  1.568433e-005  1.122440e-005  1.521289e-005  -3.265043e-006  1.549710e-005  -1.238978e-006  1.779799e-005  1.903791e-006  7.201361e-006  0.000000e+000  
0.000000e+000  -1.776816e-006  7.126637e-006  6.520536e-006  1.547842e-005  -7.988585e-006  1.892865e-005  3.860111e-006  1.989120e-005  1.394464e-005  1.995257e-005  8.993947e-006  1.990572e-005  -1.132228e-008  1.952636e-005  3.168524e-006  3.932604e-006  2.051296e-006  0.000000e+000  
0.000000e+000  1.850551e-006  9.119775e-007  1.290706e-005  -5.715077e-006  2.081374e-005  -1.021568e-005  2.752046e-005  4.290043e-006  1.569453e-005  6.733907e-006  7.814150e-006  7.530338e-006  1.356334e-005  3.250083e-006  4.275905e-006  7.285753e-006  1.030561e-005  0.000000e+000  
0.000000e+000  -2.085235e-006  6.752529e-006  2.753651e-006  1.507950e-005  -2.750270e-006  2.014120e-005  7.607240e-007  1.649752e-005  4.229208e-006  -1.717130e-006  2.834194e-006  -1.287308e-007  3.269605e-006  3.339523e-006  4.742478e-006  7.103282e-006  6.726937e-006  0.000000e+000  
0.000000e+000  0.000000e+000  0.000000e+000  0.000000e+000  0.000000e+000  0.000000e+000  0.000000e+000  0.000000e+000  0.000000e+000  0.000000e+000  0.000000e+000  0.000000e+000  0.000000e+000  0.000000e+000  0.000000e+000  0.000000e+000  0.000000e+000  0.000000e+000  0.000000e+000  

0.000000e+000  0.000000e+000  0.000000e+000  0.000000e+000  0.000000e+000  0.000000e+000  0.000000e+000  0.000000e+000  0.000000e+000  0.000000e+000  0.000000e+000  0.000000e+000  0.000000e+000  0.000000e+000  0.000000e+000  0.000000e+000  0.000000e+000  0.000000e+000  0.000000e+000  
0.000000e+000  0.000000e+000  0.000000e+000  0.000000e+000  0.000000e+000  0.000000e+000  0.000000e+000  0.000000e+000  0.000000e+000  0.000000e+000  0.000000e+000  0.000000e+000  0.000000e+000  0.000000e+000  0.000000e+000  0.000000e+000  0.000000e+000  0.000000e+000  0.000000e+000  
0.000000e+000  0.000000e+000  0.000000e+000  0.000000e+000  0.000000e+000  0.000000e+000  0.000000e+000  0.000000e+000  0.000000e+000  0.000000e+000  0.000000e+000  0.000000e+000  0.000000e+000  0.000000e+000  0.000000e+000  0.000000e+000  0.000000e+000  0.000000e+000  0.000000e+000  
0.000000e+000  0.000000e+000  0.000000e+000  0.000000e+000  0.000000e+000  0.000000e+000  0.000000e+000  0.000000e+000  0.000000e+000  0.000000e+000  0.000000e+000  0.000000e+000  0.000000e+000  0.000000e+000  0.000000e+000  0.000000e+000  0.000000e+000  0.000000e+000  0.000000e+000  
0.000000e+000  0.000000e+000  0.000000e+000  0.000000e+000  0.000000e+000  0.000000e+000  0.000000e+000  0.000000e+000  0.000000e+000  0.000000e+000  0.000000e+000  0.000000e+000  0.000000e+000  0.000000e+000  0.000000e+000  0.000000e+000  0.000000e+000  0.000000e+000  0.000000e+000  
0.000000e+000  0.000000e+000  0.000000e+000  0.000000e+000  0.000000e+000  0.000000e+000  0.000000e+000  0.000000e+000  0.000000e+000  0.000000e+000  0.000000e+000  0.000000e+000  0.000000e+000  0.000000e+000  0.000000e+000  0.000000e+000  0.000000e+000  0.000000e+000  0.000000e+000  
0.000000e+000  0.000000e+000  0.000000e+000  0.000000e+000  0.000000e+000  0.000000e+000  0.000000e+000  0.000000e+000  0.000000e+000  0.000000e+000  0.000000e+000  0.000000e+000  0.000000e+000  0.000000e+000  0.000000e+000  0.000000e+000  0.000000e+000  0.000000e+000  0.000000e+000  
0.000000e+000  0.000000e+000  0.000000e+000  0.000000e+000  0.000000e+000  0.000000e+000  0.000000e+000  0.000000e+000  0.000000e+000  0.000000e+000  0.000000e+000  0.000000e+000  0.000000e+000  0.000000e+000  0.000000e+000  0.000000e+000  0.000000e+000  0.000000e+000  0.000000e+000  
0.000000e+000  0.000000e+000  0.000000e+000  0.000000e+000  0.000000e+000  0.000000e+000  0.000000e+000  0.000000e+000  0.000000e+000  0.000000e+000  0.000000e+000  0.000000e+000  0.000000e+000  0.000000e+000  0.000000e+000  0.000000e+000  0.000000e+000  0.000000e+000  0.000000e+000  

0.000000e+000  0.000000e+000  0.000000e+000  0.000000e+000  0.000000e+000  0.000000e+000  0.000000e+000  0.000000e+000  0.000000e+000  0.000000e+000  0.000000e+000  0.000000e+000  0.000000e+000  0.000000e+000  0.000000e+000  0.000000e+000  0.000000e+000  0.000000e+000  0.000000e+000  
0.000000e+000  0.000000e+000  0.000000e+000  0.000000e+000  0.000000e+000  0.000000e+000  0.000000e+000  0.000000e+000  0.000000e+000  0.000000e+000  0.000000e+000  0.000000e+000  0.000000e+000  0.000000e+000  0.000000e+000  0.000000e+000  0.000000e+000  0.000000e+000  0.000000e+000  
0.000000e+000  0.000000e+000  0.000000e+000  0.000000e+000  0.000000e+000  0.000000e+000  0.000000e+000  0.000000e+000  0.000000e+000  0.000000e+000  0.000000e+000  0.000000e+000  0.000000e+000  0.000000e+000  0.000000e+000  0.000000e+000  0.000000e+000  0.000000e+000  0.000000e+000  
0.000000e+000  0.000000e+000  0.000000e+000  0.000000e+000  0.000000e+000  0.000000e+000  0.000000e+000  0.000000e+000  0.000000e+000  0.000000e+000  0.000000e+000  0.000000e+000  0.000000e+000  0.000000e+000  0.000000e+000  0.000000e+000  0.000000e+000  0.000000e+000  0.000000e+000  
0.000000e+000  0.000000e+000  0.000000e+000  0.000000e+000  0.000000e+000  0.000000e+000  0.000000e+000  0.000000e+000  0.000000e+000  0.000000e+000  0.000000e+000  0.000000e+000  0.000000e+000  0.000000e+000  0.000000e+000  0.000000e+000  0.000000e+000  0.000000e+000  0.000000e+000  
0.000000e+000  0.000000e+000  0.000000e+000  0.000000e+000  0.000000e+000  0.000000e+000  0.000000e+000  0.000000e+000  0.000000e+000  0.000000e+000  0.000000e+000  0.000000e+000  0.000000e+000  0.000000e+000  0.000000e+000  0.000000e+000  0.000000e+000  0.000000e+000  0.000000e+000  
0.000000e+000  0.000000e+000  0.000000e+000  0.000000e+000  0.000000e+000  0.000000e+000  0.000000e+000  0.000000e+000  0.000000e+000  0.000000e+000  0.000000e+000  0.000000e+000  0.000000e+000  0.000000e+000  0.000000e+000  0.000000e+000  0.000000e+000  0.000000e+000  0.000000e+000  
0.000000e+000  0.000000e+000  0.000000e+000  0.000000e+000  0.000000e+000  0.000000e+000  0.000000e+000  0.000000e+000  0.000000e+000  0.000000e+000  0.000000e+000  0.000000e+000  0.000000e+000  0.000000e+000  0.000000e+000  0.000000e+000  0.000000e+000  0.000000e+000  0.000000e+000  
0.000000e+000  0.000000e+000  0.000000e+000  0.000000e+000  0.000000e+000  0.000000e+000  0.000000e+000  0.000000e+000  0.000000e+000  0.000000e+000  0.000000e+000  0.000000e+000  0.000000e+000  0.000000e+000  0.000000e+000  0.000000e+000  0.000000e+000  0.000000e+000  0.000000e+000  

0.000000e+000  0.000000e+000  0.000000e+000  0.000000e+000  0.000000e+000  0.000000e+000  0.000000e+000  0.000000e+000  0.000000e+000  0.000000e+000  0.000000e+000  0.000000e+000  0.000000e+000  0.000000e+000  0.000000e+000  0.000000e+000  0.000000e+000  0.000000e+000  0.000000e+000  
0.000000e+000  0.000000e+000  0.000000e+000  0.000000e+000  0.000000e+000  0.000000e+000  0.000000e+000  0.000000e+000  0.000000e+000  0.000000e+000  0.000000e+000  0.000000e+000  0.000000e+000  0.000000e+000  0.000000e+000  0.000000e+000  0.000000e+000  0.000000e+000  0.000000e+000  
0.000000e+000  0.000000e+000  0.000000e+000  0.000000e+000  0.000000e+000  0.000000e+000  0.000000e+000  0.000000e+000  0.000000e+000  0.000000e+000  0.000000e+000  0.000000e+000  0.000000e+000  0.000000e+000  0.000000e+000  0.000000e+000  0.000000e+000  0.000000e+000  0.000000e+000  
0.000000e+000  0.000000e+000  0.000000e+000  0.000000e+000  0.000000e+000  0.000000e+000  0.000000e+000  0.000000e+000  0.000000e+000  0.000000e+000  0.000000e+000  0.000000e+000  0.000000e+000  0.000000e+000  0.000000e+000  0.000000e+000  0.000000e+000  0.000000e+000  0.000000e+000  
0.000000e+000  0.000000e+000  0.000000e+000  0.000000e+000  0.000000e+000  0.000000e+000  0.000000e+000  0.000000e+000  0.000000e+000  0.000000e+000  0.000000e+000  0.000000e+000  0.000000e+000  0.000000e+000  0.000000e+000  0.000000e+000  0.000000e+000  0.000000e+000  0.000000e+000  
0.000000e+000  0.000000e+000  0.000000e+000  0.000000e+000  0.000000e+000  0.000000e+000  0.000000e+000  0.000000e+000  0.000000e+000  0.000000e+000  0.000000e+000  0.000000e+000  0.000000e+000  0.000000e+000  0.000000e+000  0.000000e+000  0.000000e+000  0.000000e+000  0.000000e+000  
0.000000e+000  0.000000e+000  0.000000e+000  0.000000e+000  0.000000e+000  0.000000e+000  0.000000e+000  0.000000e+000  0.000000e+000  0.000000e+000  0.000000e+000  0.000000e+000  0.000000e+000  0.000000e+000  0.000000e+000  0.000000e+000  0.000000e+000  0.000000e+000  0.000000e+000  
0.000000e+000  0.000000e+000  0.000000e+000  0.000000e+000  0.000000e+000  0.000000e+000  0.000000e+000  0.000000e+000  0.000000e+000  0.000000e+000  0.000000e+000  0.000000e+000  0.000000e+000  0.000000e+000  0.000000e+000  0.000000e+000  0.000000e+000  0.000000e+000  0.000000e+000  
0.000000e+000  0.000000e+000  0.000000e+000  0.000000e+000  0.000000e+000  0.000000e+000  0.000000e+000  0.000000e+000  0.000000e+000  0.000000e+000  0.000000e+000  0.000000e+000  0.000000e+000  0.000000e+000  0.000000e+000  0.000000e+000  0.000000e+000  0.000000e+000  0.000000e+000  

