Port monitor named: Port1_h3[7.5].prt

nx        = 19
ny        = 9
nz        = 32

nu        = 19
nv        = 9
iu        = 1
iv        = 1

idir      = 2
dcut      = 4.000000e-002
icut      = 32
type      = 1
frequency = 7.500000e+009

fcutoff   = 1.468865e+010
alpha     = 2.640217e+002
beta      = 0.000000e+000
accuracy  = 2.395499e-009

type          = TE
wave imp.     = 2.242908e+002
wave imp.sig. = 3.102471e-006
line imp.     = 0.000000e+000

ref. port     = 0

0.000000e+000  0.000000e+000  0.000000e+000  0.000000e+000  0.000000e+000  0.000000e+000  0.000000e+000  0.000000e+000  0.000000e+000  0.000000e+000  0.000000e+000  0.000000e+000  0.000000e+000  0.000000e+000  0.000000e+000  0.000000e+000  0.000000e+000  0.000000e+000  0.000000e+000  
0.000000e+000  0.000000e+000  0.000000e+000  0.000000e+000  0.000000e+000  0.000000e+000  0.000000e+000  0.000000e+000  0.000000e+000  0.000000e+000  0.000000e+000  0.000000e+000  0.000000e+000  0.000000e+000  0.000000e+000  0.000000e+000  0.000000e+000  0.000000e+000  0.000000e+000  
0.000000e+000  0.000000e+000  0.000000e+000  0.000000e+000  0.000000e+000  0.000000e+000  0.000000e+000  0.000000e+000  0.000000e+000  0.000000e+000  0.000000e+000  0.000000e+000  0.000000e+000  0.000000e+000  0.000000e+000  0.000000e+000  0.000000e+000  0.000000e+000  0.000000e+000  
0.000000e+000  0.000000e+000  0.000000e+000  0.000000e+000  0.000000e+000  0.000000e+000  0.000000e+000  0.000000e+000  0.000000e+000  0.000000e+000  0.000000e+000  0.000000e+000  0.000000e+000  0.000000e+000  0.000000e+000  0.000000e+000  0.000000e+000  0.000000e+000  0.000000e+000  
0.000000e+000  0.000000e+000  0.000000e+000  0.000000e+000  0.000000e+000  0.000000e+000  0.000000e+000  0.000000e+000  0.000000e+000  0.000000e+000  0.000000e+000  0.000000e+000  0.000000e+000  0.000000e+000  0.000000e+000  0.000000e+000  0.000000e+000  0.000000e+000  0.000000e+000  
0.000000e+000  0.000000e+000  0.000000e+000  0.000000e+000  0.000000e+000  0.000000e+000  0.000000e+000  0.000000e+000  0.000000e+000  0.000000e+000  0.000000e+000  0.000000e+000  0.000000e+000  0.000000e+000  0.000000e+000  0.000000e+000  0.000000e+000  0.000000e+000  0.000000e+000  
0.000000e+000  0.000000e+000  0.000000e+000  0.000000e+000  0.000000e+000  0.000000e+000  0.000000e+000  0.000000e+000  0.000000e+000  0.000000e+000  0.000000e+000  0.000000e+000  0.000000e+000  0.000000e+000  0.000000e+000  0.000000e+000  0.000000e+000  0.000000e+000  0.000000e+000  
0.000000e+000  0.000000e+000  0.000000e+000  0.000000e+000  0.000000e+000  0.000000e+000  0.000000e+000  0.000000e+000  0.000000e+000  0.000000e+000  0.000000e+000  0.000000e+000  0.000000e+000  0.000000e+000  0.000000e+000  0.000000e+000  0.000000e+000  0.000000e+000  0.000000e+000  
0.000000e+000  0.000000e+000  0.000000e+000  0.000000e+000  0.000000e+000  0.000000e+000  0.000000e+000  0.000000e+000  0.000000e+000  0.000000e+000  0.000000e+000  0.000000e+000  0.000000e+000  0.000000e+000  0.000000e+000  0.000000e+000  0.000000e+000  0.000000e+000  0.000000e+000  

0.000000e+000  0.000000e+000  0.000000e+000  0.000000e+000  0.000000e+000  0.000000e+000  0.000000e+000  0.000000e+000  0.000000e+000  0.000000e+000  0.000000e+000  0.000000e+000  0.000000e+000  0.000000e+000  0.000000e+000  0.000000e+000  0.000000e+000  0.000000e+000  0.000000e+000  
0.000000e+000  0.000000e+000  0.000000e+000  0.000000e+000  0.000000e+000  0.000000e+000  0.000000e+000  0.000000e+000  0.000000e+000  0.000000e+000  0.000000e+000  0.000000e+000  0.000000e+000  0.000000e+000  0.000000e+000  0.000000e+000  0.000000e+000  0.000000e+000  0.000000e+000  
0.000000e+000  0.000000e+000  0.000000e+000  0.000000e+000  0.000000e+000  0.000000e+000  0.000000e+000  0.000000e+000  0.000000e+000  0.000000e+000  0.000000e+000  0.000000e+000  0.000000e+000  0.000000e+000  0.000000e+000  0.000000e+000  0.000000e+000  0.000000e+000  0.000000e+000  
0.000000e+000  0.000000e+000  0.000000e+000  0.000000e+000  0.000000e+000  0.000000e+000  0.000000e+000  0.000000e+000  0.000000e+000  0.000000e+000  0.000000e+000  0.000000e+000  0.000000e+000  0.000000e+000  0.000000e+000  0.000000e+000  0.000000e+000  0.000000e+000  0.000000e+000  
0.000000e+000  0.000000e+000  0.000000e+000  0.000000e+000  0.000000e+000  0.000000e+000  0.000000e+000  0.000000e+000  0.000000e+000  0.000000e+000  0.000000e+000  0.000000e+000  0.000000e+000  0.000000e+000  0.000000e+000  0.000000e+000  0.000000e+000  0.000000e+000  0.000000e+000  
0.000000e+000  0.000000e+000  0.000000e+000  0.000000e+000  0.000000e+000  0.000000e+000  0.000000e+000  0.000000e+000  0.000000e+000  0.000000e+000  0.000000e+000  0.000000e+000  0.000000e+000  0.000000e+000  0.000000e+000  0.000000e+000  0.000000e+000  0.000000e+000  0.000000e+000  
0.000000e+000  0.000000e+000  0.000000e+000  0.000000e+000  0.000000e+000  0.000000e+000  0.000000e+000  0.000000e+000  0.000000e+000  0.000000e+000  0.000000e+000  0.000000e+000  0.000000e+000  0.000000e+000  0.000000e+000  0.000000e+000  0.000000e+000  0.000000e+000  0.000000e+000  
0.000000e+000  0.000000e+000  0.000000e+000  0.000000e+000  0.000000e+000  0.000000e+000  0.000000e+000  0.000000e+000  0.000000e+000  0.000000e+000  0.000000e+000  0.000000e+000  0.000000e+000  0.000000e+000  0.000000e+000  0.000000e+000  0.000000e+000  0.000000e+000  0.000000e+000  
0.000000e+000  0.000000e+000  0.000000e+000  0.000000e+000  0.000000e+000  0.000000e+000  0.000000e+000  0.000000e+000  0.000000e+000  0.000000e+000  0.000000e+000  0.000000e+000  0.000000e+000  0.000000e+000  0.000000e+000  0.000000e+000  0.000000e+000  0.000000e+000  0.000000e+000  

0.000000e+000  0.000000e+000  0.000000e+000  0.000000e+000  0.000000e+000  0.000000e+000  0.000000e+000  0.000000e+000  0.000000e+000  0.000000e+000  0.000000e+000  0.000000e+000  0.000000e+000  0.000000e+000  0.000000e+000  0.000000e+000  0.000000e+000  0.000000e+000  0.000000e+000  
0.000000e+000  0.000000e+000  0.000000e+000  0.000000e+000  0.000000e+000  0.000000e+000  0.000000e+000  0.000000e+000  0.000000e+000  0.000000e+000  0.000000e+000  0.000000e+000  0.000000e+000  0.000000e+000  0.000000e+000  0.000000e+000  0.000000e+000  0.000000e+000  0.000000e+000  
0.000000e+000  0.000000e+000  0.000000e+000  0.000000e+000  0.000000e+000  0.000000e+000  0.000000e+000  0.000000e+000  0.000000e+000  0.000000e+000  0.000000e+000  0.000000e+000  0.000000e+000  0.000000e+000  0.000000e+000  0.000000e+000  0.000000e+000  0.000000e+000  0.000000e+000  
0.000000e+000  0.000000e+000  0.000000e+000  0.000000e+000  0.000000e+000  0.000000e+000  0.000000e+000  0.000000e+000  0.000000e+000  0.000000e+000  0.000000e+000  0.000000e+000  0.000000e+000  0.000000e+000  0.000000e+000  0.000000e+000  0.000000e+000  0.000000e+000  0.000000e+000  
0.000000e+000  0.000000e+000  0.000000e+000  0.000000e+000  0.000000e+000  0.000000e+000  0.000000e+000  0.000000e+000  0.000000e+000  0.000000e+000  0.000000e+000  0.000000e+000  0.000000e+000  0.000000e+000  0.000000e+000  0.000000e+000  0.000000e+000  0.000000e+000  0.000000e+000  
0.000000e+000  0.000000e+000  0.000000e+000  0.000000e+000  0.000000e+000  0.000000e+000  0.000000e+000  0.000000e+000  0.000000e+000  0.000000e+000  0.000000e+000  0.000000e+000  0.000000e+000  0.000000e+000  0.000000e+000  0.000000e+000  0.000000e+000  0.000000e+000  0.000000e+000  
0.000000e+000  0.000000e+000  0.000000e+000  0.000000e+000  0.000000e+000  0.000000e+000  0.000000e+000  0.000000e+000  0.000000e+000  0.000000e+000  0.000000e+000  0.000000e+000  0.000000e+000  0.000000e+000  0.000000e+000  0.000000e+000  0.000000e+000  0.000000e+000  0.000000e+000  
0.000000e+000  0.000000e+000  0.000000e+000  0.000000e+000  0.000000e+000  0.000000e+000  0.000000e+000  0.000000e+000  0.000000e+000  0.000000e+000  0.000000e+000  0.000000e+000  0.000000e+000  0.000000e+000  0.000000e+000  0.000000e+000  0.000000e+000  0.000000e+000  0.000000e+000  
0.000000e+000  0.000000e+000  0.000000e+000  0.000000e+000  0.000000e+000  0.000000e+000  0.000000e+000  0.000000e+000  0.000000e+000  0.000000e+000  0.000000e+000  0.000000e+000  0.000000e+000  0.000000e+000  0.000000e+000  0.000000e+000  0.000000e+000  0.000000e+000  0.000000e+000  

0.000000e+000  -9.651058e-009  2.883445e-008  -1.534713e-008  -7.688913e-009  1.020907e-008  -2.542844e-008  -1.726655e-008  -2.579164e-008  -1.478015e-008  3.494536e-008  5.600058e-009  2.798294e-008  -4.115861e-008  -1.127022e-008  -2.217780e-008  -4.068948e-009  -2.131286e-008  0.000000e+000  
0.000000e+000  4.710429e-008  -4.337838e-008  1.564988e-008  -3.467047e-009  -6.155175e-008  4.334854e-008  -3.798908e-008  3.216462e-008  -4.784451e-009  -4.961932e-008  4.653390e-008  -2.764127e-008  5.623331e-008  -3.228101e-008  5.291450e-008  -1.403394e-008  1.462584e-008  0.000000e+000  
0.000000e+000  -4.289856e-008  3.683007e-008  -2.252943e-008  -4.880715e-008  6.611082e-008  -8.804875e-008  6.798328e-008  -3.337972e-008  -3.361816e-009  1.257996e-008  -1.203680e-007  -1.342367e-009  -8.320574e-008  8.625586e-008  -2.439252e-008  6.165572e-008  7.703307e-009  0.000000e+000  
0.000000e+000  8.996587e-009  -3.282072e-008  1.910516e-008  3.510438e-008  -4.077132e-008  3.856193e-008  -4.401740e-008  4.072382e-008  1.582815e-008  -9.344124e-009  7.926257e-008  -7.293586e-008  9.158363e-008  -7.824966e-008  2.525672e-008  -5.544411e-008  3.697107e-009  0.000000e+000  
0.000000e+000  -2.518490e-008  2.049052e-008  -2.851918e-008  1.945739e-008  -7.743717e-008  4.584017e-008  -4.553796e-008  -9.078417e-009  -2.087842e-008  3.591972e-008  -4.159510e-008  1.181580e-007  -7.055822e-008  8.098316e-008  -5.319302e-008  1.263607e-008  2.603894e-009  0.000000e+000  
0.000000e+000  2.337973e-008  -3.876814e-008  4.653988e-008  -7.942691e-008  1.367558e-007  -1.050857e-007  1.434414e-007  -4.175568e-008  4.923421e-008  -5.122580e-008  1.335410e-008  -6.287719e-008  5.459267e-008  -8.157273e-008  1.338610e-008  1.825032e-008  3.729966e-008  0.000000e+000  
0.000000e+000  -5.867135e-009  4.086823e-008  -2.244118e-008  1.180596e-007  -7.494110e-008  1.630667e-007  -9.411020e-008  8.417299e-008  -4.237695e-008  -2.982863e-009  -1.804395e-008  1.500933e-008  -2.665183e-008  2.487992e-008  1.257319e-008  -1.154867e-009  -1.330522e-008  0.000000e+000  
0.000000e+000  3.590055e-009  -6.625863e-009  8.490885e-009  -4.626899e-008  4.139437e-008  -6.866585e-008  3.112628e-008  -4.505910e-008  2.117581e-008  2.496137e-008  3.772244e-008  8.933346e-009  1.868227e-008  7.980988e-009  -5.792540e-009  -1.877227e-008  -3.661433e-008  0.000000e+000  
0.000000e+000  0.000000e+000  0.000000e+000  0.000000e+000  0.000000e+000  0.000000e+000  0.000000e+000  0.000000e+000  0.000000e+000  0.000000e+000  0.000000e+000  0.000000e+000  0.000000e+000  0.000000e+000  0.000000e+000  0.000000e+000  0.000000e+000  0.000000e+000  0.000000e+000  

0.000000e+000  0.000000e+000  0.000000e+000  0.000000e+000  0.000000e+000  0.000000e+000  0.000000e+000  0.000000e+000  0.000000e+000  0.000000e+000  0.000000e+000  0.000000e+000  0.000000e+000  0.000000e+000  0.000000e+000  0.000000e+000  0.000000e+000  0.000000e+000  0.000000e+000  
2.371177e+000  2.371177e+000  2.371177e+000  2.371177e+000  2.371177e+000  2.371177e+000  2.371177e+000  2.371177e+000  2.371177e+000  2.371177e+000  2.371177e+000  2.371177e+000  2.371177e+000  2.371177e+000  2.371177e+000  2.371177e+000  2.371177e+000  2.371177e+000  0.000000e+000  
4.381364e+000  4.381364e+000  4.381364e+000  4.381364e+000  4.381364e+000  4.381364e+000  4.381364e+000  4.381364e+000  4.381364e+000  4.381364e+000  4.381364e+000  4.381364e+000  4.381364e+000  4.381364e+000  4.381364e+000  4.381364e+000  4.381364e+000  4.381364e+000  0.000000e+000  
5.724528e+000  5.724528e+000  5.724528e+000  5.724528e+000  5.724528e+000  5.724528e+000  5.724528e+000  5.724528e+000  5.724528e+000  5.724528e+000  5.724528e+000  5.724528e+000  5.724528e+000  5.724528e+000  5.724528e+000  5.724528e+000  5.724528e+000  5.724528e+000  0.000000e+000  
6.196184e+000  6.196184e+000  6.196184e+000  6.196184e+000  6.196184e+000  6.196184e+000  6.196184e+000  6.196184e+000  6.196184e+000  6.196184e+000  6.196184e+000  6.196184e+000  6.196184e+000  6.196184e+000  6.196184e+000  6.196184e+000  6.196184e+000  6.196184e+000  0.000000e+000  
5.724528e+000  5.724528e+000  5.724528e+000  5.724528e+000  5.724528e+000  5.724528e+000  5.724528e+000  5.724528e+000  5.724528e+000  5.724528e+000  5.724528e+000  5.724528e+000  5.724528e+000  5.724528e+000  5.724528e+000  5.724528e+000  5.724528e+000  5.724528e+000  0.000000e+000  
4.381364e+000  4.381364e+000  4.381364e+000  4.381364e+000  4.381364e+000  4.381364e+000  4.381364e+000  4.381364e+000  4.381364e+000  4.381364e+000  4.381364e+000  4.381364e+000  4.381364e+000  4.381364e+000  4.381364e+000  4.381364e+000  4.381364e+000  4.381364e+000  0.000000e+000  
2.371177e+000  2.371177e+000  2.371177e+000  2.371177e+000  2.371177e+000  2.371177e+000  2.371177e+000  2.371177e+000  2.371177e+000  2.371177e+000  2.371177e+000  2.371177e+000  2.371177e+000  2.371177e+000  2.371177e+000  2.371177e+000  2.371177e+000  2.371177e+000  0.000000e+000  
0.000000e+000  0.000000e+000  0.000000e+000  0.000000e+000  0.000000e+000  0.000000e+000  0.000000e+000  0.000000e+000  0.000000e+000  0.000000e+000  0.000000e+000  0.000000e+000  0.000000e+000  0.000000e+000  0.000000e+000  0.000000e+000  0.000000e+000  0.000000e+000  0.000000e+000  

7.071649e+000  7.071649e+000  7.071649e+000  7.071649e+000  7.071649e+000  7.071649e+000  7.071649e+000  7.071649e+000  7.071649e+000  7.071649e+000  7.071649e+000  7.071649e+000  7.071649e+000  7.071649e+000  7.071649e+000  7.071649e+000  7.071649e+000  7.071649e+000  0.000000e+000  
5.995055e+000  5.995055e+000  5.995055e+000  5.995055e+000  5.995055e+000  5.995055e+000  5.995055e+000  5.995055e+000  5.995055e+000  5.995055e+000  5.995055e+000  5.995055e+000  5.995055e+000  5.995055e+000  5.995055e+000  5.995055e+000  5.995055e+000  5.995055e+000  0.000000e+000  
4.005768e+000  4.005768e+000  4.005768e+000  4.005768e+000  4.005768e+000  4.005768e+000  4.005768e+000  4.005768e+000  4.005768e+000  4.005768e+000  4.005768e+000  4.005768e+000  4.005768e+000  4.005768e+000  4.005768e+000  4.005768e+000  4.005768e+000  4.005768e+000  0.000000e+000  
1.406639e+000  1.406639e+000  1.406639e+000  1.406639e+000  1.406639e+000  1.406638e+000  1.406639e+000  1.406639e+000  1.406638e+000  1.406639e+000  1.406638e+000  1.406638e+000  1.406638e+000  1.406638e+000  1.406639e+000  1.406638e+000  1.406638e+000  1.406638e+000  0.000000e+000  
-1.406638e+000  -1.406639e+000  -1.406639e+000  -1.406639e+000  -1.406639e+000  -1.406638e+000  -1.406639e+000  -1.406639e+000  -1.406638e+000  -1.406639e+000  -1.406638e+000  -1.406639e+000  -1.406638e+000  -1.406638e+000  -1.406638e+000  -1.406638e+000  -1.406638e+000  -1.406638e+000  0.000000e+000  
-4.005768e+000  -4.005768e+000  -4.005768e+000  -4.005768e+000  -4.005768e+000  -4.005768e+000  -4.005768e+000  -4.005768e+000  -4.005768e+000  -4.005768e+000  -4.005768e+000  -4.005768e+000  -4.005768e+000  -4.005768e+000  -4.005768e+000  -4.005768e+000  -4.005768e+000  -4.005768e+000  0.000000e+000  
-5.995055e+000  -5.995055e+000  -5.995055e+000  -5.995055e+000  -5.995055e+000  -5.995055e+000  -5.995055e+000  -5.995055e+000  -5.995055e+000  -5.995055e+000  -5.995055e+000  -5.995055e+000  -5.995055e+000  -5.995055e+000  -5.995055e+000  -5.995055e+000  -5.995055e+000  -5.995055e+000  0.000000e+000  
-7.071649e+000  -7.071649e+000  -7.071649e+000  -7.071649e+000  -7.071649e+000  -7.071649e+000  -7.071649e+000  -7.071649e+000  -7.071649e+000  -7.071649e+000  -7.071649e+000  -7.071649e+000  -7.071649e+000  -7.071649e+000  -7.071649e+000  -7.071649e+000  -7.071649e+000  -7.071649e+000  0.000000e+000  
0.000000e+000  0.000000e+000  0.000000e+000  0.000000e+000  0.000000e+000  0.000000e+000  0.000000e+000  0.000000e+000  0.000000e+000  0.000000e+000  0.000000e+000  0.000000e+000  0.000000e+000  0.000000e+000  0.000000e+000  0.000000e+000  0.000000e+000  0.000000e+000  0.000000e+000  

