Port monitor named: Port1_e2[7.5].prt

nx        = 19
ny        = 9
nz        = 32

nu        = 19
nv        = 9
iu        = 1
iv        = 1

idir      = 2
dcut      = 4.000000e-002
icut      = 32
type      = 0
frequency = 7.500000e+009

fcutoff   = 1.306872e+010
alpha     = 2.238284e+002
beta      = 0.000000e+000
accuracy  = 7.486376e-010

type          = TE
wave imp.     = 2.645670e+002
wave imp.sig. = 1.556495e-006
line imp.     = 0.000000e+000

ref. port     = 0

0.000000e+000  0.000000e+000  0.000000e+000  0.000000e+000  0.000000e+000  0.000000e+000  0.000000e+000  0.000000e+000  0.000000e+000  0.000000e+000  0.000000e+000  0.000000e+000  0.000000e+000  0.000000e+000  0.000000e+000  0.000000e+000  0.000000e+000  0.000000e+000  0.000000e+000  
-2.291153e-007  1.019373e-007  -2.934999e-007  1.668675e-007  -1.238451e-007  3.051296e-007  2.389438e-008  2.892380e-007  1.417963e-008  1.288128e-007  -2.185034e-007  -1.461705e-007  1.100447e-007  -9.547740e-008  -1.583130e-007  1.721323e-007  1.052699e-007  1.524283e-007  0.000000e+000  
-2.203002e-007  -3.041885e-007  1.248150e-007  -2.370715e-007  7.609926e-008  1.038951e-008  1.924201e-008  1.385638e-007  2.964094e-007  0.000000e+000  -2.342449e-007  -1.111992e-007  -8.308007e-008  8.844765e-008  1.496542e-007  1.432621e-007  6.688765e-007  3.263310e-007  0.000000e+000  
-5.506609e-007  -2.785610e-007  -2.885750e-008  1.032161e-008  2.599897e-007  6.190013e-008  2.676662e-007  -4.411402e-008  1.318286e-007  -1.429679e-007  -3.685580e-007  -4.385679e-007  -8.032623e-008  8.683775e-008  7.495307e-008  3.413510e-007  3.414137e-007  3.583373e-007  0.000000e+000  
-7.034705e-007  -2.879304e-007  -3.264487e-007  -3.462112e-008  0.000000e+000  2.575302e-007  2.369950e-007  3.989713e-007  -2.153414e-007  -2.789589e-007  -4.999528e-007  -5.470730e-007  -4.779003e-007  -1.988140e-007  3.306371e-007  1.521628e-007  5.152498e-007  3.364875e-007  0.000000e+000  
-3.068055e-007  -4.098749e-007  -1.198676e-007  -1.806756e-007  -1.688801e-007  3.249373e-007  3.123115e-007  3.012152e-007  2.243999e-008  -1.717142e-007  -2.907275e-007  -5.637515e-007  -6.088766e-007  7.553628e-008  9.789612e-008  3.599887e-007  4.664501e-007  3.474880e-007  0.000000e+000  
-3.438990e-007  -1.856438e-007  -6.072562e-008  -6.244980e-008  3.776971e-007  2.641081e-007  4.428289e-007  2.562489e-007  4.892417e-008  0.000000e+000  -2.222648e-007  -2.166313e-007  -3.214646e-007  0.000000e+000  3.439331e-007  2.045357e-007  4.245317e-007  1.694373e-007  0.000000e+000  
-1.088779e-007  -8.865663e-008  -1.538476e-007  1.997131e-007  1.563214e-007  3.225965e-007  2.081403e-007  0.000000e+000  0.000000e+000  -1.188942e-007  2.545490e-008  -3.316182e-007  -2.668899e-008  1.311308e-007  8.778107e-008  1.264516e-007  1.852539e-007  1.516065e-007  0.000000e+000  
0.000000e+000  0.000000e+000  0.000000e+000  0.000000e+000  0.000000e+000  0.000000e+000  0.000000e+000  0.000000e+000  0.000000e+000  0.000000e+000  0.000000e+000  0.000000e+000  0.000000e+000  0.000000e+000  0.000000e+000  0.000000e+000  0.000000e+000  0.000000e+000  0.000000e+000  

0.000000e+000  -5.162375e+002  -9.702091e+002  -1.307159e+003  -1.486447e+003  -1.486447e+003  -1.307159e+003  -9.702091e+002  -5.162375e+002  2.583086e-007  5.162375e+002  9.702091e+002  1.307159e+003  1.486447e+003  1.486447e+003  1.307159e+003  9.702091e+002  5.162375e+002  0.000000e+000  
0.000000e+000  -5.162375e+002  -9.702091e+002  -1.307159e+003  -1.486447e+003  -1.486447e+003  -1.307159e+003  -9.702091e+002  -5.162375e+002  3.202329e-007  5.162375e+002  9.702091e+002  1.307159e+003  1.486447e+003  1.486447e+003  1.307159e+003  9.702091e+002  5.162375e+002  0.000000e+000  
0.000000e+000  -5.162375e+002  -9.702091e+002  -1.307159e+003  -1.486447e+003  -1.486447e+003  -1.307159e+003  -9.702091e+002  -5.162375e+002  3.229856e-007  5.162375e+002  9.702091e+002  1.307159e+003  1.486447e+003  1.486447e+003  1.307159e+003  9.702091e+002  5.162375e+002  0.000000e+000  
0.000000e+000  -5.162375e+002  -9.702091e+002  -1.307159e+003  -1.486447e+003  -1.486447e+003  -1.307159e+003  -9.702091e+002  -5.162375e+002  3.124447e-007  5.162375e+002  9.702091e+002  1.307159e+003  1.486447e+003  1.486447e+003  1.307159e+003  9.702091e+002  5.162375e+002  0.000000e+000  
0.000000e+000  -5.162375e+002  -9.702091e+002  -1.307159e+003  -1.486447e+003  -1.486447e+003  -1.307159e+003  -9.702091e+002  -5.162375e+002  1.473999e-007  5.162375e+002  9.702091e+002  1.307159e+003  1.486447e+003  1.486447e+003  1.307159e+003  9.702091e+002  5.162375e+002  0.000000e+000  
0.000000e+000  -5.162375e+002  -9.702091e+002  -1.307159e+003  -1.486447e+003  -1.486447e+003  -1.307159e+003  -9.702091e+002  -5.162375e+002  -1.068917e-007  5.162375e+002  9.702091e+002  1.307159e+003  1.486447e+003  1.486447e+003  1.307159e+003  9.702091e+002  5.162375e+002  0.000000e+000  
0.000000e+000  -5.162375e+002  -9.702091e+002  -1.307159e+003  -1.486447e+003  -1.486447e+003  -1.307159e+003  -9.702091e+002  -5.162375e+002  -2.149413e-007  5.162375e+002  9.702091e+002  1.307159e+003  1.486447e+003  1.486447e+003  1.307159e+003  9.702091e+002  5.162375e+002  0.000000e+000  
0.000000e+000  -5.162375e+002  -9.702091e+002  -1.307159e+003  -1.486447e+003  -1.486447e+003  -1.307159e+003  -9.702091e+002  -5.162375e+002  -6.435116e-007  5.162375e+002  9.702091e+002  1.307159e+003  1.486447e+003  1.486447e+003  1.307159e+003  9.702091e+002  5.162375e+002  0.000000e+000  
0.000000e+000  0.000000e+000  0.000000e+000  0.000000e+000  0.000000e+000  0.000000e+000  0.000000e+000  0.000000e+000  0.000000e+000  0.000000e+000  0.000000e+000  0.000000e+000  0.000000e+000  0.000000e+000  0.000000e+000  0.000000e+000  0.000000e+000  0.000000e+000  0.000000e+000  

0.000000e+000  0.000000e+000  0.000000e+000  0.000000e+000  0.000000e+000  0.000000e+000  0.000000e+000  0.000000e+000  0.000000e+000  0.000000e+000  0.000000e+000  0.000000e+000  0.000000e+000  0.000000e+000  0.000000e+000  0.000000e+000  0.000000e+000  0.000000e+000  0.000000e+000  
0.000000e+000  1.223801e-006  -1.248676e-006  2.483620e-006  -1.622917e-006  1.279248e-006  -1.530232e-006  1.114114e-006  -1.598625e-007  6.211083e-007  -8.826524e-007  5.819367e-007  1.932576e-006  -5.705240e-007  3.872531e-008  9.321246e-007  -1.681015e-007  -5.754641e-007  0.000000e+000  
0.000000e+000  -6.026939e-007  9.988364e-007  -2.824559e-006  1.934166e-006  -5.285758e-007  -7.283878e-007  4.094868e-007  5.347022e-008  -1.033049e-006  -3.230221e-007  5.892203e-007  -2.857336e-007  2.049492e-006  3.207034e-007  9.616668e-007  1.717768e-006  -6.687125e-007  0.000000e+000  
0.000000e+000  6.034381e-007  -5.063695e-007  5.258135e-007  5.846818e-007  -1.345258e-006  9.808230e-007  -2.253372e-006  4.464461e-007  -1.003783e-006  -8.894441e-007  4.924573e-007  2.418759e-006  2.785442e-007  7.247443e-007  9.277767e-007  -2.839705e-008  -1.831249e-008  0.000000e+000  
0.000000e+000  1.453724e-006  5.949689e-007  9.449446e-007  3.470263e-007  7.769278e-007  -1.884868e-006  6.436125e-007  -3.819820e-006  -8.044069e-007  -3.065960e-007  -2.699117e-007  5.759611e-007  2.098952e-006  2.635444e-006  -4.380555e-007  2.000031e-006  -1.139965e-006  0.000000e+000  
0.000000e+000  2.649127e-007  9.334485e-007  1.591109e-007  4.720910e-007  1.796754e-006  -1.101538e-007  -1.191014e-006  -1.546965e-006  -1.577579e-006  -1.214723e-006  -1.927789e-006  -1.071156e-007  2.293060e-006  1.037861e-007  1.731191e-006  6.110774e-007  6.441422e-007  0.000000e+000  
0.000000e+000  2.677751e-007  7.474695e-007  1.360954e-007  2.104454e-006  9.769900e-008  1.435089e-006  -8.822261e-007  -1.419166e-006  -5.522151e-007  -2.069090e-006  2.599017e-007  -9.774821e-007  1.556116e-006  5.869412e-007  -1.548012e-007  8.632367e-007  -6.129969e-007  0.000000e+000  
0.000000e+000  9.605806e-007  -6.441250e-008  7.805278e-007  -4.565324e-007  1.013201e-006  -3.233578e-007  -1.011972e-006  -1.243030e-006  -1.925915e-006  0.000000e+000  -1.811477e-006  2.757936e-006  6.895034e-007  6.843160e-007  -1.766845e-007  5.008819e-007  -1.864160e-007  0.000000e+000  
0.000000e+000  0.000000e+000  0.000000e+000  0.000000e+000  0.000000e+000  0.000000e+000  0.000000e+000  0.000000e+000  0.000000e+000  0.000000e+000  0.000000e+000  0.000000e+000  0.000000e+000  0.000000e+000  0.000000e+000  0.000000e+000  0.000000e+000  0.000000e+000  0.000000e+000  

0.000000e+000  0.000000e+000  0.000000e+000  0.000000e+000  0.000000e+000  0.000000e+000  0.000000e+000  0.000000e+000  0.000000e+000  0.000000e+000  0.000000e+000  0.000000e+000  0.000000e+000  0.000000e+000  0.000000e+000  0.000000e+000  0.000000e+000  0.000000e+000  0.000000e+000  
0.000000e+000  0.000000e+000  0.000000e+000  0.000000e+000  0.000000e+000  0.000000e+000  0.000000e+000  0.000000e+000  0.000000e+000  0.000000e+000  0.000000e+000  0.000000e+000  0.000000e+000  0.000000e+000  0.000000e+000  0.000000e+000  0.000000e+000  0.000000e+000  0.000000e+000  
0.000000e+000  0.000000e+000  0.000000e+000  0.000000e+000  0.000000e+000  0.000000e+000  0.000000e+000  0.000000e+000  0.000000e+000  0.000000e+000  0.000000e+000  0.000000e+000  0.000000e+000  0.000000e+000  0.000000e+000  0.000000e+000  0.000000e+000  0.000000e+000  0.000000e+000  
0.000000e+000  0.000000e+000  0.000000e+000  0.000000e+000  0.000000e+000  0.000000e+000  0.000000e+000  0.000000e+000  0.000000e+000  0.000000e+000  0.000000e+000  0.000000e+000  0.000000e+000  0.000000e+000  0.000000e+000  0.000000e+000  0.000000e+000  0.000000e+000  0.000000e+000  
0.000000e+000  0.000000e+000  0.000000e+000  0.000000e+000  0.000000e+000  0.000000e+000  0.000000e+000  0.000000e+000  0.000000e+000  0.000000e+000  0.000000e+000  0.000000e+000  0.000000e+000  0.000000e+000  0.000000e+000  0.000000e+000  0.000000e+000  0.000000e+000  0.000000e+000  
0.000000e+000  0.000000e+000  0.000000e+000  0.000000e+000  0.000000e+000  0.000000e+000  0.000000e+000  0.000000e+000  0.000000e+000  0.000000e+000  0.000000e+000  0.000000e+000  0.000000e+000  0.000000e+000  0.000000e+000  0.000000e+000  0.000000e+000  0.000000e+000  0.000000e+000  
0.000000e+000  0.000000e+000  0.000000e+000  0.000000e+000  0.000000e+000  0.000000e+000  0.000000e+000  0.000000e+000  0.000000e+000  0.000000e+000  0.000000e+000  0.000000e+000  0.000000e+000  0.000000e+000  0.000000e+000  0.000000e+000  0.000000e+000  0.000000e+000  0.000000e+000  
0.000000e+000  0.000000e+000  0.000000e+000  0.000000e+000  0.000000e+000  0.000000e+000  0.000000e+000  0.000000e+000  0.000000e+000  0.000000e+000  0.000000e+000  0.000000e+000  0.000000e+000  0.000000e+000  0.000000e+000  0.000000e+000  0.000000e+000  0.000000e+000  0.000000e+000  
0.000000e+000  0.000000e+000  0.000000e+000  0.000000e+000  0.000000e+000  0.000000e+000  0.000000e+000  0.000000e+000  0.000000e+000  0.000000e+000  0.000000e+000  0.000000e+000  0.000000e+000  0.000000e+000  0.000000e+000  0.000000e+000  0.000000e+000  0.000000e+000  0.000000e+000  

0.000000e+000  0.000000e+000  0.000000e+000  0.000000e+000  0.000000e+000  0.000000e+000  0.000000e+000  0.000000e+000  0.000000e+000  0.000000e+000  0.000000e+000  0.000000e+000  0.000000e+000  0.000000e+000  0.000000e+000  0.000000e+000  0.000000e+000  0.000000e+000  0.000000e+000  
0.000000e+000  0.000000e+000  0.000000e+000  0.000000e+000  0.000000e+000  0.000000e+000  0.000000e+000  0.000000e+000  0.000000e+000  0.000000e+000  0.000000e+000  0.000000e+000  0.000000e+000  0.000000e+000  0.000000e+000  0.000000e+000  0.000000e+000  0.000000e+000  0.000000e+000  
0.000000e+000  0.000000e+000  0.000000e+000  0.000000e+000  0.000000e+000  0.000000e+000  0.000000e+000  0.000000e+000  0.000000e+000  0.000000e+000  0.000000e+000  0.000000e+000  0.000000e+000  0.000000e+000  0.000000e+000  0.000000e+000  0.000000e+000  0.000000e+000  0.000000e+000  
0.000000e+000  0.000000e+000  0.000000e+000  0.000000e+000  0.000000e+000  0.000000e+000  0.000000e+000  0.000000e+000  0.000000e+000  0.000000e+000  0.000000e+000  0.000000e+000  0.000000e+000  0.000000e+000  0.000000e+000  0.000000e+000  0.000000e+000  0.000000e+000  0.000000e+000  
0.000000e+000  0.000000e+000  0.000000e+000  0.000000e+000  0.000000e+000  0.000000e+000  0.000000e+000  0.000000e+000  0.000000e+000  0.000000e+000  0.000000e+000  0.000000e+000  0.000000e+000  0.000000e+000  0.000000e+000  0.000000e+000  0.000000e+000  0.000000e+000  0.000000e+000  
0.000000e+000  0.000000e+000  0.000000e+000  0.000000e+000  0.000000e+000  0.000000e+000  0.000000e+000  0.000000e+000  0.000000e+000  0.000000e+000  0.000000e+000  0.000000e+000  0.000000e+000  0.000000e+000  0.000000e+000  0.000000e+000  0.000000e+000  0.000000e+000  0.000000e+000  
0.000000e+000  0.000000e+000  0.000000e+000  0.000000e+000  0.000000e+000  0.000000e+000  0.000000e+000  0.000000e+000  0.000000e+000  0.000000e+000  0.000000e+000  0.000000e+000  0.000000e+000  0.000000e+000  0.000000e+000  0.000000e+000  0.000000e+000  0.000000e+000  0.000000e+000  
0.000000e+000  0.000000e+000  0.000000e+000  0.000000e+000  0.000000e+000  0.000000e+000  0.000000e+000  0.000000e+000  0.000000e+000  0.000000e+000  0.000000e+000  0.000000e+000  0.000000e+000  0.000000e+000  0.000000e+000  0.000000e+000  0.000000e+000  0.000000e+000  0.000000e+000  
0.000000e+000  0.000000e+000  0.000000e+000  0.000000e+000  0.000000e+000  0.000000e+000  0.000000e+000  0.000000e+000  0.000000e+000  0.000000e+000  0.000000e+000  0.000000e+000  0.000000e+000  0.000000e+000  0.000000e+000  0.000000e+000  0.000000e+000  0.000000e+000  0.000000e+000  

0.000000e+000  0.000000e+000  0.000000e+000  0.000000e+000  0.000000e+000  0.000000e+000  0.000000e+000  0.000000e+000  0.000000e+000  0.000000e+000  0.000000e+000  0.000000e+000  0.000000e+000  0.000000e+000  0.000000e+000  0.000000e+000  0.000000e+000  0.000000e+000  0.000000e+000  
0.000000e+000  0.000000e+000  0.000000e+000  0.000000e+000  0.000000e+000  0.000000e+000  0.000000e+000  0.000000e+000  0.000000e+000  0.000000e+000  0.000000e+000  0.000000e+000  0.000000e+000  0.000000e+000  0.000000e+000  0.000000e+000  0.000000e+000  0.000000e+000  0.000000e+000  
0.000000e+000  0.000000e+000  0.000000e+000  0.000000e+000  0.000000e+000  0.000000e+000  0.000000e+000  0.000000e+000  0.000000e+000  0.000000e+000  0.000000e+000  0.000000e+000  0.000000e+000  0.000000e+000  0.000000e+000  0.000000e+000  0.000000e+000  0.000000e+000  0.000000e+000  
0.000000e+000  0.000000e+000  0.000000e+000  0.000000e+000  0.000000e+000  0.000000e+000  0.000000e+000  0.000000e+000  0.000000e+000  0.000000e+000  0.000000e+000  0.000000e+000  0.000000e+000  0.000000e+000  0.000000e+000  0.000000e+000  0.000000e+000  0.000000e+000  0.000000e+000  
0.000000e+000  0.000000e+000  0.000000e+000  0.000000e+000  0.000000e+000  0.000000e+000  0.000000e+000  0.000000e+000  0.000000e+000  0.000000e+000  0.000000e+000  0.000000e+000  0.000000e+000  0.000000e+000  0.000000e+000  0.000000e+000  0.000000e+000  0.000000e+000  0.000000e+000  
0.000000e+000  0.000000e+000  0.000000e+000  0.000000e+000  0.000000e+000  0.000000e+000  0.000000e+000  0.000000e+000  0.000000e+000  0.000000e+000  0.000000e+000  0.000000e+000  0.000000e+000  0.000000e+000  0.000000e+000  0.000000e+000  0.000000e+000  0.000000e+000  0.000000e+000  
0.000000e+000  0.000000e+000  0.000000e+000  0.000000e+000  0.000000e+000  0.000000e+000  0.000000e+000  0.000000e+000  0.000000e+000  0.000000e+000  0.000000e+000  0.000000e+000  0.000000e+000  0.000000e+000  0.000000e+000  0.000000e+000  0.000000e+000  0.000000e+000  0.000000e+000  
0.000000e+000  0.000000e+000  0.000000e+000  0.000000e+000  0.000000e+000  0.000000e+000  0.000000e+000  0.000000e+000  0.000000e+000  0.000000e+000  0.000000e+000  0.000000e+000  0.000000e+000  0.000000e+000  0.000000e+000  0.000000e+000  0.000000e+000  0.000000e+000  0.000000e+000  
0.000000e+000  0.000000e+000  0.000000e+000  0.000000e+000  0.000000e+000  0.000000e+000  0.000000e+000  0.000000e+000  0.000000e+000  0.000000e+000  0.000000e+000  0.000000e+000  0.000000e+000  0.000000e+000  0.000000e+000  0.000000e+000  0.000000e+000  0.000000e+000  0.000000e+000  

