Port monitor named: Port2_e3[7.5].prt

nx        = 19
ny        = 9
nz        = 32

nu        = 19
nv        = 9
iu        = 1
iv        = 1

idir      = 2
dcut      = 0.000000e+000
icut      = 1
type      = 0
frequency = 7.500000e+009

fcutoff   = 1.468865e+010
alpha     = 2.640217e+002
beta      = 0.000000e+000
accuracy  = 7.061877e-009

type          = TE
wave imp.     = 2.242908e+002
wave imp.sig. = 9.447266e-006
line imp.     = 0.000000e+000

ref. port     = 0

0.000000e+000  0.000000e+000  0.000000e+000  0.000000e+000  0.000000e+000  0.000000e+000  0.000000e+000  0.000000e+000  0.000000e+000  0.000000e+000  0.000000e+000  0.000000e+000  0.000000e+000  0.000000e+000  0.000000e+000  0.000000e+000  0.000000e+000  0.000000e+000  0.000000e+000  
5.318331e+002  5.318331e+002  5.318331e+002  5.318331e+002  5.318331e+002  5.318331e+002  5.318331e+002  5.318331e+002  5.318331e+002  5.318331e+002  5.318331e+002  5.318331e+002  5.318331e+002  5.318331e+002  5.318331e+002  5.318331e+002  5.318331e+002  5.318331e+002  0.000000e+000  
9.826995e+002  9.826995e+002  9.826995e+002  9.826995e+002  9.826995e+002  9.826995e+002  9.826995e+002  9.826995e+002  9.826995e+002  9.826995e+002  9.826995e+002  9.826995e+002  9.826995e+002  9.826995e+002  9.826995e+002  9.826995e+002  9.826995e+002  9.826995e+002  0.000000e+000  
1.283959e+003  1.283959e+003  1.283959e+003  1.283959e+003  1.283959e+003  1.283959e+003  1.283959e+003  1.283959e+003  1.283959e+003  1.283959e+003  1.283959e+003  1.283959e+003  1.283959e+003  1.283959e+003  1.283959e+003  1.283959e+003  1.283959e+003  1.283959e+003  0.000000e+000  
1.389747e+003  1.389747e+003  1.389747e+003  1.389747e+003  1.389747e+003  1.389747e+003  1.389747e+003  1.389747e+003  1.389747e+003  1.389747e+003  1.389747e+003  1.389747e+003  1.389747e+003  1.389747e+003  1.389747e+003  1.389747e+003  1.389747e+003  1.389747e+003  0.000000e+000  
1.283959e+003  1.283959e+003  1.283959e+003  1.283959e+003  1.283959e+003  1.283959e+003  1.283959e+003  1.283959e+003  1.283959e+003  1.283959e+003  1.283959e+003  1.283959e+003  1.283959e+003  1.283959e+003  1.283959e+003  1.283959e+003  1.283959e+003  1.283959e+003  0.000000e+000  
9.826995e+002  9.826995e+002  9.826995e+002  9.826995e+002  9.826995e+002  9.826995e+002  9.826995e+002  9.826995e+002  9.826995e+002  9.826995e+002  9.826995e+002  9.826995e+002  9.826995e+002  9.826995e+002  9.826995e+002  9.826995e+002  9.826995e+002  9.826995e+002  0.000000e+000  
5.318331e+002  5.318331e+002  5.318331e+002  5.318331e+002  5.318331e+002  5.318331e+002  5.318331e+002  5.318331e+002  5.318331e+002  5.318331e+002  5.318331e+002  5.318331e+002  5.318331e+002  5.318331e+002  5.318331e+002  5.318331e+002  5.318331e+002  5.318331e+002  0.000000e+000  
0.000000e+000  0.000000e+000  0.000000e+000  0.000000e+000  0.000000e+000  0.000000e+000  0.000000e+000  0.000000e+000  0.000000e+000  0.000000e+000  0.000000e+000  0.000000e+000  0.000000e+000  0.000000e+000  0.000000e+000  0.000000e+000  0.000000e+000  0.000000e+000  0.000000e+000  

0.000000e+000  -5.622829e-006  -9.268901e-006  -1.116748e-005  -1.549095e-005  -1.844338e-005  -2.044791e-005  -2.118623e-005  -2.024636e-005  -1.973918e-005  -1.527162e-005  -1.382780e-005  -9.414554e-006  -6.766326e-006  -7.106554e-006  -5.813953e-006  -2.475501e-006  -3.567794e-007  0.000000e+000  
0.000000e+000  -4.305683e-006  -5.989873e-006  -8.697187e-006  -1.082406e-005  -1.674492e-005  -1.614530e-005  -1.630784e-005  -1.938833e-005  -1.487720e-005  -1.624952e-005  -1.075573e-005  -8.243257e-006  -6.153157e-006  -6.434710e-006  -4.708115e-006  -3.468590e-006  -9.314048e-007  0.000000e+000  
0.000000e+000  -2.543793e-006  -4.342255e-006  -4.720034e-006  -8.215065e-006  -1.046053e-005  -1.016181e-005  -1.170105e-005  -9.872457e-006  -1.333440e-005  -8.208548e-006  -7.338018e-006  -3.556674e-006  -3.697241e-006  -3.792959e-006  -2.257700e-006  -4.793442e-007  -1.310558e-006  0.000000e+000  
0.000000e+000  -1.966199e-006  -2.468769e-006  -1.548666e-006  -2.402597e-006  -3.784299e-006  -3.483345e-006  -1.413528e-006  -3.602919e-006  -1.129242e-006  -3.633455e-006  -2.291438e-007  -9.575850e-007  -1.211003e-006  3.421987e-007  1.210897e-006  2.242488e-006  -1.060307e-006  0.000000e+000  
0.000000e+000  -1.041235e-006  1.681567e-006  2.259262e-006  4.145481e-006  3.819620e-006  4.775543e-006  5.763361e-006  5.919310e-006  3.829960e-006  5.962000e-006  3.133342e-006  2.019655e-006  -7.752562e-007  -5.958575e-007  5.008944e-006  1.280069e-006  5.025187e-007  0.000000e+000  
0.000000e+000  2.756107e-006  4.812520e-006  9.428853e-006  9.685604e-006  1.031456e-005  1.078541e-005  1.059961e-005  9.453235e-006  1.182430e-005  1.015935e-005  7.480781e-006  4.105100e-006  1.830679e-006  2.112168e-006  2.209708e-006  3.725565e-006  -5.189906e-007  0.000000e+000  
0.000000e+000  4.277370e-006  8.546369e-006  1.131076e-005  1.483317e-005  1.435631e-005  1.525643e-005  1.443018e-005  1.453462e-005  1.410978e-005  1.439724e-005  1.098883e-005  7.137617e-006  5.317225e-006  3.683715e-006  4.434512e-006  3.495073e-006  1.885742e-006  0.000000e+000  
0.000000e+000  4.417617e-006  8.827152e-006  1.268859e-005  1.414943e-005  1.687216e-005  1.791947e-005  1.838995e-005  1.774842e-005  1.790075e-005  1.532666e-005  1.057495e-005  9.228811e-006  8.281974e-006  7.011154e-006  5.657457e-006  6.279135e-006  3.712555e-006  0.000000e+000  
0.000000e+000  0.000000e+000  0.000000e+000  0.000000e+000  0.000000e+000  0.000000e+000  0.000000e+000  0.000000e+000  0.000000e+000  0.000000e+000  0.000000e+000  0.000000e+000  0.000000e+000  0.000000e+000  0.000000e+000  0.000000e+000  0.000000e+000  0.000000e+000  0.000000e+000  

0.000000e+000  0.000000e+000  0.000000e+000  0.000000e+000  0.000000e+000  0.000000e+000  0.000000e+000  0.000000e+000  0.000000e+000  0.000000e+000  0.000000e+000  0.000000e+000  0.000000e+000  0.000000e+000  0.000000e+000  0.000000e+000  0.000000e+000  0.000000e+000  0.000000e+000  
0.000000e+000  1.168409e-005  1.583674e-005  6.153576e-006  9.818230e-006  4.080516e-006  8.665356e-006  2.224742e-005  -5.218353e-006  2.500509e-005  -1.370519e-006  1.682418e-005  -2.857119e-007  9.172941e-008  -6.278484e-006  1.066362e-005  -1.446204e-006  2.713620e-006  0.000000e+000  
0.000000e+000  1.092475e-005  1.380692e-005  7.634457e-006  5.999021e-006  1.633714e-005  2.388435e-005  8.547797e-006  3.562952e-005  5.566539e-006  3.429662e-005  1.409233e-005  1.468112e-005  2.491945e-007  9.194879e-006  2.779170e-006  1.320268e-005  -1.988192e-006  0.000000e+000  
0.000000e+000  9.224651e-006  3.143783e-006  1.742785e-005  1.243410e-005  2.071286e-005  2.103383e-005  3.585239e-005  2.289693e-005  3.449942e-005  2.038646e-005  2.765414e-005  1.088609e-005  6.078982e-006  1.006429e-005  1.418064e-005  -8.535494e-007  -1.103299e-006  0.000000e+000  
0.000000e+000  1.981296e-006  2.491311e-005  1.091245e-005  2.191190e-005  1.807286e-005  2.403560e-005  2.762352e-005  2.582094e-005  2.417463e-005  2.731171e-005  1.344864e-005  9.994044e-006  5.277631e-006  1.652839e-006  8.057782e-006  -2.408144e-006  3.134715e-006  0.000000e+000  
0.000000e+000  2.143773e-005  9.852630e-006  3.383836e-005  1.710316e-005  1.150215e-005  1.675789e-005  1.594313e-005  1.960792e-005  2.031263e-005  1.701669e-005  1.439455e-005  1.024941e-005  3.407585e-006  1.201328e-005  -4.628384e-006  1.105371e-005  -1.094113e-006  0.000000e+000  
0.000000e+000  1.742540e-006  2.199022e-005  1.072820e-005  1.357145e-005  1.457324e-005  8.325154e-006  2.129507e-005  9.956619e-006  1.102680e-005  1.448860e-005  1.528689e-005  7.537631e-006  1.619538e-005  4.371495e-006  6.120671e-006  -1.305039e-006  1.754173e-005  0.000000e+000  
0.000000e+000  6.718954e-007  -6.036208e-007  5.748800e-006  3.413679e-006  2.279211e-006  1.484130e-005  1.105150e-005  1.282510e-005  8.034053e-006  4.493742e-006  4.310213e-006  9.798945e-006  1.224289e-005  6.970575e-006  4.209771e-006  9.436124e-006  4.129471e-006  0.000000e+000  
0.000000e+000  0.000000e+000  0.000000e+000  0.000000e+000  0.000000e+000  0.000000e+000  0.000000e+000  0.000000e+000  0.000000e+000  0.000000e+000  0.000000e+000  0.000000e+000  0.000000e+000  0.000000e+000  0.000000e+000  0.000000e+000  0.000000e+000  0.000000e+000  0.000000e+000  

0.000000e+000  0.000000e+000  0.000000e+000  0.000000e+000  0.000000e+000  0.000000e+000  0.000000e+000  0.000000e+000  0.000000e+000  0.000000e+000  0.000000e+000  0.000000e+000  0.000000e+000  0.000000e+000  0.000000e+000  0.000000e+000  0.000000e+000  0.000000e+000  0.000000e+000  
0.000000e+000  0.000000e+000  0.000000e+000  0.000000e+000  0.000000e+000  0.000000e+000  0.000000e+000  0.000000e+000  0.000000e+000  0.000000e+000  0.000000e+000  0.000000e+000  0.000000e+000  0.000000e+000  0.000000e+000  0.000000e+000  0.000000e+000  0.000000e+000  0.000000e+000  
0.000000e+000  0.000000e+000  0.000000e+000  0.000000e+000  0.000000e+000  0.000000e+000  0.000000e+000  0.000000e+000  0.000000e+000  0.000000e+000  0.000000e+000  0.000000e+000  0.000000e+000  0.000000e+000  0.000000e+000  0.000000e+000  0.000000e+000  0.000000e+000  0.000000e+000  
0.000000e+000  0.000000e+000  0.000000e+000  0.000000e+000  0.000000e+000  0.000000e+000  0.000000e+000  0.000000e+000  0.000000e+000  0.000000e+000  0.000000e+000  0.000000e+000  0.000000e+000  0.000000e+000  0.000000e+000  0.000000e+000  0.000000e+000  0.000000e+000  0.000000e+000  
0.000000e+000  0.000000e+000  0.000000e+000  0.000000e+000  0.000000e+000  0.000000e+000  0.000000e+000  0.000000e+000  0.000000e+000  0.000000e+000  0.000000e+000  0.000000e+000  0.000000e+000  0.000000e+000  0.000000e+000  0.000000e+000  0.000000e+000  0.000000e+000  0.000000e+000  
0.000000e+000  0.000000e+000  0.000000e+000  0.000000e+000  0.000000e+000  0.000000e+000  0.000000e+000  0.000000e+000  0.000000e+000  0.000000e+000  0.000000e+000  0.000000e+000  0.000000e+000  0.000000e+000  0.000000e+000  0.000000e+000  0.000000e+000  0.000000e+000  0.000000e+000  
0.000000e+000  0.000000e+000  0.000000e+000  0.000000e+000  0.000000e+000  0.000000e+000  0.000000e+000  0.000000e+000  0.000000e+000  0.000000e+000  0.000000e+000  0.000000e+000  0.000000e+000  0.000000e+000  0.000000e+000  0.000000e+000  0.000000e+000  0.000000e+000  0.000000e+000  
0.000000e+000  0.000000e+000  0.000000e+000  0.000000e+000  0.000000e+000  0.000000e+000  0.000000e+000  0.000000e+000  0.000000e+000  0.000000e+000  0.000000e+000  0.000000e+000  0.000000e+000  0.000000e+000  0.000000e+000  0.000000e+000  0.000000e+000  0.000000e+000  0.000000e+000  
0.000000e+000  0.000000e+000  0.000000e+000  0.000000e+000  0.000000e+000  0.000000e+000  0.000000e+000  0.000000e+000  0.000000e+000  0.000000e+000  0.000000e+000  0.000000e+000  0.000000e+000  0.000000e+000  0.000000e+000  0.000000e+000  0.000000e+000  0.000000e+000  0.000000e+000  

0.000000e+000  0.000000e+000  0.000000e+000  0.000000e+000  0.000000e+000  0.000000e+000  0.000000e+000  0.000000e+000  0.000000e+000  0.000000e+000  0.000000e+000  0.000000e+000  0.000000e+000  0.000000e+000  0.000000e+000  0.000000e+000  0.000000e+000  0.000000e+000  0.000000e+000  
0.000000e+000  0.000000e+000  0.000000e+000  0.000000e+000  0.000000e+000  0.000000e+000  0.000000e+000  0.000000e+000  0.000000e+000  0.000000e+000  0.000000e+000  0.000000e+000  0.000000e+000  0.000000e+000  0.000000e+000  0.000000e+000  0.000000e+000  0.000000e+000  0.000000e+000  
0.000000e+000  0.000000e+000  0.000000e+000  0.000000e+000  0.000000e+000  0.000000e+000  0.000000e+000  0.000000e+000  0.000000e+000  0.000000e+000  0.000000e+000  0.000000e+000  0.000000e+000  0.000000e+000  0.000000e+000  0.000000e+000  0.000000e+000  0.000000e+000  0.000000e+000  
0.000000e+000  0.000000e+000  0.000000e+000  0.000000e+000  0.000000e+000  0.000000e+000  0.000000e+000  0.000000e+000  0.000000e+000  0.000000e+000  0.000000e+000  0.000000e+000  0.000000e+000  0.000000e+000  0.000000e+000  0.000000e+000  0.000000e+000  0.000000e+000  0.000000e+000  
0.000000e+000  0.000000e+000  0.000000e+000  0.000000e+000  0.000000e+000  0.000000e+000  0.000000e+000  0.000000e+000  0.000000e+000  0.000000e+000  0.000000e+000  0.000000e+000  0.000000e+000  0.000000e+000  0.000000e+000  0.000000e+000  0.000000e+000  0.000000e+000  0.000000e+000  
0.000000e+000  0.000000e+000  0.000000e+000  0.000000e+000  0.000000e+000  0.000000e+000  0.000000e+000  0.000000e+000  0.000000e+000  0.000000e+000  0.000000e+000  0.000000e+000  0.000000e+000  0.000000e+000  0.000000e+000  0.000000e+000  0.000000e+000  0.000000e+000  0.000000e+000  
0.000000e+000  0.000000e+000  0.000000e+000  0.000000e+000  0.000000e+000  0.000000e+000  0.000000e+000  0.000000e+000  0.000000e+000  0.000000e+000  0.000000e+000  0.000000e+000  0.000000e+000  0.000000e+000  0.000000e+000  0.000000e+000  0.000000e+000  0.000000e+000  0.000000e+000  
0.000000e+000  0.000000e+000  0.000000e+000  0.000000e+000  0.000000e+000  0.000000e+000  0.000000e+000  0.000000e+000  0.000000e+000  0.000000e+000  0.000000e+000  0.000000e+000  0.000000e+000  0.000000e+000  0.000000e+000  0.000000e+000  0.000000e+000  0.000000e+000  0.000000e+000  
0.000000e+000  0.000000e+000  0.000000e+000  0.000000e+000  0.000000e+000  0.000000e+000  0.000000e+000  0.000000e+000  0.000000e+000  0.000000e+000  0.000000e+000  0.000000e+000  0.000000e+000  0.000000e+000  0.000000e+000  0.000000e+000  0.000000e+000  0.000000e+000  0.000000e+000  

0.000000e+000  0.000000e+000  0.000000e+000  0.000000e+000  0.000000e+000  0.000000e+000  0.000000e+000  0.000000e+000  0.000000e+000  0.000000e+000  0.000000e+000  0.000000e+000  0.000000e+000  0.000000e+000  0.000000e+000  0.000000e+000  0.000000e+000  0.000000e+000  0.000000e+000  
0.000000e+000  0.000000e+000  0.000000e+000  0.000000e+000  0.000000e+000  0.000000e+000  0.000000e+000  0.000000e+000  0.000000e+000  0.000000e+000  0.000000e+000  0.000000e+000  0.000000e+000  0.000000e+000  0.000000e+000  0.000000e+000  0.000000e+000  0.000000e+000  0.000000e+000  
0.000000e+000  0.000000e+000  0.000000e+000  0.000000e+000  0.000000e+000  0.000000e+000  0.000000e+000  0.000000e+000  0.000000e+000  0.000000e+000  0.000000e+000  0.000000e+000  0.000000e+000  0.000000e+000  0.000000e+000  0.000000e+000  0.000000e+000  0.000000e+000  0.000000e+000  
0.000000e+000  0.000000e+000  0.000000e+000  0.000000e+000  0.000000e+000  0.000000e+000  0.000000e+000  0.000000e+000  0.000000e+000  0.000000e+000  0.000000e+000  0.000000e+000  0.000000e+000  0.000000e+000  0.000000e+000  0.000000e+000  0.000000e+000  0.000000e+000  0.000000e+000  
0.000000e+000  0.000000e+000  0.000000e+000  0.000000e+000  0.000000e+000  0.000000e+000  0.000000e+000  0.000000e+000  0.000000e+000  0.000000e+000  0.000000e+000  0.000000e+000  0.000000e+000  0.000000e+000  0.000000e+000  0.000000e+000  0.000000e+000  0.000000e+000  0.000000e+000  
0.000000e+000  0.000000e+000  0.000000e+000  0.000000e+000  0.000000e+000  0.000000e+000  0.000000e+000  0.000000e+000  0.000000e+000  0.000000e+000  0.000000e+000  0.000000e+000  0.000000e+000  0.000000e+000  0.000000e+000  0.000000e+000  0.000000e+000  0.000000e+000  0.000000e+000  
0.000000e+000  0.000000e+000  0.000000e+000  0.000000e+000  0.000000e+000  0.000000e+000  0.000000e+000  0.000000e+000  0.000000e+000  0.000000e+000  0.000000e+000  0.000000e+000  0.000000e+000  0.000000e+000  0.000000e+000  0.000000e+000  0.000000e+000  0.000000e+000  0.000000e+000  
0.000000e+000  0.000000e+000  0.000000e+000  0.000000e+000  0.000000e+000  0.000000e+000  0.000000e+000  0.000000e+000  0.000000e+000  0.000000e+000  0.000000e+000  0.000000e+000  0.000000e+000  0.000000e+000  0.000000e+000  0.000000e+000  0.000000e+000  0.000000e+000  0.000000e+000  
0.000000e+000  0.000000e+000  0.000000e+000  0.000000e+000  0.000000e+000  0.000000e+000  0.000000e+000  0.000000e+000  0.000000e+000  0.000000e+000  0.000000e+000  0.000000e+000  0.000000e+000  0.000000e+000  0.000000e+000  0.000000e+000  0.000000e+000  0.000000e+000  0.000000e+000  

