Port monitor named: Port2_h2[7.5].prt

nx        = 19
ny        = 9
nz        = 32

nu        = 19
nv        = 9
iu        = 1
iv        = 1

idir      = 2
dcut      = 0.000000e+000
icut      = 1
type      = 1
frequency = 7.500000e+009

fcutoff   = 1.306872e+010
alpha     = 2.238284e+002
beta      = 0.000000e+000
accuracy  = 5.504814e-009

type          = TE
wave imp.     = 2.645670e+002
wave imp.sig. = 9.110522e-006
line imp.     = 0.000000e+000

ref. port     = 0

0.000000e+000  0.000000e+000  0.000000e+000  0.000000e+000  0.000000e+000  0.000000e+000  0.000000e+000  0.000000e+000  0.000000e+000  0.000000e+000  0.000000e+000  0.000000e+000  0.000000e+000  0.000000e+000  0.000000e+000  0.000000e+000  0.000000e+000  0.000000e+000  0.000000e+000  
0.000000e+000  0.000000e+000  0.000000e+000  0.000000e+000  0.000000e+000  0.000000e+000  0.000000e+000  0.000000e+000  0.000000e+000  0.000000e+000  0.000000e+000  0.000000e+000  0.000000e+000  0.000000e+000  0.000000e+000  0.000000e+000  0.000000e+000  0.000000e+000  0.000000e+000  
0.000000e+000  0.000000e+000  0.000000e+000  0.000000e+000  0.000000e+000  0.000000e+000  0.000000e+000  0.000000e+000  0.000000e+000  0.000000e+000  0.000000e+000  0.000000e+000  0.000000e+000  0.000000e+000  0.000000e+000  0.000000e+000  0.000000e+000  0.000000e+000  0.000000e+000  
0.000000e+000  0.000000e+000  0.000000e+000  0.000000e+000  0.000000e+000  0.000000e+000  0.000000e+000  0.000000e+000  0.000000e+000  0.000000e+000  0.000000e+000  0.000000e+000  0.000000e+000  0.000000e+000  0.000000e+000  0.000000e+000  0.000000e+000  0.000000e+000  0.000000e+000  
0.000000e+000  0.000000e+000  0.000000e+000  0.000000e+000  0.000000e+000  0.000000e+000  0.000000e+000  0.000000e+000  0.000000e+000  0.000000e+000  0.000000e+000  0.000000e+000  0.000000e+000  0.000000e+000  0.000000e+000  0.000000e+000  0.000000e+000  0.000000e+000  0.000000e+000  
0.000000e+000  0.000000e+000  0.000000e+000  0.000000e+000  0.000000e+000  0.000000e+000  0.000000e+000  0.000000e+000  0.000000e+000  0.000000e+000  0.000000e+000  0.000000e+000  0.000000e+000  0.000000e+000  0.000000e+000  0.000000e+000  0.000000e+000  0.000000e+000  0.000000e+000  
0.000000e+000  0.000000e+000  0.000000e+000  0.000000e+000  0.000000e+000  0.000000e+000  0.000000e+000  0.000000e+000  0.000000e+000  0.000000e+000  0.000000e+000  0.000000e+000  0.000000e+000  0.000000e+000  0.000000e+000  0.000000e+000  0.000000e+000  0.000000e+000  0.000000e+000  
0.000000e+000  0.000000e+000  0.000000e+000  0.000000e+000  0.000000e+000  0.000000e+000  0.000000e+000  0.000000e+000  0.000000e+000  0.000000e+000  0.000000e+000  0.000000e+000  0.000000e+000  0.000000e+000  0.000000e+000  0.000000e+000  0.000000e+000  0.000000e+000  0.000000e+000  
0.000000e+000  0.000000e+000  0.000000e+000  0.000000e+000  0.000000e+000  0.000000e+000  0.000000e+000  0.000000e+000  0.000000e+000  0.000000e+000  0.000000e+000  0.000000e+000  0.000000e+000  0.000000e+000  0.000000e+000  0.000000e+000  0.000000e+000  0.000000e+000  0.000000e+000  

0.000000e+000  0.000000e+000  0.000000e+000  0.000000e+000  0.000000e+000  0.000000e+000  0.000000e+000  0.000000e+000  0.000000e+000  0.000000e+000  0.000000e+000  0.000000e+000  0.000000e+000  0.000000e+000  0.000000e+000  0.000000e+000  0.000000e+000  0.000000e+000  0.000000e+000  
0.000000e+000  0.000000e+000  0.000000e+000  0.000000e+000  0.000000e+000  0.000000e+000  0.000000e+000  0.000000e+000  0.000000e+000  0.000000e+000  0.000000e+000  0.000000e+000  0.000000e+000  0.000000e+000  0.000000e+000  0.000000e+000  0.000000e+000  0.000000e+000  0.000000e+000  
0.000000e+000  0.000000e+000  0.000000e+000  0.000000e+000  0.000000e+000  0.000000e+000  0.000000e+000  0.000000e+000  0.000000e+000  0.000000e+000  0.000000e+000  0.000000e+000  0.000000e+000  0.000000e+000  0.000000e+000  0.000000e+000  0.000000e+000  0.000000e+000  0.000000e+000  
0.000000e+000  0.000000e+000  0.000000e+000  0.000000e+000  0.000000e+000  0.000000e+000  0.000000e+000  0.000000e+000  0.000000e+000  0.000000e+000  0.000000e+000  0.000000e+000  0.000000e+000  0.000000e+000  0.000000e+000  0.000000e+000  0.000000e+000  0.000000e+000  0.000000e+000  
0.000000e+000  0.000000e+000  0.000000e+000  0.000000e+000  0.000000e+000  0.000000e+000  0.000000e+000  0.000000e+000  0.000000e+000  0.000000e+000  0.000000e+000  0.000000e+000  0.000000e+000  0.000000e+000  0.000000e+000  0.000000e+000  0.000000e+000  0.000000e+000  0.000000e+000  
0.000000e+000  0.000000e+000  0.000000e+000  0.000000e+000  0.000000e+000  0.000000e+000  0.000000e+000  0.000000e+000  0.000000e+000  0.000000e+000  0.000000e+000  0.000000e+000  0.000000e+000  0.000000e+000  0.000000e+000  0.000000e+000  0.000000e+000  0.000000e+000  0.000000e+000  
0.000000e+000  0.000000e+000  0.000000e+000  0.000000e+000  0.000000e+000  0.000000e+000  0.000000e+000  0.000000e+000  0.000000e+000  0.000000e+000  0.000000e+000  0.000000e+000  0.000000e+000  0.000000e+000  0.000000e+000  0.000000e+000  0.000000e+000  0.000000e+000  0.000000e+000  
0.000000e+000  0.000000e+000  0.000000e+000  0.000000e+000  0.000000e+000  0.000000e+000  0.000000e+000  0.000000e+000  0.000000e+000  0.000000e+000  0.000000e+000  0.000000e+000  0.000000e+000  0.000000e+000  0.000000e+000  0.000000e+000  0.000000e+000  0.000000e+000  0.000000e+000  
0.000000e+000  0.000000e+000  0.000000e+000  0.000000e+000  0.000000e+000  0.000000e+000  0.000000e+000  0.000000e+000  0.000000e+000  0.000000e+000  0.000000e+000  0.000000e+000  0.000000e+000  0.000000e+000  0.000000e+000  0.000000e+000  0.000000e+000  0.000000e+000  0.000000e+000  

0.000000e+000  0.000000e+000  0.000000e+000  0.000000e+000  0.000000e+000  0.000000e+000  0.000000e+000  0.000000e+000  0.000000e+000  0.000000e+000  0.000000e+000  0.000000e+000  0.000000e+000  0.000000e+000  0.000000e+000  0.000000e+000  0.000000e+000  0.000000e+000  0.000000e+000  
0.000000e+000  0.000000e+000  0.000000e+000  0.000000e+000  0.000000e+000  0.000000e+000  0.000000e+000  0.000000e+000  0.000000e+000  0.000000e+000  0.000000e+000  0.000000e+000  0.000000e+000  0.000000e+000  0.000000e+000  0.000000e+000  0.000000e+000  0.000000e+000  0.000000e+000  
0.000000e+000  0.000000e+000  0.000000e+000  0.000000e+000  0.000000e+000  0.000000e+000  0.000000e+000  0.000000e+000  0.000000e+000  0.000000e+000  0.000000e+000  0.000000e+000  0.000000e+000  0.000000e+000  0.000000e+000  0.000000e+000  0.000000e+000  0.000000e+000  0.000000e+000  
0.000000e+000  0.000000e+000  0.000000e+000  0.000000e+000  0.000000e+000  0.000000e+000  0.000000e+000  0.000000e+000  0.000000e+000  0.000000e+000  0.000000e+000  0.000000e+000  0.000000e+000  0.000000e+000  0.000000e+000  0.000000e+000  0.000000e+000  0.000000e+000  0.000000e+000  
0.000000e+000  0.000000e+000  0.000000e+000  0.000000e+000  0.000000e+000  0.000000e+000  0.000000e+000  0.000000e+000  0.000000e+000  0.000000e+000  0.000000e+000  0.000000e+000  0.000000e+000  0.000000e+000  0.000000e+000  0.000000e+000  0.000000e+000  0.000000e+000  0.000000e+000  
0.000000e+000  0.000000e+000  0.000000e+000  0.000000e+000  0.000000e+000  0.000000e+000  0.000000e+000  0.000000e+000  0.000000e+000  0.000000e+000  0.000000e+000  0.000000e+000  0.000000e+000  0.000000e+000  0.000000e+000  0.000000e+000  0.000000e+000  0.000000e+000  0.000000e+000  
0.000000e+000  0.000000e+000  0.000000e+000  0.000000e+000  0.000000e+000  0.000000e+000  0.000000e+000  0.000000e+000  0.000000e+000  0.000000e+000  0.000000e+000  0.000000e+000  0.000000e+000  0.000000e+000  0.000000e+000  0.000000e+000  0.000000e+000  0.000000e+000  0.000000e+000  
0.000000e+000  0.000000e+000  0.000000e+000  0.000000e+000  0.000000e+000  0.000000e+000  0.000000e+000  0.000000e+000  0.000000e+000  0.000000e+000  0.000000e+000  0.000000e+000  0.000000e+000  0.000000e+000  0.000000e+000  0.000000e+000  0.000000e+000  0.000000e+000  0.000000e+000  
0.000000e+000  0.000000e+000  0.000000e+000  0.000000e+000  0.000000e+000  0.000000e+000  0.000000e+000  0.000000e+000  0.000000e+000  0.000000e+000  0.000000e+000  0.000000e+000  0.000000e+000  0.000000e+000  0.000000e+000  0.000000e+000  0.000000e+000  0.000000e+000  0.000000e+000  

0.000000e+000  1.951254e+000  3.667158e+000  4.940749e+000  5.618413e+000  5.618413e+000  4.940749e+000  3.667158e+000  1.951254e+000  1.506448e-007  -1.951254e+000  -3.667158e+000  -4.940749e+000  -5.618413e+000  -5.618412e+000  -4.940749e+000  -3.667158e+000  -1.951254e+000  0.000000e+000  
0.000000e+000  1.951254e+000  3.667158e+000  4.940749e+000  5.618412e+000  5.618412e+000  4.940749e+000  3.667158e+000  1.951254e+000  -2.133366e-007  -1.951254e+000  -3.667158e+000  -4.940749e+000  -5.618413e+000  -5.618413e+000  -4.940749e+000  -3.667158e+000  -1.951254e+000  0.000000e+000  
0.000000e+000  1.951254e+000  3.667158e+000  4.940749e+000  5.618413e+000  5.618413e+000  4.940749e+000  3.667158e+000  1.951254e+000  1.099046e-007  -1.951254e+000  -3.667158e+000  -4.940749e+000  -5.618413e+000  -5.618413e+000  -4.940749e+000  -3.667158e+000  -1.951254e+000  0.000000e+000  
0.000000e+000  1.951254e+000  3.667158e+000  4.940749e+000  5.618413e+000  5.618413e+000  4.940749e+000  3.667158e+000  1.951254e+000  -1.796400e-007  -1.951254e+000  -3.667159e+000  -4.940749e+000  -5.618413e+000  -5.618412e+000  -4.940749e+000  -3.667158e+000  -1.951254e+000  0.000000e+000  
0.000000e+000  1.951254e+000  3.667158e+000  4.940749e+000  5.618412e+000  5.618413e+000  4.940749e+000  3.667158e+000  1.951254e+000  2.571305e-008  -1.951254e+000  -3.667158e+000  -4.940749e+000  -5.618412e+000  -5.618413e+000  -4.940749e+000  -3.667158e+000  -1.951254e+000  0.000000e+000  
0.000000e+000  1.951254e+000  3.667158e+000  4.940749e+000  5.618413e+000  5.618412e+000  4.940749e+000  3.667158e+000  1.951254e+000  1.262719e-007  -1.951254e+000  -3.667159e+000  -4.940749e+000  -5.618413e+000  -5.618412e+000  -4.940749e+000  -3.667158e+000  -1.951254e+000  0.000000e+000  
0.000000e+000  1.951254e+000  3.667158e+000  4.940749e+000  5.618412e+000  5.618413e+000  4.940749e+000  3.667159e+000  1.951254e+000  -1.363460e-008  -1.951254e+000  -3.667158e+000  -4.940749e+000  -5.618412e+000  -5.618413e+000  -4.940749e+000  -3.667158e+000  -1.951254e+000  0.000000e+000  
0.000000e+000  1.951254e+000  3.667158e+000  4.940749e+000  5.618413e+000  5.618412e+000  4.940749e+000  3.667158e+000  1.951254e+000  -2.407994e-008  -1.951254e+000  -3.667158e+000  -4.940749e+000  -5.618413e+000  -5.618412e+000  -4.940749e+000  -3.667158e+000  -1.951254e+000  0.000000e+000  
0.000000e+000  0.000000e+000  0.000000e+000  0.000000e+000  0.000000e+000  0.000000e+000  0.000000e+000  0.000000e+000  0.000000e+000  0.000000e+000  0.000000e+000  0.000000e+000  0.000000e+000  0.000000e+000  0.000000e+000  0.000000e+000  0.000000e+000  0.000000e+000  0.000000e+000  

0.000000e+000  0.000000e+000  0.000000e+000  0.000000e+000  0.000000e+000  0.000000e+000  0.000000e+000  0.000000e+000  0.000000e+000  0.000000e+000  0.000000e+000  0.000000e+000  0.000000e+000  0.000000e+000  0.000000e+000  0.000000e+000  0.000000e+000  0.000000e+000  0.000000e+000  
5.810044e-008  -1.653078e-008  7.006879e-008  -1.743313e-007  1.681413e-008  -9.222658e-009  -6.978072e-008  -1.757486e-008  -1.121486e-007  2.381685e-007  3.770958e-008  -9.108240e-008  -3.205450e-008  -9.715469e-009  9.487908e-010  1.489348e-007  -3.229774e-008  -2.054266e-008  0.000000e+000  
9.222297e-008  -1.826539e-008  -1.182871e-007  1.126678e-007  -1.075344e-007  6.662637e-008  -3.924201e-008  -1.712472e-007  6.729698e-008  -8.350497e-008  1.705006e-007  -9.295194e-009  -1.250500e-007  3.276946e-008  1.943849e-007  -2.437836e-008  -5.053761e-008  5.819588e-009  0.000000e+000  
6.353099e-008  -5.136993e-008  -3.377981e-008  -4.191809e-009  -7.280887e-008  6.169277e-008  1.995008e-009  -8.044323e-008  -1.174116e-007  1.755070e-007  -9.369131e-008  1.667584e-007  -1.836093e-007  2.931376e-007  -2.003628e-008  -4.649982e-009  -1.045968e-007  2.079687e-008  0.000000e+000  
1.125313e-007  -5.968433e-008  -3.073803e-008  -1.927529e-007  1.196381e-007  -1.103490e-007  1.155473e-007  -1.097185e-007  1.122566e-007  -1.326793e-007  2.060650e-007  -2.498122e-007  3.597254e-007  -9.277443e-008  1.516473e-007  -1.819711e-007  -1.530059e-007  1.415904e-007  0.000000e+000  
1.433841e-007  -5.377878e-008  -1.452623e-007  2.057706e-007  -3.118449e-007  2.268619e-007  -1.491163e-007  7.272940e-008  -3.208090e-008  7.466628e-008  -2.508693e-007  3.190881e-007  -2.113082e-007  2.958431e-007  -1.087070e-007  -1.927015e-007  1.375809e-008  1.036598e-007  0.000000e+000  
7.114502e-008  -7.092848e-008  1.022448e-007  -1.693335e-007  2.907412e-007  -2.812749e-007  1.436798e-007  -1.544604e-007  -6.759867e-008  2.477325e-008  1.052386e-007  -1.741007e-007  2.400344e-007  -1.121748e-007  1.983585e-007  -2.285468e-007  -1.192452e-008  9.042754e-008  0.000000e+000  
2.323645e-008  -5.043189e-009  -6.522438e-008  1.769591e-007  -2.242923e-007  2.482665e-007  -2.422473e-007  -3.220442e-008  2.901371e-008  -6.831215e-009  -3.063660e-008  4.339953e-008  5.085618e-008  1.298697e-007  -2.076595e-007  1.739645e-007  -1.304971e-007  4.451458e-008  0.000000e+000  
0.000000e+000  0.000000e+000  0.000000e+000  0.000000e+000  0.000000e+000  0.000000e+000  0.000000e+000  0.000000e+000  0.000000e+000  0.000000e+000  0.000000e+000  0.000000e+000  0.000000e+000  0.000000e+000  0.000000e+000  0.000000e+000  0.000000e+000  0.000000e+000  0.000000e+000  

6.864278e+000  6.036345e+000  4.480339e+000  2.383939e+000  -6.076513e-008  -2.383939e+000  -4.480340e+000  -6.036345e+000  -6.864278e+000  -6.864278e+000  -6.036345e+000  -4.480339e+000  -2.383939e+000  3.166492e-008  2.383939e+000  4.480340e+000  6.036345e+000  6.864278e+000  0.000000e+000  
6.864278e+000  6.036345e+000  4.480339e+000  2.383939e+000  -7.692285e-009  -2.383939e+000  -4.480340e+000  -6.036345e+000  -6.864278e+000  -6.864278e+000  -6.036345e+000  -4.480340e+000  -2.383939e+000  4.310879e-008  2.383939e+000  4.480340e+000  6.036345e+000  6.864278e+000  0.000000e+000  
6.864278e+000  6.036345e+000  4.480339e+000  2.383939e+000  -2.895677e-008  -2.383939e+000  -4.480340e+000  -6.036345e+000  -6.864278e+000  -6.864278e+000  -6.036345e+000  -4.480339e+000  -2.383939e+000  2.604478e-008  2.383939e+000  4.480340e+000  6.036345e+000  6.864278e+000  0.000000e+000  
6.864278e+000  6.036345e+000  4.480340e+000  2.383939e+000  3.289480e-008  -2.383939e+000  -4.480339e+000  -6.036345e+000  -6.864278e+000  -6.864278e+000  -6.036345e+000  -4.480340e+000  -2.383939e+000  4.802563e-008  2.383939e+000  4.480340e+000  6.036345e+000  6.864278e+000  0.000000e+000  
6.864278e+000  6.036345e+000  4.480340e+000  2.383939e+000  5.052188e-010  -2.383939e+000  -4.480340e+000  -6.036345e+000  -6.864278e+000  -6.864278e+000  -6.036345e+000  -4.480339e+000  -2.383939e+000  -3.758653e-008  2.383939e+000  4.480339e+000  6.036345e+000  6.864278e+000  0.000000e+000  
6.864278e+000  6.036345e+000  4.480340e+000  2.383939e+000  1.041990e-008  -2.383939e+000  -4.480339e+000  -6.036345e+000  -6.864278e+000  -6.864278e+000  -6.036345e+000  -4.480340e+000  -2.383939e+000  1.417435e-008  2.383939e+000  4.480340e+000  6.036345e+000  6.864278e+000  0.000000e+000  
6.864278e+000  6.036345e+000  4.480340e+000  2.383939e+000  5.687105e-008  -2.383939e+000  -4.480340e+000  -6.036345e+000  -6.864278e+000  -6.864278e+000  -6.036345e+000  -4.480340e+000  -2.383939e+000  -2.108248e-008  2.383939e+000  4.480339e+000  6.036345e+000  6.864278e+000  0.000000e+000  
6.864278e+000  6.036345e+000  4.480340e+000  2.383939e+000  3.797768e-008  -2.383939e+000  -4.480339e+000  -6.036345e+000  -6.864278e+000  -6.864278e+000  -6.036345e+000  -4.480340e+000  -2.383939e+000  2.008758e-008  2.383939e+000  4.480339e+000  6.036345e+000  6.864278e+000  0.000000e+000  
0.000000e+000  0.000000e+000  0.000000e+000  0.000000e+000  0.000000e+000  0.000000e+000  0.000000e+000  0.000000e+000  0.000000e+000  0.000000e+000  0.000000e+000  0.000000e+000  0.000000e+000  0.000000e+000  0.000000e+000  0.000000e+000  0.000000e+000  0.000000e+000  0.000000e+000  

