Port monitor named: Port2_h3.prt

nx        = 19
ny        = 9
nz        = 3

nu        = 19
nv        = 9
iu        = 1
iv        = 1

idir      = 2
dcut      = 0.000000e+000
icut      = 1
type      = 1
frequency = 7.500000e+009

fcutoff   = 1.469045e+010
alpha     = 2.640246e+002
beta      = 0.000000e+000
accuracy  = 6.995127e-009

type          = TE
wave imp.     = 2.242882e+002
wave imp.sig. = 9.071751e-006
line imp.     = 0.000000e+000

ref. port     = 0

0.000000e+000  0.000000e+000  0.000000e+000  0.000000e+000  0.000000e+000  0.000000e+000  0.000000e+000  0.000000e+000  0.000000e+000  0.000000e+000  0.000000e+000  0.000000e+000  0.000000e+000  0.000000e+000  0.000000e+000  0.000000e+000  0.000000e+000  0.000000e+000  0.000000e+000  
0.000000e+000  0.000000e+000  0.000000e+000  0.000000e+000  0.000000e+000  0.000000e+000  0.000000e+000  0.000000e+000  0.000000e+000  0.000000e+000  0.000000e+000  0.000000e+000  0.000000e+000  0.000000e+000  0.000000e+000  0.000000e+000  0.000000e+000  0.000000e+000  0.000000e+000  
0.000000e+000  0.000000e+000  0.000000e+000  0.000000e+000  0.000000e+000  0.000000e+000  0.000000e+000  0.000000e+000  0.000000e+000  0.000000e+000  0.000000e+000  0.000000e+000  0.000000e+000  0.000000e+000  0.000000e+000  0.000000e+000  0.000000e+000  0.000000e+000  0.000000e+000  
0.000000e+000  0.000000e+000  0.000000e+000  0.000000e+000  0.000000e+000  0.000000e+000  0.000000e+000  0.000000e+000  0.000000e+000  0.000000e+000  0.000000e+000  0.000000e+000  0.000000e+000  0.000000e+000  0.000000e+000  0.000000e+000  0.000000e+000  0.000000e+000  0.000000e+000  
0.000000e+000  0.000000e+000  0.000000e+000  0.000000e+000  0.000000e+000  0.000000e+000  0.000000e+000  0.000000e+000  0.000000e+000  0.000000e+000  0.000000e+000  0.000000e+000  0.000000e+000  0.000000e+000  0.000000e+000  0.000000e+000  0.000000e+000  0.000000e+000  0.000000e+000  
0.000000e+000  0.000000e+000  0.000000e+000  0.000000e+000  0.000000e+000  0.000000e+000  0.000000e+000  0.000000e+000  0.000000e+000  0.000000e+000  0.000000e+000  0.000000e+000  0.000000e+000  0.000000e+000  0.000000e+000  0.000000e+000  0.000000e+000  0.000000e+000  0.000000e+000  
0.000000e+000  0.000000e+000  0.000000e+000  0.000000e+000  0.000000e+000  0.000000e+000  0.000000e+000  0.000000e+000  0.000000e+000  0.000000e+000  0.000000e+000  0.000000e+000  0.000000e+000  0.000000e+000  0.000000e+000  0.000000e+000  0.000000e+000  0.000000e+000  0.000000e+000  
0.000000e+000  0.000000e+000  0.000000e+000  0.000000e+000  0.000000e+000  0.000000e+000  0.000000e+000  0.000000e+000  0.000000e+000  0.000000e+000  0.000000e+000  0.000000e+000  0.000000e+000  0.000000e+000  0.000000e+000  0.000000e+000  0.000000e+000  0.000000e+000  0.000000e+000  
0.000000e+000  0.000000e+000  0.000000e+000  0.000000e+000  0.000000e+000  0.000000e+000  0.000000e+000  0.000000e+000  0.000000e+000  0.000000e+000  0.000000e+000  0.000000e+000  0.000000e+000  0.000000e+000  0.000000e+000  0.000000e+000  0.000000e+000  0.000000e+000  0.000000e+000  

0.000000e+000  0.000000e+000  0.000000e+000  0.000000e+000  0.000000e+000  0.000000e+000  0.000000e+000  0.000000e+000  0.000000e+000  0.000000e+000  0.000000e+000  0.000000e+000  0.000000e+000  0.000000e+000  0.000000e+000  0.000000e+000  0.000000e+000  0.000000e+000  0.000000e+000  
0.000000e+000  0.000000e+000  0.000000e+000  0.000000e+000  0.000000e+000  0.000000e+000  0.000000e+000  0.000000e+000  0.000000e+000  0.000000e+000  0.000000e+000  0.000000e+000  0.000000e+000  0.000000e+000  0.000000e+000  0.000000e+000  0.000000e+000  0.000000e+000  0.000000e+000  
0.000000e+000  0.000000e+000  0.000000e+000  0.000000e+000  0.000000e+000  0.000000e+000  0.000000e+000  0.000000e+000  0.000000e+000  0.000000e+000  0.000000e+000  0.000000e+000  0.000000e+000  0.000000e+000  0.000000e+000  0.000000e+000  0.000000e+000  0.000000e+000  0.000000e+000  
0.000000e+000  0.000000e+000  0.000000e+000  0.000000e+000  0.000000e+000  0.000000e+000  0.000000e+000  0.000000e+000  0.000000e+000  0.000000e+000  0.000000e+000  0.000000e+000  0.000000e+000  0.000000e+000  0.000000e+000  0.000000e+000  0.000000e+000  0.000000e+000  0.000000e+000  
0.000000e+000  0.000000e+000  0.000000e+000  0.000000e+000  0.000000e+000  0.000000e+000  0.000000e+000  0.000000e+000  0.000000e+000  0.000000e+000  0.000000e+000  0.000000e+000  0.000000e+000  0.000000e+000  0.000000e+000  0.000000e+000  0.000000e+000  0.000000e+000  0.000000e+000  
0.000000e+000  0.000000e+000  0.000000e+000  0.000000e+000  0.000000e+000  0.000000e+000  0.000000e+000  0.000000e+000  0.000000e+000  0.000000e+000  0.000000e+000  0.000000e+000  0.000000e+000  0.000000e+000  0.000000e+000  0.000000e+000  0.000000e+000  0.000000e+000  0.000000e+000  
0.000000e+000  0.000000e+000  0.000000e+000  0.000000e+000  0.000000e+000  0.000000e+000  0.000000e+000  0.000000e+000  0.000000e+000  0.000000e+000  0.000000e+000  0.000000e+000  0.000000e+000  0.000000e+000  0.000000e+000  0.000000e+000  0.000000e+000  0.000000e+000  0.000000e+000  
0.000000e+000  0.000000e+000  0.000000e+000  0.000000e+000  0.000000e+000  0.000000e+000  0.000000e+000  0.000000e+000  0.000000e+000  0.000000e+000  0.000000e+000  0.000000e+000  0.000000e+000  0.000000e+000  0.000000e+000  0.000000e+000  0.000000e+000  0.000000e+000  0.000000e+000  
0.000000e+000  0.000000e+000  0.000000e+000  0.000000e+000  0.000000e+000  0.000000e+000  0.000000e+000  0.000000e+000  0.000000e+000  0.000000e+000  0.000000e+000  0.000000e+000  0.000000e+000  0.000000e+000  0.000000e+000  0.000000e+000  0.000000e+000  0.000000e+000  0.000000e+000  

0.000000e+000  0.000000e+000  0.000000e+000  0.000000e+000  0.000000e+000  0.000000e+000  0.000000e+000  0.000000e+000  0.000000e+000  0.000000e+000  0.000000e+000  0.000000e+000  0.000000e+000  0.000000e+000  0.000000e+000  0.000000e+000  0.000000e+000  0.000000e+000  0.000000e+000  
0.000000e+000  0.000000e+000  0.000000e+000  0.000000e+000  0.000000e+000  0.000000e+000  0.000000e+000  0.000000e+000  0.000000e+000  0.000000e+000  0.000000e+000  0.000000e+000  0.000000e+000  0.000000e+000  0.000000e+000  0.000000e+000  0.000000e+000  0.000000e+000  0.000000e+000  
0.000000e+000  0.000000e+000  0.000000e+000  0.000000e+000  0.000000e+000  0.000000e+000  0.000000e+000  0.000000e+000  0.000000e+000  0.000000e+000  0.000000e+000  0.000000e+000  0.000000e+000  0.000000e+000  0.000000e+000  0.000000e+000  0.000000e+000  0.000000e+000  0.000000e+000  
0.000000e+000  0.000000e+000  0.000000e+000  0.000000e+000  0.000000e+000  0.000000e+000  0.000000e+000  0.000000e+000  0.000000e+000  0.000000e+000  0.000000e+000  0.000000e+000  0.000000e+000  0.000000e+000  0.000000e+000  0.000000e+000  0.000000e+000  0.000000e+000  0.000000e+000  
0.000000e+000  0.000000e+000  0.000000e+000  0.000000e+000  0.000000e+000  0.000000e+000  0.000000e+000  0.000000e+000  0.000000e+000  0.000000e+000  0.000000e+000  0.000000e+000  0.000000e+000  0.000000e+000  0.000000e+000  0.000000e+000  0.000000e+000  0.000000e+000  0.000000e+000  
0.000000e+000  0.000000e+000  0.000000e+000  0.000000e+000  0.000000e+000  0.000000e+000  0.000000e+000  0.000000e+000  0.000000e+000  0.000000e+000  0.000000e+000  0.000000e+000  0.000000e+000  0.000000e+000  0.000000e+000  0.000000e+000  0.000000e+000  0.000000e+000  0.000000e+000  
0.000000e+000  0.000000e+000  0.000000e+000  0.000000e+000  0.000000e+000  0.000000e+000  0.000000e+000  0.000000e+000  0.000000e+000  0.000000e+000  0.000000e+000  0.000000e+000  0.000000e+000  0.000000e+000  0.000000e+000  0.000000e+000  0.000000e+000  0.000000e+000  0.000000e+000  
0.000000e+000  0.000000e+000  0.000000e+000  0.000000e+000  0.000000e+000  0.000000e+000  0.000000e+000  0.000000e+000  0.000000e+000  0.000000e+000  0.000000e+000  0.000000e+000  0.000000e+000  0.000000e+000  0.000000e+000  0.000000e+000  0.000000e+000  0.000000e+000  0.000000e+000  
0.000000e+000  0.000000e+000  0.000000e+000  0.000000e+000  0.000000e+000  0.000000e+000  0.000000e+000  0.000000e+000  0.000000e+000  0.000000e+000  0.000000e+000  0.000000e+000  0.000000e+000  0.000000e+000  0.000000e+000  0.000000e+000  0.000000e+000  0.000000e+000  0.000000e+000  

-0.000000e+000  -2.927083e-008  1.473242e-007  -1.250217e-007  1.891413e-008  -1.083401e-008  -5.717789e-008  -7.449011e-008  -6.475135e-008  -1.509832e-008  1.293914e-007  3.646894e-008  7.384003e-008  -6.738992e-008  3.376008e-008  -6.287279e-008  4.284697e-008  -4.324475e-008  -0.000000e+000  
-0.000000e+000  1.223694e-007  -1.969747e-007  2.062951e-007  -2.440183e-008  -1.092799e-007  1.198645e-007  -5.268240e-008  9.124158e-008  3.123840e-008  -1.489605e-007  1.151131e-007  -6.419069e-008  7.088881e-008  -7.313067e-008  1.847856e-007  -2.966294e-008  7.152141e-008  -0.000000e+000  
-0.000000e+000  -9.767246e-008  1.636487e-007  -6.356438e-008  -9.722246e-008  2.572591e-007  -2.070903e-007  2.766061e-007  -6.864545e-008  2.983791e-008  9.487063e-008  -3.019005e-007  -5.866091e-008  -1.574961e-007  1.920926e-007  -8.089740e-008  1.145603e-007  -2.773118e-008  -0.000000e+000  
-0.000000e+000  3.976749e-008  -1.049274e-007  4.424582e-008  1.278662e-007  -1.297009e-007  1.932794e-007  -1.627982e-007  2.169347e-007  1.848561e-010  -8.423053e-008  2.034928e-007  -1.210755e-007  2.426067e-007  -2.731223e-007  1.004692e-007  -1.799883e-007  4.884241e-008  -0.000000e+000  
-0.000000e+000  -7.719080e-008  3.856598e-008  -5.006557e-008  7.591644e-008  -2.250985e-007  6.384750e-008  -8.803922e-008  -6.727065e-008  -1.751696e-008  1.182951e-007  -6.621576e-008  3.101098e-007  -1.998619e-007  2.811861e-007  -1.814453e-007  2.922218e-008  -7.083729e-008  -0.000000e+000  
-0.000000e+000  5.248978e-008  -6.551397e-008  1.056575e-007  -2.608101e-007  4.067723e-007  -3.457513e-007  3.450540e-007  -1.725662e-007  5.134661e-008  -1.408221e-007  1.491063e-008  -1.286656e-007  2.003252e-007  -1.892968e-007  3.665542e-008  5.566954e-008  1.067893e-007  -0.000000e+000  
-0.000000e+000  -5.162428e-008  9.628928e-008  -1.080992e-007  3.063317e-007  -2.701536e-007  4.450434e-007  -2.992123e-007  2.130231e-007  -9.438125e-008  -6.251064e-008  -1.285644e-008  -5.773226e-008  -9.313815e-008  3.914217e-008  3.622037e-008  1.633873e-008  -4.070614e-008  -0.000000e+000  
-0.000000e+000  2.552852e-008  -6.940073e-008  3.687699e-009  -1.577968e-007  8.576619e-008  -2.122004e-007  4.788653e-008  -1.463293e-007  1.531867e-008  8.423872e-008  1.607985e-008  5.472311e-008  6.483284e-009  2.049419e-010  -2.747464e-008  -6.883755e-008  -7.754519e-008  -0.000000e+000  
-0.000000e+000  -0.000000e+000  -0.000000e+000  -0.000000e+000  -0.000000e+000  -0.000000e+000  -0.000000e+000  -0.000000e+000  -0.000000e+000  -0.000000e+000  -0.000000e+000  -0.000000e+000  -0.000000e+000  -0.000000e+000  -0.000000e+000  -0.000000e+000  -0.000000e+000  -0.000000e+000  -0.000000e+000  

-0.000000e+000  -0.000000e+000  -0.000000e+000  -0.000000e+000  -0.000000e+000  -0.000000e+000  -0.000000e+000  -0.000000e+000  -0.000000e+000  -0.000000e+000  -0.000000e+000  -0.000000e+000  -0.000000e+000  -0.000000e+000  -0.000000e+000  -0.000000e+000  -0.000000e+000  -0.000000e+000  -0.000000e+000  
-2.371190e+000  -2.371191e+000  -2.371190e+000  -2.371191e+000  -2.371190e+000  -2.371190e+000  -2.371190e+000  -2.371190e+000  -2.371190e+000  -2.371191e+000  -2.371190e+000  -2.371190e+000  -2.371190e+000  -2.371190e+000  -2.371190e+000  -2.371190e+000  -2.371190e+000  -2.371190e+000  -0.000000e+000  
-4.381389e+000  -4.381388e+000  -4.381389e+000  -4.381388e+000  -4.381388e+000  -4.381389e+000  -4.381388e+000  -4.381389e+000  -4.381389e+000  -4.381389e+000  -4.381389e+000  -4.381388e+000  -4.381388e+000  -4.381388e+000  -4.381389e+000  -4.381388e+000  -4.381389e+000  -4.381388e+000  -0.000000e+000  
-5.724560e+000  -5.724560e+000  -5.724560e+000  -5.724560e+000  -5.724560e+000  -5.724560e+000  -5.724560e+000  -5.724560e+000  -5.724560e+000  -5.724560e+000  -5.724560e+000  -5.724560e+000  -5.724560e+000  -5.724560e+000  -5.724560e+000  -5.724560e+000  -5.724560e+000  -5.724560e+000  -0.000000e+000  
-6.196219e+000  -6.196219e+000  -6.196219e+000  -6.196219e+000  -6.196219e+000  -6.196219e+000  -6.196219e+000  -6.196219e+000  -6.196219e+000  -6.196219e+000  -6.196219e+000  -6.196219e+000  -6.196219e+000  -6.196219e+000  -6.196219e+000  -6.196219e+000  -6.196219e+000  -6.196219e+000  -0.000000e+000  
-5.724560e+000  -5.724560e+000  -5.724560e+000  -5.724560e+000  -5.724560e+000  -5.724560e+000  -5.724560e+000  -5.724560e+000  -5.724560e+000  -5.724560e+000  -5.724560e+000  -5.724560e+000  -5.724560e+000  -5.724560e+000  -5.724560e+000  -5.724560e+000  -5.724560e+000  -5.724560e+000  -0.000000e+000  
-4.381389e+000  -4.381389e+000  -4.381389e+000  -4.381388e+000  -4.381389e+000  -4.381388e+000  -4.381389e+000  -4.381388e+000  -4.381389e+000  -4.381388e+000  -4.381389e+000  -4.381389e+000  -4.381389e+000  -4.381388e+000  -4.381389e+000  -4.381389e+000  -4.381389e+000  -4.381388e+000  -0.000000e+000  
-2.371190e+000  -2.371191e+000  -2.371190e+000  -2.371191e+000  -2.371190e+000  -2.371191e+000  -2.371190e+000  -2.371191e+000  -2.371190e+000  -2.371190e+000  -2.371190e+000  -2.371190e+000  -2.371190e+000  -2.371190e+000  -2.371190e+000  -2.371190e+000  -2.371190e+000  -2.371190e+000  -0.000000e+000  
-0.000000e+000  -0.000000e+000  -0.000000e+000  -0.000000e+000  -0.000000e+000  -0.000000e+000  -0.000000e+000  -0.000000e+000  -0.000000e+000  -0.000000e+000  -0.000000e+000  -0.000000e+000  -0.000000e+000  -0.000000e+000  -0.000000e+000  -0.000000e+000  -0.000000e+000  -0.000000e+000  -0.000000e+000  

-7.071609e+000  -7.071609e+000  -7.071609e+000  -7.071609e+000  -7.071609e+000  -7.071609e+000  -7.071609e+000  -7.071609e+000  -7.071609e+000  -7.071609e+000  -7.071609e+000  -7.071609e+000  -7.071609e+000  -7.071609e+000  -7.071609e+000  -7.071609e+000  -7.071609e+000  -7.071609e+000  -0.000000e+000  
-5.995021e+000  -5.995021e+000  -5.995021e+000  -5.995021e+000  -5.995021e+000  -5.995021e+000  -5.995021e+000  -5.995021e+000  -5.995021e+000  -5.995021e+000  -5.995021e+000  -5.995021e+000  -5.995021e+000  -5.995021e+000  -5.995021e+000  -5.995021e+000  -5.995021e+000  -5.995021e+000  -0.000000e+000  
-4.005745e+000  -4.005745e+000  -4.005745e+000  -4.005745e+000  -4.005745e+000  -4.005745e+000  -4.005745e+000  -4.005745e+000  -4.005745e+000  -4.005745e+000  -4.005745e+000  -4.005745e+000  -4.005745e+000  -4.005745e+000  -4.005745e+000  -4.005745e+000  -4.005745e+000  -4.005745e+000  -0.000000e+000  
-1.406631e+000  -1.406631e+000  -1.406631e+000  -1.406631e+000  -1.406631e+000  -1.406631e+000  -1.406631e+000  -1.406631e+000  -1.406631e+000  -1.406631e+000  -1.406631e+000  -1.406631e+000  -1.406631e+000  -1.406631e+000  -1.406631e+000  -1.406631e+000  -1.406631e+000  -1.406631e+000  -0.000000e+000  
1.406631e+000  1.406631e+000  1.406631e+000  1.406631e+000  1.406631e+000  1.406631e+000  1.406631e+000  1.406631e+000  1.406631e+000  1.406631e+000  1.406631e+000  1.406631e+000  1.406631e+000  1.406631e+000  1.406631e+000  1.406631e+000  1.406631e+000  1.406631e+000  -0.000000e+000  
4.005745e+000  4.005745e+000  4.005745e+000  4.005745e+000  4.005745e+000  4.005745e+000  4.005745e+000  4.005745e+000  4.005745e+000  4.005745e+000  4.005745e+000  4.005745e+000  4.005745e+000  4.005745e+000  4.005745e+000  4.005745e+000  4.005745e+000  4.005745e+000  -0.000000e+000  
5.995021e+000  5.995021e+000  5.995021e+000  5.995021e+000  5.995021e+000  5.995021e+000  5.995021e+000  5.995021e+000  5.995021e+000  5.995021e+000  5.995021e+000  5.995021e+000  5.995021e+000  5.995021e+000  5.995021e+000  5.995021e+000  5.995021e+000  5.995021e+000  -0.000000e+000  
7.071609e+000  7.071609e+000  7.071609e+000  7.071609e+000  7.071609e+000  7.071609e+000  7.071609e+000  7.071609e+000  7.071609e+000  7.071609e+000  7.071609e+000  7.071609e+000  7.071609e+000  7.071609e+000  7.071609e+000  7.071609e+000  7.071609e+000  7.071609e+000  -0.000000e+000  
-0.000000e+000  -0.000000e+000  -0.000000e+000  -0.000000e+000  -0.000000e+000  -0.000000e+000  -0.000000e+000  -0.000000e+000  -0.000000e+000  -0.000000e+000  -0.000000e+000  -0.000000e+000  -0.000000e+000  -0.000000e+000  -0.000000e+000  -0.000000e+000  -0.000000e+000  -0.000000e+000  -0.000000e+000  

