Port monitor named: Port2_h1.prt

nx        = 19
ny        = 9
nz        = 3

nu        = 19
nv        = 9
iu        = 1
iv        = 1

idir      = 2
dcut      = 0.000000e+000
icut      = 1
type      = 1
frequency = 7.500000e+009

fcutoff   = 6.551617e+009
alpha     = 0.000000e+000
beta      = 7.643385e+001
accuracy  = 6.615831e-012

type          = TE
wave imp.     = 7.747565e+002
wave imp.sig. = 1.988804e-007
line imp.     = 0.000000e+000

ref. port     = 0

0.000000e+000  -5.789188e-001  -1.140247e+000  -1.666930e+000  -2.142964e+000  -2.553885e+000  -2.887208e+000  -3.132804e+000  -3.283212e+000  -3.333860e+000  -3.283212e+000  -3.132804e+000  -2.887208e+000  -2.553885e+000  -2.142964e+000  -1.666930e+000  -1.140247e+000  -5.789188e-001  0.000000e+000  
0.000000e+000  -5.789188e-001  -1.140247e+000  -1.666930e+000  -2.142964e+000  -2.553885e+000  -2.887208e+000  -3.132804e+000  -3.283212e+000  -3.333860e+000  -3.283212e+000  -3.132804e+000  -2.887208e+000  -2.553885e+000  -2.142964e+000  -1.666930e+000  -1.140247e+000  -5.789188e-001  0.000000e+000  
0.000000e+000  -5.789188e-001  -1.140247e+000  -1.666930e+000  -2.142964e+000  -2.553885e+000  -2.887208e+000  -3.132804e+000  -3.283212e+000  -3.333860e+000  -3.283212e+000  -3.132804e+000  -2.887208e+000  -2.553885e+000  -2.142964e+000  -1.666930e+000  -1.140247e+000  -5.789188e-001  0.000000e+000  
0.000000e+000  -5.789188e-001  -1.140247e+000  -1.666930e+000  -2.142964e+000  -2.553885e+000  -2.887208e+000  -3.132804e+000  -3.283212e+000  -3.333860e+000  -3.283212e+000  -3.132804e+000  -2.887208e+000  -2.553885e+000  -2.142964e+000  -1.666930e+000  -1.140247e+000  -5.789188e-001  0.000000e+000  
0.000000e+000  -5.789188e-001  -1.140247e+000  -1.666930e+000  -2.142964e+000  -2.553885e+000  -2.887208e+000  -3.132804e+000  -3.283212e+000  -3.333860e+000  -3.283212e+000  -3.132804e+000  -2.887208e+000  -2.553885e+000  -2.142964e+000  -1.666930e+000  -1.140247e+000  -5.789188e-001  0.000000e+000  
0.000000e+000  -5.789188e-001  -1.140247e+000  -1.666930e+000  -2.142964e+000  -2.553885e+000  -2.887208e+000  -3.132804e+000  -3.283212e+000  -3.333860e+000  -3.283212e+000  -3.132804e+000  -2.887208e+000  -2.553885e+000  -2.142964e+000  -1.666930e+000  -1.140247e+000  -5.789188e-001  0.000000e+000  
0.000000e+000  -5.789188e-001  -1.140247e+000  -1.666930e+000  -2.142964e+000  -2.553885e+000  -2.887208e+000  -3.132804e+000  -3.283212e+000  -3.333860e+000  -3.283212e+000  -3.132804e+000  -2.887208e+000  -2.553885e+000  -2.142964e+000  -1.666930e+000  -1.140247e+000  -5.789188e-001  0.000000e+000  
0.000000e+000  -5.789188e-001  -1.140247e+000  -1.666930e+000  -2.142964e+000  -2.553885e+000  -2.887208e+000  -3.132804e+000  -3.283212e+000  -3.333860e+000  -3.283212e+000  -3.132804e+000  -2.887208e+000  -2.553885e+000  -2.142964e+000  -1.666930e+000  -1.140247e+000  -5.789188e-001  0.000000e+000  
0.000000e+000  0.000000e+000  0.000000e+000  0.000000e+000  0.000000e+000  0.000000e+000  0.000000e+000  0.000000e+000  0.000000e+000  0.000000e+000  0.000000e+000  0.000000e+000  0.000000e+000  0.000000e+000  0.000000e+000  0.000000e+000  0.000000e+000  0.000000e+000  0.000000e+000  

0.000000e+000  0.000000e+000  0.000000e+000  0.000000e+000  0.000000e+000  0.000000e+000  0.000000e+000  0.000000e+000  0.000000e+000  0.000000e+000  0.000000e+000  0.000000e+000  0.000000e+000  0.000000e+000  0.000000e+000  0.000000e+000  0.000000e+000  0.000000e+000  0.000000e+000  
0.000000e+000  0.000000e+000  0.000000e+000  0.000000e+000  0.000000e+000  0.000000e+000  7.037734e-010  2.290848e-010  -9.328582e-010  2.694542e-010  -1.193450e-009  1.411537e-009  -4.875418e-010  0.000000e+000  -3.925577e-010  3.925577e-010  -3.582785e-010  3.582785e-010  0.000000e+000  
0.000000e+000  0.000000e+000  0.000000e+000  0.000000e+000  0.000000e+000  0.000000e+000  3.071787e-010  -3.071787e-010  3.435576e-010  -1.243424e-009  1.739040e-009  -1.556403e-009  1.161757e-009  -7.977831e-010  0.000000e+000  0.000000e+000  3.401935e-010  0.000000e+000  0.000000e+000  
-5.699743e-010  5.699743e-010  -3.531395e-010  3.531395e-010  -4.932028e-010  4.932028e-010  0.000000e+000  0.000000e+000  -5.060561e-010  1.675934e-009  -1.812215e-009  1.310196e-009  -6.678586e-010  0.000000e+000  0.000000e+000  -3.929753e-010  3.929753e-010  0.000000e+000  0.000000e+000  
0.000000e+000  -4.460124e-010  7.349785e-010  -2.889661e-010  0.000000e+000  0.000000e+000  -3.802149e-010  -1.027332e-010  1.230989e-009  -1.632363e-009  1.399705e-009  -8.710049e-010  3.556220e-010  0.000000e+000  -3.063435e-010  7.548384e-010  0.000000e+000  -4.711389e-010  0.000000e+000  
-4.041233e-010  4.041233e-010  -4.235540e-010  7.980151e-010  -9.753621e-011  -2.769249e-010  0.000000e+000  4.243428e-010  -1.096888e-009  1.074615e-009  -7.310576e-010  3.289875e-010  0.000000e+000  -3.987291e-010  8.370621e-010  0.000000e+000  9.311646e-011  -5.540238e-010  0.000000e+000  
1.220212e-009  -5.712620e-010  -1.508981e-010  -4.980518e-010  0.000000e+000  0.000000e+000  4.187282e-010  -7.426580e-010  9.690051e-010  -6.450754e-010  0.000000e+000  -5.199766e-010  6.830319e-011  1.109184e-009  7.702669e-011  -7.345377e-010  -3.609930e-010  3.609930e-010  0.000000e+000  
0.000000e+000  5.139908e-010  -7.240973e-011  -4.415810e-010  0.000000e+000  0.000000e+000  0.000000e+000  4.715797e-010  -4.715797e-010  6.250299e-010  -1.064917e-009  4.398874e-010  0.000000e+000  -4.584016e-010  4.584016e-010  3.057635e-010  2.719715e-010  -5.777350e-010  0.000000e+000  
0.000000e+000  0.000000e+000  0.000000e+000  0.000000e+000  0.000000e+000  0.000000e+000  0.000000e+000  0.000000e+000  0.000000e+000  0.000000e+000  0.000000e+000  0.000000e+000  0.000000e+000  0.000000e+000  0.000000e+000  0.000000e+000  0.000000e+000  0.000000e+000  0.000000e+000  

0.000000e+000  0.000000e+000  0.000000e+000  0.000000e+000  0.000000e+000  0.000000e+000  0.000000e+000  0.000000e+000  0.000000e+000  0.000000e+000  0.000000e+000  0.000000e+000  0.000000e+000  0.000000e+000  0.000000e+000  0.000000e+000  0.000000e+000  0.000000e+000  0.000000e+000  
0.000000e+000  0.000000e+000  0.000000e+000  0.000000e+000  0.000000e+000  0.000000e+000  0.000000e+000  0.000000e+000  0.000000e+000  0.000000e+000  0.000000e+000  0.000000e+000  0.000000e+000  0.000000e+000  0.000000e+000  0.000000e+000  0.000000e+000  0.000000e+000  0.000000e+000  
0.000000e+000  0.000000e+000  0.000000e+000  0.000000e+000  0.000000e+000  0.000000e+000  0.000000e+000  0.000000e+000  0.000000e+000  0.000000e+000  0.000000e+000  0.000000e+000  0.000000e+000  0.000000e+000  0.000000e+000  0.000000e+000  0.000000e+000  0.000000e+000  0.000000e+000  
0.000000e+000  0.000000e+000  0.000000e+000  0.000000e+000  0.000000e+000  0.000000e+000  0.000000e+000  0.000000e+000  0.000000e+000  0.000000e+000  0.000000e+000  0.000000e+000  0.000000e+000  0.000000e+000  0.000000e+000  0.000000e+000  0.000000e+000  0.000000e+000  0.000000e+000  
0.000000e+000  0.000000e+000  0.000000e+000  0.000000e+000  0.000000e+000  0.000000e+000  0.000000e+000  0.000000e+000  0.000000e+000  0.000000e+000  0.000000e+000  0.000000e+000  0.000000e+000  0.000000e+000  0.000000e+000  0.000000e+000  0.000000e+000  0.000000e+000  0.000000e+000  
0.000000e+000  0.000000e+000  0.000000e+000  0.000000e+000  0.000000e+000  0.000000e+000  0.000000e+000  0.000000e+000  0.000000e+000  0.000000e+000  0.000000e+000  0.000000e+000  0.000000e+000  0.000000e+000  0.000000e+000  0.000000e+000  0.000000e+000  0.000000e+000  0.000000e+000  
0.000000e+000  0.000000e+000  0.000000e+000  0.000000e+000  0.000000e+000  0.000000e+000  0.000000e+000  0.000000e+000  0.000000e+000  0.000000e+000  0.000000e+000  0.000000e+000  0.000000e+000  0.000000e+000  0.000000e+000  0.000000e+000  0.000000e+000  0.000000e+000  0.000000e+000  
0.000000e+000  0.000000e+000  0.000000e+000  0.000000e+000  0.000000e+000  0.000000e+000  0.000000e+000  0.000000e+000  0.000000e+000  0.000000e+000  0.000000e+000  0.000000e+000  0.000000e+000  0.000000e+000  0.000000e+000  0.000000e+000  0.000000e+000  0.000000e+000  0.000000e+000  
0.000000e+000  0.000000e+000  0.000000e+000  0.000000e+000  0.000000e+000  0.000000e+000  0.000000e+000  0.000000e+000  0.000000e+000  0.000000e+000  0.000000e+000  0.000000e+000  0.000000e+000  0.000000e+000  0.000000e+000  0.000000e+000  0.000000e+000  0.000000e+000  0.000000e+000  

0.000000e+000  0.000000e+000  0.000000e+000  0.000000e+000  0.000000e+000  0.000000e+000  0.000000e+000  0.000000e+000  0.000000e+000  0.000000e+000  0.000000e+000  0.000000e+000  0.000000e+000  0.000000e+000  0.000000e+000  0.000000e+000  0.000000e+000  0.000000e+000  0.000000e+000  
0.000000e+000  0.000000e+000  0.000000e+000  0.000000e+000  0.000000e+000  0.000000e+000  0.000000e+000  0.000000e+000  0.000000e+000  0.000000e+000  0.000000e+000  0.000000e+000  0.000000e+000  0.000000e+000  0.000000e+000  0.000000e+000  0.000000e+000  0.000000e+000  0.000000e+000  
0.000000e+000  0.000000e+000  0.000000e+000  0.000000e+000  0.000000e+000  0.000000e+000  0.000000e+000  0.000000e+000  0.000000e+000  0.000000e+000  0.000000e+000  0.000000e+000  0.000000e+000  0.000000e+000  0.000000e+000  0.000000e+000  0.000000e+000  0.000000e+000  0.000000e+000  
0.000000e+000  0.000000e+000  0.000000e+000  0.000000e+000  0.000000e+000  0.000000e+000  0.000000e+000  0.000000e+000  0.000000e+000  0.000000e+000  0.000000e+000  0.000000e+000  0.000000e+000  0.000000e+000  0.000000e+000  0.000000e+000  0.000000e+000  0.000000e+000  0.000000e+000  
0.000000e+000  0.000000e+000  0.000000e+000  0.000000e+000  0.000000e+000  0.000000e+000  0.000000e+000  0.000000e+000  0.000000e+000  0.000000e+000  0.000000e+000  0.000000e+000  0.000000e+000  0.000000e+000  0.000000e+000  0.000000e+000  0.000000e+000  0.000000e+000  0.000000e+000  
0.000000e+000  0.000000e+000  0.000000e+000  0.000000e+000  0.000000e+000  0.000000e+000  0.000000e+000  0.000000e+000  0.000000e+000  0.000000e+000  0.000000e+000  0.000000e+000  0.000000e+000  0.000000e+000  0.000000e+000  0.000000e+000  0.000000e+000  0.000000e+000  0.000000e+000  
0.000000e+000  0.000000e+000  0.000000e+000  0.000000e+000  0.000000e+000  0.000000e+000  0.000000e+000  0.000000e+000  0.000000e+000  0.000000e+000  0.000000e+000  0.000000e+000  0.000000e+000  0.000000e+000  0.000000e+000  0.000000e+000  0.000000e+000  0.000000e+000  0.000000e+000  
0.000000e+000  0.000000e+000  0.000000e+000  0.000000e+000  0.000000e+000  0.000000e+000  0.000000e+000  0.000000e+000  0.000000e+000  0.000000e+000  0.000000e+000  0.000000e+000  0.000000e+000  0.000000e+000  0.000000e+000  0.000000e+000  0.000000e+000  0.000000e+000  0.000000e+000  
0.000000e+000  0.000000e+000  0.000000e+000  0.000000e+000  0.000000e+000  0.000000e+000  0.000000e+000  0.000000e+000  0.000000e+000  0.000000e+000  0.000000e+000  0.000000e+000  0.000000e+000  0.000000e+000  0.000000e+000  0.000000e+000  0.000000e+000  0.000000e+000  0.000000e+000  

0.000000e+000  0.000000e+000  0.000000e+000  0.000000e+000  0.000000e+000  0.000000e+000  0.000000e+000  0.000000e+000  0.000000e+000  0.000000e+000  0.000000e+000  0.000000e+000  0.000000e+000  0.000000e+000  0.000000e+000  0.000000e+000  0.000000e+000  0.000000e+000  0.000000e+000  
0.000000e+000  0.000000e+000  0.000000e+000  0.000000e+000  0.000000e+000  0.000000e+000  0.000000e+000  0.000000e+000  0.000000e+000  0.000000e+000  0.000000e+000  0.000000e+000  0.000000e+000  0.000000e+000  0.000000e+000  0.000000e+000  0.000000e+000  0.000000e+000  0.000000e+000  
0.000000e+000  0.000000e+000  0.000000e+000  0.000000e+000  0.000000e+000  0.000000e+000  0.000000e+000  0.000000e+000  0.000000e+000  0.000000e+000  0.000000e+000  0.000000e+000  0.000000e+000  0.000000e+000  0.000000e+000  0.000000e+000  0.000000e+000  0.000000e+000  0.000000e+000  
0.000000e+000  0.000000e+000  0.000000e+000  0.000000e+000  0.000000e+000  0.000000e+000  0.000000e+000  0.000000e+000  0.000000e+000  0.000000e+000  0.000000e+000  0.000000e+000  0.000000e+000  0.000000e+000  0.000000e+000  0.000000e+000  0.000000e+000  0.000000e+000  0.000000e+000  
0.000000e+000  0.000000e+000  0.000000e+000  0.000000e+000  0.000000e+000  0.000000e+000  0.000000e+000  0.000000e+000  0.000000e+000  0.000000e+000  0.000000e+000  0.000000e+000  0.000000e+000  0.000000e+000  0.000000e+000  0.000000e+000  0.000000e+000  0.000000e+000  0.000000e+000  
0.000000e+000  0.000000e+000  0.000000e+000  0.000000e+000  0.000000e+000  0.000000e+000  0.000000e+000  0.000000e+000  0.000000e+000  0.000000e+000  0.000000e+000  0.000000e+000  0.000000e+000  0.000000e+000  0.000000e+000  0.000000e+000  0.000000e+000  0.000000e+000  0.000000e+000  
0.000000e+000  0.000000e+000  0.000000e+000  0.000000e+000  0.000000e+000  0.000000e+000  0.000000e+000  0.000000e+000  0.000000e+000  0.000000e+000  0.000000e+000  0.000000e+000  0.000000e+000  0.000000e+000  0.000000e+000  0.000000e+000  0.000000e+000  0.000000e+000  0.000000e+000  
0.000000e+000  0.000000e+000  0.000000e+000  0.000000e+000  0.000000e+000  0.000000e+000  0.000000e+000  0.000000e+000  0.000000e+000  0.000000e+000  0.000000e+000  0.000000e+000  0.000000e+000  0.000000e+000  0.000000e+000  0.000000e+000  0.000000e+000  0.000000e+000  0.000000e+000  
0.000000e+000  0.000000e+000  0.000000e+000  0.000000e+000  0.000000e+000  0.000000e+000  0.000000e+000  0.000000e+000  0.000000e+000  0.000000e+000  0.000000e+000  0.000000e+000  0.000000e+000  0.000000e+000  0.000000e+000  0.000000e+000  0.000000e+000  0.000000e+000  0.000000e+000  

5.963870e+000  5.782661e+000  5.425749e+000  4.903978e+000  4.233202e+000  3.433802e+000  2.530068e+000  1.549459e+000  5.217710e-001  -5.217710e-001  -1.549459e+000  -2.530068e+000  -3.433802e+000  -4.233202e+000  -4.903978e+000  -5.425749e+000  -5.782661e+000  -5.963870e+000  -0.000000e+000  
5.963870e+000  5.782661e+000  5.425749e+000  4.903978e+000  4.233202e+000  3.433802e+000  2.530068e+000  1.549459e+000  5.217710e-001  -5.217710e-001  -1.549459e+000  -2.530068e+000  -3.433802e+000  -4.233202e+000  -4.903978e+000  -5.425749e+000  -5.782661e+000  -5.963870e+000  -0.000000e+000  
5.963870e+000  5.782661e+000  5.425749e+000  4.903978e+000  4.233202e+000  3.433802e+000  2.530068e+000  1.549459e+000  5.217710e-001  -5.217710e-001  -1.549459e+000  -2.530068e+000  -3.433802e+000  -4.233202e+000  -4.903978e+000  -5.425749e+000  -5.782661e+000  -5.963870e+000  -0.000000e+000  
5.963870e+000  5.782661e+000  5.425749e+000  4.903978e+000  4.233202e+000  3.433802e+000  2.530068e+000  1.549459e+000  5.217710e-001  -5.217710e-001  -1.549459e+000  -2.530068e+000  -3.433802e+000  -4.233202e+000  -4.903978e+000  -5.425749e+000  -5.782661e+000  -5.963870e+000  -0.000000e+000  
5.963870e+000  5.782661e+000  5.425749e+000  4.903978e+000  4.233202e+000  3.433802e+000  2.530068e+000  1.549459e+000  5.217710e-001  -5.217710e-001  -1.549459e+000  -2.530068e+000  -3.433802e+000  -4.233202e+000  -4.903978e+000  -5.425749e+000  -5.782661e+000  -5.963870e+000  -0.000000e+000  
5.963870e+000  5.782661e+000  5.425749e+000  4.903978e+000  4.233202e+000  3.433802e+000  2.530068e+000  1.549459e+000  5.217710e-001  -5.217710e-001  -1.549459e+000  -2.530068e+000  -3.433802e+000  -4.233202e+000  -4.903978e+000  -5.425749e+000  -5.782661e+000  -5.963870e+000  -0.000000e+000  
5.963870e+000  5.782661e+000  5.425749e+000  4.903978e+000  4.233202e+000  3.433802e+000  2.530068e+000  1.549459e+000  5.217710e-001  -5.217710e-001  -1.549459e+000  -2.530068e+000  -3.433802e+000  -4.233202e+000  -4.903978e+000  -5.425749e+000  -5.782661e+000  -5.963870e+000  -0.000000e+000  
5.963870e+000  5.782661e+000  5.425749e+000  4.903978e+000  4.233202e+000  3.433802e+000  2.530068e+000  1.549459e+000  5.217710e-001  -5.217710e-001  -1.549459e+000  -2.530068e+000  -3.433802e+000  -4.233202e+000  -4.903978e+000  -5.425749e+000  -5.782661e+000  -5.963870e+000  -0.000000e+000  
-0.000000e+000  -0.000000e+000  -0.000000e+000  -0.000000e+000  -0.000000e+000  -0.000000e+000  -0.000000e+000  -0.000000e+000  -0.000000e+000  -0.000000e+000  -0.000000e+000  -0.000000e+000  -0.000000e+000  -0.000000e+000  -0.000000e+000  -0.000000e+000  -0.000000e+000  -0.000000e+000  -0.000000e+000  

