Port monitor named: Port2_h2.prt

nx        = 19
ny        = 9
nz        = 3

nu        = 19
nv        = 9
iu        = 1
iv        = 1

idir      = 2
dcut      = 0.000000e+000
icut      = 1
type      = 1
frequency = 7.500000e+009

fcutoff   = 1.306999e+010
alpha     = 2.238320e+002
beta      = 0.000000e+000
accuracy  = 4.165268e-009

type          = TE
wave imp.     = 2.645629e+002
wave imp.sig. = 8.377982e-006
line imp.     = 0.000000e+000

ref. port     = 0

0.000000e+000  0.000000e+000  0.000000e+000  0.000000e+000  0.000000e+000  0.000000e+000  0.000000e+000  0.000000e+000  0.000000e+000  0.000000e+000  0.000000e+000  0.000000e+000  0.000000e+000  0.000000e+000  0.000000e+000  0.000000e+000  0.000000e+000  0.000000e+000  0.000000e+000  
0.000000e+000  0.000000e+000  0.000000e+000  0.000000e+000  0.000000e+000  0.000000e+000  0.000000e+000  0.000000e+000  0.000000e+000  0.000000e+000  0.000000e+000  0.000000e+000  0.000000e+000  0.000000e+000  0.000000e+000  0.000000e+000  0.000000e+000  0.000000e+000  0.000000e+000  
0.000000e+000  0.000000e+000  0.000000e+000  0.000000e+000  0.000000e+000  0.000000e+000  0.000000e+000  0.000000e+000  0.000000e+000  0.000000e+000  0.000000e+000  0.000000e+000  0.000000e+000  0.000000e+000  0.000000e+000  0.000000e+000  0.000000e+000  0.000000e+000  0.000000e+000  
0.000000e+000  0.000000e+000  0.000000e+000  0.000000e+000  0.000000e+000  0.000000e+000  0.000000e+000  0.000000e+000  0.000000e+000  0.000000e+000  0.000000e+000  0.000000e+000  0.000000e+000  0.000000e+000  0.000000e+000  0.000000e+000  0.000000e+000  0.000000e+000  0.000000e+000  
0.000000e+000  0.000000e+000  0.000000e+000  0.000000e+000  0.000000e+000  0.000000e+000  0.000000e+000  0.000000e+000  0.000000e+000  0.000000e+000  0.000000e+000  0.000000e+000  0.000000e+000  0.000000e+000  0.000000e+000  0.000000e+000  0.000000e+000  0.000000e+000  0.000000e+000  
0.000000e+000  0.000000e+000  0.000000e+000  0.000000e+000  0.000000e+000  0.000000e+000  0.000000e+000  0.000000e+000  0.000000e+000  0.000000e+000  0.000000e+000  0.000000e+000  0.000000e+000  0.000000e+000  0.000000e+000  0.000000e+000  0.000000e+000  0.000000e+000  0.000000e+000  
0.000000e+000  0.000000e+000  0.000000e+000  0.000000e+000  0.000000e+000  0.000000e+000  0.000000e+000  0.000000e+000  0.000000e+000  0.000000e+000  0.000000e+000  0.000000e+000  0.000000e+000  0.000000e+000  0.000000e+000  0.000000e+000  0.000000e+000  0.000000e+000  0.000000e+000  
0.000000e+000  0.000000e+000  0.000000e+000  0.000000e+000  0.000000e+000  0.000000e+000  0.000000e+000  0.000000e+000  0.000000e+000  0.000000e+000  0.000000e+000  0.000000e+000  0.000000e+000  0.000000e+000  0.000000e+000  0.000000e+000  0.000000e+000  0.000000e+000  0.000000e+000  
0.000000e+000  0.000000e+000  0.000000e+000  0.000000e+000  0.000000e+000  0.000000e+000  0.000000e+000  0.000000e+000  0.000000e+000  0.000000e+000  0.000000e+000  0.000000e+000  0.000000e+000  0.000000e+000  0.000000e+000  0.000000e+000  0.000000e+000  0.000000e+000  0.000000e+000  

0.000000e+000  0.000000e+000  0.000000e+000  0.000000e+000  0.000000e+000  0.000000e+000  0.000000e+000  0.000000e+000  0.000000e+000  0.000000e+000  0.000000e+000  0.000000e+000  0.000000e+000  0.000000e+000  0.000000e+000  0.000000e+000  0.000000e+000  0.000000e+000  0.000000e+000  
0.000000e+000  0.000000e+000  0.000000e+000  0.000000e+000  0.000000e+000  0.000000e+000  0.000000e+000  0.000000e+000  0.000000e+000  0.000000e+000  0.000000e+000  0.000000e+000  0.000000e+000  0.000000e+000  0.000000e+000  0.000000e+000  0.000000e+000  0.000000e+000  0.000000e+000  
0.000000e+000  0.000000e+000  0.000000e+000  0.000000e+000  0.000000e+000  0.000000e+000  0.000000e+000  0.000000e+000  0.000000e+000  0.000000e+000  0.000000e+000  0.000000e+000  0.000000e+000  0.000000e+000  0.000000e+000  0.000000e+000  0.000000e+000  0.000000e+000  0.000000e+000  
0.000000e+000  0.000000e+000  0.000000e+000  0.000000e+000  0.000000e+000  0.000000e+000  0.000000e+000  0.000000e+000  0.000000e+000  0.000000e+000  0.000000e+000  0.000000e+000  0.000000e+000  0.000000e+000  0.000000e+000  0.000000e+000  0.000000e+000  0.000000e+000  0.000000e+000  
0.000000e+000  0.000000e+000  0.000000e+000  0.000000e+000  0.000000e+000  0.000000e+000  0.000000e+000  0.000000e+000  0.000000e+000  0.000000e+000  0.000000e+000  0.000000e+000  0.000000e+000  0.000000e+000  0.000000e+000  0.000000e+000  0.000000e+000  0.000000e+000  0.000000e+000  
0.000000e+000  0.000000e+000  0.000000e+000  0.000000e+000  0.000000e+000  0.000000e+000  0.000000e+000  0.000000e+000  0.000000e+000  0.000000e+000  0.000000e+000  0.000000e+000  0.000000e+000  0.000000e+000  0.000000e+000  0.000000e+000  0.000000e+000  0.000000e+000  0.000000e+000  
0.000000e+000  0.000000e+000  0.000000e+000  0.000000e+000  0.000000e+000  0.000000e+000  0.000000e+000  0.000000e+000  0.000000e+000  0.000000e+000  0.000000e+000  0.000000e+000  0.000000e+000  0.000000e+000  0.000000e+000  0.000000e+000  0.000000e+000  0.000000e+000  0.000000e+000  
0.000000e+000  0.000000e+000  0.000000e+000  0.000000e+000  0.000000e+000  0.000000e+000  0.000000e+000  0.000000e+000  0.000000e+000  0.000000e+000  0.000000e+000  0.000000e+000  0.000000e+000  0.000000e+000  0.000000e+000  0.000000e+000  0.000000e+000  0.000000e+000  0.000000e+000  
0.000000e+000  0.000000e+000  0.000000e+000  0.000000e+000  0.000000e+000  0.000000e+000  0.000000e+000  0.000000e+000  0.000000e+000  0.000000e+000  0.000000e+000  0.000000e+000  0.000000e+000  0.000000e+000  0.000000e+000  0.000000e+000  0.000000e+000  0.000000e+000  0.000000e+000  

0.000000e+000  0.000000e+000  0.000000e+000  0.000000e+000  0.000000e+000  0.000000e+000  0.000000e+000  0.000000e+000  0.000000e+000  0.000000e+000  0.000000e+000  0.000000e+000  0.000000e+000  0.000000e+000  0.000000e+000  0.000000e+000  0.000000e+000  0.000000e+000  0.000000e+000  
0.000000e+000  0.000000e+000  0.000000e+000  0.000000e+000  0.000000e+000  0.000000e+000  0.000000e+000  0.000000e+000  0.000000e+000  0.000000e+000  0.000000e+000  0.000000e+000  0.000000e+000  0.000000e+000  0.000000e+000  0.000000e+000  0.000000e+000  0.000000e+000  0.000000e+000  
0.000000e+000  0.000000e+000  0.000000e+000  0.000000e+000  0.000000e+000  0.000000e+000  0.000000e+000  0.000000e+000  0.000000e+000  0.000000e+000  0.000000e+000  0.000000e+000  0.000000e+000  0.000000e+000  0.000000e+000  0.000000e+000  0.000000e+000  0.000000e+000  0.000000e+000  
0.000000e+000  0.000000e+000  0.000000e+000  0.000000e+000  0.000000e+000  0.000000e+000  0.000000e+000  0.000000e+000  0.000000e+000  0.000000e+000  0.000000e+000  0.000000e+000  0.000000e+000  0.000000e+000  0.000000e+000  0.000000e+000  0.000000e+000  0.000000e+000  0.000000e+000  
0.000000e+000  0.000000e+000  0.000000e+000  0.000000e+000  0.000000e+000  0.000000e+000  0.000000e+000  0.000000e+000  0.000000e+000  0.000000e+000  0.000000e+000  0.000000e+000  0.000000e+000  0.000000e+000  0.000000e+000  0.000000e+000  0.000000e+000  0.000000e+000  0.000000e+000  
0.000000e+000  0.000000e+000  0.000000e+000  0.000000e+000  0.000000e+000  0.000000e+000  0.000000e+000  0.000000e+000  0.000000e+000  0.000000e+000  0.000000e+000  0.000000e+000  0.000000e+000  0.000000e+000  0.000000e+000  0.000000e+000  0.000000e+000  0.000000e+000  0.000000e+000  
0.000000e+000  0.000000e+000  0.000000e+000  0.000000e+000  0.000000e+000  0.000000e+000  0.000000e+000  0.000000e+000  0.000000e+000  0.000000e+000  0.000000e+000  0.000000e+000  0.000000e+000  0.000000e+000  0.000000e+000  0.000000e+000  0.000000e+000  0.000000e+000  0.000000e+000  
0.000000e+000  0.000000e+000  0.000000e+000  0.000000e+000  0.000000e+000  0.000000e+000  0.000000e+000  0.000000e+000  0.000000e+000  0.000000e+000  0.000000e+000  0.000000e+000  0.000000e+000  0.000000e+000  0.000000e+000  0.000000e+000  0.000000e+000  0.000000e+000  0.000000e+000  
0.000000e+000  0.000000e+000  0.000000e+000  0.000000e+000  0.000000e+000  0.000000e+000  0.000000e+000  0.000000e+000  0.000000e+000  0.000000e+000  0.000000e+000  0.000000e+000  0.000000e+000  0.000000e+000  0.000000e+000  0.000000e+000  0.000000e+000  0.000000e+000  0.000000e+000  

-0.000000e+000  -1.951270e+000  -3.667187e+000  -4.940788e+000  -5.618457e+000  -5.618457e+000  -4.940788e+000  -3.667187e+000  -1.951269e+000  -1.863781e-008  1.951270e+000  3.667187e+000  4.940788e+000  5.618457e+000  5.618457e+000  4.940788e+000  3.667187e+000  1.951270e+000  -0.000000e+000  
-0.000000e+000  -1.951269e+000  -3.667187e+000  -4.940787e+000  -5.618457e+000  -5.618456e+000  -4.940788e+000  -3.667187e+000  -1.951270e+000  7.984617e-008  1.951269e+000  3.667187e+000  4.940788e+000  5.618456e+000  5.618457e+000  4.940788e+000  3.667187e+000  1.951270e+000  -0.000000e+000  
-0.000000e+000  -1.951270e+000  -3.667187e+000  -4.940788e+000  -5.618457e+000  -5.618457e+000  -4.940788e+000  -3.667187e+000  -1.951270e+000  -4.208784e-008  1.951270e+000  3.667187e+000  4.940788e+000  5.618457e+000  5.618457e+000  4.940788e+000  3.667187e+000  1.951269e+000  -0.000000e+000  
-0.000000e+000  -1.951270e+000  -3.667187e+000  -4.940788e+000  -5.618457e+000  -5.618457e+000  -4.940788e+000  -3.667187e+000  -1.951269e+000  -1.004004e-007  1.951269e+000  3.667187e+000  4.940788e+000  5.618457e+000  5.618457e+000  4.940788e+000  3.667187e+000  1.951270e+000  -0.000000e+000  
-0.000000e+000  -1.951269e+000  -3.667187e+000  -4.940788e+000  -5.618457e+000  -5.618457e+000  -4.940788e+000  -3.667187e+000  -1.951270e+000  7.254963e-008  1.951270e+000  3.667187e+000  4.940788e+000  5.618457e+000  5.618457e+000  4.940788e+000  3.667187e+000  1.951269e+000  -0.000000e+000  
-0.000000e+000  -1.951270e+000  -3.667187e+000  -4.940788e+000  -5.618457e+000  -5.618457e+000  -4.940788e+000  -3.667187e+000  -1.951269e+000  -1.898420e-008  1.951270e+000  3.667187e+000  4.940788e+000  5.618457e+000  5.618457e+000  4.940788e+000  3.667187e+000  1.951270e+000  -0.000000e+000  
-0.000000e+000  -1.951270e+000  -3.667187e+000  -4.940788e+000  -5.618457e+000  -5.618457e+000  -4.940788e+000  -3.667187e+000  -1.951270e+000  1.199061e-007  1.951269e+000  3.667187e+000  4.940788e+000  5.618457e+000  5.618457e+000  4.940788e+000  3.667187e+000  1.951269e+000  -0.000000e+000  
-0.000000e+000  -1.951269e+000  -3.667187e+000  -4.940788e+000  -5.618457e+000  -5.618457e+000  -4.940788e+000  -3.667187e+000  -1.951270e+000  -1.063621e-007  1.951270e+000  3.667187e+000  4.940788e+000  5.618457e+000  5.618457e+000  4.940788e+000  3.667187e+000  1.951270e+000  -0.000000e+000  
-0.000000e+000  -0.000000e+000  -0.000000e+000  -0.000000e+000  -0.000000e+000  -0.000000e+000  -0.000000e+000  -0.000000e+000  -0.000000e+000  -0.000000e+000  -0.000000e+000  -0.000000e+000  -0.000000e+000  -0.000000e+000  -0.000000e+000  -0.000000e+000  -0.000000e+000  -0.000000e+000  -0.000000e+000  

-0.000000e+000  -0.000000e+000  -0.000000e+000  -0.000000e+000  -0.000000e+000  -0.000000e+000  -0.000000e+000  -0.000000e+000  -0.000000e+000  -0.000000e+000  -0.000000e+000  -0.000000e+000  -0.000000e+000  -0.000000e+000  -0.000000e+000  -0.000000e+000  -0.000000e+000  -0.000000e+000  -0.000000e+000  
4.180016e-008  -1.573443e-007  3.231789e-007  -2.977548e-007  2.512154e-007  -2.247346e-007  1.948583e-007  -1.485955e-007  4.169509e-008  -8.666570e-008  7.696264e-008  8.786469e-008  -1.758824e-007  1.566606e-009  6.795419e-008  -9.401360e-008  -8.658933e-009  5.568328e-008  -0.000000e+000  
-1.312351e-009  9.320890e-008  -2.633204e-007  3.580502e-007  -1.463053e-007  1.668100e-008  2.828963e-008  -1.434927e-008  -9.693601e-008  6.622100e-008  2.688433e-008  -1.335725e-007  1.784943e-007  -2.141363e-007  4.019559e-008  1.679601e-008  -8.771688e-008  9.698169e-008  -0.000000e+000  
4.118290e-008  -6.642870e-008  1.014556e-007  2.852882e-008  -9.209163e-008  1.850929e-007  -2.575736e-007  2.364208e-007  -1.221058e-007  -1.612140e-008  4.703387e-008  8.702733e-008  -2.456177e-007  1.822742e-008  1.437921e-008  -8.589899e-008  6.037569e-008  6.303351e-008  -0.000000e+000  
1.046675e-007  -4.928294e-008  6.143518e-008  -3.799764e-008  5.209123e-008  -1.894299e-007  2.163000e-007  -2.150606e-007  2.220793e-007  -1.302637e-008  -1.031880e-007  -5.395923e-008  1.270244e-008  -6.171676e-009  -1.730304e-007  1.638228e-007  -1.446942e-007  1.606400e-007  -0.000000e+000  
4.420244e-008  7.709861e-008  -9.194738e-008  4.246341e-008  1.021487e-007  -1.233538e-007  -5.064119e-008  7.347560e-008  1.226701e-008  -4.281677e-010  -1.498251e-007  4.451197e-008  4.272722e-008  -1.866142e-007  1.217006e-007  -4.074882e-008  1.018269e-007  2.432107e-009  -0.000000e+000  
3.053200e-008  2.352452e-008  -3.885074e-008  1.360555e-007  -1.296560e-007  9.672722e-008  -1.142260e-007  2.653122e-009  8.056362e-008  -1.092385e-007  7.797146e-008  -1.715925e-007  1.144185e-007  -5.950645e-008  -4.954125e-008  1.054219e-007  -2.280501e-008  5.312084e-008  -0.000000e+000  
7.170123e-008  -9.679659e-008  8.601543e-008  -6.641603e-008  5.966311e-008  -3.880884e-008  -8.022713e-008  4.642606e-008  -5.573485e-008  1.372088e-007  -2.121892e-007  3.188856e-007  -2.079186e-007  2.972536e-008  -7.528652e-008  8.572873e-008  -8.518022e-009  1.182230e-008  -0.000000e+000  
-0.000000e+000  -0.000000e+000  -0.000000e+000  -0.000000e+000  -0.000000e+000  -0.000000e+000  -0.000000e+000  -0.000000e+000  -0.000000e+000  -0.000000e+000  -0.000000e+000  -0.000000e+000  -0.000000e+000  -0.000000e+000  -0.000000e+000  -0.000000e+000  -0.000000e+000  -0.000000e+000  -0.000000e+000  

-6.864224e+000  -6.036298e+000  -4.480304e+000  -2.383920e+000  -3.524975e-008  2.383920e+000  4.480304e+000  6.036298e+000  6.864224e+000  6.864224e+000  6.036298e+000  4.480304e+000  2.383920e+000  -3.924184e-008  -2.383920e+000  -4.480304e+000  -6.036298e+000  -6.864224e+000  -0.000000e+000  
-6.864224e+000  -6.036298e+000  -4.480304e+000  -2.383920e+000  2.073076e-009  2.383920e+000  4.480304e+000  6.036298e+000  6.864225e+000  6.864224e+000  6.036298e+000  4.480304e+000  2.383920e+000  -1.257595e-008  -2.383920e+000  -4.480304e+000  -6.036298e+000  -6.864224e+000  -0.000000e+000  
-6.864224e+000  -6.036298e+000  -4.480304e+000  -2.383920e+000  2.184112e-008  2.383920e+000  4.480304e+000  6.036298e+000  6.864224e+000  6.864224e+000  6.036298e+000  4.480304e+000  2.383920e+000  1.478741e-009  -2.383920e+000  -4.480304e+000  -6.036298e+000  -6.864224e+000  -0.000000e+000  
-6.864224e+000  -6.036298e+000  -4.480304e+000  -2.383920e+000  -5.318787e-009  2.383920e+000  4.480304e+000  6.036298e+000  6.864224e+000  6.864224e+000  6.036298e+000  4.480304e+000  2.383920e+000  -2.878272e-008  -2.383920e+000  -4.480304e+000  -6.036298e+000  -6.864224e+000  -0.000000e+000  
-6.864224e+000  -6.036298e+000  -4.480304e+000  -2.383920e+000  4.801475e-009  2.383920e+000  4.480304e+000  6.036298e+000  6.864224e+000  6.864224e+000  6.036298e+000  4.480304e+000  2.383920e+000  9.620229e-009  -2.383920e+000  -4.480304e+000  -6.036298e+000  -6.864224e+000  -0.000000e+000  
-6.864225e+000  -6.036298e+000  -4.480304e+000  -2.383920e+000  3.217117e-008  2.383920e+000  4.480304e+000  6.036298e+000  6.864224e+000  6.864224e+000  6.036298e+000  4.480304e+000  2.383920e+000  -3.981722e-009  -2.383920e+000  -4.480304e+000  -6.036298e+000  -6.864224e+000  -0.000000e+000  
-6.864225e+000  -6.036298e+000  -4.480304e+000  -2.383920e+000  -1.323896e-008  2.383920e+000  4.480304e+000  6.036298e+000  6.864224e+000  6.864225e+000  6.036298e+000  4.480304e+000  2.383920e+000  5.760360e-008  -2.383920e+000  -4.480304e+000  -6.036298e+000  -6.864224e+000  -0.000000e+000  
-6.864225e+000  -6.036298e+000  -4.480304e+000  -2.383920e+000  -3.039671e-008  2.383920e+000  4.480304e+000  6.036298e+000  6.864225e+000  6.864225e+000  6.036298e+000  4.480304e+000  2.383920e+000  3.782164e-008  -2.383920e+000  -4.480304e+000  -6.036298e+000  -6.864224e+000  -0.000000e+000  
-0.000000e+000  -0.000000e+000  -0.000000e+000  -0.000000e+000  -0.000000e+000  -0.000000e+000  -0.000000e+000  -0.000000e+000  -0.000000e+000  -0.000000e+000  -0.000000e+000  -0.000000e+000  -0.000000e+000  -0.000000e+000  -0.000000e+000  -0.000000e+000  -0.000000e+000  -0.000000e+000  -0.000000e+000  

