Unknown:
C:\Users\rvide\MIS_DOCUMENTOS\FACU\Medidas II\Proyecto\Clase6_CST\3_Guia_de_ondas2\Result\e-field (f=13.5)_1,1_m3d.rex
C:\Users\rvide\MIS_DOCUMENTOS\FACU\Medidas II\Proyecto\Clase6_CST\3_Guia_de_ondas2\Result\e-field (f=13.5)_1,1_m3d.tfo
C:\Users\rvide\MIS_DOCUMENTOS\FACU\Medidas II\Proyecto\Clase6_CST\3_Guia_de_ondas2\Result\e-field (f=13.5)_1,2_m3d.rex
C:\Users\rvide\MIS_DOCUMENTOS\FACU\Medidas II\Proyecto\Clase6_CST\3_Guia_de_ondas2\Result\e-field (f=13.5)_1,2_m3d.tfo
C:\Users\rvide\MIS_DOCUMENTOS\FACU\Medidas II\Proyecto\Clase6_CST\3_Guia_de_ondas2\Result\e-field (f=13.5)_2,1_m3d.rex
C:\Users\rvide\MIS_DOCUMENTOS\FACU\Medidas II\Proyecto\Clase6_CST\3_Guia_de_ondas2\Result\e-field (f=13.5)_2,1_m3d.tfo
C:\Users\rvide\MIS_DOCUMENTOS\FACU\Medidas II\Proyecto\Clase6_CST\3_Guia_de_ondas2\Result\e-field (f=15)_1,1_m3d.rex
C:\Users\rvide\MIS_DOCUMENTOS\FACU\Medidas II\Proyecto\Clase6_CST\3_Guia_de_ondas2\Result\e-field (f=15)_1,1_m3d.tfo
C:\Users\rvide\MIS_DOCUMENTOS\FACU\Medidas II\Proyecto\Clase6_CST\3_Guia_de_ondas2\Result\e-field (f=15)_1,2_m3d.rex
C:\Users\rvide\MIS_DOCUMENTOS\FACU\Medidas II\Proyecto\Clase6_CST\3_Guia_de_ondas2\Result\e-field (f=15)_1,2_m3d.tfo
C:\Users\rvide\MIS_DOCUMENTOS\FACU\Medidas II\Proyecto\Clase6_CST\3_Guia_de_ondas2\Result\e-field (f=15)_1,3_m3d.rex
C:\Users\rvide\MIS_DOCUMENTOS\FACU\Medidas II\Proyecto\Clase6_CST\3_Guia_de_ondas2\Result\e-field (f=15)_1,3_m3d.tfo
C:\Users\rvide\MIS_DOCUMENTOS\FACU\Medidas II\Proyecto\Clase6_CST\3_Guia_de_ondas2\Result\e-field (f=15)_2,1_m3d.rex
C:\Users\rvide\MIS_DOCUMENTOS\FACU\Medidas II\Proyecto\Clase6_CST\3_Guia_de_ondas2\Result\e-field (f=15)_2,1_m3d.tfo
C:\Users\rvide\MIS_DOCUMENTOS\FACU\Medidas II\Proyecto\Clase6_CST\3_Guia_de_ondas2\Result\e-field_m3d.coe
C:\Users\rvide\MIS_DOCUMENTOS\FACU\Medidas II\Proyecto\Clase6_CST\3_Guia_de_ondas2\Result\h-field (f=13.5)_1,1_m3d.rex
C:\Users\rvide\MIS_DOCUMENTOS\FACU\Medidas II\Proyecto\Clase6_CST\3_Guia_de_ondas2\Result\h-field (f=13.5)_1,1_m3d.tfo
C:\Users\rvide\MIS_DOCUMENTOS\FACU\Medidas II\Proyecto\Clase6_CST\3_Guia_de_ondas2\Result\h-field (f=13.5)_1,1_m3d_sct.rex
C:\Users\rvide\MIS_DOCUMENTOS\FACU\Medidas II\Proyecto\Clase6_CST\3_Guia_de_ondas2\Result\h-field (f=13.5)_1,1_m3d_sct.tfo
C:\Users\rvide\MIS_DOCUMENTOS\FACU\Medidas II\Proyecto\Clase6_CST\3_Guia_de_ondas2\Result\h-field (f=13.5)_1,2_m3d.rex
C:\Users\rvide\MIS_DOCUMENTOS\FACU\Medidas II\Proyecto\Clase6_CST\3_Guia_de_ondas2\Result\h-field (f=13.5)_1,2_m3d.tfo
C:\Users\rvide\MIS_DOCUMENTOS\FACU\Medidas II\Proyecto\Clase6_CST\3_Guia_de_ondas2\Result\h-field (f=13.5)_1,2_m3d_sct.rex
C:\Users\rvide\MIS_DOCUMENTOS\FACU\Medidas II\Proyecto\Clase6_CST\3_Guia_de_ondas2\Result\h-field (f=13.5)_1,2_m3d_sct.tfo
C:\Users\rvide\MIS_DOCUMENTOS\FACU\Medidas II\Proyecto\Clase6_CST\3_Guia_de_ondas2\Result\h-field (f=13.5)_1,3_m3d_sct.rex
C:\Users\rvide\MIS_DOCUMENTOS\FACU\Medidas II\Proyecto\Clase6_CST\3_Guia_de_ondas2\Result\h-field (f=13.5)_1,3_m3d_sct.tfo
C:\Users\rvide\MIS_DOCUMENTOS\FACU\Medidas II\Proyecto\Clase6_CST\3_Guia_de_ondas2\Result\h-field (f=13.5)_2,1_m3d.rex
C:\Users\rvide\MIS_DOCUMENTOS\FACU\Medidas II\Proyecto\Clase6_CST\3_Guia_de_ondas2\Result\h-field (f=13.5)_2,1_m3d.tfo
C:\Users\rvide\MIS_DOCUMENTOS\FACU\Medidas II\Proyecto\Clase6_CST\3_Guia_de_ondas2\Result\h-field (f=13.5)_2,1_m3d_sct.rex
C:\Users\rvide\MIS_DOCUMENTOS\FACU\Medidas II\Proyecto\Clase6_CST\3_Guia_de_ondas2\Result\h-field (f=13.5)_2,1_m3d_sct.tfo
C:\Users\rvide\MIS_DOCUMENTOS\FACU\Medidas II\Proyecto\Clase6_CST\3_Guia_de_ondas2\Result\h-field (f=15)_1,3_m3d.rex
C:\Users\rvide\MIS_DOCUMENTOS\FACU\Medidas II\Proyecto\Clase6_CST\3_Guia_de_ondas2\Result\h-field (f=15)_1,3_m3d.tfo
C:\Users\rvide\MIS_DOCUMENTOS\FACU\Medidas II\Proyecto\Clase6_CST\3_Guia_de_ondas2\Result\h-field (f=15)_1,3_m3d_sct.rex
C:\Users\rvide\MIS_DOCUMENTOS\FACU\Medidas II\Proyecto\Clase6_CST\3_Guia_de_ondas2\Result\h-field (f=15)_1,3_m3d_sct.tfo
C:\Users\rvide\MIS_DOCUMENTOS\FACU\Medidas II\Proyecto\Clase6_CST\3_Guia_de_ondas2\Result\h-field (f=15)_2,1_m3d.rex
C:\Users\rvide\MIS_DOCUMENTOS\FACU\Medidas II\Proyecto\Clase6_CST\3_Guia_de_ondas2\Result\h-field (f=15)_2,1_m3d.tfo
C:\Users\rvide\MIS_DOCUMENTOS\FACU\Medidas II\Proyecto\Clase6_CST\3_Guia_de_ondas2\Result\h-field (f=15)_2,1_m3d_sct.rex
C:\Users\rvide\MIS_DOCUMENTOS\FACU\Medidas II\Proyecto\Clase6_CST\3_Guia_de_ondas2\Result\h-field (f=15)_2,1_m3d_sct.tfo
C:\Users\rvide\MIS_DOCUMENTOS\FACU\Medidas II\Proyecto\Clase6_CST\3_Guia_de_ondas2\Result\h-field_m3d.coe
C:\Users\rvide\MIS_DOCUMENTOS\FACU\Medidas II\Proyecto\Clase6_CST\3_Guia_de_ondas2\Result\h-field_m3d_sct.coe
C:\Users\rvide\MIS_DOCUMENTOS\FACU\Medidas II\Proyecto\Clase6_CST\3_Guia_de_ondas2\Result\MCalc.ddi
C:\Users\rvide\MIS_DOCUMENTOS\FACU\Medidas II\Proyecto\Clase6_CST\3_Guia_de_ondas2\Result\MCalc.log
C:\Users\rvide\MIS_DOCUMENTOS\FACU\Medidas II\Proyecto\Clase6_CST\3_Guia_de_ondas2\Result\MCalc^Diagnostics.log
C:\Users\rvide\MIS_DOCUMENTOS\FACU\Medidas II\Proyecto\Clase6_CST\3_Guia_de_ondas2\Result\Model.axg
C:\Users\rvide\MIS_DOCUMENTOS\FACU\Medidas II\Proyecto\Clase6_CST\3_Guia_de_ondas2\Result\Model.ddi
C:\Users\rvide\MIS_DOCUMENTOS\FACU\Medidas II\Proyecto\Clase6_CST\3_Guia_de_ondas2\Result\Model.elg
C:\Users\rvide\MIS_DOCUMENTOS\FACU\Medidas II\Proyecto\Clase6_CST\3_Guia_de_ondas2\Result\Model.inf
C:\Users\rvide\MIS_DOCUMENTOS\FACU\Medidas II\Proyecto\Clase6_CST\3_Guia_de_ondas2\Result\Model.log
C:\Users\rvide\MIS_DOCUMENTOS\FACU\Medidas II\Proyecto\Clase6_CST\3_Guia_de_ondas2\Result\Model.sa
C:\Users\rvide\MIS_DOCUMENTOS\FACU\Medidas II\Proyecto\Clase6_CST\3_Guia_de_ondas2\Result\m^fifx.dsc
C:\Users\rvide\MIS_DOCUMENTOS\FACU\Medidas II\Proyecto\Clase6_CST\3_Guia_de_ondas2\Result\m^fqq.dsc
C:\Users\rvide\MIS_DOCUMENTOS\FACU\Medidas II\Proyecto\Clase6_CST\3_Guia_de_ondas2\Result\m^ppex.dsc
C:\Users\rvide\MIS_DOCUMENTOS\FACU\Medidas II\Proyecto\Clase6_CST\3_Guia_de_ondas2\Result\m^wgp.dsc
C:\Users\rvide\MIS_DOCUMENTOS\FACU\Medidas II\Proyecto\Clase6_CST\3_Guia_de_ondas2\Result\PECNodes.ffn
C:\Users\rvide\MIS_DOCUMENTOS\FACU\Medidas II\Proyecto\Clase6_CST\3_Guia_de_ondas2\Result\Postprocessing.log
C:\Users\rvide\MIS_DOCUMENTOS\FACU\Medidas II\Proyecto\Clase6_CST\3_Guia_de_ondas2\Result\p^a.dsc
C:\Users\rvide\MIS_DOCUMENTOS\FACU\Medidas II\Proyecto\Clase6_CST\3_Guia_de_ondas2\Result\P^m^fbqq.slog
C:\Users\rvide\MIS_DOCUMENTOS\FACU\Medidas II\Proyecto\Clase6_CST\3_Guia_de_ondas2\Result\P^m^fqq.slog
C:\Users\rvide\MIS_DOCUMENTOS\FACU\Medidas II\Proyecto\Clase6_CST\3_Guia_de_ondas2\Result\P^p^m.slog
Mesh:
C:\Users\rvide\MIS_DOCUMENTOS\FACU\Medidas II\Proyecto\Clase6_CST\3_Guia_de_ondas2\Result\dA.mat
C:\Users\rvide\MIS_DOCUMENTOS\FACU\Medidas II\Proyecto\Clase6_CST\3_Guia_de_ondas2\Result\dad.mat
C:\Users\rvide\MIS_DOCUMENTOS\FACU\Medidas II\Proyecto\Clase6_CST\3_Guia_de_ondas2\Result\ds.mat
C:\Users\rvide\MIS_DOCUMENTOS\FACU\Medidas II\Proyecto\Clase6_CST\3_Guia_de_ondas2\Result\dsd.mat
C:\Users\rvide\MIS_DOCUMENTOS\FACU\Medidas II\Proyecto\Clase6_CST\3_Guia_de_ondas2\Result\dsMCalc.mat
C:\Users\rvide\MIS_DOCUMENTOS\FACU\Medidas II\Proyecto\Clase6_CST\3_Guia_de_ondas2\Result\Eps.mat
C:\Users\rvide\MIS_DOCUMENTOS\FACU\Medidas II\Proyecto\Clase6_CST\3_Guia_de_ondas2\Result\HexMatrix.m2h
C:\Users\rvide\MIS_DOCUMENTOS\FACU\Medidas II\Proyecto\Clase6_CST\3_Guia_de_ondas2\Result\HexMatrix_MCalc.m2h
C:\Users\rvide\MIS_DOCUMENTOS\FACU\Medidas II\Proyecto\Clase6_CST\3_Guia_de_ondas2\Result\MCalc.fmp
C:\Users\rvide\MIS_DOCUMENTOS\FACU\Medidas II\Proyecto\Clase6_CST\3_Guia_de_ondas2\Result\MCalc.xcfd
C:\Users\rvide\MIS_DOCUMENTOS\FACU\Medidas II\Proyecto\Clase6_CST\3_Guia_de_ondas2\Result\mesher_shapes.fsi
C:\Users\rvide\MIS_DOCUMENTOS\FACU\Medidas II\Proyecto\Clase6_CST\3_Guia_de_ondas2\Result\Meta.m2h
C:\Users\rvide\MIS_DOCUMENTOS\FACU\Medidas II\Proyecto\Clase6_CST\3_Guia_de_ondas2\Result\Meta.mat
C:\Users\rvide\MIS_DOCUMENTOS\FACU\Medidas II\Proyecto\Clase6_CST\3_Guia_de_ondas2\Result\Meta.spi
C:\Users\rvide\MIS_DOCUMENTOS\FACU\Medidas II\Proyecto\Clase6_CST\3_Guia_de_ondas2\Result\Meta.wgi
C:\Users\rvide\MIS_DOCUMENTOS\FACU\Medidas II\Proyecto\Clase6_CST\3_Guia_de_ondas2\Result\Model.fmf
C:\Users\rvide\MIS_DOCUMENTOS\FACU\Medidas II\Proyecto\Clase6_CST\3_Guia_de_ondas2\Result\Model.fmm
C:\Users\rvide\MIS_DOCUMENTOS\FACU\Medidas II\Proyecto\Clase6_CST\3_Guia_de_ondas2\Result\Model.fpc
C:\Users\rvide\MIS_DOCUMENTOS\FACU\Medidas II\Proyecto\Clase6_CST\3_Guia_de_ondas2\Result\Model.fwf
C:\Users\rvide\MIS_DOCUMENTOS\FACU\Medidas II\Proyecto\Clase6_CST\3_Guia_de_ondas2\Result\Model.mss
C:\Users\rvide\MIS_DOCUMENTOS\FACU\Medidas II\Proyecto\Clase6_CST\3_Guia_de_ondas2\Result\Model.spi
C:\Users\rvide\MIS_DOCUMENTOS\FACU\Medidas II\Proyecto\Clase6_CST\3_Guia_de_ondas2\Result\Model.xcfd
C:\Users\rvide\MIS_DOCUMENTOS\FACU\Medidas II\Proyecto\Clase6_CST\3_Guia_de_ondas2\Result\Model^PEC.fpf
C:\Users\rvide\MIS_DOCUMENTOS\FACU\Medidas II\Proyecto\Clase6_CST\3_Guia_de_ondas2\Result\Mue.mat
C:\Users\rvide\MIS_DOCUMENTOS\FACU\Medidas II\Proyecto\Clase6_CST\3_Guia_de_ondas2\Result\m^fqq.mem
C:\Users\rvide\MIS_DOCUMENTOS\FACU\Medidas II\Proyecto\Clase6_CST\3_Guia_de_ondas2\Result\p1.spi
C:\Users\rvide\MIS_DOCUMENTOS\FACU\Medidas II\Proyecto\Clase6_CST\3_Guia_de_ondas2\Result\p2.spi
C:\Users\rvide\MIS_DOCUMENTOS\FACU\Medidas II\Proyecto\Clase6_CST\3_Guia_de_ondas2\Result\PEC.mat
C:\Users\rvide\MIS_DOCUMENTOS\FACU\Medidas II\Proyecto\Clase6_CST\3_Guia_de_ondas2\Result\Port1.wgi
C:\Users\rvide\MIS_DOCUMENTOS\FACU\Medidas II\Proyecto\Clase6_CST\3_Guia_de_ondas2\Result\Port2.wgi
C:\Users\rvide\MIS_DOCUMENTOS\FACU\Medidas II\Proyecto\Clase6_CST\3_Guia_de_ondas2\Result\p^a.mem
C:\Users\rvide\MIS_DOCUMENTOS\FACU\Medidas II\Proyecto\Clase6_CST\3_Guia_de_ondas2\Result\p^m.mem
C:\Users\rvide\MIS_DOCUMENTOS\FACU\Medidas II\Proyecto\Clase6_CST\3_Guia_de_ondas2\Result\S2HMatrix.m2h
C:\Users\rvide\MIS_DOCUMENTOS\FACU\Medidas II\Proyecto\Clase6_CST\3_Guia_de_ondas2\Result\s^pm.mem
Port:
C:\Users\rvide\MIS_DOCUMENTOS\FACU\Medidas II\Proyecto\Clase6_CST\3_Guia_de_ondas2\Result\adapt_Port2_e1.prt
C:\Users\rvide\MIS_DOCUMENTOS\FACU\Medidas II\Proyecto\Clase6_CST\3_Guia_de_ondas2\Result\adapt_Port2_e1[15].prt
C:\Users\rvide\MIS_DOCUMENTOS\FACU\Medidas II\Proyecto\Clase6_CST\3_Guia_de_ondas2\Result\adapt_Port2_h1.prt
C:\Users\rvide\MIS_DOCUMENTOS\FACU\Medidas II\Proyecto\Clase6_CST\3_Guia_de_ondas2\Result\adapt_Port2_h1[15].prt
C:\Users\rvide\MIS_DOCUMENTOS\FACU\Medidas II\Proyecto\Clase6_CST\3_Guia_de_ondas2\Result\Model.pmi
C:\Users\rvide\MIS_DOCUMENTOS\FACU\Medidas II\Proyecto\Clase6_CST\3_Guia_de_ondas2\Result\Port1_1[15].m2d
C:\Users\rvide\MIS_DOCUMENTOS\FACU\Medidas II\Proyecto\Clase6_CST\3_Guia_de_ondas2\Result\Port1_2[15].m2d
C:\Users\rvide\MIS_DOCUMENTOS\FACU\Medidas II\Proyecto\Clase6_CST\3_Guia_de_ondas2\Result\Port1_3[15].m2d
C:\Users\rvide\MIS_DOCUMENTOS\FACU\Medidas II\Proyecto\Clase6_CST\3_Guia_de_ondas2\Result\Port1_drv.m2d
C:\Users\rvide\MIS_DOCUMENTOS\FACU\Medidas II\Proyecto\Clase6_CST\3_Guia_de_ondas2\Result\Port1_e1.prt
C:\Users\rvide\MIS_DOCUMENTOS\FACU\Medidas II\Proyecto\Clase6_CST\3_Guia_de_ondas2\Result\Port1_e1[15].prt
C:\Users\rvide\MIS_DOCUMENTOS\FACU\Medidas II\Proyecto\Clase6_CST\3_Guia_de_ondas2\Result\Port1_e2.prt
C:\Users\rvide\MIS_DOCUMENTOS\FACU\Medidas II\Proyecto\Clase6_CST\3_Guia_de_ondas2\Result\Port1_e2[15].prt
C:\Users\rvide\MIS_DOCUMENTOS\FACU\Medidas II\Proyecto\Clase6_CST\3_Guia_de_ondas2\Result\Port1_e3.prt
C:\Users\rvide\MIS_DOCUMENTOS\FACU\Medidas II\Proyecto\Clase6_CST\3_Guia_de_ondas2\Result\Port1_e3[15].prt
C:\Users\rvide\MIS_DOCUMENTOS\FACU\Medidas II\Proyecto\Clase6_CST\3_Guia_de_ondas2\Result\Port1_h1.prt
C:\Users\rvide\MIS_DOCUMENTOS\FACU\Medidas II\Proyecto\Clase6_CST\3_Guia_de_ondas2\Result\Port1_h1[15].prt
C:\Users\rvide\MIS_DOCUMENTOS\FACU\Medidas II\Proyecto\Clase6_CST\3_Guia_de_ondas2\Result\Port1_h2.prt
C:\Users\rvide\MIS_DOCUMENTOS\FACU\Medidas II\Proyecto\Clase6_CST\3_Guia_de_ondas2\Result\Port1_h2[15].prt
C:\Users\rvide\MIS_DOCUMENTOS\FACU\Medidas II\Proyecto\Clase6_CST\3_Guia_de_ondas2\Result\Port1_h3.prt
C:\Users\rvide\MIS_DOCUMENTOS\FACU\Medidas II\Proyecto\Clase6_CST\3_Guia_de_ondas2\Result\Port1_h3[15].prt
C:\Users\rvide\MIS_DOCUMENTOS\FACU\Medidas II\Proyecto\Clase6_CST\3_Guia_de_ondas2\Result\Port2_1[15].m2d
C:\Users\rvide\MIS_DOCUMENTOS\FACU\Medidas II\Proyecto\Clase6_CST\3_Guia_de_ondas2\Result\Port2_drv.m2d
C:\Users\rvide\MIS_DOCUMENTOS\FACU\Medidas II\Proyecto\Clase6_CST\3_Guia_de_ondas2\Result\Port2_e1.prt
C:\Users\rvide\MIS_DOCUMENTOS\FACU\Medidas II\Proyecto\Clase6_CST\3_Guia_de_ondas2\Result\Port2_e1[15].prt
C:\Users\rvide\MIS_DOCUMENTOS\FACU\Medidas II\Proyecto\Clase6_CST\3_Guia_de_ondas2\Result\Port2_h1.prt
C:\Users\rvide\MIS_DOCUMENTOS\FACU\Medidas II\Proyecto\Clase6_CST\3_Guia_de_ondas2\Result\Port2_h1[15].prt
